31.5919 	WARNING 	User requested fullscreen with size [1536  864], but screen is actually [1920, 1080]. Using actual size
32.1585 	EXP 	Created window1 = Window(allowGUI=True, allowStencil=False, autoLog=True, backendConf=UNKNOWN, bitsMode=UNKNOWN, blendMode='avg', bpc=(8, 8, 8), color=array([0, 0, 0]), colorSpace='rgb', depthBits=8, fullscr=<method-wrapper '__getattribute__' of attributeSetter object at 0x00000279DEBFBC70>, gamma=None, gammaErrorPolicy='raise', lms=UNKNOWN, monitor=<psychopy.monitors.calibTools.Monitor object at 0x00000279DEFE1E80>, multiSample=False, name='window1', numSamples=2, pos=(0, 0), screen=0, size=array([1920, 1080]), stencilBits=0, stereo=False, units='height', useFBO=True, useRetina=False, viewOri=0.0, viewPos=None, viewScale=None, waitBlanking=True, winType='pyglet')
32.1585 	EXP 	window1: mouseVisible = True
32.1586 	EXP 	window1: mouseVisible = False
32.1586 	EXP 	window1: Attempting to measure frame rate of screen (0) ...
32.1586 	EXP 	window1: recordFrameIntervals = False
32.3248 	EXP 	window1: recordFrameIntervals = True
32.5083 	EXP 	Screen (0) actual frame rate measured at 60.01Hz
32.5083 	EXP 	window1: recordFrameIntervals = False
34.1943 	EXP 	Created textreproductionstart = TextStim(__class__=<class 'psychopy.visual.text.TextStim'>, alignHoriz=method-wrapper(...), alignText='center', alignVert=method-wrapper(...), anchorHoriz='center', anchorVert='center', antialias=True, autoDraw=False, autoLog=True, bold=False, color=array([1, 1, 1]), colorSpace='rgb', contrast=1.0, depth=0.0, flipHoriz=False, flipVert=False, font='Open Sans', fontFiles=[], height=0.05, italic=False, languageStyle='LTR', name='textreproductionstart', opacity=1.0, ori=0.0, pos=array([0., 0.]), rgb=UNKNOWN, text='', units='height', win=Window(...), wrapWidth=1)
34.1981 	EXP 	window1: mouseVisible = True
34.3193 	EXP 	Created scale = Slider(__class__=<class 'psychopy.visual.slider.Slider'>, autoDraw=False, autoLog=True, borderColor=None, color=None, colorSpace='rgb', depth=-1, fillColor=None, flip=False, font='Open Sans', granularity=0.0, labelColor=None, labelHeight=0.04, labelWrapWidth=None, labels=list(...), lineColor=None, markerColor=None, name='scale', opacity=None, ori=0.0, pos=array([ 0. , -0.2]), readOnly=False, self=UNKNOWN, size=array([1.2 , 0.04]), startValue=None, style='rating', styleTweaks=['triangleMarker'], ticks=ndarray(...), units='height', win=Window(...))
34.3595 	EXP 	Created textWelcomeMessage = TextStim(__class__=<class 'psychopy.visual.text.TextStim'>, alignHoriz=method-wrapper(...), alignText='center', alignVert=method-wrapper(...), anchorHoriz='center', anchorVert='center', antialias=True, autoDraw=False, autoLog=True, bold=False, color=array([1, 1, 1]), colorSpace='rgb', contrast=1.0, depth=0.0, flipHoriz=False, flipVert=False, font='Open Sans', fontFiles=[], height=0.05, italic=False, languageStyle='LTR', name='textWelcomeMessage', opacity=1.0, ori=0.0, pos=array([0., 0.]), rgb=UNKNOWN, text='歡迎來到本次的實驗\n\n請按"空白鍵"開始實驗', units='height', win=Window(...), wrapWidth=1)
34.3618 	EXP 	Created textblank1000 = TextStim(__class__=<class 'psychopy.visual.text.TextStim'>, alignHoriz=method-wrapper(...), alignText='center', alignVert=method-wrapper(...), anchorHoriz='center', anchorVert='center', antialias=True, autoDraw=False, autoLog=True, bold=False, color=array([1, 1, 1]), colorSpace='rgb', contrast=1.0, depth=0.0, flipHoriz=False, flipVert=False, font='Open Sans', fontFiles=[], height=0.05, italic=False, languageStyle='LTR', name='textblank1000', opacity=1.0, ori=0.0, pos=array([0., 0.]), rgb=UNKNOWN, text='+', units='height', win=Window(...), wrapWidth=1)
34.4084 	EXP 	Sound sound_1 set volume 1.000
34.4191 	EXP 	Created image = ImageStim(__class__=<class 'psychopy.visual.image.ImageStim'>, anchor=('center', 'center'), autoLog=True, color=array([1, 1, 1]), colorSpace='rgb', contrast=1.0, depth=0.0, flipHoriz=False, flipVert=False, image='sin', interpolate=True, mask=None, maskParams=None, name='image', opacity=1.0, ori=0.0, pos=array([0., 0.]), size=array([0.95, 0.7 ]), texRes=128.0, units='height', win=Window(...))
34.4197 	EXP 	Created textreproductionstart = TextStim(__class__=<class 'psychopy.visual.text.TextStim'>, alignHoriz=method-wrapper(...), alignText='center', alignVert=method-wrapper(...), anchorHoriz='center', anchorVert='center', antialias=True, autoDraw=False, autoLog=True, bold=False, color=array([1, 1, 1]), colorSpace='rgb', contrast=1.0, depth=0.0, flipHoriz=False, flipVert=False, font='Open Sans', fontFiles=[], height=0.05, italic=False, languageStyle='LTR', name='textreproductionstart', opacity=1.0, ori=0.0, pos=array([0., 0.]), rgb=UNKNOWN, text='', units='height', win=Window(...), wrapWidth=1)
34.4214 	EXP 	window1: mouseVisible = True
34.5067 	EXP 	Created scale = Slider(__class__=<class 'psychopy.visual.slider.Slider'>, autoDraw=False, autoLog=True, borderColor=None, color=None, colorSpace='rgb', depth=-1, fillColor=None, flip=False, font='Open Sans', granularity=0.0, labelColor=None, labelHeight=0.04, labelWrapWidth=None, labels=list(...), lineColor=None, markerColor=None, name='scale', opacity=None, ori=0.0, pos=array([ 0. , -0.2]), readOnly=False, self=UNKNOWN, size=array([1.2 , 0.04]), startValue=None, style='rating', styleTweaks=['triangleMarker'], ticks=ndarray(...), units='height', win=Window(...))
34.5179 	EXP 	Created textrest = TextStim(__class__=<class 'psychopy.visual.text.TextStim'>, alignHoriz=method-wrapper(...), alignText='center', alignVert=method-wrapper(...), anchorHoriz='center', anchorVert='center', antialias=True, autoDraw=False, autoLog=True, bold=False, color=array([1, 1, 1]), colorSpace='rgb', contrast=1.0, depth=0.0, flipHoriz=False, flipVert=False, font='Open Sans', fontFiles=[], height=0.05, italic=False, languageStyle='LTR', name='textrest', opacity=1.0, ori=0.0, pos=array([0., 0.]), rgb=UNKNOWN, text='休息時間\n\n時間結束會自動進入下一題', units='height', win=Window(...), wrapWidth=1)
34.5210 	EXP 	Created textready = TextStim(__class__=<class 'psychopy.visual.text.TextStim'>, alignHoriz=method-wrapper(...), alignText='center', alignVert=method-wrapper(...), anchorHoriz='center', anchorVert='center', antialias=True, autoDraw=False, autoLog=True, bold=False, color=array([1, 1, 1]), colorSpace='rgb', contrast=1.0, depth=-1.0, flipHoriz=False, flipVert=False, font='Open Sans', fontFiles=[], height=0.05, italic=False, languageStyle='LTR', name='textready', opacity=1.0, ori=0.0, pos=array([0., 0.]), rgb=UNKNOWN, text='即將進入下一題', units='height', win=Window(...), wrapWidth=1)
34.5221 	EXP 	Sound sound_2 set volume 1.000
34.5315 	EXP 	Created start_2 = TextStim(__class__=<class 'psychopy.visual.text.TextStim'>, alignHoriz=method-wrapper(...), alignText='center', alignVert=method-wrapper(...), anchorHoriz='center', anchorVert='center', antialias=True, autoDraw=False, autoLog=True, bold=False, color=array([1, 1, 1]), colorSpace='rgb', contrast=1.0, depth=0.0, flipHoriz=False, flipVert=False, font='Open Sans', fontFiles=[], height=0.05, italic=False, languageStyle='LTR', name='start_2', opacity=1.0, ori=0.0, pos=array([0., 0.]), rgb=UNKNOWN, text='練習階段結束\n\n準備好請按"空白鍵"開始正式階段', units='height', win=Window(...), wrapWidth=1)
34.5329 	EXP 	Created textblank1000 = TextStim(__class__=<class 'psychopy.visual.text.TextStim'>, alignHoriz=method-wrapper(...), alignText='center', alignVert=method-wrapper(...), anchorHoriz='center', anchorVert='center', antialias=True, autoDraw=False, autoLog=True, bold=False, color=array([1, 1, 1]), colorSpace='rgb', contrast=1.0, depth=0.0, flipHoriz=False, flipVert=False, font='Open Sans', fontFiles=[], height=0.05, italic=False, languageStyle='LTR', name='textblank1000', opacity=1.0, ori=0.0, pos=array([0., 0.]), rgb=UNKNOWN, text='+', units='height', win=Window(...), wrapWidth=1)
34.5340 	EXP 	Sound sound_1 set volume 1.000
34.5371 	EXP 	Created emopic = ImageStim(__class__=<class 'psychopy.visual.image.ImageStim'>, anchor=('center', 'center'), autoLog=True, color=array([1, 1, 1]), colorSpace='rgb', contrast=1.0, depth=0.0, flipHoriz=False, flipVert=False, image='sin', interpolate=True, mask=None, maskParams=None, name='emopic', opacity=1.0, ori=0.0, pos=array([0., 0.]), size=array([1., 1.]), texRes=128.0, units='height', win=Window(...))
34.5625 	EXP 	Created redstar = ImageStim(__class__=<class 'psychopy.visual.image.ImageStim'>, anchor=('center', 'center'), autoLog=True, color=array([1, 1, 1]), colorSpace='rgb', contrast=1.0, depth=-1.0, flipHoriz=False, flipVert=False, image='redstar.png', interpolate=True, mask=None, maskParams=None, name='redstar', opacity=1.0, ori=0.0, pos=array([0., 0.]), size=array([0.2, 0.2]), texRes=128.0, units='height', win=Window(...))
34.5631 	EXP 	Created textreproductionstart = TextStim(__class__=<class 'psychopy.visual.text.TextStim'>, alignHoriz=method-wrapper(...), alignText='center', alignVert=method-wrapper(...), anchorHoriz='center', anchorVert='center', antialias=True, autoDraw=False, autoLog=True, bold=False, color=array([1, 1, 1]), colorSpace='rgb', contrast=1.0, depth=0.0, flipHoriz=False, flipVert=False, font='Open Sans', fontFiles=[], height=0.05, italic=False, languageStyle='LTR', name='textreproductionstart', opacity=1.0, ori=0.0, pos=array([0., 0.]), rgb=UNKNOWN, text='', units='height', win=Window(...), wrapWidth=1)
34.5649 	EXP 	window1: mouseVisible = True
34.6519 	EXP 	Created scale = Slider(__class__=<class 'psychopy.visual.slider.Slider'>, autoDraw=False, autoLog=True, borderColor=None, color=None, colorSpace='rgb', depth=-1, fillColor=None, flip=False, font='Open Sans', granularity=0.0, labelColor=None, labelHeight=0.04, labelWrapWidth=None, labels=list(...), lineColor=None, markerColor=None, name='scale', opacity=None, ori=0.0, pos=array([ 0. , -0.2]), readOnly=False, self=UNKNOWN, size=array([1.2 , 0.04]), startValue=None, style='rating', styleTweaks=['triangleMarker'], ticks=ndarray(...), units='height', win=Window(...))
34.6550 	EXP 	Created textrest = TextStim(__class__=<class 'psychopy.visual.text.TextStim'>, alignHoriz=method-wrapper(...), alignText='center', alignVert=method-wrapper(...), anchorHoriz='center', anchorVert='center', antialias=True, autoDraw=False, autoLog=True, bold=False, color=array([1, 1, 1]), colorSpace='rgb', contrast=1.0, depth=0.0, flipHoriz=False, flipVert=False, font='Open Sans', fontFiles=[], height=0.05, italic=False, languageStyle='LTR', name='textrest', opacity=1.0, ori=0.0, pos=array([0., 0.]), rgb=UNKNOWN, text='休息時間\n\n時間結束會自動進入下一題', units='height', win=Window(...), wrapWidth=1)
34.6569 	EXP 	Created textready = TextStim(__class__=<class 'psychopy.visual.text.TextStim'>, alignHoriz=method-wrapper(...), alignText='center', alignVert=method-wrapper(...), anchorHoriz='center', anchorVert='center', antialias=True, autoDraw=False, autoLog=True, bold=False, color=array([1, 1, 1]), colorSpace='rgb', contrast=1.0, depth=-1.0, flipHoriz=False, flipVert=False, font='Open Sans', fontFiles=[], height=0.05, italic=False, languageStyle='LTR', name='textready', opacity=1.0, ori=0.0, pos=array([0., 0.]), rgb=UNKNOWN, text='即將進入下一題', units='height', win=Window(...), wrapWidth=1)
34.6578 	EXP 	Sound sound_2 set volume 1.000
34.6651 	EXP 	Created textEndMessage = TextStim(__class__=<class 'psychopy.visual.text.TextStim'>, alignHoriz=method-wrapper(...), alignText='center', alignVert=method-wrapper(...), anchorHoriz='center', anchorVert='center', antialias=True, autoDraw=False, autoLog=True, bold=False, color=array([1, 1, 1]), colorSpace='rgb', contrast=1.0, depth=0.0, flipHoriz=False, flipVert=False, font='Open Sans', fontFiles=[], height=0.05, italic=False, languageStyle='LTR', name='textEndMessage', opacity=1.0, ori=0.0, pos=array([0., 0.]), rgb=UNKNOWN, text='本次實驗到此結束\n\n感謝您的參與', units='height', win=Window(...), wrapWidth=1)
34.7352 	EXP 	scale: autoLog = True
34.7352 	EXP 	scale: markerPos = None
34.7352 	EXP 	scale: styleTweaks = []
34.7352 	EXP 	scale: styleTweaks = []
34.7352 	EXP 	scale: styleTweaks = ['triangleMarker']
34.7352 	EXP 	scale: styleTweaks = ['triangleMarker']
34.7352 	EXP 	scale: contrast = 1.0
34.7352 	EXP 	scale: autoLog = True
34.7352 	EXP 	scale: autoLog = True
34.7352 	EXP 	scale: markerPos = None
34.7352 	EXP 	scale: styleTweaks = []
34.7352 	EXP 	scale: styleTweaks = []
34.7352 	EXP 	scale: styleTweaks = ['triangleMarker']
34.7352 	EXP 	scale: styleTweaks = ['triangleMarker']
34.7352 	EXP 	scale: contrast = 1.0
34.7352 	EXP 	scale: autoLog = True
34.7352 	EXP 	scale: autoLog = True
34.7352 	EXP 	scale: markerPos = None
34.7352 	EXP 	scale: styleTweaks = []
34.7352 	EXP 	scale: styleTweaks = []
34.7352 	EXP 	scale: styleTweaks = ['triangleMarker']
34.7352 	EXP 	scale: styleTweaks = ['triangleMarker']
34.7352 	EXP 	scale: contrast = 1.0
34.7352 	EXP 	scale: autoLog = True
34.7352 	EXP 	textreproductionstart: height = 0.05
34.7352 	EXP 	textreproductionstart: height = 0.05
34.7352 	EXP 	textreproductionstart: height = 0.05
34.7352 	EXP 	textreproductionstart: text = '時間估計作業\n\n請透過滑鼠將刺激呈現時間點在以下量尺中\n按下空白鍵進入下一題'
34.7352 	EXP 	scale: markerPos = None
34.7352 	EXP 	scale: markerPos = None
34.7352 	EXP 	textreproductionstart: autoDraw = True
34.7352 	EXP 	scale: autoDraw = True
127.5102 	DATA 	Mouse: Left button down, pos=(481,321)
127.5601 	EXP 	scale: markerPos = 1.9560185185185188
127.5934 	EXP 	scale: markerPos = 1.9560185185185188
127.6268 	EXP 	scale: markerPos = 1.9560185185185188
127.6602 	EXP 	scale: markerPos = 1.9560185185185188
127.6935 	EXP 	scale: markerPos = 1.9560185185185188
127.7268 	EXP 	scale: markerPos = 1.9560185185185188
127.7601 	EXP 	scale: markerPos = 1.9560185185185188
127.7935 	EXP 	scale: markerPos = 1.9560185185185188
127.8268 	EXP 	scale: markerPos = 1.9560185185185188
127.8601 	EXP 	scale: markerPos = 1.9560185185185188
127.8934 	EXP 	scale: markerPos = 2.060185185185185
127.9268 	EXP 	scale: markerPos = 2.106481481481482
127.9601 	EXP 	scale: markerPos = 2.152777777777778
127.9936 	EXP 	scale: markerPos = 2.1643518518518516
128.0268 	EXP 	scale: markerPos = 2.1874999999999996
128.0601 	EXP 	scale: markerPos = 2.2685185185185186
128.0935 	EXP 	scale: markerPos = 2.2800925925925926
128.1268 	EXP 	scale: markerPos = 2.2800925925925926
128.1601 	EXP 	scale: markerPos = 2.2800925925925926
128.1934 	EXP 	scale: markerPos = 2.2800925925925926
128.2267 	EXP 	scale: markerPos = 2.2800925925925926
128.2601 	EXP 	scale: markerPos = 2.2800925925925926
128.2935 	EXP 	scale: markerPos = 2.2800925925925926
128.3268 	EXP 	scale: markerPos = 2.2800925925925926
128.3601 	EXP 	scale: markerPos = 2.210648148148148
128.3935 	EXP 	scale: markerPos = 2.048611111111111
128.4268 	EXP 	scale: markerPos = 1.8981481481481484
128.4601 	EXP 	scale: markerPos = 1.8518518518518516
128.4935 	EXP 	scale: markerPos = 1.8518518518518516
128.5268 	EXP 	scale: markerPos = 1.8518518518518516
128.5601 	EXP 	scale: markerPos = 1.8518518518518516
128.5935 	EXP 	scale: markerPos = 1.8518518518518516
128.6268 	EXP 	scale: markerPos = 1.8518518518518516
128.6601 	EXP 	scale: markerPos = 1.8518518518518516
128.6935 	EXP 	scale: markerPos = 2.1296296296296298
128.7268 	EXP 	scale: markerPos = 2.6157407407407405
128.7601 	EXP 	scale: markerPos = 3.4027777777777777
128.7934 	EXP 	scale: markerPos = 3.981481481481482
128.8268 	EXP 	scale: markerPos = 4.444444444444445
128.8601 	EXP 	scale: markerPos = 4.872685185185185
128.8934 	EXP 	scale: markerPos = 5.173611111111112
128.9268 	EXP 	scale: markerPos = 5.219907407407407
128.9601 	EXP 	scale: markerPos = 5.219907407407407
128.9935 	EXP 	scale: markerPos = 5.219907407407407
129.0268 	EXP 	scale: markerPos = 5.219907407407407
129.0602 	EXP 	scale: markerPos = 5.219907407407407
129.0935 	EXP 	scale: markerPos = 4.976851851851851
129.1268 	EXP 	scale: markerPos = 4.305555555555555
129.1601 	EXP 	scale: markerPos = 2.986111111111111
129.1935 	EXP 	scale: markerPos = 2.4652777777777777
129.2268 	EXP 	scale: markerPos = 2.384259259259259
129.2602 	EXP 	scale: markerPos = 2.372685185185185
129.2935 	EXP 	scale: markerPos = 2.372685185185185
129.3268 	EXP 	scale: markerPos = 2.372685185185185
129.3602 	EXP 	scale: markerPos = 2.372685185185185
129.3935 	EXP 	scale: markerPos = 2.372685185185185
129.4268 	EXP 	scale: markerPos = 2.372685185185185
129.4602 	EXP 	scale: markerPos = 2.372685185185185
129.4935 	EXP 	scale: markerPos = 2.372685185185185
129.5268 	EXP 	scale: markerPos = 2.372685185185185
129.5602 	EXP 	scale: markerPos = 2.372685185185185
129.5935 	EXP 	scale: markerPos = 2.372685185185185
129.6268 	EXP 	scale: markerPos = 2.372685185185185
129.6602 	EXP 	scale: markerPos = 2.372685185185185
129.6935 	EXP 	scale: markerPos = 2.3495370370370368
129.7268 	EXP 	scale: markerPos = 2.291666666666667
129.7602 	EXP 	scale: markerPos = 2.2685185185185186
129.7935 	EXP 	scale: markerPos = 2.2685185185185186
129.8268 	EXP 	scale: markerPos = 2.2685185185185186
129.8602 	EXP 	scale: markerPos = 2.2337962962962963
129.8935 	EXP 	scale: markerPos = 2.2337962962962963
129.9268 	EXP 	scale: markerPos = 2.2337962962962963
129.9602 	EXP 	scale: markerPos = 2.210648148148148
129.9935 	EXP 	scale: markerPos = 2.199074074074074
130.0268 	EXP 	scale: markerPos = 2.141203703703704
130.0602 	EXP 	scale: markerPos = 2.118055555555556
130.0935 	EXP 	scale: markerPos = 2.106481481481482
130.1268 	EXP 	scale: markerPos = 2.106481481481482
130.1602 	EXP 	scale: markerPos = 2.106481481481482
130.1935 	EXP 	scale: markerPos = 2.106481481481482
130.2268 	EXP 	scale: markerPos = 2.106481481481482
130.2602 	EXP 	scale: markerPos = 2.0949074074074074
130.2935 	EXP 	scale: markerPos = 2.0717592592592595
130.3268 	EXP 	scale: markerPos = 2.0717592592592595
130.3602 	EXP 	scale: markerPos = 2.0717592592592595
130.3935 	EXP 	scale: markerPos = 2.0717592592592595
130.4268 	EXP 	scale: markerPos = 2.0717592592592595
130.4602 	EXP 	scale: markerPos = 2.0717592592592595
130.4935 	EXP 	scale: markerPos = 2.0370370370370368
130.5269 	EXP 	scale: markerPos = 2.013888888888889
130.5602 	EXP 	scale: markerPos = 2.013888888888889
130.5935 	EXP 	scale: markerPos = 2.013888888888889
130.5944 	DATA 	Mouse:  Left button up, pos=(486,314)
130.6269 	EXP 	scale: markerPos = 2.013888888888889
139.9759 	DATA 	Mouse: Left button down, pos=(515,321)
140.0270 	EXP 	scale: markerPos = 2.3495370370370368
140.0603 	EXP 	scale: markerPos = 2.3495370370370368
140.0937 	EXP 	scale: markerPos = 2.3611111111111107
140.1270 	EXP 	scale: markerPos = 2.3611111111111107
140.1603 	EXP 	scale: markerPos = 2.3611111111111107
140.1937 	EXP 	scale: markerPos = 2.395833333333333
140.2270 	EXP 	scale: markerPos = 2.4074074074074074
140.2603 	EXP 	scale: markerPos = 2.4074074074074074
140.2937 	EXP 	scale: markerPos = 2.4074074074074074
140.3270 	EXP 	scale: markerPos = 2.453703703703703
140.3603 	EXP 	scale: markerPos = 2.476851851851852
140.3937 	EXP 	scale: markerPos = 2.476851851851852
140.4270 	EXP 	scale: markerPos = 2.476851851851852
140.4604 	EXP 	scale: markerPos = 2.476851851851852
140.4937 	EXP 	scale: markerPos = 2.476851851851852
140.5270 	EXP 	scale: markerPos = 2.476851851851852
140.5603 	EXP 	scale: markerPos = 2.476851851851852
140.5937 	EXP 	scale: markerPos = 2.476851851851852
140.5945 	DATA 	Mouse:  Left button up, pos=(525,317)
140.6270 	EXP 	scale: markerPos = 2.476851851851852
214.4781 	EXP 	textreproductionstart: autoDraw = False
214.4781 	EXP 	scale: autoDraw = False
214.4781 	EXP 	textWelcomeMessage: autoDraw = True
214.4845 	DATA 	KeyPress:  
220.0834 	EXP 	Imported pink_con.xlsx as conditions, 3 conditions, 2 params
220.0838 	EXP 	Created sequence: random, trialTypes=3, nReps=1, seed=None
220.0840 	EXP 	New trial (rep=0, index=0): {'pink': 'pink.png', 'pra_duration': 2}
220.0949 	EXP 	Sound sound_1 started
220.0949 	EXP 	textWelcomeMessage: autoDraw = False
220.0949 	EXP 	textblank1000: autoDraw = True
220.1004 	DATA 	KeyPress:  
220.6368 	EXP 	Sound sound_1 reached end of file
221.1950 	EXP 	textblank1000: autoDraw = False
221.1950 	EXP 	textblank1000: autoDraw = False
221.1950 	EXP 	image: image = 'pink.png'
221.1950 	EXP 	image: autoDraw = True
223.2117 	EXP 	image: autoDraw = False
223.2117 	EXP 	image: autoDraw = False
223.2117 	EXP 	textreproductionstart: text = '時間估計作業\n\n請透過滑鼠將刺激呈現時間點在以下量尺中\n按下空白鍵進入下一題'
223.2117 	EXP 	scale: markerPos = None
223.2117 	EXP 	scale: markerPos = None
223.2117 	EXP 	textreproductionstart: autoDraw = True
223.2117 	EXP 	scale: autoDraw = True
225.9939 	DATA 	Mouse: Left button down, pos=(464,323)
226.0450 	EXP 	scale: markerPos = 1.7592592592592595
226.0783 	EXP 	scale: markerPos = 1.7592592592592595
226.0791 	DATA 	Mouse:  Left button up, pos=(464,323)
226.1117 	EXP 	scale: markerPos = 1.7592592592592595
255.7527 	DATA 	KeyPress:  
255.7621 	EXP 	textreproductionstart: autoDraw = False
255.7621 	EXP 	scale: autoDraw = False
255.7621 	EXP 	textrest: autoDraw = True
280.7459 	EXP 	Sound sound_2 started
280.7459 	EXP 	textready: autoDraw = True
280.7626 	EXP 	textrest: autoDraw = False
281.2865 	EXP 	Sound sound_2 reached end of file
285.7297 	EXP 	New trial (rep=0, index=1): {'pink': 'pink.png', 'pra_duration': 6}
285.7460 	EXP 	Sound sound_1 started
285.7460 	EXP 	textready: autoDraw = False
285.7460 	EXP 	textrest: autoDraw = False
285.7460 	EXP 	textready: autoDraw = False
285.7460 	EXP 	textblank1000: autoDraw = True
286.2864 	EXP 	Sound sound_1 reached end of file
286.7793 	EXP 	textblank1000: autoDraw = False
286.7793 	EXP 	textblank1000: autoDraw = False
286.7793 	EXP 	image: image = 'pink.png'
286.7793 	EXP 	image: autoDraw = True
292.7961 	EXP 	image: autoDraw = False
292.7961 	EXP 	image: autoDraw = False
292.7961 	EXP 	textreproductionstart: text = '時間估計作業\n\n請透過滑鼠將刺激呈現時間點在以下量尺中\n按下空白鍵進入下一題'
292.7961 	EXP 	scale: markerPos = None
292.7961 	EXP 	scale: markerPos = None
292.7961 	EXP 	textreproductionstart: autoDraw = True
292.7961 	EXP 	scale: autoDraw = True
295.9303 	DATA 	Mouse: Left button down, pos=(734,325)
295.9628 	EXP 	scale: markerPos = 4.8842592592592595
295.9961 	EXP 	scale: markerPos = 4.8842592592592595
296.0295 	EXP 	scale: markerPos = 4.8842592592592595
296.0460 	DATA 	Mouse:  Left button up, pos=(734,325)
296.0628 	EXP 	scale: markerPos = 4.8842592592592595
296.0961 	EXP 	scale: markerPos = 4.8842592592592595
304.9463 	EXP 	textreproductionstart: autoDraw = False
304.9463 	EXP 	scale: autoDraw = False
304.9463 	EXP 	textrest: autoDraw = True
304.9524 	DATA 	KeyPress:  
329.9300 	EXP 	Sound sound_2 started
329.9300 	EXP 	textready: autoDraw = True
329.9467 	EXP 	textrest: autoDraw = False
330.4693 	EXP 	Sound sound_2 reached end of file
334.9138 	EXP 	New trial (rep=0, index=2): {'pink': 'pink.png', 'pra_duration': 4}
334.9301 	EXP 	Sound sound_1 started
334.9301 	EXP 	textready: autoDraw = False
334.9301 	EXP 	textrest: autoDraw = False
334.9301 	EXP 	textready: autoDraw = False
334.9301 	EXP 	textblank1000: autoDraw = True
335.4693 	EXP 	Sound sound_1 reached end of file
335.9634 	EXP 	textblank1000: autoDraw = False
335.9634 	EXP 	textblank1000: autoDraw = False
335.9634 	EXP 	image: image = 'pink.png'
335.9634 	EXP 	image: autoDraw = True
339.9802 	EXP 	image: autoDraw = False
339.9802 	EXP 	image: autoDraw = False
339.9802 	EXP 	textreproductionstart: text = '時間估計作業\n\n請透過滑鼠將刺激呈現時間點在以下量尺中\n按下空白鍵進入下一題'
339.9802 	EXP 	scale: markerPos = None
339.9802 	EXP 	scale: markerPos = None
339.9802 	EXP 	textreproductionstart: autoDraw = True
339.9802 	EXP 	scale: autoDraw = True
343.1144 	DATA 	Mouse: Left button down, pos=(570,325)
343.1469 	EXP 	scale: markerPos = 2.986111111111111
343.1802 	EXP 	scale: markerPos = 2.986111111111111
343.2136 	EXP 	scale: markerPos = 2.986111111111111
343.2143 	DATA 	Mouse:  Left button up, pos=(570,325)
343.2469 	EXP 	scale: markerPos = 2.986111111111111
351.7304 	EXP 	textreproductionstart: autoDraw = False
351.7304 	EXP 	scale: autoDraw = False
351.7304 	EXP 	textrest: autoDraw = True
351.7357 	DATA 	KeyPress:  
376.7140 	EXP 	Sound sound_2 started
376.7140 	EXP 	textready: autoDraw = True
376.7307 	EXP 	textrest: autoDraw = False
377.2568 	EXP 	Sound sound_2 reached end of file
381.7142 	EXP 	textready: autoDraw = False
381.7142 	EXP 	textrest: autoDraw = False
381.7142 	EXP 	textready: autoDraw = False
381.7142 	EXP 	start_2: autoDraw = True
402.0045 	EXP 	Imported pic_condition_2.xlsx as conditions, 20 conditions, 5 params
402.0050 	EXP 	Created sequence: random, trialTypes=20, nReps=1, seed=None
402.0052 	EXP 	New trial (rep=0, index=0): {'emo_pic': 'emo_pic\\pnegative_high_1201.jpg', 'duration': 5, 'starduration': 0.1152479, 'posx': -0.7, 'posy': 0}
402.0145 	EXP 	Sound sound_1 started
402.0145 	EXP 	start_2: autoDraw = False
402.0145 	EXP 	textblank1000: autoDraw = True
402.0201 	DATA 	KeyPress:  
402.5567 	EXP 	Sound sound_1 reached end of file
403.0648 	EXP 	textblank1000: autoDraw = False
403.0648 	EXP 	textblank1000: autoDraw = False
403.0648 	EXP 	emopic: image = 'emo_pic\\pnegative_high_1201.jpg'
403.0648 	EXP 	emopic: autoDraw = True
403.1145 	EXP 	redstar: autoDraw = True
404.1141 	EXP 	redstar: autoDraw = False
408.0809 	EXP 	emopic: autoDraw = False
408.0809 	EXP 	emopic: autoDraw = False
408.0809 	EXP 	redstar: autoDraw = False
408.0809 	EXP 	textreproductionstart: text = '時間估計作業\n\n請透過滑鼠將刺激呈現時間點在以下量尺中\n按下空白鍵進入下一題'
408.0809 	EXP 	scale: markerPos = None
408.0809 	EXP 	scale: markerPos = None
408.0809 	EXP 	textreproductionstart: autoDraw = True
408.0809 	EXP 	scale: autoDraw = True
410.8300 	DATA 	Mouse: Left button down, pos=(566,325)
410.8811 	EXP 	scale: markerPos = 2.9398148148148144
410.9145 	EXP 	scale: markerPos = 2.9398148148148144
410.9153 	DATA 	Mouse:  Left button up, pos=(566,325)
410.9478 	EXP 	scale: markerPos = 2.9398148148148144
423.9884 	DATA 	KeyPress:  
423.9981 	EXP 	textreproductionstart: autoDraw = False
423.9981 	EXP 	scale: autoDraw = False
423.9981 	EXP 	textrest: autoDraw = True
448.9819 	EXP 	Sound sound_2 started
448.9819 	EXP 	textready: autoDraw = True
448.9985 	EXP 	textrest: autoDraw = False
449.5209 	EXP 	Sound sound_2 reached end of file
453.9657 	EXP 	New trial (rep=0, index=1): {'emo_pic': 'emo_pic\\pnegative_low_2520.jpg', 'duration': 5, 'starduration': 0.1152479, 'posx': -0.7, 'posy': 0}
453.9820 	EXP 	Sound sound_1 started
453.9820 	EXP 	textready: autoDraw = False
453.9820 	EXP 	textrest: autoDraw = False
453.9820 	EXP 	textready: autoDraw = False
453.9820 	EXP 	textblank1000: autoDraw = True
454.5210 	EXP 	Sound sound_1 reached end of file
454.9986 	EXP 	textblank1000: autoDraw = False
454.9986 	EXP 	textblank1000: autoDraw = False
454.9986 	EXP 	emopic: image = 'emo_pic\\pnegative_low_2520.jpg'
454.9986 	EXP 	emopic: autoDraw = True
455.0986 	EXP 	redstar: autoDraw = True
456.0982 	EXP 	redstar: autoDraw = False
460.0150 	EXP 	emopic: autoDraw = False
460.0150 	EXP 	emopic: autoDraw = False
460.0150 	EXP 	redstar: autoDraw = False
460.0150 	EXP 	textreproductionstart: text = '時間估計作業\n\n請透過滑鼠將刺激呈現時間點在以下量尺中\n按下空白鍵進入下一題'
460.0150 	EXP 	scale: markerPos = None
460.0150 	EXP 	scale: markerPos = None
460.0150 	EXP 	textreproductionstart: autoDraw = True
460.0150 	EXP 	scale: autoDraw = True
462.7308 	DATA 	Mouse: Left button down, pos=(570,323)
462.7818 	EXP 	scale: markerPos = 2.986111111111111
462.8151 	EXP 	scale: markerPos = 2.986111111111111
462.8159 	DATA 	Mouse:  Left button up, pos=(570,323)
462.8485 	EXP 	scale: markerPos = 2.986111111111111
477.2323 	EXP 	textreproductionstart: autoDraw = False
477.2323 	EXP 	scale: autoDraw = False
477.2323 	EXP 	textrest: autoDraw = True
477.2386 	DATA 	KeyPress:  
502.2161 	EXP 	Sound sound_2 started
502.2161 	EXP 	textready: autoDraw = True
502.2327 	EXP 	textrest: autoDraw = False
502.7565 	EXP 	Sound sound_2 reached end of file
507.1999 	EXP 	New trial (rep=0, index=2): {'emo_pic': 'emo_pic\\positive_low_2314.jpg', 'duration': 5, 'starduration': 0.1152479, 'posx': -0.7, 'posy': 0}
507.2162 	EXP 	Sound sound_1 started
507.2161 	EXP 	textready: autoDraw = False
507.2161 	EXP 	textrest: autoDraw = False
507.2161 	EXP 	textready: autoDraw = False
507.2161 	EXP 	textblank1000: autoDraw = True
507.7570 	EXP 	Sound sound_1 reached end of file
508.2495 	EXP 	textblank1000: autoDraw = False
508.2495 	EXP 	textblank1000: autoDraw = False
508.2495 	EXP 	emopic: image = 'emo_pic\\positive_low_2314.jpg'
508.2495 	EXP 	emopic: autoDraw = True
508.3328 	EXP 	redstar: autoDraw = True
509.3324 	EXP 	redstar: autoDraw = False
513.2659 	EXP 	emopic: autoDraw = False
513.2659 	EXP 	emopic: autoDraw = False
513.2659 	EXP 	redstar: autoDraw = False
513.2659 	EXP 	textreproductionstart: text = '時間估計作業\n\n請透過滑鼠將刺激呈現時間點在以下量尺中\n按下空白鍵進入下一題'
513.2659 	EXP 	scale: markerPos = None
513.2659 	EXP 	scale: markerPos = None
513.2659 	EXP 	textreproductionstart: autoDraw = True
513.2659 	EXP 	scale: autoDraw = True
516.6820 	DATA 	Mouse: Left button down, pos=(502,324)
516.7330 	EXP 	scale: markerPos = 2.199074074074074
516.7663 	EXP 	scale: markerPos = 2.199074074074074
516.7996 	EXP 	scale: markerPos = 2.199074074074074
516.8330 	EXP 	scale: markerPos = 2.199074074074074
516.8497 	DATA 	Mouse:  Left button up, pos=(502,324)
516.8663 	EXP 	scale: markerPos = 2.199074074074074
516.8997 	EXP 	scale: markerPos = 2.199074074074074
529.5071 	DATA 	KeyPress:  
529.5165 	EXP 	textreproductionstart: autoDraw = False
529.5165 	EXP 	scale: autoDraw = False
529.5165 	EXP 	textrest: autoDraw = True
554.5002 	EXP 	Sound sound_2 started
554.5003 	EXP 	textready: autoDraw = True
554.5169 	EXP 	textrest: autoDraw = False
555.0390 	EXP 	Sound sound_2 reached end of file
559.4840 	EXP 	New trial (rep=0, index=3): {'emo_pic': 'emo_pic\\positive_high_8300.jpg', 'duration': 3, 'starduration': 0.1552196, 'posx': 0, 'posy': 0.4}
559.5003 	EXP 	Sound sound_1 started
559.5003 	EXP 	textready: autoDraw = False
559.5003 	EXP 	textrest: autoDraw = False
559.5003 	EXP 	textready: autoDraw = False
559.5003 	EXP 	textblank1000: autoDraw = True
560.0391 	EXP 	Sound sound_1 reached end of file
560.5337 	EXP 	textblank1000: autoDraw = False
560.5337 	EXP 	textblank1000: autoDraw = False
560.5337 	EXP 	emopic: image = 'emo_pic\\positive_high_8300.jpg'
560.5337 	EXP 	emopic: autoDraw = True
560.6670 	EXP 	redstar: autoDraw = True
561.6666 	EXP 	redstar: autoDraw = False
563.5501 	EXP 	emopic: autoDraw = False
563.5501 	EXP 	emopic: autoDraw = False
563.5501 	EXP 	redstar: autoDraw = False
563.5501 	EXP 	textreproductionstart: text = '時間估計作業\n\n請透過滑鼠將刺激呈現時間點在以下量尺中\n按下空白鍵進入下一題'
563.5501 	EXP 	scale: markerPos = None
563.5501 	EXP 	scale: markerPos = None
563.5501 	EXP 	textreproductionstart: autoDraw = True
563.5501 	EXP 	scale: autoDraw = True
566.2326 	DATA 	Mouse: Left button down, pos=(446,321)
566.2836 	EXP 	scale: markerPos = 1.550925925925926
566.3169 	EXP 	scale: markerPos = 1.550925925925926
566.3336 	DATA 	Mouse:  Left button up, pos=(446,321)
566.3503 	EXP 	scale: markerPos = 1.550925925925926
566.3836 	EXP 	scale: markerPos = 1.550925925925926
578.4579 	DATA 	KeyPress:  
578.4673 	EXP 	textreproductionstart: autoDraw = False
578.4673 	EXP 	scale: autoDraw = False
578.4673 	EXP 	textrest: autoDraw = True
603.4510 	EXP 	Sound sound_2 started
603.4510 	EXP 	textready: autoDraw = True
603.4677 	EXP 	textrest: autoDraw = False
603.9902 	EXP 	Sound sound_2 reached end of file
608.4349 	EXP 	New trial (rep=0, index=4): {'emo_pic': 'emo_pic\\pnegative_low_2100.jpg', 'duration': 7, 'starduration': 0.0561269, 'posx': 0.7, 'posy': 0}
608.4511 	EXP 	Sound sound_1 started
608.4511 	EXP 	textready: autoDraw = False
608.4511 	EXP 	textrest: autoDraw = False
608.4511 	EXP 	textready: autoDraw = False
608.4511 	EXP 	textblank1000: autoDraw = True
608.9903 	EXP 	Sound sound_1 reached end of file
609.4678 	EXP 	textblank1000: autoDraw = False
609.4678 	EXP 	textblank1000: autoDraw = False
609.4678 	EXP 	emopic: image = 'emo_pic\\pnegative_low_2100.jpg'
609.4678 	EXP 	emopic: autoDraw = True
609.5178 	EXP 	redstar: autoDraw = True
610.5178 	EXP 	redstar: autoDraw = False
616.4844 	EXP 	emopic: autoDraw = False
616.4844 	EXP 	emopic: autoDraw = False
616.4844 	EXP 	redstar: autoDraw = False
616.4844 	EXP 	textreproductionstart: text = '時間估計作業\n\n請透過滑鼠將刺激呈現時間點在以下量尺中\n按下空白鍵進入下一題'
616.4844 	EXP 	scale: markerPos = None
616.4844 	EXP 	scale: markerPos = None
616.4844 	EXP 	textreproductionstart: autoDraw = True
616.4844 	EXP 	scale: autoDraw = True
619.0519 	DATA 	Mouse: Left button down, pos=(740,322)
619.0846 	EXP 	scale: markerPos = 4.953703703703704
619.1180 	EXP 	scale: markerPos = 4.953703703703704
619.1513 	EXP 	scale: markerPos = 4.953703703703704
619.1522 	DATA 	Mouse:  Left button up, pos=(740,322)
619.1846 	EXP 	scale: markerPos = 4.953703703703704
630.5927 	DATA 	KeyPress:  
630.6014 	EXP 	textreproductionstart: autoDraw = False
630.6014 	EXP 	scale: autoDraw = False
630.6014 	EXP 	textrest: autoDraw = True
655.5852 	EXP 	Sound sound_2 started
655.5852 	EXP 	textready: autoDraw = True
655.6019 	EXP 	textrest: autoDraw = False
656.1268 	EXP 	Sound sound_2 reached end of file
660.5690 	EXP 	New trial (rep=0, index=5): {'emo_pic': 'emo_pic\\positive_high_8370.jpg', 'duration': 7, 'starduration': 0.0561269, 'posx': 0.7, 'posy': 0}
660.5853 	EXP 	Sound sound_1 started
660.5853 	EXP 	textready: autoDraw = False
660.5853 	EXP 	textrest: autoDraw = False
660.5853 	EXP 	textready: autoDraw = False
660.5853 	EXP 	textblank1000: autoDraw = True
661.1271 	EXP 	Sound sound_1 reached end of file
661.6020 	EXP 	textblank1000: autoDraw = False
661.6020 	EXP 	textblank1000: autoDraw = False
661.6020 	EXP 	emopic: image = 'emo_pic\\positive_high_8370.jpg'
661.6020 	EXP 	emopic: autoDraw = True
661.6520 	EXP 	redstar: autoDraw = True
662.6515 	EXP 	redstar: autoDraw = False
668.6184 	EXP 	emopic: autoDraw = False
668.6184 	EXP 	emopic: autoDraw = False
668.6184 	EXP 	redstar: autoDraw = False
668.6184 	EXP 	textreproductionstart: text = '時間估計作業\n\n請透過滑鼠將刺激呈現時間點在以下量尺中\n按下空白鍵進入下一題'
668.6184 	EXP 	scale: markerPos = None
668.6184 	EXP 	scale: markerPos = None
668.6184 	EXP 	textreproductionstart: autoDraw = True
668.6184 	EXP 	scale: autoDraw = True
670.9861 	DATA 	Mouse: Left button down, pos=(613,324)
671.0186 	EXP 	scale: markerPos = 3.483796296296296
671.0520 	EXP 	scale: markerPos = 3.483796296296296
671.0853 	EXP 	scale: markerPos = 3.483796296296296
671.0861 	DATA 	Mouse:  Left button up, pos=(613,324)
671.1186 	EXP 	scale: markerPos = 3.483796296296296
685.6357 	EXP 	textreproductionstart: autoDraw = False
685.6357 	EXP 	scale: autoDraw = False
685.6357 	EXP 	textrest: autoDraw = True
685.6412 	DATA 	KeyPress:  
710.6194 	EXP 	Sound sound_2 started
710.6194 	EXP 	textready: autoDraw = True
710.6361 	EXP 	textrest: autoDraw = False
711.1589 	EXP 	Sound sound_2 reached end of file
715.6032 	EXP 	New trial (rep=0, index=6): {'emo_pic': 'emo_pic\\pneutral_7100.jpg', 'duration': 3, 'starduration': 0.1552196, 'posx': 0, 'posy': 0.4}
715.6195 	EXP 	Sound sound_1 started
715.6195 	EXP 	textready: autoDraw = False
715.6195 	EXP 	textrest: autoDraw = False
715.6195 	EXP 	textready: autoDraw = False
715.6195 	EXP 	textblank1000: autoDraw = True
716.1588 	EXP 	Sound sound_1 reached end of file
716.6362 	EXP 	textblank1000: autoDraw = False
716.6362 	EXP 	textblank1000: autoDraw = False
716.6362 	EXP 	emopic: image = 'emo_pic\\pneutral_7100.jpg'
716.6362 	EXP 	emopic: autoDraw = True
716.7862 	EXP 	redstar: autoDraw = True
717.7858 	EXP 	redstar: autoDraw = False
719.6526 	EXP 	emopic: autoDraw = False
719.6526 	EXP 	emopic: autoDraw = False
719.6526 	EXP 	redstar: autoDraw = False
719.6526 	EXP 	textreproductionstart: text = '時間估計作業\n\n請透過滑鼠將刺激呈現時間點在以下量尺中\n按下空白鍵進入下一題'
719.6526 	EXP 	scale: markerPos = None
719.6526 	EXP 	scale: markerPos = None
719.6526 	EXP 	textreproductionstart: autoDraw = True
719.6526 	EXP 	scale: autoDraw = True
722.9870 	DATA 	Mouse: Left button down, pos=(381,321)
723.0195 	EXP 	scale: markerPos = 0.7986111111111114
723.0528 	EXP 	scale: markerPos = 0.7986111111111114
723.0861 	EXP 	scale: markerPos = 0.7986111111111114
723.1194 	EXP 	scale: markerPos = 0.7986111111111114
723.1204 	DATA 	Mouse:  Left button up, pos=(381,321)
723.1528 	EXP 	scale: markerPos = 0.7986111111111114
732.9936 	DATA 	KeyPress:  
733.0031 	EXP 	textreproductionstart: autoDraw = False
733.0031 	EXP 	scale: autoDraw = False
733.0031 	EXP 	textrest: autoDraw = True
757.9868 	EXP 	Sound sound_2 started
757.9868 	EXP 	textready: autoDraw = True
758.0035 	EXP 	textrest: autoDraw = False
758.5272 	EXP 	Sound sound_2 reached end of file
762.9707 	EXP 	New trial (rep=0, index=7): {'emo_pic': 'emo_pic\\positive_low_7340.jpg', 'duration': 1, 'starduration': 0.1384903, 'posx': 0, 'posy': -0.4}
762.9869 	EXP 	Sound sound_1 started
762.9869 	EXP 	textready: autoDraw = False
762.9869 	EXP 	textrest: autoDraw = False
762.9869 	EXP 	textready: autoDraw = False
762.9869 	EXP 	textblank1000: autoDraw = True
763.5267 	EXP 	Sound sound_1 reached end of file
764.0036 	EXP 	textblank1000: autoDraw = False
764.0036 	EXP 	textblank1000: autoDraw = False
764.0036 	EXP 	emopic: image = 'emo_pic\\positive_low_7340.jpg'
764.0036 	EXP 	emopic: autoDraw = True
764.1369 	EXP 	redstar: autoDraw = True
765.0032 	EXP 	emopic: autoDraw = False
765.1532 	EXP 	redstar: autoDraw = False
765.1532 	EXP 	emopic: autoDraw = False
765.1532 	EXP 	redstar: autoDraw = False
765.1532 	EXP 	textreproductionstart: text = '時間估計作業\n\n請透過滑鼠將刺激呈現時間點在以下量尺中\n按下空白鍵進入下一題'
765.1532 	EXP 	scale: markerPos = None
765.1532 	EXP 	scale: markerPos = None
765.1532 	EXP 	textreproductionstart: autoDraw = True
765.1532 	EXP 	scale: autoDraw = True
767.8021 	DATA 	Mouse: Left button down, pos=(348,322)
767.8366 	EXP 	scale: markerPos = 0.41666666666666685
767.8699 	EXP 	scale: markerPos = 0.41666666666666685
767.9032 	EXP 	scale: markerPos = 0.41666666666666685
767.9198 	DATA 	Mouse:  Left button up, pos=(348,322)
767.9366 	EXP 	scale: markerPos = 0.41666666666666685
767.9699 	EXP 	scale: markerPos = 0.41666666666666685
780.9276 	DATA 	KeyPress:  
780.9372 	EXP 	textreproductionstart: autoDraw = False
780.9372 	EXP 	scale: autoDraw = False
780.9372 	EXP 	textrest: autoDraw = True
805.9209 	EXP 	Sound sound_2 started
805.9209 	EXP 	textready: autoDraw = True
805.9376 	EXP 	textrest: autoDraw = False
806.4598 	EXP 	Sound sound_2 reached end of file
810.9048 	EXP 	New trial (rep=0, index=8): {'emo_pic': 'emo_pic\\positive_high_5621.jpg', 'duration': 5, 'starduration': 0.1152479, 'posx': -0.7, 'posy': 0}
810.9211 	EXP 	Sound sound_1 started
810.9210 	EXP 	textready: autoDraw = False
810.9210 	EXP 	textrest: autoDraw = False
810.9210 	EXP 	textready: autoDraw = False
810.9210 	EXP 	textblank1000: autoDraw = True
811.4605 	EXP 	Sound sound_1 reached end of file
811.9377 	EXP 	textblank1000: autoDraw = False
811.9377 	EXP 	textblank1000: autoDraw = False
811.9377 	EXP 	emopic: image = 'emo_pic\\positive_high_5621.jpg'
811.9377 	EXP 	emopic: autoDraw = True
812.0377 	EXP 	redstar: autoDraw = True
813.0373 	EXP 	redstar: autoDraw = False
816.9540 	EXP 	emopic: autoDraw = False
816.9540 	EXP 	emopic: autoDraw = False
816.9540 	EXP 	redstar: autoDraw = False
816.9540 	EXP 	textreproductionstart: text = '時間估計作業\n\n請透過滑鼠將刺激呈現時間點在以下量尺中\n按下空白鍵進入下一題'
816.9540 	EXP 	scale: markerPos = None
816.9540 	EXP 	scale: markerPos = None
816.9540 	EXP 	textreproductionstart: autoDraw = True
816.9540 	EXP 	scale: autoDraw = True
819.1696 	DATA 	Mouse: Left button down, pos=(648,324)
819.2040 	EXP 	scale: markerPos = 3.8888888888888893
819.2374 	EXP 	scale: markerPos = 3.900462962962963
819.2707 	EXP 	scale: markerPos = 3.900462962962963
819.2873 	DATA 	Mouse:  Left button up, pos=(649,324)
819.3040 	EXP 	scale: markerPos = 3.900462962962963
819.3374 	EXP 	scale: markerPos = 3.900462962962963
825.0278 	DATA 	KeyPress:  
825.0374 	EXP 	textreproductionstart: autoDraw = False
825.0374 	EXP 	scale: autoDraw = False
825.0374 	EXP 	textrest: autoDraw = True
850.0216 	EXP 	Sound sound_2 started
850.0216 	EXP 	textready: autoDraw = True
850.0383 	EXP 	textrest: autoDraw = False
850.5610 	EXP 	Sound sound_2 reached end of file
855.0054 	EXP 	New trial (rep=0, index=9): {'emo_pic': 'emo_pic\\pneutral_7233.jpg', 'duration': 5, 'starduration': 0.1152479, 'posx': -0.7, 'posy': 0}
855.0217 	EXP 	Sound sound_1 started
855.0217 	EXP 	textready: autoDraw = False
855.0217 	EXP 	textrest: autoDraw = False
855.0217 	EXP 	textready: autoDraw = False
855.0217 	EXP 	textblank1000: autoDraw = True
855.5614 	EXP 	Sound sound_1 reached end of file
856.0384 	EXP 	textblank1000: autoDraw = False
856.0384 	EXP 	textblank1000: autoDraw = False
856.0384 	EXP 	emopic: image = 'emo_pic\\pneutral_7233.jpg'
856.0384 	EXP 	emopic: autoDraw = True
856.1384 	EXP 	redstar: autoDraw = True
857.1380 	EXP 	redstar: autoDraw = False
861.0547 	EXP 	emopic: autoDraw = False
861.0547 	EXP 	emopic: autoDraw = False
861.0547 	EXP 	redstar: autoDraw = False
861.0547 	EXP 	textreproductionstart: text = '時間估計作業\n\n請透過滑鼠將刺激呈現時間點在以下量尺中\n按下空白鍵進入下一題'
861.0547 	EXP 	scale: markerPos = None
861.0547 	EXP 	scale: markerPos = None
861.0547 	EXP 	textreproductionstart: autoDraw = True
861.0547 	EXP 	scale: autoDraw = True
863.2369 	DATA 	Mouse: Left button down, pos=(592,324)
863.2714 	EXP 	scale: markerPos = 3.240740740740741
863.3047 	EXP 	scale: markerPos = 3.240740740740741
863.3381 	EXP 	scale: markerPos = 3.240740740740741
863.3389 	DATA 	Mouse:  Left button up, pos=(592,324)
863.3714 	EXP 	scale: markerPos = 3.240740740740741
865.1951 	DATA 	KeyPress:  
865.2047 	EXP 	textreproductionstart: autoDraw = False
865.2047 	EXP 	scale: autoDraw = False
865.2047 	EXP 	textrest: autoDraw = True
890.1889 	EXP 	Sound sound_2 started
890.1889 	EXP 	textready: autoDraw = True
890.2056 	EXP 	textrest: autoDraw = False
890.7281 	EXP 	Sound sound_2 reached end of file
895.1727 	EXP 	New trial (rep=0, index=10): {'emo_pic': 'emo_pic\\positive_low_7325.jpg', 'duration': 3, 'starduration': 0.1552196, 'posx': 0, 'posy': 0.4}
895.1890 	EXP 	Sound sound_1 started
895.1890 	EXP 	textready: autoDraw = False
895.1890 	EXP 	textrest: autoDraw = False
895.1890 	EXP 	textready: autoDraw = False
895.1890 	EXP 	textblank1000: autoDraw = True
895.7283 	EXP 	Sound sound_1 reached end of file
896.2057 	EXP 	textblank1000: autoDraw = False
896.2057 	EXP 	textblank1000: autoDraw = False
896.2057 	EXP 	emopic: image = 'emo_pic\\positive_low_7325.jpg'
896.2057 	EXP 	emopic: autoDraw = True
896.3557 	EXP 	redstar: autoDraw = True
897.3553 	EXP 	redstar: autoDraw = False
899.2220 	EXP 	emopic: autoDraw = False
899.2220 	EXP 	emopic: autoDraw = False
899.2220 	EXP 	redstar: autoDraw = False
899.2220 	EXP 	textreproductionstart: text = '時間估計作業\n\n請透過滑鼠將刺激呈現時間點在以下量尺中\n按下空白鍵進入下一題'
899.2220 	EXP 	scale: markerPos = None
899.2220 	EXP 	scale: markerPos = None
899.2220 	EXP 	textreproductionstart: autoDraw = True
899.2220 	EXP 	scale: autoDraw = True
903.0376 	DATA 	Mouse: Left button down, pos=(397,323)
903.0720 	EXP 	scale: markerPos = 0.9837962962962965
903.1053 	EXP 	scale: markerPos = 0.9837962962962965
903.1387 	EXP 	scale: markerPos = 0.9837962962962965
903.1552 	DATA 	Mouse:  Left button up, pos=(397,323)
903.1720 	EXP 	scale: markerPos = 0.9837962962962965
903.2054 	EXP 	scale: markerPos = 0.9837962962962965
912.1461 	DATA 	KeyPress:  
912.1555 	EXP 	textreproductionstart: autoDraw = False
912.1555 	EXP 	scale: autoDraw = False
912.1555 	EXP 	textrest: autoDraw = True
937.1397 	EXP 	Sound sound_2 started
937.1397 	EXP 	textready: autoDraw = True
937.1563 	EXP 	textrest: autoDraw = False
937.6793 	EXP 	Sound sound_2 reached end of file
942.1235 	EXP 	New trial (rep=0, index=11): {'emo_pic': 'emo_pic\\pnegative_low_9331.jpg', 'duration': 1, 'starduration': 0.1384903, 'posx': 0, 'posy': -0.4}
942.1398 	EXP 	Sound sound_1 started
942.1398 	EXP 	textready: autoDraw = False
942.1398 	EXP 	textrest: autoDraw = False
942.1398 	EXP 	textready: autoDraw = False
942.1398 	EXP 	textblank1000: autoDraw = True
942.6793 	EXP 	Sound sound_1 reached end of file
943.1564 	EXP 	textblank1000: autoDraw = False
943.1564 	EXP 	textblank1000: autoDraw = False
943.1564 	EXP 	emopic: image = 'emo_pic\\pnegative_low_9331.jpg'
943.1564 	EXP 	emopic: autoDraw = True
943.2898 	EXP 	redstar: autoDraw = True
944.1563 	EXP 	emopic: autoDraw = False
944.3063 	EXP 	redstar: autoDraw = False
944.3063 	EXP 	emopic: autoDraw = False
944.3063 	EXP 	redstar: autoDraw = False
944.3063 	EXP 	textreproductionstart: text = '時間估計作業\n\n請透過滑鼠將刺激呈現時間點在以下量尺中\n按下空白鍵進入下一題'
944.3063 	EXP 	scale: markerPos = None
944.3063 	EXP 	scale: markerPos = None
944.3063 	EXP 	textreproductionstart: autoDraw = True
944.3063 	EXP 	scale: autoDraw = True
946.5739 	DATA 	Mouse: Left button down, pos=(354,325)
946.6064 	EXP 	scale: markerPos = 0.48611111111111077
946.6397 	EXP 	scale: markerPos = 0.46296296296296335
946.6730 	EXP 	scale: markerPos = 0.4398148148148151
946.7063 	EXP 	scale: markerPos = 0.4398148148148151
946.7397 	EXP 	scale: markerPos = 0.4398148148148151
946.7562 	DATA 	Mouse:  Left button up, pos=(350,326)
946.7730 	EXP 	scale: markerPos = 0.4398148148148151
946.8063 	EXP 	scale: markerPos = 0.4398148148148151
949.7800 	DATA 	KeyPress:  
949.7897 	EXP 	textreproductionstart: autoDraw = False
949.7897 	EXP 	scale: autoDraw = False
949.7897 	EXP 	textrest: autoDraw = True
974.7735 	EXP 	Sound sound_2 started
974.7735 	EXP 	textready: autoDraw = True
974.7901 	EXP 	textrest: autoDraw = False
975.3128 	EXP 	Sound sound_2 reached end of file
979.7573 	EXP 	New trial (rep=0, index=12): {'emo_pic': 'emo_pic\\pnegative_high_1300.jpg', 'duration': 3, 'starduration': 0.1552196, 'posx': 0, 'posy': 0.4}
979.7735 	EXP 	Sound sound_1 started
979.7735 	EXP 	textready: autoDraw = False
979.7735 	EXP 	textrest: autoDraw = False
979.7735 	EXP 	textready: autoDraw = False
979.7735 	EXP 	textblank1000: autoDraw = True
980.3168 	EXP 	Sound sound_1 reached end of file
980.7902 	EXP 	textblank1000: autoDraw = False
980.7902 	EXP 	textblank1000: autoDraw = False
980.7902 	EXP 	emopic: image = 'emo_pic\\pnegative_high_1300.jpg'
980.7902 	EXP 	emopic: autoDraw = True
980.9399 	EXP 	redstar: autoDraw = True
981.9399 	EXP 	redstar: autoDraw = False
983.8066 	EXP 	emopic: autoDraw = False
983.8066 	EXP 	emopic: autoDraw = False
983.8066 	EXP 	redstar: autoDraw = False
983.8066 	EXP 	textreproductionstart: text = '時間估計作業\n\n請透過滑鼠將刺激呈現時間點在以下量尺中\n按下空白鍵進入下一題'
983.8066 	EXP 	scale: markerPos = None
983.8066 	EXP 	scale: markerPos = None
983.8066 	EXP 	textreproductionstart: autoDraw = True
983.8066 	EXP 	scale: autoDraw = True
987.5723 	DATA 	Mouse: Left button down, pos=(397,324)
987.6067 	EXP 	scale: markerPos = 0.9837962962962965
987.6400 	EXP 	scale: markerPos = 0.9837962962962965
987.6734 	EXP 	scale: markerPos = 0.9837962962962965
987.7067 	EXP 	scale: markerPos = 0.9837962962962965
987.7075 	DATA 	Mouse:  Left button up, pos=(397,324)
987.7400 	EXP 	scale: markerPos = 0.9837962962962965
1019.0489 	DATA 	KeyPress:  
1019.0577 	EXP 	textreproductionstart: autoDraw = False
1019.0577 	EXP 	scale: autoDraw = False
1019.0577 	EXP 	textrest: autoDraw = True
1044.0414 	EXP 	Sound sound_2 started
1044.0414 	EXP 	textready: autoDraw = True
1044.0581 	EXP 	textrest: autoDraw = False
1044.5804 	EXP 	Sound sound_2 reached end of file
1049.0252 	EXP 	New trial (rep=0, index=13): {'emo_pic': 'emo_pic\\pneutral_5500.jpg', 'duration': 1, 'starduration': 0.1384903, 'posx': 0, 'posy': -0.4}
1049.0415 	EXP 	Sound sound_1 started
1049.0415 	EXP 	textready: autoDraw = False
1049.0415 	EXP 	textrest: autoDraw = False
1049.0415 	EXP 	textready: autoDraw = False
1049.0415 	EXP 	textblank1000: autoDraw = True
1049.5810 	EXP 	Sound sound_1 reached end of file
1050.0582 	EXP 	textblank1000: autoDraw = False
1050.0582 	EXP 	textblank1000: autoDraw = False
1050.0582 	EXP 	emopic: image = 'emo_pic\\pneutral_5500.jpg'
1050.0582 	EXP 	emopic: autoDraw = True
1050.1915 	EXP 	redstar: autoDraw = True
1051.0577 	EXP 	emopic: autoDraw = False
1051.2077 	EXP 	redstar: autoDraw = False
1051.2077 	EXP 	emopic: autoDraw = False
1051.2077 	EXP 	redstar: autoDraw = False
1051.2077 	EXP 	textreproductionstart: text = '時間估計作業\n\n請透過滑鼠將刺激呈現時間點在以下量尺中\n按下空白鍵進入下一題'
1051.2077 	EXP 	scale: markerPos = None
1051.2077 	EXP 	scale: markerPos = None
1051.2077 	EXP 	textreproductionstart: autoDraw = True
1051.2077 	EXP 	scale: autoDraw = True
1053.3754 	DATA 	Mouse: Left button down, pos=(374,312)
1053.4079 	EXP 	scale: markerPos = 0.7175925925925924
1053.4412 	EXP 	scale: markerPos = 0.7175925925925924
1053.4746 	EXP 	scale: markerPos = 0.7175925925925924
1053.4911 	DATA 	Mouse:  Left button up, pos=(374,312)
1053.5079 	EXP 	scale: markerPos = 0.7175925925925924
1053.5412 	EXP 	scale: markerPos = 0.7175925925925924
1063.4250 	EXP 	textreproductionstart: autoDraw = False
1063.4250 	EXP 	scale: autoDraw = False
1063.4250 	EXP 	textrest: autoDraw = True
1063.4304 	DATA 	KeyPress:  
1088.4088 	EXP 	Sound sound_2 started
1088.4087 	EXP 	textready: autoDraw = True
1088.4254 	EXP 	textrest: autoDraw = False
1088.9484 	EXP 	Sound sound_2 reached end of file
1093.3926 	EXP 	New trial (rep=0, index=14): {'emo_pic': 'emo_pic\\pnegative_low_6010.jpg', 'duration': 3, 'starduration': 0.1552196, 'posx': 0, 'posy': 0.4}
1093.4088 	EXP 	Sound sound_1 started
1093.4088 	EXP 	textready: autoDraw = False
1093.4088 	EXP 	textrest: autoDraw = False
1093.4088 	EXP 	textready: autoDraw = False
1093.4088 	EXP 	textblank1000: autoDraw = True
1093.9483 	EXP 	Sound sound_1 reached end of file
1094.4255 	EXP 	textblank1000: autoDraw = False
1094.4255 	EXP 	textblank1000: autoDraw = False
1094.4255 	EXP 	emopic: image = 'emo_pic\\pnegative_low_6010.jpg'
1094.4255 	EXP 	emopic: autoDraw = True
1094.5755 	EXP 	redstar: autoDraw = True
1095.5751 	EXP 	redstar: autoDraw = False
1097.4418 	EXP 	emopic: autoDraw = False
1097.4418 	EXP 	emopic: autoDraw = False
1097.4418 	EXP 	redstar: autoDraw = False
1097.4418 	EXP 	textreproductionstart: text = '時間估計作業\n\n請透過滑鼠將刺激呈現時間點在以下量尺中\n按下空白鍵進入下一題'
1097.4418 	EXP 	scale: markerPos = None
1097.4418 	EXP 	scale: markerPos = None
1097.4418 	EXP 	textreproductionstart: autoDraw = True
1097.4418 	EXP 	scale: autoDraw = True
1099.8408 	DATA 	Mouse: Left button down, pos=(498,324)
1099.8751 	EXP 	scale: markerPos = 2.152777777777778
1099.9085 	EXP 	scale: markerPos = 2.152777777777778
1099.9418 	EXP 	scale: markerPos = 2.152777777777778
1099.9752 	EXP 	scale: markerPos = 2.152777777777778
1099.9918 	DATA 	Mouse:  Left button up, pos=(498,324)
1100.0085 	EXP 	scale: markerPos = 2.152777777777778
1100.0418 	EXP 	scale: markerPos = 2.152777777777778
1110.7091 	EXP 	textreproductionstart: autoDraw = False
1110.7091 	EXP 	scale: autoDraw = False
1110.7091 	EXP 	textrest: autoDraw = True
1110.7144 	DATA 	KeyPress:  
1135.6928 	EXP 	Sound sound_2 started
1135.6928 	EXP 	textready: autoDraw = True
1135.7095 	EXP 	textrest: autoDraw = False
1136.2320 	EXP 	Sound sound_2 reached end of file
1140.6766 	EXP 	New trial (rep=0, index=15): {'emo_pic': 'emo_pic\\positive_low_2156.jpg', 'duration': 7, 'starduration': 0.0561269, 'posx': 0.7, 'posy': 0}
1140.6929 	EXP 	Sound sound_1 started
1140.6929 	EXP 	textready: autoDraw = False
1140.6929 	EXP 	textrest: autoDraw = False
1140.6929 	EXP 	textready: autoDraw = False
1140.6929 	EXP 	textblank1000: autoDraw = True
1141.2316 	EXP 	Sound sound_1 reached end of file
1141.7096 	EXP 	textblank1000: autoDraw = False
1141.7096 	EXP 	textblank1000: autoDraw = False
1141.7096 	EXP 	emopic: image = 'emo_pic\\positive_low_2156.jpg'
1141.7096 	EXP 	emopic: autoDraw = True
1141.7595 	EXP 	redstar: autoDraw = True
1142.7592 	EXP 	redstar: autoDraw = False
1148.7259 	EXP 	emopic: autoDraw = False
1148.7259 	EXP 	emopic: autoDraw = False
1148.7259 	EXP 	redstar: autoDraw = False
1148.7259 	EXP 	textreproductionstart: text = '時間估計作業\n\n請透過滑鼠將刺激呈現時間點在以下量尺中\n按下空白鍵進入下一題'
1148.7259 	EXP 	scale: markerPos = None
1148.7259 	EXP 	scale: markerPos = None
1148.7259 	EXP 	textreproductionstart: autoDraw = True
1148.7259 	EXP 	scale: autoDraw = True
1153.7582 	DATA 	Mouse: Left button down, pos=(572,320)
1153.7927 	EXP 	scale: markerPos = 3.0092592592592595
1153.8260 	EXP 	scale: markerPos = 3.0092592592592595
1153.8594 	EXP 	scale: markerPos = 3.0092592592592595
1153.8927 	EXP 	scale: markerPos = 3.0092592592592595
1153.9093 	DATA 	Mouse:  Left button up, pos=(572,320)
1153.9260 	EXP 	scale: markerPos = 3.0092592592592595
1153.9593 	EXP 	scale: markerPos = 3.0092592592592595
1157.8170 	DATA 	KeyPress:  
1157.8261 	EXP 	textreproductionstart: autoDraw = False
1157.8261 	EXP 	scale: autoDraw = False
1157.8261 	EXP 	textrest: autoDraw = True
1182.8102 	EXP 	Sound sound_2 started
1182.8102 	EXP 	textready: autoDraw = True
1182.8269 	EXP 	textrest: autoDraw = False
1183.3494 	EXP 	Sound sound_2 reached end of file
1187.7940 	EXP 	New trial (rep=0, index=16): {'emo_pic': 'emo_pic\\pnegative_high_1120.jpg', 'duration': 7, 'starduration': 0.0561269, 'posx': 0.7, 'posy': 0}
1187.8103 	EXP 	Sound sound_1 started
1187.8103 	EXP 	textready: autoDraw = False
1187.8103 	EXP 	textrest: autoDraw = False
1187.8103 	EXP 	textready: autoDraw = False
1187.8103 	EXP 	textblank1000: autoDraw = True
1188.3494 	EXP 	Sound sound_1 reached end of file
1188.8270 	EXP 	textblank1000: autoDraw = False
1188.8270 	EXP 	textblank1000: autoDraw = False
1188.8270 	EXP 	emopic: image = 'emo_pic\\pnegative_high_1120.jpg'
1188.8270 	EXP 	emopic: autoDraw = True
1188.8770 	EXP 	redstar: autoDraw = True
1189.8766 	EXP 	redstar: autoDraw = False
1195.8433 	EXP 	emopic: autoDraw = False
1195.8433 	EXP 	emopic: autoDraw = False
1195.8433 	EXP 	redstar: autoDraw = False
1195.8433 	EXP 	textreproductionstart: text = '時間估計作業\n\n請透過滑鼠將刺激呈現時間點在以下量尺中\n按下空白鍵進入下一題'
1195.8433 	EXP 	scale: markerPos = None
1195.8433 	EXP 	scale: markerPos = None
1195.8433 	EXP 	textreproductionstart: autoDraw = True
1195.8433 	EXP 	scale: autoDraw = True
1198.1090 	DATA 	Mouse: Left button down, pos=(743,324)
1198.1434 	EXP 	scale: markerPos = 4.988425925925926
1198.1767 	EXP 	scale: markerPos = 4.988425925925926
1198.2100 	EXP 	scale: markerPos = 4.988425925925926
1198.2267 	DATA 	Mouse:  Left button up, pos=(743,324)
1198.2434 	EXP 	scale: markerPos = 4.988425925925926
1198.2767 	EXP 	scale: markerPos = 4.988425925925926
1206.6345 	DATA 	KeyPress:  
1206.6435 	EXP 	textreproductionstart: autoDraw = False
1206.6435 	EXP 	scale: autoDraw = False
1206.6435 	EXP 	textrest: autoDraw = True
1231.6277 	EXP 	Sound sound_2 started
1231.6277 	EXP 	textready: autoDraw = True
1231.6443 	EXP 	textrest: autoDraw = False
1232.1670 	EXP 	Sound sound_2 reached end of file
1236.6115 	EXP 	New trial (rep=0, index=17): {'emo_pic': 'emo_pic\\positive_high_8492.jpg', 'duration': 1, 'starduration': 0.1384903, 'posx': 0, 'posy': -0.4}
1236.6278 	EXP 	Sound sound_1 started
1236.6277 	EXP 	textready: autoDraw = False
1236.6277 	EXP 	textrest: autoDraw = False
1236.6277 	EXP 	textready: autoDraw = False
1236.6277 	EXP 	textblank1000: autoDraw = True
1237.1675 	EXP 	Sound sound_1 reached end of file
1237.6611 	EXP 	textblank1000: autoDraw = False
1237.6611 	EXP 	textblank1000: autoDraw = False
1237.6611 	EXP 	emopic: image = 'emo_pic\\positive_high_8492.jpg'
1237.6611 	EXP 	emopic: autoDraw = True
1237.7778 	EXP 	redstar: autoDraw = True
1238.6607 	EXP 	emopic: autoDraw = False
1238.7940 	EXP 	redstar: autoDraw = False
1238.7940 	EXP 	emopic: autoDraw = False
1238.7940 	EXP 	redstar: autoDraw = False
1238.7940 	EXP 	textreproductionstart: text = '時間估計作業\n\n請透過滑鼠將刺激呈現時間點在以下量尺中\n按下空白鍵進入下一題'
1238.7940 	EXP 	scale: markerPos = None
1238.7940 	EXP 	scale: markerPos = None
1238.7940 	EXP 	textreproductionstart: autoDraw = True
1238.7940 	EXP 	scale: autoDraw = True
1254.3764 	DATA 	Mouse: Left button down, pos=(490,326)
1254.4109 	EXP 	scale: markerPos = 2.060185185185185
1254.4442 	EXP 	scale: markerPos = 2.060185185185185
1254.4611 	DATA 	Mouse:  Left button up, pos=(487,326)
1254.4776 	EXP 	scale: markerPos = 2.0370370370370368
1254.5109 	EXP 	scale: markerPos = 2.0370370370370368
1255.2682 	DATA 	KeyPress:  
1255.2776 	EXP 	textreproductionstart: autoDraw = False
1255.2776 	EXP 	scale: autoDraw = False
1255.2776 	EXP 	textrest: autoDraw = True
1280.2617 	EXP 	Sound sound_2 started
1280.2617 	EXP 	textready: autoDraw = True
1280.2784 	EXP 	textrest: autoDraw = False
1280.8008 	EXP 	Sound sound_2 reached end of file
1285.2455 	EXP 	New trial (rep=0, index=18): {'emo_pic': 'emo_pic\\pneutral_7950.jpg', 'duration': 7, 'starduration': 0.0561269, 'posx': 0.7, 'posy': 0}
1285.2618 	EXP 	Sound sound_1 started
1285.2618 	EXP 	textready: autoDraw = False
1285.2618 	EXP 	textrest: autoDraw = False
1285.2618 	EXP 	textready: autoDraw = False
1285.2618 	EXP 	textblank1000: autoDraw = True
1285.8008 	EXP 	Sound sound_1 reached end of file
1286.2785 	EXP 	textblank1000: autoDraw = False
1286.2785 	EXP 	textblank1000: autoDraw = False
1286.2785 	EXP 	emopic: image = 'emo_pic\\pneutral_7950.jpg'
1286.2785 	EXP 	emopic: autoDraw = True
1286.3285 	EXP 	redstar: autoDraw = True
1287.3281 	EXP 	redstar: autoDraw = False
1293.2948 	EXP 	emopic: autoDraw = False
1293.2948 	EXP 	emopic: autoDraw = False
1293.2948 	EXP 	redstar: autoDraw = False
1293.2948 	EXP 	textreproductionstart: text = '時間估計作業\n\n請透過滑鼠將刺激呈現時間點在以下量尺中\n按下空白鍵進入下一題'
1293.2948 	EXP 	scale: markerPos = None
1293.2948 	EXP 	scale: markerPos = None
1293.2948 	EXP 	textreproductionstart: autoDraw = True
1293.2948 	EXP 	scale: autoDraw = True
1296.0271 	DATA 	Mouse: Left button down, pos=(653,329)
1296.0616 	EXP 	scale: markerPos = 3.9467592592592595
1296.0949 	EXP 	scale: markerPos = 3.9467592592592595
1296.1282 	EXP 	scale: markerPos = 3.9467592592592595
1296.1290 	DATA 	Mouse:  Left button up, pos=(653,329)
1296.1616 	EXP 	scale: markerPos = 3.9467592592592595
1297.7155 	DATA 	KeyPress:  
1297.7450 	EXP 	textreproductionstart: autoDraw = False
1297.7450 	EXP 	scale: autoDraw = False
1297.7450 	EXP 	textrest: autoDraw = True
1322.7291 	EXP 	Sound sound_2 started
1322.7291 	EXP 	textready: autoDraw = True
1322.7458 	EXP 	textrest: autoDraw = False
1323.2684 	EXP 	Sound sound_2 reached end of file
1327.7129 	EXP 	New trial (rep=0, index=19): {'emo_pic': 'emo_pic\\pnegative_high_6230.jpg', 'duration': 1, 'starduration': 0.1384903, 'posx': 0, 'posy': -0.4}
1327.7292 	EXP 	Sound sound_1 started
1327.7291 	EXP 	textready: autoDraw = False
1327.7291 	EXP 	textrest: autoDraw = False
1327.7291 	EXP 	textready: autoDraw = False
1327.7291 	EXP 	textblank1000: autoDraw = True
1328.2685 	EXP 	Sound sound_1 reached end of file
1328.7459 	EXP 	textblank1000: autoDraw = False
1328.7459 	EXP 	textblank1000: autoDraw = False
1328.7459 	EXP 	emopic: image = 'emo_pic\\pnegative_high_6230.jpg'
1328.7459 	EXP 	emopic: autoDraw = True
1328.8792 	EXP 	redstar: autoDraw = True
1329.7457 	EXP 	emopic: autoDraw = False
1329.8957 	EXP 	redstar: autoDraw = False
1329.8957 	EXP 	emopic: autoDraw = False
1329.8957 	EXP 	redstar: autoDraw = False
1329.8957 	EXP 	textreproductionstart: text = '時間估計作業\n\n請透過滑鼠將刺激呈現時間點在以下量尺中\n按下空白鍵進入下一題'
1329.8957 	EXP 	scale: markerPos = None
1329.8957 	EXP 	scale: markerPos = None
1329.8957 	EXP 	textreproductionstart: autoDraw = True
1329.8957 	EXP 	scale: autoDraw = True
1332.3633 	DATA 	Mouse: Left button down, pos=(365,325)
1332.3957 	EXP 	scale: markerPos = 0.6134259259259262
1332.4291 	EXP 	scale: markerPos = 0.6134259259259262
1332.4624 	EXP 	scale: markerPos = 0.6134259259259262
1332.4958 	EXP 	scale: markerPos = 0.6134259259259262
1332.5123 	DATA 	Mouse:  Left button up, pos=(365,325)
1332.5291 	EXP 	scale: markerPos = 0.6134259259259262
1332.5624 	EXP 	scale: markerPos = 0.6134259259259262
1346.3033 	DATA 	KeyPress:  
1346.3127 	EXP 	textreproductionstart: autoDraw = False
1346.3127 	EXP 	scale: autoDraw = False
1346.3127 	EXP 	textrest: autoDraw = True
1371.2963 	EXP 	Sound sound_2 started
1371.2964 	EXP 	textready: autoDraw = True
1371.3130 	EXP 	textrest: autoDraw = False
1371.8374 	EXP 	Sound sound_2 reached end of file
1376.2966 	EXP 	textready: autoDraw = False
1376.2966 	EXP 	textrest: autoDraw = False
1376.2966 	EXP 	textready: autoDraw = False
1376.2966 	EXP 	textEndMessage: autoDraw = True
1405.7646 	DATA 	Keypress: escape
1406.3017 	EXP 	window1: mouseVisible = True
