9.2392 	WARNING 	User requested fullscreen with size [1536  864], but screen is actually [1920, 1080]. Using actual size
9.7769 	EXP 	Created window1 = Window(allowGUI=True, allowStencil=False, autoLog=True, backendConf=UNKNOWN, bitsMode=UNKNOWN, blendMode='avg', bpc=(8, 8, 8), color=array([0, 0, 0]), colorSpace='rgb', depthBits=8, fullscr=<method-wrapper '__getattribute__' of attributeSetter object at 0x000001EB9A75CC40>, gamma=None, gammaErrorPolicy='raise', lms=UNKNOWN, monitor=<psychopy.monitors.calibTools.Monitor object at 0x000001EB9AA3DE20>, multiSample=False, name='window1', numSamples=2, pos=(0, 0), screen=0, size=array([1920, 1080]), stencilBits=0, stereo=False, units='height', useFBO=True, useRetina=False, viewOri=0.0, viewPos=None, viewScale=None, waitBlanking=True, winType='pyglet')
9.7770 	EXP 	window1: mouseVisible = True
9.7770 	EXP 	window1: mouseVisible = False
9.7770 	EXP 	window1: Attempting to measure frame rate of screen (0) ...
9.7770 	EXP 	window1: recordFrameIntervals = False
9.9433 	EXP 	window1: recordFrameIntervals = True
10.1266 	EXP 	Screen (0) actual frame rate measured at 60.01Hz
10.1266 	EXP 	window1: recordFrameIntervals = False
11.8112 	EXP 	Created textreproductionstart = TextStim(__class__=<class 'psychopy.visual.text.TextStim'>, alignHoriz=method-wrapper(...), alignText='center', alignVert=method-wrapper(...), anchorHoriz='center', anchorVert='center', antialias=True, autoDraw=False, autoLog=True, bold=False, color=array([1, 1, 1]), colorSpace='rgb', contrast=1.0, depth=0.0, flipHoriz=False, flipVert=False, font='Open Sans', fontFiles=[], height=0.05, italic=False, languageStyle='LTR', name='textreproductionstart', opacity=1.0, ori=0.0, pos=array([0., 0.]), rgb=UNKNOWN, text='', units='height', win=Window(...), wrapWidth=1)
11.8150 	EXP 	window1: mouseVisible = True
11.9376 	EXP 	Created scale = Slider(__class__=<class 'psychopy.visual.slider.Slider'>, autoDraw=False, autoLog=True, borderColor=None, color=None, colorSpace='rgb', depth=-1, fillColor=None, flip=False, font='Open Sans', granularity=0.0, labelColor=None, labelHeight=0.04, labelWrapWidth=None, labels=list(...), lineColor=None, markerColor=None, name='scale', opacity=None, ori=0.0, pos=array([ 0. , -0.2]), readOnly=False, self=UNKNOWN, size=array([1.2 , 0.04]), startValue=None, style='rating', styleTweaks=['triangleMarker'], ticks=ndarray(...), units='height', win=Window(...))
11.9776 	EXP 	Created textWelcomeMessage = TextStim(__class__=<class 'psychopy.visual.text.TextStim'>, alignHoriz=method-wrapper(...), alignText='center', alignVert=method-wrapper(...), anchorHoriz='center', anchorVert='center', antialias=True, autoDraw=False, autoLog=True, bold=False, color=array([1, 1, 1]), colorSpace='rgb', contrast=1.0, depth=0.0, flipHoriz=False, flipVert=False, font='Open Sans', fontFiles=[], height=0.05, italic=False, languageStyle='LTR', name='textWelcomeMessage', opacity=1.0, ori=0.0, pos=array([0., 0.]), rgb=UNKNOWN, text='歡迎來到本次的實驗\n\n請按"空白鍵"開始實驗', units='height', win=Window(...), wrapWidth=1)
11.9798 	EXP 	Created textblank1000 = TextStim(__class__=<class 'psychopy.visual.text.TextStim'>, alignHoriz=method-wrapper(...), alignText='center', alignVert=method-wrapper(...), anchorHoriz='center', anchorVert='center', antialias=True, autoDraw=False, autoLog=True, bold=False, color=array([1, 1, 1]), colorSpace='rgb', contrast=1.0, depth=0.0, flipHoriz=False, flipVert=False, font='Open Sans', fontFiles=[], height=0.05, italic=False, languageStyle='LTR', name='textblank1000', opacity=1.0, ori=0.0, pos=array([0., 0.]), rgb=UNKNOWN, text='+', units='height', win=Window(...), wrapWidth=1)
12.0261 	EXP 	Sound sound_1 set volume 1.000
12.0312 	EXP 	Created image = ImageStim(__class__=<class 'psychopy.visual.image.ImageStim'>, anchor=('center', 'center'), autoLog=True, color=array([1, 1, 1]), colorSpace='rgb', contrast=1.0, depth=0.0, flipHoriz=False, flipVert=False, image='sin', interpolate=True, mask=None, maskParams=None, name='image', opacity=1.0, ori=0.0, pos=array([0., 0.]), size=array([0.95, 0.7 ]), texRes=128.0, units='height', win=Window(...))
12.0317 	EXP 	Created textreproductionstart = TextStim(__class__=<class 'psychopy.visual.text.TextStim'>, alignHoriz=method-wrapper(...), alignText='center', alignVert=method-wrapper(...), anchorHoriz='center', anchorVert='center', antialias=True, autoDraw=False, autoLog=True, bold=False, color=array([1, 1, 1]), colorSpace='rgb', contrast=1.0, depth=0.0, flipHoriz=False, flipVert=False, font='Open Sans', fontFiles=[], height=0.05, italic=False, languageStyle='LTR', name='textreproductionstart', opacity=1.0, ori=0.0, pos=array([0., 0.]), rgb=UNKNOWN, text='', units='height', win=Window(...), wrapWidth=1)
12.0335 	EXP 	window1: mouseVisible = True
12.1177 	EXP 	Created scale = Slider(__class__=<class 'psychopy.visual.slider.Slider'>, autoDraw=False, autoLog=True, borderColor=None, color=None, colorSpace='rgb', depth=-1, fillColor=None, flip=False, font='Open Sans', granularity=0.0, labelColor=None, labelHeight=0.04, labelWrapWidth=None, labels=list(...), lineColor=None, markerColor=None, name='scale', opacity=None, ori=0.0, pos=array([ 0. , -0.2]), readOnly=False, self=UNKNOWN, size=array([1.2 , 0.04]), startValue=None, style='rating', styleTweaks=['triangleMarker'], ticks=ndarray(...), units='height', win=Window(...))
12.1288 	EXP 	Created textrest = TextStim(__class__=<class 'psychopy.visual.text.TextStim'>, alignHoriz=method-wrapper(...), alignText='center', alignVert=method-wrapper(...), anchorHoriz='center', anchorVert='center', antialias=True, autoDraw=False, autoLog=True, bold=False, color=array([1, 1, 1]), colorSpace='rgb', contrast=1.0, depth=0.0, flipHoriz=False, flipVert=False, font='Open Sans', fontFiles=[], height=0.05, italic=False, languageStyle='LTR', name='textrest', opacity=1.0, ori=0.0, pos=array([0., 0.]), rgb=UNKNOWN, text='休息時間\n\n時間結束會自動進入下一題', units='height', win=Window(...), wrapWidth=1)
12.1321 	EXP 	Created textready = TextStim(__class__=<class 'psychopy.visual.text.TextStim'>, alignHoriz=method-wrapper(...), alignText='center', alignVert=method-wrapper(...), anchorHoriz='center', anchorVert='center', antialias=True, autoDraw=False, autoLog=True, bold=False, color=array([1, 1, 1]), colorSpace='rgb', contrast=1.0, depth=-1.0, flipHoriz=False, flipVert=False, font='Open Sans', fontFiles=[], height=0.05, italic=False, languageStyle='LTR', name='textready', opacity=1.0, ori=0.0, pos=array([0., 0.]), rgb=UNKNOWN, text='即將進入下一題', units='height', win=Window(...), wrapWidth=1)
12.1332 	EXP 	Sound sound_2 set volume 1.000
12.1420 	EXP 	Created start_2 = TextStim(__class__=<class 'psychopy.visual.text.TextStim'>, alignHoriz=method-wrapper(...), alignText='center', alignVert=method-wrapper(...), anchorHoriz='center', anchorVert='center', antialias=True, autoDraw=False, autoLog=True, bold=False, color=array([1, 1, 1]), colorSpace='rgb', contrast=1.0, depth=0.0, flipHoriz=False, flipVert=False, font='Open Sans', fontFiles=[], height=0.05, italic=False, languageStyle='LTR', name='start_2', opacity=1.0, ori=0.0, pos=array([0., 0.]), rgb=UNKNOWN, text='練習階段結束\n\n準備好請按"空白鍵"開始正式階段', units='height', win=Window(...), wrapWidth=1)
12.1435 	EXP 	Created textblank1000 = TextStim(__class__=<class 'psychopy.visual.text.TextStim'>, alignHoriz=method-wrapper(...), alignText='center', alignVert=method-wrapper(...), anchorHoriz='center', anchorVert='center', antialias=True, autoDraw=False, autoLog=True, bold=False, color=array([1, 1, 1]), colorSpace='rgb', contrast=1.0, depth=0.0, flipHoriz=False, flipVert=False, font='Open Sans', fontFiles=[], height=0.05, italic=False, languageStyle='LTR', name='textblank1000', opacity=1.0, ori=0.0, pos=array([0., 0.]), rgb=UNKNOWN, text='+', units='height', win=Window(...), wrapWidth=1)
12.1446 	EXP 	Sound sound_1 set volume 1.000
12.1482 	EXP 	Created emopic = ImageStim(__class__=<class 'psychopy.visual.image.ImageStim'>, anchor=('center', 'center'), autoLog=True, color=array([1, 1, 1]), colorSpace='rgb', contrast=1.0, depth=0.0, flipHoriz=False, flipVert=False, image='sin', interpolate=True, mask=None, maskParams=None, name='emopic', opacity=1.0, ori=0.0, pos=array([0., 0.]), size=array([1., 1.]), texRes=128.0, units='height', win=Window(...))
12.1771 	EXP 	Created redstar = ImageStim(__class__=<class 'psychopy.visual.image.ImageStim'>, anchor=('center', 'center'), autoLog=True, color=array([1, 1, 1]), colorSpace='rgb', contrast=1.0, depth=-1.0, flipHoriz=False, flipVert=False, image='redstar.png', interpolate=True, mask=None, maskParams=None, name='redstar', opacity=1.0, ori=0.0, pos=array([0., 0.]), size=array([0.2, 0.2]), texRes=128.0, units='height', win=Window(...))
12.1776 	EXP 	Created textreproductionstart = TextStim(__class__=<class 'psychopy.visual.text.TextStim'>, alignHoriz=method-wrapper(...), alignText='center', alignVert=method-wrapper(...), anchorHoriz='center', anchorVert='center', antialias=True, autoDraw=False, autoLog=True, bold=False, color=array([1, 1, 1]), colorSpace='rgb', contrast=1.0, depth=0.0, flipHoriz=False, flipVert=False, font='Open Sans', fontFiles=[], height=0.05, italic=False, languageStyle='LTR', name='textreproductionstart', opacity=1.0, ori=0.0, pos=array([0., 0.]), rgb=UNKNOWN, text='', units='height', win=Window(...), wrapWidth=1)
12.1793 	EXP 	window1: mouseVisible = True
12.2696 	EXP 	Created scale = Slider(__class__=<class 'psychopy.visual.slider.Slider'>, autoDraw=False, autoLog=True, borderColor=None, color=None, colorSpace='rgb', depth=-1, fillColor=None, flip=False, font='Open Sans', granularity=0.0, labelColor=None, labelHeight=0.04, labelWrapWidth=None, labels=list(...), lineColor=None, markerColor=None, name='scale', opacity=None, ori=0.0, pos=array([ 0. , -0.2]), readOnly=False, self=UNKNOWN, size=array([1.2 , 0.04]), startValue=None, style='rating', styleTweaks=['triangleMarker'], ticks=ndarray(...), units='height', win=Window(...))
12.2727 	EXP 	Created textrest = TextStim(__class__=<class 'psychopy.visual.text.TextStim'>, alignHoriz=method-wrapper(...), alignText='center', alignVert=method-wrapper(...), anchorHoriz='center', anchorVert='center', antialias=True, autoDraw=False, autoLog=True, bold=False, color=array([1, 1, 1]), colorSpace='rgb', contrast=1.0, depth=0.0, flipHoriz=False, flipVert=False, font='Open Sans', fontFiles=[], height=0.05, italic=False, languageStyle='LTR', name='textrest', opacity=1.0, ori=0.0, pos=array([0., 0.]), rgb=UNKNOWN, text='休息時間\n\n時間結束會自動進入下一題', units='height', win=Window(...), wrapWidth=1)
12.2745 	EXP 	Created textready = TextStim(__class__=<class 'psychopy.visual.text.TextStim'>, alignHoriz=method-wrapper(...), alignText='center', alignVert=method-wrapper(...), anchorHoriz='center', anchorVert='center', antialias=True, autoDraw=False, autoLog=True, bold=False, color=array([1, 1, 1]), colorSpace='rgb', contrast=1.0, depth=-1.0, flipHoriz=False, flipVert=False, font='Open Sans', fontFiles=[], height=0.05, italic=False, languageStyle='LTR', name='textready', opacity=1.0, ori=0.0, pos=array([0., 0.]), rgb=UNKNOWN, text='即將進入下一題', units='height', win=Window(...), wrapWidth=1)
12.2754 	EXP 	Sound sound_2 set volume 1.000
12.2827 	EXP 	Created textEndMessage = TextStim(__class__=<class 'psychopy.visual.text.TextStim'>, alignHoriz=method-wrapper(...), alignText='center', alignVert=method-wrapper(...), anchorHoriz='center', anchorVert='center', antialias=True, autoDraw=False, autoLog=True, bold=False, color=array([1, 1, 1]), colorSpace='rgb', contrast=1.0, depth=0.0, flipHoriz=False, flipVert=False, font='Open Sans', fontFiles=[], height=0.05, italic=False, languageStyle='LTR', name='textEndMessage', opacity=1.0, ori=0.0, pos=array([0., 0.]), rgb=UNKNOWN, text='本次實驗到此結束\n\n感謝您的參與', units='height', win=Window(...), wrapWidth=1)
12.3567 	EXP 	scale: autoLog = True
12.3567 	EXP 	scale: markerPos = None
12.3567 	EXP 	scale: styleTweaks = []
12.3567 	EXP 	scale: styleTweaks = []
12.3567 	EXP 	scale: styleTweaks = ['triangleMarker']
12.3567 	EXP 	scale: styleTweaks = ['triangleMarker']
12.3567 	EXP 	scale: contrast = 1.0
12.3567 	EXP 	scale: autoLog = True
12.3567 	EXP 	scale: autoLog = True
12.3567 	EXP 	scale: markerPos = None
12.3567 	EXP 	scale: styleTweaks = []
12.3567 	EXP 	scale: styleTweaks = []
12.3567 	EXP 	scale: styleTweaks = ['triangleMarker']
12.3567 	EXP 	scale: styleTweaks = ['triangleMarker']
12.3567 	EXP 	scale: contrast = 1.0
12.3567 	EXP 	scale: autoLog = True
12.3567 	EXP 	scale: autoLog = True
12.3567 	EXP 	scale: markerPos = None
12.3567 	EXP 	scale: styleTweaks = []
12.3567 	EXP 	scale: styleTweaks = []
12.3567 	EXP 	scale: styleTweaks = ['triangleMarker']
12.3567 	EXP 	scale: styleTweaks = ['triangleMarker']
12.3567 	EXP 	scale: contrast = 1.0
12.3567 	EXP 	scale: autoLog = True
12.3567 	EXP 	textreproductionstart: height = 0.05
12.3567 	EXP 	textreproductionstart: height = 0.05
12.3567 	EXP 	textreproductionstart: height = 0.05
12.3567 	EXP 	textreproductionstart: text = '時間估計作業\n\n請透過滑鼠將刺激呈現時間點在以下量尺中\n按下空白鍵進入下一題'
12.3567 	EXP 	scale: markerPos = None
12.3567 	EXP 	scale: markerPos = None
12.3567 	EXP 	textreproductionstart: autoDraw = True
12.3567 	EXP 	scale: autoDraw = True
29.9772 	EXP 	textreproductionstart: autoDraw = False
29.9772 	EXP 	scale: autoDraw = False
29.9772 	EXP 	textWelcomeMessage: autoDraw = True
29.9840 	DATA 	KeyPress:  
31.8318 	EXP 	Imported pink_con.xlsx as conditions, 3 conditions, 2 params
31.8321 	EXP 	Created sequence: random, trialTypes=3, nReps=1, seed=None
31.8324 	EXP 	New trial (rep=0, index=0): {'pink': 'pink.png', 'pra_duration': 2}
31.8439 	EXP 	Sound sound_1 started
31.8439 	EXP 	textWelcomeMessage: autoDraw = False
31.8439 	EXP 	textblank1000: autoDraw = True
31.8503 	DATA 	KeyPress:  
32.3850 	EXP 	Sound sound_1 reached end of file
32.9606 	EXP 	textblank1000: autoDraw = False
32.9606 	EXP 	textblank1000: autoDraw = False
32.9606 	EXP 	image: image = 'pink.png'
32.9606 	EXP 	image: autoDraw = True
34.9773 	EXP 	image: autoDraw = False
34.9773 	EXP 	image: autoDraw = False
34.9773 	EXP 	textreproductionstart: text = '時間估計作業\n\n請透過滑鼠將刺激呈現時間點在以下量尺中\n按下空白鍵進入下一題'
34.9773 	EXP 	scale: markerPos = None
34.9773 	EXP 	scale: markerPos = None
34.9773 	EXP 	textreproductionstart: autoDraw = True
34.9773 	EXP 	scale: autoDraw = True
37.8260 	DATA 	Mouse: Left button down, pos=(574,325)
37.8773 	EXP 	scale: markerPos = 3.0324074074074074
37.9107 	EXP 	scale: markerPos = 3.0324074074074074
37.9285 	DATA 	Mouse:  Left button up, pos=(574,325)
37.9607 	EXP 	scale: markerPos = 3.0324074074074074
49.4442 	EXP 	textreproductionstart: autoDraw = False
49.4442 	EXP 	scale: autoDraw = False
49.4442 	EXP 	textrest: autoDraw = True
49.4499 	DATA 	KeyPress:  
74.4279 	EXP 	Sound sound_2 started
74.4279 	EXP 	textready: autoDraw = True
74.4446 	EXP 	textrest: autoDraw = False
74.9671 	EXP 	Sound sound_2 reached end of file
79.4117 	EXP 	New trial (rep=0, index=1): {'pink': 'pink.png', 'pra_duration': 6}
79.4280 	EXP 	Sound sound_1 started
79.4280 	EXP 	textready: autoDraw = False
79.4280 	EXP 	textrest: autoDraw = False
79.4280 	EXP 	textready: autoDraw = False
79.4280 	EXP 	textblank1000: autoDraw = True
79.9672 	EXP 	Sound sound_1 reached end of file
80.4614 	EXP 	textblank1000: autoDraw = False
80.4614 	EXP 	textblank1000: autoDraw = False
80.4614 	EXP 	image: image = 'pink.png'
80.4614 	EXP 	image: autoDraw = True
86.4781 	EXP 	image: autoDraw = False
86.4781 	EXP 	image: autoDraw = False
86.4781 	EXP 	textreproductionstart: text = '時間估計作業\n\n請透過滑鼠將刺激呈現時間點在以下量尺中\n按下空白鍵進入下一題'
86.4781 	EXP 	scale: markerPos = None
86.4781 	EXP 	scale: markerPos = None
86.4781 	EXP 	textreproductionstart: autoDraw = True
86.4781 	EXP 	scale: autoDraw = True
89.5269 	DATA 	Mouse: Left button down, pos=(917,329)
89.5782 	EXP 	scale: markerPos = 7.002314814814815
89.6115 	EXP 	scale: markerPos = 7.002314814814815
89.6123 	DATA 	Mouse:  Left button up, pos=(917,329)
89.6449 	EXP 	scale: markerPos = 7.002314814814815
105.8194 	DATA 	KeyPress:  
105.8284 	EXP 	textreproductionstart: autoDraw = False
105.8284 	EXP 	scale: autoDraw = False
105.8284 	EXP 	textrest: autoDraw = True
130.8122 	EXP 	Sound sound_2 started
130.8122 	EXP 	textready: autoDraw = True
130.8289 	EXP 	textrest: autoDraw = False
131.3517 	EXP 	Sound sound_2 reached end of file
135.7961 	EXP 	New trial (rep=0, index=2): {'pink': 'pink.png', 'pra_duration': 4}
135.8123 	EXP 	Sound sound_1 started
135.8123 	EXP 	textready: autoDraw = False
135.8123 	EXP 	textrest: autoDraw = False
135.8123 	EXP 	textready: autoDraw = False
135.8123 	EXP 	textblank1000: autoDraw = True
136.3550 	EXP 	Sound sound_1 reached end of file
136.8456 	EXP 	textblank1000: autoDraw = False
136.8456 	EXP 	textblank1000: autoDraw = False
136.8456 	EXP 	image: image = 'pink.png'
136.8456 	EXP 	image: autoDraw = True
140.8624 	EXP 	image: autoDraw = False
140.8624 	EXP 	image: autoDraw = False
140.8624 	EXP 	textreproductionstart: text = '時間估計作業\n\n請透過滑鼠將刺激呈現時間點在以下量尺中\n按下空白鍵進入下一題'
140.8624 	EXP 	scale: markerPos = None
140.8624 	EXP 	scale: markerPos = None
140.8624 	EXP 	textreproductionstart: autoDraw = True
140.8624 	EXP 	scale: autoDraw = True
143.7300 	DATA 	Mouse: Left button down, pos=(658,324)
143.7624 	EXP 	scale: markerPos = 4.004629629629629
143.7957 	EXP 	scale: markerPos = 4.004629629629629
143.8122 	DATA 	Mouse:  Left button up, pos=(658,324)
143.8291 	EXP 	scale: markerPos = 4.004629629629629
143.8624 	EXP 	scale: markerPos = 4.004629629629629
154.7033 	DATA 	KeyPress:  
154.7125 	EXP 	textreproductionstart: autoDraw = False
154.7125 	EXP 	scale: autoDraw = False
154.7125 	EXP 	textrest: autoDraw = True
179.6963 	EXP 	Sound sound_2 started
179.6963 	EXP 	textready: autoDraw = True
179.7130 	EXP 	textrest: autoDraw = False
180.2351 	EXP 	Sound sound_2 reached end of file
184.6964 	EXP 	textready: autoDraw = False
184.6964 	EXP 	textrest: autoDraw = False
184.6964 	EXP 	textready: autoDraw = False
184.6964 	EXP 	start_2: autoDraw = True
219.0870 	EXP 	Imported pic_condition_2.xlsx as conditions, 20 conditions, 5 params
219.0875 	EXP 	Created sequence: random, trialTypes=20, nReps=1, seed=None
219.0877 	EXP 	New trial (rep=0, index=0): {'emo_pic': 'emo_pic\\pnegative_low_2100.jpg', 'duration': 7, 'starduration': 0.0561269, 'posx': 0.7, 'posy': 0}
219.0970 	EXP 	Sound sound_1 started
219.0969 	EXP 	start_2: autoDraw = False
219.0969 	EXP 	textblank1000: autoDraw = True
219.1032 	DATA 	KeyPress:  
219.6450 	EXP 	Sound sound_1 reached end of file
220.1306 	EXP 	textblank1000: autoDraw = False
220.1306 	EXP 	textblank1000: autoDraw = False
220.1306 	EXP 	emopic: image = 'emo_pic\\pnegative_low_2100.jpg'
220.1306 	EXP 	emopic: autoDraw = True
220.1469 	EXP 	redstar: autoDraw = True
221.1470 	EXP 	redstar: autoDraw = False
227.1469 	EXP 	emopic: autoDraw = False
227.1469 	EXP 	emopic: autoDraw = False
227.1469 	EXP 	redstar: autoDraw = False
227.1469 	EXP 	textreproductionstart: text = '時間估計作業\n\n請透過滑鼠將刺激呈現時間點在以下量尺中\n按下空白鍵進入下一題'
227.1469 	EXP 	scale: markerPos = None
227.1469 	EXP 	scale: markerPos = None
227.1469 	EXP 	textreproductionstart: autoDraw = True
227.1469 	EXP 	scale: autoDraw = True
239.0814 	DATA 	Mouse: Left button down, pos=(915,323)
239.1140 	EXP 	scale: markerPos = 6.979166666666667
239.1472 	EXP 	scale: markerPos = 6.979166666666667
239.1636 	DATA 	Mouse:  Left button up, pos=(915,323)
239.1806 	EXP 	scale: markerPos = 6.979166666666667
239.2139 	EXP 	scale: markerPos = 6.979166666666667
247.8974 	EXP 	textreproductionstart: autoDraw = False
247.8974 	EXP 	scale: autoDraw = False
247.8974 	EXP 	textrest: autoDraw = True
247.9051 	DATA 	KeyPress:  
272.8978 	EXP 	Sound sound_2 started
272.8978 	EXP 	textrest: autoDraw = False
272.8978 	EXP 	textready: autoDraw = True
273.4366 	EXP 	Sound sound_2 reached end of file
277.8817 	EXP 	New trial (rep=0, index=1): {'emo_pic': 'emo_pic\\pneutral_7233.jpg', 'duration': 5, 'starduration': 0.1152479, 'posx': -0.7, 'posy': 0}
277.8979 	EXP 	Sound sound_1 started
277.8979 	EXP 	textready: autoDraw = False
277.8979 	EXP 	textrest: autoDraw = False
277.8979 	EXP 	textready: autoDraw = False
277.8979 	EXP 	textblank1000: autoDraw = True
278.4369 	EXP 	Sound sound_1 reached end of file
278.9146 	EXP 	textblank1000: autoDraw = False
278.9146 	EXP 	textblank1000: autoDraw = False
278.9146 	EXP 	emopic: image = 'emo_pic\\pneutral_7233.jpg'
278.9146 	EXP 	emopic: autoDraw = True
278.9979 	EXP 	redstar: autoDraw = True
279.9975 	EXP 	redstar: autoDraw = False
283.9310 	EXP 	emopic: autoDraw = False
283.9310 	EXP 	emopic: autoDraw = False
283.9310 	EXP 	redstar: autoDraw = False
283.9310 	EXP 	textreproductionstart: text = '時間估計作業\n\n請透過滑鼠將刺激呈現時間點在以下量尺中\n按下空白鍵進入下一題'
283.9310 	EXP 	scale: markerPos = None
283.9310 	EXP 	scale: markerPos = None
283.9310 	EXP 	textreproductionstart: autoDraw = True
283.9310 	EXP 	scale: autoDraw = True
287.8657 	DATA 	Mouse: Left button down, pos=(746,325)
287.8980 	EXP 	scale: markerPos = 5.023148148148148
287.9314 	EXP 	scale: markerPos = 5.023148148148148
287.9647 	EXP 	scale: markerPos = 5.023148148148148
287.9814 	DATA 	Mouse:  Left button up, pos=(746,325)
287.9981 	EXP 	scale: markerPos = 5.023148148148148
288.0314 	EXP 	scale: markerPos = 5.023148148148148
298.4058 	DATA 	KeyPress:  
298.4149 	EXP 	textreproductionstart: autoDraw = False
298.4149 	EXP 	scale: autoDraw = False
298.4149 	EXP 	textrest: autoDraw = True
323.3986 	EXP 	Sound sound_2 started
323.3986 	EXP 	textready: autoDraw = True
323.4153 	EXP 	textrest: autoDraw = False
323.9376 	EXP 	Sound sound_2 reached end of file
328.3824 	EXP 	New trial (rep=0, index=2): {'emo_pic': 'emo_pic\\positive_high_8370.jpg', 'duration': 7, 'starduration': 0.0561269, 'posx': 0.7, 'posy': 0}
328.3987 	EXP 	Sound sound_1 started
328.3987 	EXP 	textready: autoDraw = False
328.3987 	EXP 	textrest: autoDraw = False
328.3987 	EXP 	textready: autoDraw = False
328.3987 	EXP 	textblank1000: autoDraw = True
328.9379 	EXP 	Sound sound_1 reached end of file
329.4154 	EXP 	textblank1000: autoDraw = False
329.4154 	EXP 	textblank1000: autoDraw = False
329.4154 	EXP 	emopic: image = 'emo_pic\\positive_high_8370.jpg'
329.4154 	EXP 	emopic: autoDraw = True
329.4654 	EXP 	redstar: autoDraw = True
330.4650 	EXP 	redstar: autoDraw = False
336.4319 	EXP 	emopic: autoDraw = False
336.4319 	EXP 	emopic: autoDraw = False
336.4319 	EXP 	redstar: autoDraw = False
336.4319 	EXP 	textreproductionstart: text = '時間估計作業\n\n請透過滑鼠將刺激呈現時間點在以下量尺中\n按下空白鍵進入下一題'
336.4319 	EXP 	scale: markerPos = None
336.4319 	EXP 	scale: markerPos = None
336.4319 	EXP 	textreproductionstart: autoDraw = True
336.4319 	EXP 	scale: autoDraw = True
342.7812 	DATA 	Mouse: Left button down, pos=(830,321)
342.8323 	EXP 	scale: markerPos = 5.99537037037037
342.8656 	EXP 	scale: markerPos = 5.99537037037037
342.8820 	DATA 	Mouse:  Left button up, pos=(830,321)
342.8990 	EXP 	scale: markerPos = 5.99537037037037
342.9323 	EXP 	scale: markerPos = 5.99537037037037
351.3491 	EXP 	textreproductionstart: autoDraw = False
351.3491 	EXP 	scale: autoDraw = False
351.3491 	EXP 	textrest: autoDraw = True
351.3550 	DATA 	KeyPress:  
376.3328 	EXP 	Sound sound_2 started
376.3328 	EXP 	textready: autoDraw = True
376.3495 	EXP 	textrest: autoDraw = False
376.8755 	EXP 	Sound sound_2 reached end of file
381.3166 	EXP 	New trial (rep=0, index=3): {'emo_pic': 'emo_pic\\positive_low_7325.jpg', 'duration': 3, 'starduration': 0.1552196, 'posx': 0, 'posy': 0.4}
381.3329 	EXP 	Sound sound_1 started
381.3329 	EXP 	textready: autoDraw = False
381.3329 	EXP 	textrest: autoDraw = False
381.3329 	EXP 	textready: autoDraw = False
381.3329 	EXP 	textblank1000: autoDraw = True
381.8755 	EXP 	Sound sound_1 reached end of file
382.3496 	EXP 	textblank1000: autoDraw = False
382.3496 	EXP 	textblank1000: autoDraw = False
382.3496 	EXP 	emopic: image = 'emo_pic\\positive_low_7325.jpg'
382.3496 	EXP 	emopic: autoDraw = True
382.4995 	EXP 	redstar: autoDraw = True
383.4991 	EXP 	redstar: autoDraw = False
385.3658 	EXP 	emopic: autoDraw = False
385.3658 	EXP 	emopic: autoDraw = False
385.3658 	EXP 	redstar: autoDraw = False
385.3658 	EXP 	textreproductionstart: text = '時間估計作業\n\n請透過滑鼠將刺激呈現時間點在以下量尺中\n按下空白鍵進入下一題'
385.3658 	EXP 	scale: markerPos = None
385.3658 	EXP 	scale: markerPos = None
385.3658 	EXP 	textreproductionstart: autoDraw = True
385.3658 	EXP 	scale: autoDraw = True
393.5153 	DATA 	Mouse: Left button down, pos=(536,323)
393.5664 	EXP 	scale: markerPos = 2.5925925925925926
393.5998 	EXP 	scale: markerPos = 2.5925925925925926
393.6160 	DATA 	Mouse:  Left button up, pos=(536,323)
393.6331 	EXP 	scale: markerPos = 2.5925925925925926
393.6664 	EXP 	scale: markerPos = 2.5925925925925926
396.4825 	DATA 	Mouse: Left button down, pos=(530,326)
396.5331 	EXP 	scale: markerPos = 2.5231481481481484
396.5665 	EXP 	scale: markerPos = 2.5231481481481484
396.5675 	DATA 	Mouse:  Left button up, pos=(530,326)
396.5998 	EXP 	scale: markerPos = 2.5231481481481484
442.9172 	EXP 	textreproductionstart: autoDraw = False
442.9172 	EXP 	scale: autoDraw = False
442.9172 	EXP 	textrest: autoDraw = True
442.9230 	DATA 	KeyPress:  
467.9009 	EXP 	Sound sound_2 started
467.9009 	EXP 	textready: autoDraw = True
467.9176 	EXP 	textrest: autoDraw = False
468.4403 	EXP 	Sound sound_2 reached end of file
472.8848 	EXP 	New trial (rep=0, index=4): {'emo_pic': 'emo_pic\\pnegative_high_1120.jpg', 'duration': 7, 'starduration': 0.0561269, 'posx': 0.7, 'posy': 0}
472.9010 	EXP 	Sound sound_1 started
472.9010 	EXP 	textready: autoDraw = False
472.9010 	EXP 	textrest: autoDraw = False
472.9010 	EXP 	textready: autoDraw = False
472.9010 	EXP 	textblank1000: autoDraw = True
473.4403 	EXP 	Sound sound_1 reached end of file
473.9177 	EXP 	textblank1000: autoDraw = False
473.9177 	EXP 	textblank1000: autoDraw = False
473.9177 	EXP 	emopic: image = 'emo_pic\\pnegative_high_1120.jpg'
473.9177 	EXP 	emopic: autoDraw = True
473.9677 	EXP 	redstar: autoDraw = True
474.9673 	EXP 	redstar: autoDraw = False
480.9341 	EXP 	emopic: autoDraw = False
480.9341 	EXP 	emopic: autoDraw = False
480.9341 	EXP 	redstar: autoDraw = False
480.9341 	EXP 	textreproductionstart: text = '時間估計作業\n\n請透過滑鼠將刺激呈現時間點在以下量尺中\n按下空白鍵進入下一題'
480.9341 	EXP 	scale: markerPos = None
480.9341 	EXP 	scale: markerPos = None
480.9341 	EXP 	textreproductionstart: autoDraw = True
480.9341 	EXP 	scale: autoDraw = True
489.7864 	DATA 	Mouse: Left button down, pos=(742,325)
489.8175 	EXP 	scale: markerPos = 4.976851851851851
489.8509 	EXP 	scale: markerPos = 4.976851851851851
489.8677 	DATA 	Mouse:  Left button up, pos=(742,325)
489.8842 	EXP 	scale: markerPos = 4.976851851851851
489.9175 	EXP 	scale: markerPos = 4.976851851851851
503.3083 	DATA 	KeyPress:  
503.3177 	EXP 	textreproductionstart: autoDraw = False
503.3177 	EXP 	scale: autoDraw = False
503.3177 	EXP 	textrest: autoDraw = True
528.3019 	EXP 	Sound sound_2 started
528.3019 	EXP 	textready: autoDraw = True
528.3186 	EXP 	textrest: autoDraw = False
528.8413 	EXP 	Sound sound_2 reached end of file
533.2858 	EXP 	New trial (rep=0, index=5): {'emo_pic': 'emo_pic\\pnegative_low_9331.jpg', 'duration': 1, 'starduration': 0.1384903, 'posx': 0, 'posy': -0.4}
533.3020 	EXP 	Sound sound_1 started
533.3020 	EXP 	textready: autoDraw = False
533.3020 	EXP 	textrest: autoDraw = False
533.3020 	EXP 	textready: autoDraw = False
533.3020 	EXP 	textblank1000: autoDraw = True
533.8451 	EXP 	Sound sound_1 reached end of file
534.3187 	EXP 	textblank1000: autoDraw = False
534.3187 	EXP 	textblank1000: autoDraw = False
534.3187 	EXP 	emopic: image = 'emo_pic\\pnegative_low_9331.jpg'
534.3187 	EXP 	emopic: autoDraw = True
534.4520 	EXP 	redstar: autoDraw = True
535.3185 	EXP 	emopic: autoDraw = False
535.4685 	EXP 	redstar: autoDraw = False
535.4685 	EXP 	emopic: autoDraw = False
535.4685 	EXP 	redstar: autoDraw = False
535.4685 	EXP 	textreproductionstart: text = '時間估計作業\n\n請透過滑鼠將刺激呈現時間點在以下量尺中\n按下空白鍵進入下一題'
535.4685 	EXP 	scale: markerPos = None
535.4685 	EXP 	scale: markerPos = None
535.4685 	EXP 	textreproductionstart: autoDraw = True
535.4685 	EXP 	scale: autoDraw = True
540.1029 	DATA 	Mouse: Left button down, pos=(399,326)
540.1353 	EXP 	scale: markerPos = 1.0069444444444446
540.1686 	EXP 	scale: markerPos = 1.0069444444444446
540.1850 	DATA 	Mouse:  Left button up, pos=(399,326)
540.2020 	EXP 	scale: markerPos = 1.0069444444444446
540.2353 	EXP 	scale: markerPos = 1.0069444444444446
553.7522 	EXP 	textreproductionstart: autoDraw = False
553.7522 	EXP 	scale: autoDraw = False
553.7522 	EXP 	textrest: autoDraw = True
553.7580 	DATA 	KeyPress:  
578.7361 	EXP 	Sound sound_2 started
578.7360 	EXP 	textready: autoDraw = True
578.7528 	EXP 	textrest: autoDraw = False
579.2756 	EXP 	Sound sound_2 reached end of file
583.7199 	EXP 	New trial (rep=0, index=6): {'emo_pic': 'emo_pic\\pnegative_high_1201.jpg', 'duration': 5, 'starduration': 0.1152479, 'posx': -0.7, 'posy': 0}
583.7361 	EXP 	Sound sound_1 started
583.7361 	EXP 	textready: autoDraw = False
583.7361 	EXP 	textrest: autoDraw = False
583.7361 	EXP 	textready: autoDraw = False
583.7361 	EXP 	textblank1000: autoDraw = True
584.2755 	EXP 	Sound sound_1 reached end of file
584.7528 	EXP 	textblank1000: autoDraw = False
584.7528 	EXP 	textblank1000: autoDraw = False
584.7528 	EXP 	emopic: image = 'emo_pic\\pnegative_high_1201.jpg'
584.7528 	EXP 	emopic: autoDraw = True
584.8528 	EXP 	redstar: autoDraw = True
585.8524 	EXP 	redstar: autoDraw = False
589.7691 	EXP 	emopic: autoDraw = False
589.7691 	EXP 	emopic: autoDraw = False
589.7691 	EXP 	redstar: autoDraw = False
589.7691 	EXP 	textreproductionstart: text = '時間估計作業\n\n請透過滑鼠將刺激呈現時間點在以下量尺中\n按下空白鍵進入下一題'
589.7691 	EXP 	scale: markerPos = None
589.7691 	EXP 	scale: markerPos = None
589.7691 	EXP 	textreproductionstart: autoDraw = True
589.7691 	EXP 	scale: autoDraw = True
602.6180 	DATA 	Mouse: Left button down, pos=(744,324)
602.6526 	EXP 	scale: markerPos = 5.000000000000001
602.6860 	EXP 	scale: markerPos = 5.000000000000001
602.7193 	EXP 	scale: markerPos = 5.000000000000001
602.7201 	DATA 	Mouse:  Left button up, pos=(744,324)
602.7526 	EXP 	scale: markerPos = 5.000000000000001
616.3766 	DATA 	KeyPress:  
616.3864 	EXP 	textreproductionstart: autoDraw = False
616.3864 	EXP 	scale: autoDraw = False
616.3864 	EXP 	textrest: autoDraw = True
641.3704 	EXP 	Sound sound_2 started
641.3704 	EXP 	textready: autoDraw = True
641.3870 	EXP 	textrest: autoDraw = False
641.9097 	EXP 	Sound sound_2 reached end of file
646.3542 	EXP 	New trial (rep=0, index=7): {'emo_pic': 'emo_pic\\pnegative_high_1300.jpg', 'duration': 3, 'starduration': 0.1552196, 'posx': 0, 'posy': 0.4}
646.3705 	EXP 	Sound sound_1 started
646.3705 	EXP 	textready: autoDraw = False
646.3705 	EXP 	textrest: autoDraw = False
646.3705 	EXP 	textready: autoDraw = False
646.3705 	EXP 	textblank1000: autoDraw = True
646.9098 	EXP 	Sound sound_1 reached end of file
647.3871 	EXP 	textblank1000: autoDraw = False
647.3871 	EXP 	textblank1000: autoDraw = False
647.3871 	EXP 	emopic: image = 'emo_pic\\pnegative_high_1300.jpg'
647.3871 	EXP 	emopic: autoDraw = True
647.5371 	EXP 	redstar: autoDraw = True
648.5367 	EXP 	redstar: autoDraw = False
650.4034 	EXP 	emopic: autoDraw = False
650.4034 	EXP 	emopic: autoDraw = False
650.4034 	EXP 	redstar: autoDraw = False
650.4034 	EXP 	textreproductionstart: text = '時間估計作業\n\n請透過滑鼠將刺激呈現時間點在以下量尺中\n按下空白鍵進入下一題'
650.4034 	EXP 	scale: markerPos = None
650.4034 	EXP 	scale: markerPos = None
650.4034 	EXP 	textreproductionstart: autoDraw = True
650.4034 	EXP 	scale: autoDraw = True
653.9045 	DATA 	Mouse: Left button down, pos=(569,324)
653.9368 	EXP 	scale: markerPos = 2.9745370370370368
653.9702 	EXP 	scale: markerPos = 2.9745370370370368
654.0034 	EXP 	scale: markerPos = 2.9745370370370368
654.0044 	DATA 	Mouse:  Left button up, pos=(569,324)
654.0368 	EXP 	scale: markerPos = 2.9745370370370368
661.4951 	DATA 	KeyPress:  
661.5036 	EXP 	textreproductionstart: autoDraw = False
661.5036 	EXP 	scale: autoDraw = False
661.5036 	EXP 	textrest: autoDraw = True
686.4877 	EXP 	Sound sound_2 started
686.4877 	EXP 	textready: autoDraw = True
686.5044 	EXP 	textrest: autoDraw = False
687.0267 	EXP 	Sound sound_2 reached end of file
691.4716 	EXP 	New trial (rep=0, index=8): {'emo_pic': 'emo_pic\\pnegative_high_6230.jpg', 'duration': 1, 'starduration': 0.1384903, 'posx': 0, 'posy': -0.4}
691.4878 	EXP 	Sound sound_1 started
691.4878 	EXP 	textready: autoDraw = False
691.4878 	EXP 	textrest: autoDraw = False
691.4878 	EXP 	textready: autoDraw = False
691.4878 	EXP 	textblank1000: autoDraw = True
692.0267 	EXP 	Sound sound_1 reached end of file
692.5045 	EXP 	textblank1000: autoDraw = False
692.5045 	EXP 	textblank1000: autoDraw = False
692.5045 	EXP 	emopic: image = 'emo_pic\\pnegative_high_6230.jpg'
692.5045 	EXP 	emopic: autoDraw = True
692.6379 	EXP 	redstar: autoDraw = True
693.5044 	EXP 	emopic: autoDraw = False
693.6544 	EXP 	redstar: autoDraw = False
693.6544 	EXP 	emopic: autoDraw = False
693.6544 	EXP 	redstar: autoDraw = False
693.6544 	EXP 	textreproductionstart: text = '時間估計作業\n\n請透過滑鼠將刺激呈現時間點在以下量尺中\n按下空白鍵進入下一題'
693.6544 	EXP 	scale: markerPos = None
693.6544 	EXP 	scale: markerPos = None
693.6544 	EXP 	textreproductionstart: autoDraw = True
693.6544 	EXP 	scale: autoDraw = True
698.0698 	DATA 	Mouse: Left button down, pos=(398,323)
698.1211 	EXP 	scale: markerPos = 0.9953703703703707
698.1544 	EXP 	scale: markerPos = 0.9953703703703707
698.1708 	DATA 	Mouse:  Left button up, pos=(398,323)
698.1878 	EXP 	scale: markerPos = 0.9953703703703707
698.2211 	EXP 	scale: markerPos = 0.9953703703703707
704.8295 	DATA 	KeyPress:  
704.8379 	EXP 	textreproductionstart: autoDraw = False
704.8379 	EXP 	scale: autoDraw = False
704.8379 	EXP 	textrest: autoDraw = True
729.8216 	EXP 	Sound sound_2 started
729.8216 	EXP 	textready: autoDraw = True
729.8383 	EXP 	textrest: autoDraw = False
730.3608 	EXP 	Sound sound_2 reached end of file
734.8056 	EXP 	New trial (rep=0, index=9): {'emo_pic': 'emo_pic\\pnegative_low_6010.jpg', 'duration': 3, 'starduration': 0.1552196, 'posx': 0, 'posy': 0.4}
734.8219 	EXP 	Sound sound_1 started
734.8218 	EXP 	textready: autoDraw = False
734.8218 	EXP 	textrest: autoDraw = False
734.8218 	EXP 	textready: autoDraw = False
734.8218 	EXP 	textblank1000: autoDraw = True
735.3652 	EXP 	Sound sound_1 reached end of file
735.8385 	EXP 	textblank1000: autoDraw = False
735.8385 	EXP 	textblank1000: autoDraw = False
735.8385 	EXP 	emopic: image = 'emo_pic\\pnegative_low_6010.jpg'
735.8385 	EXP 	emopic: autoDraw = True
735.9885 	EXP 	redstar: autoDraw = True
736.9881 	EXP 	redstar: autoDraw = False
738.8548 	EXP 	emopic: autoDraw = False
738.8548 	EXP 	emopic: autoDraw = False
738.8548 	EXP 	redstar: autoDraw = False
738.8548 	EXP 	textreproductionstart: text = '時間估計作業\n\n請透過滑鼠將刺激呈現時間點在以下量尺中\n按下空白鍵進入下一題'
738.8548 	EXP 	scale: markerPos = None
738.8548 	EXP 	scale: markerPos = None
738.8548 	EXP 	textreproductionstart: autoDraw = True
738.8548 	EXP 	scale: autoDraw = True
741.8202 	DATA 	Mouse: Left button down, pos=(485,323)
741.8548 	EXP 	scale: markerPos = 2.0023148148148144
741.8882 	EXP 	scale: markerPos = 2.0023148148148144
741.9045 	DATA 	Mouse:  Left button up, pos=(485,323)
741.9215 	EXP 	scale: markerPos = 2.0023148148148144
741.9548 	EXP 	scale: markerPos = 2.0023148148148144
747.5790 	DATA 	KeyPress:  
747.5883 	EXP 	textreproductionstart: autoDraw = False
747.5883 	EXP 	scale: autoDraw = False
747.5883 	EXP 	textrest: autoDraw = True
772.5720 	EXP 	Sound sound_2 started
772.5720 	EXP 	textready: autoDraw = True
772.5887 	EXP 	textrest: autoDraw = False
773.1113 	EXP 	Sound sound_2 reached end of file
777.5558 	EXP 	New trial (rep=0, index=10): {'emo_pic': 'emo_pic\\pneutral_5500.jpg', 'duration': 1, 'starduration': 0.1384903, 'posx': 0, 'posy': -0.4}
777.5721 	EXP 	Sound sound_1 started
777.5721 	EXP 	textready: autoDraw = False
777.5721 	EXP 	textrest: autoDraw = False
777.5721 	EXP 	textready: autoDraw = False
777.5721 	EXP 	textblank1000: autoDraw = True
778.1154 	EXP 	Sound sound_1 reached end of file
778.5721 	EXP 	textblank1000: autoDraw = False
778.5721 	EXP 	textblank1000: autoDraw = False
778.5721 	EXP 	emopic: image = 'emo_pic\\pneutral_5500.jpg'
778.5721 	EXP 	emopic: autoDraw = True
778.7221 	EXP 	redstar: autoDraw = True
779.5722 	EXP 	emopic: autoDraw = False
779.7389 	EXP 	redstar: autoDraw = False
779.7389 	EXP 	emopic: autoDraw = False
779.7389 	EXP 	redstar: autoDraw = False
779.7389 	EXP 	textreproductionstart: text = '時間估計作業\n\n請透過滑鼠將刺激呈現時間點在以下量尺中\n按下空白鍵進入下一題'
779.7389 	EXP 	scale: markerPos = None
779.7389 	EXP 	scale: markerPos = None
779.7389 	EXP 	textreproductionstart: autoDraw = True
779.7389 	EXP 	scale: autoDraw = True
784.0550 	DATA 	Mouse: Left button down, pos=(397,326)
784.1058 	EXP 	scale: markerPos = 0.9837962962962965
784.1391 	EXP 	scale: markerPos = 0.9837962962962965
784.1724 	EXP 	scale: markerPos = 0.9837962962962965
784.1733 	DATA 	Mouse:  Left button up, pos=(397,326)
784.2058 	EXP 	scale: markerPos = 0.9837962962962965
802.6304 	DATA 	KeyPress:  
802.6396 	EXP 	textreproductionstart: autoDraw = False
802.6396 	EXP 	scale: autoDraw = False
802.6396 	EXP 	textrest: autoDraw = True
827.6233 	EXP 	Sound sound_2 started
827.6233 	EXP 	textready: autoDraw = True
827.6400 	EXP 	textrest: autoDraw = False
828.1653 	EXP 	Sound sound_2 reached end of file
832.6071 	EXP 	New trial (rep=0, index=11): {'emo_pic': 'emo_pic\\positive_low_2156.jpg', 'duration': 7, 'starduration': 0.0561269, 'posx': 0.7, 'posy': 0}
832.6234 	EXP 	Sound sound_1 started
832.6234 	EXP 	textready: autoDraw = False
832.6234 	EXP 	textrest: autoDraw = False
832.6234 	EXP 	textready: autoDraw = False
832.6234 	EXP 	textblank1000: autoDraw = True
833.1655 	EXP 	Sound sound_1 reached end of file
833.6401 	EXP 	textblank1000: autoDraw = False
833.6401 	EXP 	textblank1000: autoDraw = False
833.6401 	EXP 	emopic: image = 'emo_pic\\positive_low_2156.jpg'
833.6401 	EXP 	emopic: autoDraw = True
833.6905 	EXP 	redstar: autoDraw = True
834.6896 	EXP 	redstar: autoDraw = False
840.6564 	EXP 	emopic: autoDraw = False
840.6564 	EXP 	emopic: autoDraw = False
840.6564 	EXP 	redstar: autoDraw = False
840.6564 	EXP 	textreproductionstart: text = '時間估計作業\n\n請透過滑鼠將刺激呈現時間點在以下量尺中\n按下空白鍵進入下一題'
840.6564 	EXP 	scale: markerPos = None
840.6564 	EXP 	scale: markerPos = None
840.6564 	EXP 	textreproductionstart: autoDraw = True
840.6564 	EXP 	scale: autoDraw = True
843.7395 	DATA 	Mouse: Left button down, pos=(829,325)
843.7898 	EXP 	scale: markerPos = 5.983796296296296
843.8231 	EXP 	scale: markerPos = 5.983796296296296
843.8240 	DATA 	Mouse:  Left button up, pos=(829,325)
843.8565 	EXP 	scale: markerPos = 5.983796296296296
851.9314 	DATA 	KeyPress:  
851.9399 	EXP 	textreproductionstart: autoDraw = False
851.9399 	EXP 	scale: autoDraw = False
851.9399 	EXP 	textrest: autoDraw = True
876.9236 	EXP 	Sound sound_2 started
876.9236 	EXP 	textready: autoDraw = True
876.9403 	EXP 	textrest: autoDraw = False
877.4653 	EXP 	Sound sound_2 reached end of file
881.9075 	EXP 	New trial (rep=0, index=12): {'emo_pic': 'emo_pic\\positive_low_7340.jpg', 'duration': 1, 'starduration': 0.1384903, 'posx': 0, 'posy': -0.4}
881.9237 	EXP 	Sound sound_1 started
881.9237 	EXP 	textready: autoDraw = False
881.9237 	EXP 	textrest: autoDraw = False
881.9237 	EXP 	textready: autoDraw = False
881.9237 	EXP 	textblank1000: autoDraw = True
882.4658 	EXP 	Sound sound_1 reached end of file
882.9237 	EXP 	textblank1000: autoDraw = False
882.9237 	EXP 	textblank1000: autoDraw = False
882.9237 	EXP 	emopic: image = 'emo_pic\\positive_low_7340.jpg'
882.9237 	EXP 	emopic: autoDraw = True
883.0737 	EXP 	redstar: autoDraw = True
883.9238 	EXP 	emopic: autoDraw = False
884.0904 	EXP 	redstar: autoDraw = False
884.0904 	EXP 	emopic: autoDraw = False
884.0904 	EXP 	redstar: autoDraw = False
884.0904 	EXP 	textreproductionstart: text = '時間估計作業\n\n請透過滑鼠將刺激呈現時間點在以下量尺中\n按下空白鍵進入下一題'
884.0904 	EXP 	scale: markerPos = None
884.0904 	EXP 	scale: markerPos = None
884.0904 	EXP 	textreproductionstart: autoDraw = True
884.0904 	EXP 	scale: autoDraw = True
897.0919 	DATA 	Mouse: Left button down, pos=(376,323)
897.1244 	EXP 	scale: markerPos = 0.7407407407407407
897.1577 	EXP 	scale: markerPos = 0.7407407407407407
897.1740 	DATA 	Mouse:  Left button up, pos=(376,323)
897.1911 	EXP 	scale: markerPos = 0.7407407407407407
897.2244 	EXP 	scale: markerPos = 0.7407407407407407
907.6745 	EXP 	textreproductionstart: autoDraw = False
907.6745 	EXP 	scale: autoDraw = False
907.6745 	EXP 	textrest: autoDraw = True
907.6803 	DATA 	KeyPress:  
932.6583 	EXP 	Sound sound_2 started
932.6583 	EXP 	textready: autoDraw = True
932.6750 	EXP 	textrest: autoDraw = False
933.1977 	EXP 	Sound sound_2 reached end of file
937.6421 	EXP 	New trial (rep=0, index=13): {'emo_pic': 'emo_pic\\pnegative_low_2520.jpg', 'duration': 5, 'starduration': 0.1152479, 'posx': -0.7, 'posy': 0}
937.6583 	EXP 	Sound sound_1 started
937.6583 	EXP 	textready: autoDraw = False
937.6583 	EXP 	textrest: autoDraw = False
937.6583 	EXP 	textready: autoDraw = False
937.6583 	EXP 	textblank1000: autoDraw = True
938.1977 	EXP 	Sound sound_1 reached end of file
938.6751 	EXP 	textblank1000: autoDraw = False
938.6751 	EXP 	textblank1000: autoDraw = False
938.6751 	EXP 	emopic: image = 'emo_pic\\pnegative_low_2520.jpg'
938.6751 	EXP 	emopic: autoDraw = True
938.7750 	EXP 	redstar: autoDraw = True
939.7746 	EXP 	redstar: autoDraw = False
943.6915 	EXP 	emopic: autoDraw = False
943.6915 	EXP 	emopic: autoDraw = False
943.6915 	EXP 	redstar: autoDraw = False
943.6915 	EXP 	textreproductionstart: text = '時間估計作業\n\n請透過滑鼠將刺激呈現時間點在以下量尺中\n按下空白鍵進入下一題'
943.6915 	EXP 	scale: markerPos = None
943.6915 	EXP 	scale: markerPos = None
943.6915 	EXP 	textreproductionstart: autoDraw = True
943.6915 	EXP 	scale: autoDraw = True
958.7075 	DATA 	Mouse: Left button down, pos=(571,324)
958.7587 	EXP 	scale: markerPos = 2.997685185185185
958.7921 	EXP 	scale: markerPos = 2.997685185185185
958.8254 	EXP 	scale: markerPos = 2.997685185185185
958.8587 	EXP 	scale: markerPos = 2.997685185185185
958.8921 	EXP 	scale: markerPos = 2.997685185185185
958.9254 	EXP 	scale: markerPos = 2.997685185185185
958.9587 	EXP 	scale: markerPos = 2.997685185185185
958.9596 	DATA 	Mouse:  Left button up, pos=(571,324)
958.9921 	EXP 	scale: markerPos = 2.997685185185185
971.4668 	DATA 	KeyPress:  
971.4756 	EXP 	textreproductionstart: autoDraw = False
971.4756 	EXP 	scale: autoDraw = False
971.4756 	EXP 	textrest: autoDraw = True
996.4593 	EXP 	Sound sound_2 started
996.4593 	EXP 	textready: autoDraw = True
996.4760 	EXP 	textrest: autoDraw = False
996.9990 	EXP 	Sound sound_2 reached end of file
1001.4431 	EXP 	New trial (rep=0, index=14): {'emo_pic': 'emo_pic\\pneutral_7950.jpg', 'duration': 7, 'starduration': 0.0561269, 'posx': 0.7, 'posy': 0}
1001.4594 	EXP 	Sound sound_1 started
1001.4594 	EXP 	textready: autoDraw = False
1001.4594 	EXP 	textrest: autoDraw = False
1001.4594 	EXP 	textready: autoDraw = False
1001.4594 	EXP 	textblank1000: autoDraw = True
1001.9982 	EXP 	Sound sound_1 reached end of file
1002.4761 	EXP 	textblank1000: autoDraw = False
1002.4761 	EXP 	textblank1000: autoDraw = False
1002.4761 	EXP 	emopic: image = 'emo_pic\\pneutral_7950.jpg'
1002.4761 	EXP 	emopic: autoDraw = True
1002.5261 	EXP 	redstar: autoDraw = True
1003.5256 	EXP 	redstar: autoDraw = False
1009.4924 	EXP 	emopic: autoDraw = False
1009.4924 	EXP 	emopic: autoDraw = False
1009.4924 	EXP 	redstar: autoDraw = False
1009.4924 	EXP 	textreproductionstart: text = '時間估計作業\n\n請透過滑鼠將刺激呈現時間點在以下量尺中\n按下空白鍵進入下一題'
1009.4924 	EXP 	scale: markerPos = None
1009.4924 	EXP 	scale: markerPos = None
1009.4924 	EXP 	textreproductionstart: autoDraw = True
1009.4924 	EXP 	scale: autoDraw = True
1013.1246 	DATA 	Mouse: Left button down, pos=(746,325)
1013.1591 	EXP 	scale: markerPos = 5.023148148148148
1013.1925 	EXP 	scale: markerPos = 5.023148148148148
1013.2258 	EXP 	scale: markerPos = 5.023148148148148
1013.2266 	DATA 	Mouse:  Left button up, pos=(746,325)
1013.2591 	EXP 	scale: markerPos = 5.023148148148148
1030.9169 	DATA 	KeyPress:  
1030.9260 	EXP 	textreproductionstart: autoDraw = False
1030.9260 	EXP 	scale: autoDraw = False
1030.9260 	EXP 	textrest: autoDraw = True
1055.9099 	EXP 	Sound sound_2 started
1055.9099 	EXP 	textready: autoDraw = True
1055.9266 	EXP 	textrest: autoDraw = False
1056.4492 	EXP 	Sound sound_2 reached end of file
1060.8940 	EXP 	New trial (rep=0, index=15): {'emo_pic': 'emo_pic\\pneutral_7100.jpg', 'duration': 3, 'starduration': 0.1552196, 'posx': 0, 'posy': 0.4}
1060.9103 	EXP 	Sound sound_1 started
1060.9103 	EXP 	textready: autoDraw = False
1060.9103 	EXP 	textrest: autoDraw = False
1060.9103 	EXP 	textready: autoDraw = False
1060.9103 	EXP 	textblank1000: autoDraw = True
1061.4491 	EXP 	Sound sound_1 reached end of file
1061.9270 	EXP 	textblank1000: autoDraw = False
1061.9270 	EXP 	textblank1000: autoDraw = False
1061.9270 	EXP 	emopic: image = 'emo_pic\\pneutral_7100.jpg'
1061.9270 	EXP 	emopic: autoDraw = True
1062.0770 	EXP 	redstar: autoDraw = True
1063.0765 	EXP 	redstar: autoDraw = False
1064.9433 	EXP 	emopic: autoDraw = False
1064.9433 	EXP 	emopic: autoDraw = False
1064.9433 	EXP 	redstar: autoDraw = False
1064.9433 	EXP 	textreproductionstart: text = '時間估計作業\n\n請透過滑鼠將刺激呈現時間點在以下量尺中\n按下空白鍵進入下一題'
1064.9433 	EXP 	scale: markerPos = None
1064.9433 	EXP 	scale: markerPos = None
1064.9433 	EXP 	textreproductionstart: autoDraw = True
1064.9433 	EXP 	scale: autoDraw = True
1069.3086 	DATA 	Mouse: Left button down, pos=(486,326)
1069.3433 	EXP 	scale: markerPos = 2.013888888888889
1069.3767 	EXP 	scale: markerPos = 2.013888888888889
1069.3931 	DATA 	Mouse:  Left button up, pos=(486,326)
1069.4100 	EXP 	scale: markerPos = 2.013888888888889
1069.4433 	EXP 	scale: markerPos = 2.013888888888889
1072.1350 	DATA 	KeyPress:  
1072.1434 	EXP 	textreproductionstart: autoDraw = False
1072.1434 	EXP 	scale: autoDraw = False
1072.1434 	EXP 	textrest: autoDraw = True
1097.1271 	EXP 	Sound sound_2 started
1097.1271 	EXP 	textready: autoDraw = True
1097.1438 	EXP 	textrest: autoDraw = False
1097.6662 	EXP 	Sound sound_2 reached end of file
1102.1109 	EXP 	New trial (rep=0, index=16): {'emo_pic': 'emo_pic\\positive_high_8300.jpg', 'duration': 3, 'starduration': 0.1552196, 'posx': 0, 'posy': 0.4}
1102.1272 	EXP 	Sound sound_1 started
1102.1272 	EXP 	textready: autoDraw = False
1102.1272 	EXP 	textrest: autoDraw = False
1102.1272 	EXP 	textready: autoDraw = False
1102.1272 	EXP 	textblank1000: autoDraw = True
1102.6661 	EXP 	Sound sound_1 reached end of file
1103.1272 	EXP 	textblank1000: autoDraw = False
1103.1272 	EXP 	textblank1000: autoDraw = False
1103.1272 	EXP 	emopic: image = 'emo_pic\\positive_high_8300.jpg'
1103.1272 	EXP 	emopic: autoDraw = True
1103.2939 	EXP 	redstar: autoDraw = True
1104.2939 	EXP 	redstar: autoDraw = False
1106.1439 	EXP 	emopic: autoDraw = False
1106.1439 	EXP 	emopic: autoDraw = False
1106.1439 	EXP 	redstar: autoDraw = False
1106.1439 	EXP 	textreproductionstart: text = '時間估計作業\n\n請透過滑鼠將刺激呈現時間點在以下量尺中\n按下空白鍵進入下一題'
1106.1439 	EXP 	scale: markerPos = None
1106.1439 	EXP 	scale: markerPos = None
1106.1439 	EXP 	textreproductionstart: autoDraw = True
1106.1439 	EXP 	scale: autoDraw = True
1110.0929 	DATA 	Mouse: Left button down, pos=(486,324)
1110.1441 	EXP 	scale: markerPos = 2.013888888888889
1110.1774 	EXP 	scale: markerPos = 2.013888888888889
1110.1783 	DATA 	Mouse:  Left button up, pos=(486,324)
1110.2108 	EXP 	scale: markerPos = 2.013888888888889
1127.5614 	EXP 	textreproductionstart: autoDraw = False
1127.5614 	EXP 	scale: autoDraw = False
1127.5614 	EXP 	textrest: autoDraw = True
1127.5670 	DATA 	KeyPress:  
1152.5451 	EXP 	Sound sound_2 started
1152.5451 	EXP 	textready: autoDraw = True
1152.5618 	EXP 	textrest: autoDraw = False
1153.0858 	EXP 	Sound sound_2 reached end of file
1157.5289 	EXP 	New trial (rep=0, index=17): {'emo_pic': 'emo_pic\\positive_high_5621.jpg', 'duration': 5, 'starduration': 0.1152479, 'posx': -0.7, 'posy': 0}
1157.5452 	EXP 	Sound sound_1 started
1157.5452 	EXP 	textready: autoDraw = False
1157.5452 	EXP 	textrest: autoDraw = False
1157.5452 	EXP 	textready: autoDraw = False
1157.5452 	EXP 	textblank1000: autoDraw = True
1158.0860 	EXP 	Sound sound_1 reached end of file
1158.5618 	EXP 	textblank1000: autoDraw = False
1158.5618 	EXP 	textblank1000: autoDraw = False
1158.5618 	EXP 	emopic: image = 'emo_pic\\positive_high_5621.jpg'
1158.5618 	EXP 	emopic: autoDraw = True
1158.6618 	EXP 	redstar: autoDraw = True
1159.6614 	EXP 	redstar: autoDraw = False
1163.5783 	EXP 	emopic: autoDraw = False
1163.5783 	EXP 	emopic: autoDraw = False
1163.5783 	EXP 	redstar: autoDraw = False
1163.5783 	EXP 	textreproductionstart: text = '時間估計作業\n\n請透過滑鼠將刺激呈現時間點在以下量尺中\n按下空白鍵進入下一題'
1163.5783 	EXP 	scale: markerPos = None
1163.5783 	EXP 	scale: markerPos = None
1163.5783 	EXP 	textreproductionstart: autoDraw = True
1163.5783 	EXP 	scale: autoDraw = True
1168.5463 	DATA 	Mouse: Left button down, pos=(658,326)
1168.5787 	EXP 	scale: markerPos = 4.004629629629629
1168.6120 	EXP 	scale: markerPos = 4.004629629629629
1168.6284 	DATA 	Mouse:  Left button up, pos=(658,326)
1168.6453 	EXP 	scale: markerPos = 4.004629629629629
1168.6787 	EXP 	scale: markerPos = 4.004629629629629
1172.7954 	EXP 	textreproductionstart: autoDraw = False
1172.7954 	EXP 	scale: autoDraw = False
1172.7954 	EXP 	textrest: autoDraw = True
1172.8008 	DATA 	KeyPress:  
1197.7791 	EXP 	Sound sound_2 started
1197.7791 	EXP 	textready: autoDraw = True
1197.7958 	EXP 	textrest: autoDraw = False
1198.3182 	EXP 	Sound sound_2 reached end of file
1202.7629 	EXP 	New trial (rep=0, index=18): {'emo_pic': 'emo_pic\\positive_high_8492.jpg', 'duration': 1, 'starduration': 0.1384903, 'posx': 0, 'posy': -0.4}
1202.7792 	EXP 	Sound sound_1 started
1202.7792 	EXP 	textready: autoDraw = False
1202.7792 	EXP 	textrest: autoDraw = False
1202.7792 	EXP 	textready: autoDraw = False
1202.7792 	EXP 	textblank1000: autoDraw = True
1203.3184 	EXP 	Sound sound_1 reached end of file
1203.8126 	EXP 	textblank1000: autoDraw = False
1203.8126 	EXP 	textblank1000: autoDraw = False
1203.8126 	EXP 	emopic: image = 'emo_pic\\positive_high_8492.jpg'
1203.8126 	EXP 	emopic: autoDraw = True
1203.9292 	EXP 	redstar: autoDraw = True
1204.8121 	EXP 	emopic: autoDraw = False
1204.9455 	EXP 	redstar: autoDraw = False
1204.9455 	EXP 	emopic: autoDraw = False
1204.9455 	EXP 	redstar: autoDraw = False
1204.9455 	EXP 	textreproductionstart: text = '時間估計作業\n\n請透過滑鼠將刺激呈現時間點在以下量尺中\n按下空白鍵進入下一題'
1204.9455 	EXP 	scale: markerPos = None
1204.9455 	EXP 	scale: markerPos = None
1204.9455 	EXP 	textreproductionstart: autoDraw = True
1204.9455 	EXP 	scale: autoDraw = True
1210.8275 	DATA 	Mouse: Left button down, pos=(398,323)
1210.8622 	EXP 	scale: markerPos = 0.9953703703703707
1210.8956 	EXP 	scale: markerPos = 0.9953703703703707
1210.9289 	EXP 	scale: markerPos = 0.9953703703703707
1210.9299 	DATA 	Mouse:  Left button up, pos=(398,323)
1210.9622 	EXP 	scale: markerPos = 0.9953703703703707
1217.5294 	EXP 	textreproductionstart: autoDraw = False
1217.5294 	EXP 	scale: autoDraw = False
1217.5294 	EXP 	textrest: autoDraw = True
1217.5351 	DATA 	KeyPress:  
1242.5131 	EXP 	Sound sound_2 started
1242.5131 	EXP 	textready: autoDraw = True
1242.5298 	EXP 	textrest: autoDraw = False
1243.0557 	EXP 	Sound sound_2 reached end of file
1247.4970 	EXP 	New trial (rep=0, index=19): {'emo_pic': 'emo_pic\\positive_low_2314.jpg', 'duration': 5, 'starduration': 0.1152479, 'posx': -0.7, 'posy': 0}
1247.5132 	EXP 	Sound sound_1 started
1247.5132 	EXP 	textready: autoDraw = False
1247.5132 	EXP 	textrest: autoDraw = False
1247.5132 	EXP 	textready: autoDraw = False
1247.5132 	EXP 	textblank1000: autoDraw = True
1248.0558 	EXP 	Sound sound_1 reached end of file
1248.5466 	EXP 	textblank1000: autoDraw = False
1248.5466 	EXP 	textblank1000: autoDraw = False
1248.5466 	EXP 	emopic: image = 'emo_pic\\positive_low_2314.jpg'
1248.5466 	EXP 	emopic: autoDraw = True
1248.6299 	EXP 	redstar: autoDraw = True
1249.6295 	EXP 	redstar: autoDraw = False
1253.5629 	EXP 	emopic: autoDraw = False
1253.5629 	EXP 	emopic: autoDraw = False
1253.5629 	EXP 	redstar: autoDraw = False
1253.5629 	EXP 	textreproductionstart: text = '時間估計作業\n\n請透過滑鼠將刺激呈現時間點在以下量尺中\n按下空白鍵進入下一題'
1253.5629 	EXP 	scale: markerPos = None
1253.5629 	EXP 	scale: markerPos = None
1253.5629 	EXP 	textreproductionstart: autoDraw = True
1253.5629 	EXP 	scale: autoDraw = True
1259.3451 	DATA 	Mouse: Left button down, pos=(569,325)
1259.3796 	EXP 	scale: markerPos = 2.9745370370370368
1259.4130 	EXP 	scale: markerPos = 2.9745370370370368
1259.4463 	EXP 	scale: markerPos = 2.9745370370370368
1259.4796 	EXP 	scale: markerPos = 2.9745370370370368
1259.4807 	DATA 	Mouse:  Left button up, pos=(569,325)
1259.5129 	EXP 	scale: markerPos = 2.9745370370370368
1262.2374 	DATA 	KeyPress:  
1262.2463 	EXP 	textreproductionstart: autoDraw = False
1262.2463 	EXP 	scale: autoDraw = False
1262.2463 	EXP 	textrest: autoDraw = True
1287.2305 	EXP 	Sound sound_2 started
1287.2305 	EXP 	textready: autoDraw = True
1287.2472 	EXP 	textrest: autoDraw = False
1287.7695 	EXP 	Sound sound_2 reached end of file
1292.2306 	EXP 	textready: autoDraw = False
1292.2306 	EXP 	textrest: autoDraw = False
1292.2306 	EXP 	textready: autoDraw = False
1292.2306 	EXP 	textEndMessage: autoDraw = True
1301.3817 	DATA 	Keypress: escape
1301.7846 	EXP 	window1: mouseVisible = True
