147.1871 	WARNING 	User requested fullscreen with size [1536  864], but screen is actually [1920, 1080]. Using actual size
148.9260 	EXP 	Created window1 = Window(allowGUI=True, allowStencil=False, autoLog=True, backendConf=UNKNOWN, bitsMode=UNKNOWN, blendMode='avg', bpc=(8, 8, 8), color=array([0, 0, 0]), colorSpace='rgb', depthBits=8, fullscr=<method-wrapper '__getattribute__' of attributeSetter object at 0x0000020AF13CCD00>, gamma=None, gammaErrorPolicy='raise', lms=UNKNOWN, monitor=<psychopy.monitors.calibTools.Monitor object at 0x0000020AF3317CD0>, multiSample=False, name='window1', numSamples=2, pos=(0, 0), screen=0, size=array([1920, 1080]), stencilBits=0, stereo=False, units='height', useFBO=True, useRetina=False, viewOri=0.0, viewPos=None, viewScale=None, waitBlanking=True, winType='pyglet')
148.9262 	EXP 	window1: mouseVisible = True
148.9264 	EXP 	window1: mouseVisible = False
148.9264 	EXP 	window1: Attempting to measure frame rate of screen (0) ...
148.9265 	EXP 	window1: recordFrameIntervals = False
149.0919 	EXP 	window1: recordFrameIntervals = True
149.2757 	EXP 	Screen (0) actual frame rate measured at 60.08Hz
149.2758 	EXP 	window1: recordFrameIntervals = False
151.5867 	EXP 	Created textWelcomeMessage = TextStim(__class__=<class 'psychopy.visual.text.TextStim'>, alignHoriz=method-wrapper(...), alignText='center', alignVert=method-wrapper(...), anchorHoriz='center', anchorVert='center', antialias=True, autoDraw=False, autoLog=True, bold=False, color=array([1, 1, 1]), colorSpace='rgb', contrast=1.0, depth=0.0, flipHoriz=False, flipVert=False, font='Open Sans', fontFiles=[], height=0.05, italic=False, languageStyle='LTR', name='textWelcomeMessage', opacity=1.0, ori=0.0, pos=array([0., 0.]), rgb=UNKNOWN, text='歡迎來到本次的實驗\n\n請按"空白鍵"開始實驗', units='height', win=Window(...), wrapWidth=1)
151.5923 	EXP 	Created textblank1000 = TextStim(__class__=<class 'psychopy.visual.text.TextStim'>, alignHoriz=method-wrapper(...), alignText='center', alignVert=method-wrapper(...), anchorHoriz='center', anchorVert='center', antialias=True, autoDraw=False, autoLog=True, bold=False, color=array([1, 1, 1]), colorSpace='rgb', contrast=1.0, depth=0.0, flipHoriz=False, flipVert=False, font='Open Sans', fontFiles=[], height=0.05, italic=False, languageStyle='LTR', name='textblank1000', opacity=1.0, ori=0.0, pos=array([0., 0.]), rgb=UNKNOWN, text='+', units='height', win=Window(...), wrapWidth=1)
151.9268 	EXP 	Sound sound_1 set volume 1.000
151.9464 	EXP 	Created image = ImageStim(__class__=<class 'psychopy.visual.image.ImageStim'>, anchor=('center', 'center'), autoLog=True, color=array([1, 1, 1]), colorSpace='rgb', contrast=1.0, depth=0.0, flipHoriz=False, flipVert=False, image='sin', interpolate=True, mask=None, maskParams=None, name='image', opacity=1.0, ori=0.0, pos=array([0., 0.]), size=array([0.95, 0.7 ]), texRes=128.0, units='height', win=Window(...))
151.9472 	EXP 	Created textreproductionstart = TextStim(__class__=<class 'psychopy.visual.text.TextStim'>, alignHoriz=method-wrapper(...), alignText='center', alignVert=method-wrapper(...), anchorHoriz='center', anchorVert='center', antialias=True, autoDraw=False, autoLog=True, bold=False, color=array([1, 1, 1]), colorSpace='rgb', contrast=1.0, depth=0.0, flipHoriz=False, flipVert=False, font='Open Sans', fontFiles=[], height=0.05, italic=False, languageStyle='LTR', name='textreproductionstart', opacity=1.0, ori=0.0, pos=array([0., 0.]), rgb=UNKNOWN, text='', units='height', win=Window(...), wrapWidth=1)
151.9539 	EXP 	window1: mouseVisible = True
152.5321 	EXP 	Created scale = Slider(__class__=<class 'psychopy.visual.slider.Slider'>, autoDraw=False, autoLog=True, borderColor=None, color=None, colorSpace='rgb', depth=-1, fillColor=None, flip=False, font='Open Sans', granularity=0.0, labelColor=None, labelHeight=0.04, labelWrapWidth=None, labels=list(...), lineColor=None, markerColor=None, name='scale', opacity=None, ori=0.0, pos=array([ 0. , -0.2]), readOnly=False, self=UNKNOWN, size=array([1.2 , 0.04]), startValue=None, style='rating', styleTweaks=['triangleMarker'], ticks=ndarray(...), units='height', win=Window(...))
152.5660 	EXP 	Created textrest = TextStim(__class__=<class 'psychopy.visual.text.TextStim'>, alignHoriz=method-wrapper(...), alignText='center', alignVert=method-wrapper(...), anchorHoriz='center', anchorVert='center', antialias=True, autoDraw=False, autoLog=True, bold=False, color=array([1, 1, 1]), colorSpace='rgb', contrast=1.0, depth=0.0, flipHoriz=False, flipVert=False, font='Open Sans', fontFiles=[], height=0.05, italic=False, languageStyle='LTR', name='textrest', opacity=1.0, ori=0.0, pos=array([0., 0.]), rgb=UNKNOWN, text='休息20秒\n\n時間結束會自動進入下一題', units='height', win=Window(...), wrapWidth=1)
152.5723 	EXP 	Created textready = TextStim(__class__=<class 'psychopy.visual.text.TextStim'>, alignHoriz=method-wrapper(...), alignText='center', alignVert=method-wrapper(...), anchorHoriz='center', anchorVert='center', antialias=True, autoDraw=False, autoLog=True, bold=False, color=array([1, 1, 1]), colorSpace='rgb', contrast=1.0, depth=-1.0, flipHoriz=False, flipVert=False, font='Open Sans', fontFiles=[], height=0.05, italic=False, languageStyle='LTR', name='textready', opacity=1.0, ori=0.0, pos=array([0., 0.]), rgb=UNKNOWN, text='即將進入下一題', units='height', win=Window(...), wrapWidth=1)
152.5741 	EXP 	Sound sound_2 set volume 1.000
152.5942 	EXP 	Created start_2 = TextStim(__class__=<class 'psychopy.visual.text.TextStim'>, alignHoriz=method-wrapper(...), alignText='center', alignVert=method-wrapper(...), anchorHoriz='center', anchorVert='center', antialias=True, autoDraw=False, autoLog=True, bold=False, color=array([1, 1, 1]), colorSpace='rgb', contrast=1.0, depth=0.0, flipHoriz=False, flipVert=False, font='Open Sans', fontFiles=[], height=0.05, italic=False, languageStyle='LTR', name='start_2', opacity=1.0, ori=0.0, pos=array([0., 0.]), rgb=UNKNOWN, text='練習階段結束\n\n準備好請按"空白鍵"開始正式階段', units='height', win=Window(...), wrapWidth=1)
152.5964 	EXP 	Created textblank1000 = TextStim(__class__=<class 'psychopy.visual.text.TextStim'>, alignHoriz=method-wrapper(...), alignText='center', alignVert=method-wrapper(...), anchorHoriz='center', anchorVert='center', antialias=True, autoDraw=False, autoLog=True, bold=False, color=array([1, 1, 1]), colorSpace='rgb', contrast=1.0, depth=0.0, flipHoriz=False, flipVert=False, font='Open Sans', fontFiles=[], height=0.05, italic=False, languageStyle='LTR', name='textblank1000', opacity=1.0, ori=0.0, pos=array([0., 0.]), rgb=UNKNOWN, text='+', units='height', win=Window(...), wrapWidth=1)
152.5980 	EXP 	Sound sound_1 set volume 1.000
152.6021 	EXP 	Created emopic = ImageStim(__class__=<class 'psychopy.visual.image.ImageStim'>, anchor=('center', 'center'), autoLog=True, color=array([1, 1, 1]), colorSpace='rgb', contrast=1.0, depth=0.0, flipHoriz=False, flipVert=False, image='sin', interpolate=True, mask=None, maskParams=None, name='emopic', opacity=1.0, ori=0.0, pos=array([0., 0.]), size=array([1., 1.]), texRes=128.0, units='height', win=Window(...))
152.6362 	EXP 	Created redstar = ImageStim(__class__=<class 'psychopy.visual.image.ImageStim'>, anchor=('center', 'center'), autoLog=True, color=array([1, 1, 1]), colorSpace='rgb', contrast=1.0, depth=-1.0, flipHoriz=False, flipVert=False, image='redstar.png', interpolate=True, mask=None, maskParams=None, name='redstar', opacity=1.0, ori=0.0, pos=array([0., 0.]), size=array([0.2, 0.2]), texRes=128.0, units='height', win=Window(...))
152.6370 	EXP 	Created textreproductionstart = TextStim(__class__=<class 'psychopy.visual.text.TextStim'>, alignHoriz=method-wrapper(...), alignText='center', alignVert=method-wrapper(...), anchorHoriz='center', anchorVert='center', antialias=True, autoDraw=False, autoLog=True, bold=False, color=array([1, 1, 1]), colorSpace='rgb', contrast=1.0, depth=0.0, flipHoriz=False, flipVert=False, font='Open Sans', fontFiles=[], height=0.05, italic=False, languageStyle='LTR', name='textreproductionstart', opacity=1.0, ori=0.0, pos=array([0., 0.]), rgb=UNKNOWN, text='', units='height', win=Window(...), wrapWidth=1)
152.6388 	EXP 	window1: mouseVisible = True
153.0031 	EXP 	Created scale = Slider(__class__=<class 'psychopy.visual.slider.Slider'>, autoDraw=False, autoLog=True, borderColor=None, color=None, colorSpace='rgb', depth=-1, fillColor=None, flip=False, font='Open Sans', granularity=0.0, labelColor=None, labelHeight=0.04, labelWrapWidth=None, labels=list(...), lineColor=None, markerColor=None, name='scale', opacity=None, ori=0.0, pos=array([ 0. , -0.2]), readOnly=False, self=UNKNOWN, size=array([1.2 , 0.04]), startValue=None, style='rating', styleTweaks=['triangleMarker'], ticks=ndarray(...), units='height', win=Window(...))
153.0088 	EXP 	Created textrest = TextStim(__class__=<class 'psychopy.visual.text.TextStim'>, alignHoriz=method-wrapper(...), alignText='center', alignVert=method-wrapper(...), anchorHoriz='center', anchorVert='center', antialias=True, autoDraw=False, autoLog=True, bold=False, color=array([1, 1, 1]), colorSpace='rgb', contrast=1.0, depth=0.0, flipHoriz=False, flipVert=False, font='Open Sans', fontFiles=[], height=0.05, italic=False, languageStyle='LTR', name='textrest', opacity=1.0, ori=0.0, pos=array([0., 0.]), rgb=UNKNOWN, text='休息20秒\n\n時間結束會自動進入下一題', units='height', win=Window(...), wrapWidth=1)
153.0155 	EXP 	Created textready = TextStim(__class__=<class 'psychopy.visual.text.TextStim'>, alignHoriz=method-wrapper(...), alignText='center', alignVert=method-wrapper(...), anchorHoriz='center', anchorVert='center', antialias=True, autoDraw=False, autoLog=True, bold=False, color=array([1, 1, 1]), colorSpace='rgb', contrast=1.0, depth=-1.0, flipHoriz=False, flipVert=False, font='Open Sans', fontFiles=[], height=0.05, italic=False, languageStyle='LTR', name='textready', opacity=1.0, ori=0.0, pos=array([0., 0.]), rgb=UNKNOWN, text='即將進入下一題', units='height', win=Window(...), wrapWidth=1)
153.0191 	EXP 	Sound sound_2 set volume 1.000
153.0400 	EXP 	Created textEndMessage = TextStim(__class__=<class 'psychopy.visual.text.TextStim'>, alignHoriz=method-wrapper(...), alignText='center', alignVert=method-wrapper(...), anchorHoriz='center', anchorVert='center', antialias=True, autoDraw=False, autoLog=True, bold=False, color=array([1, 1, 1]), colorSpace='rgb', contrast=1.0, depth=0.0, flipHoriz=False, flipVert=False, font='Open Sans', fontFiles=[], height=0.05, italic=False, languageStyle='LTR', name='textEndMessage', opacity=1.0, ori=0.0, pos=array([0., 0.]), rgb=UNKNOWN, text='本次實驗到此結束\n\n感謝您的參與', units='height', win=Window(...), wrapWidth=1)
153.0539 	EXP 	scale: autoLog = True
153.0539 	EXP 	scale: markerPos = None
153.0539 	EXP 	scale: styleTweaks = []
153.0539 	EXP 	scale: styleTweaks = []
153.0539 	EXP 	scale: styleTweaks = ['triangleMarker']
153.0539 	EXP 	scale: styleTweaks = ['triangleMarker']
153.0539 	EXP 	scale: contrast = 1.0
153.0539 	EXP 	scale: autoLog = True
153.0539 	EXP 	scale: autoLog = True
153.0539 	EXP 	scale: markerPos = None
153.0539 	EXP 	scale: styleTweaks = []
153.0539 	EXP 	scale: styleTweaks = []
153.0539 	EXP 	scale: styleTweaks = ['triangleMarker']
153.0539 	EXP 	scale: styleTweaks = ['triangleMarker']
153.0539 	EXP 	scale: contrast = 1.0
153.0539 	EXP 	scale: autoLog = True
153.0539 	EXP 	textWelcomeMessage: autoDraw = True
292.9354 	EXP 	Imported pink_con.xlsx as conditions, 3 conditions, 2 params
292.9365 	EXP 	Created sequence: random, trialTypes=3, nReps=1, seed=None
292.9371 	EXP 	New trial (rep=0, index=0): {'pink': 'pink.png', 'pra_duration': 6}
292.9498 	EXP 	Sound sound_1 started
292.9432 	EXP 	textWelcomeMessage: autoDraw = False
292.9432 	EXP 	textblank1000: autoDraw = True
292.9708 	DATA 	KeyPress:  
293.4768 	EXP 	Sound sound_1 reached end of file
294.0684 	EXP 	textblank1000: autoDraw = False
294.0684 	EXP 	image: image = 'pink.png'
294.0684 	EXP 	image: autoDraw = True
300.1633 	EXP 	image: autoDraw = False
300.1633 	EXP 	image: autoDraw = False
300.1633 	EXP 	textreproductionstart: height = 0.05
300.1633 	EXP 	textreproductionstart: height = 0.05
300.1633 	EXP 	textreproductionstart: height = 0.05
300.1633 	EXP 	textreproductionstart: text = '時間估計作業\n請透過滑鼠將刺激呈現時間點在以下量尺中\n按下空白鍵進入下一題'
300.1633 	EXP 	scale: markerPos = None
300.1633 	EXP 	scale: markerPos = None
300.1633 	EXP 	textreproductionstart: autoDraw = True
300.1633 	EXP 	scale: autoDraw = True
309.4272 	DATA 	Mouse: Left button down, pos=(575,330)
309.4529 	EXP 	scale: markerPos = 3.0439814814814827
309.4749 	EXP 	scale: markerPos = 3.0439814814814827
309.5005 	EXP 	scale: markerPos = 3.0439814814814827
309.5278 	EXP 	scale: markerPos = 3.0439814814814827
309.5576 	DATA 	Mouse:  Left button up, pos=(575,330)
309.5596 	EXP 	scale: markerPos = 3.0439814814814827
309.5891 	EXP 	scale: markerPos = 3.0439814814814827
311.7764 	DATA 	KeyPress:  
311.7784 	EXP 	textreproductionstart: autoDraw = False
311.7784 	EXP 	scale: autoDraw = False
311.7784 	EXP 	textrest: autoDraw = True
326.7538 	EXP 	Sound sound_2 started
326.7537 	EXP 	textready: autoDraw = True
326.7870 	EXP 	textrest: autoDraw = False
327.2882 	EXP 	Sound sound_2 reached end of file
331.7440 	EXP 	New trial (rep=0, index=1): {'pink': 'pink.png', 'pra_duration': 2}
331.7592 	EXP 	Sound sound_1 started
331.7594 	EXP 	textready: autoDraw = False
331.7594 	EXP 	textrest: autoDraw = False
331.7594 	EXP 	textready: autoDraw = False
331.7594 	EXP 	textblank1000: autoDraw = True
332.2996 	EXP 	Sound sound_1 reached end of file
332.7987 	EXP 	textblank1000: autoDraw = False
332.7987 	EXP 	textblank1000: autoDraw = False
332.7987 	EXP 	image: image = 'pink.png'
332.7987 	EXP 	image: autoDraw = True
334.8455 	EXP 	image: autoDraw = False
334.8455 	EXP 	image: autoDraw = False
334.8455 	EXP 	textreproductionstart: text = '時間估計作業\n請透過滑鼠將刺激呈現時間點在以下量尺中\n按下空白鍵進入下一題'
334.8455 	EXP 	scale: markerPos = None
334.8455 	EXP 	scale: markerPos = None
334.8455 	EXP 	textreproductionstart: autoDraw = True
334.8455 	EXP 	scale: autoDraw = True
339.1355 	DATA 	Mouse: Left button down, pos=(394,332)
339.1653 	EXP 	scale: markerPos = 0.9490740740740742
339.1908 	EXP 	scale: markerPos = 0.9490740740740742
339.2174 	DATA 	Mouse:  Left button up, pos=(394,332)
339.2192 	EXP 	scale: markerPos = 0.9490740740740742
339.2557 	EXP 	scale: markerPos = 0.9490740740740742
341.2795 	DATA 	KeyPress:  
341.2811 	EXP 	textreproductionstart: autoDraw = False
341.2811 	EXP 	scale: autoDraw = False
341.2811 	EXP 	textrest: autoDraw = True
356.2694 	EXP 	Sound sound_2 started
356.2694 	EXP 	textready: autoDraw = True
356.2861 	EXP 	textrest: autoDraw = False
356.7860 	EXP 	Sound sound_2 reached end of file
361.2589 	EXP 	New trial (rep=0, index=2): {'pink': 'pink.png', 'pra_duration': 4}
361.2747 	EXP 	Sound sound_1 started
361.2750 	EXP 	textrest: autoDraw = False
361.2750 	EXP 	textready: autoDraw = False
361.2750 	EXP 	textblank1000: autoDraw = True
361.8161 	EXP 	Sound sound_1 reached end of file
362.3083 	EXP 	textblank1000: autoDraw = False
362.3083 	EXP 	image: image = 'pink.png'
362.3083 	EXP 	image: autoDraw = True
366.3461 	EXP 	image: autoDraw = False
366.3461 	EXP 	image: autoDraw = False
366.3461 	EXP 	textreproductionstart: text = '時間估計作業\n請透過滑鼠將刺激呈現時間點在以下量尺中\n按下空白鍵進入下一題'
366.3461 	EXP 	scale: markerPos = None
366.3461 	EXP 	scale: markerPos = None
366.3461 	EXP 	textreproductionstart: autoDraw = True
366.3461 	EXP 	scale: autoDraw = True
369.9401 	DATA 	Mouse: Left button down, pos=(658,324)
369.9782 	EXP 	scale: markerPos = 4.004629629629629
370.0084 	EXP 	scale: markerPos = 4.004629629629629
370.0476 	EXP 	scale: markerPos = 4.004629629629629
370.0928 	DATA 	Mouse:  Left button up, pos=(658,324)
370.0945 	EXP 	scale: markerPos = 4.004629629629629
370.1307 	EXP 	scale: markerPos = 4.004629629629629
371.2833 	DATA 	KeyPress:  
371.2851 	EXP 	textreproductionstart: autoDraw = False
371.2851 	EXP 	scale: autoDraw = False
371.2851 	EXP 	textrest: autoDraw = True
386.2692 	EXP 	Sound sound_2 started
386.2695 	EXP 	textready: autoDraw = True
386.2859 	EXP 	textrest: autoDraw = False
386.8090 	EXP 	Sound sound_2 reached end of file
391.2750 	EXP 	textready: autoDraw = False
391.2750 	EXP 	textrest: autoDraw = False
391.2750 	EXP 	textready: autoDraw = False
391.2750 	EXP 	start_2: autoDraw = True
438.9977 	EXP 	Imported pic_condition_2.xlsx as conditions, 20 conditions, 5 params
438.9989 	EXP 	Created sequence: random, trialTypes=20, nReps=1, seed=None
438.9995 	EXP 	New trial (rep=0, index=0): {'emo_pic': 'emo_pic\\pnegative_high_1120.jpg', 'duration': 7, 'starduration': 0.0561269, 'posx': 0.7, 'posy': 0}
439.0103 	EXP 	Sound sound_1 started
439.0051 	EXP 	start_2: autoDraw = False
439.0051 	EXP 	textblank1000: autoDraw = True
439.0213 	DATA 	KeyPress:  
439.5260 	EXP 	Sound sound_1 reached end of file
440.0669 	EXP 	textblank1000: autoDraw = False
440.0669 	EXP 	emopic: image = 'emo_pic\\pnegative_high_1120.jpg'
440.0669 	EXP 	emopic: autoDraw = True
440.0669 	EXP 	redstar: autoDraw = True
441.0807 	EXP 	redstar: autoDraw = False
447.1130 	EXP 	emopic: autoDraw = False
447.1130 	EXP 	emopic: autoDraw = False
447.1130 	EXP 	redstar: autoDraw = False
447.1130 	EXP 	textreproductionstart: text = '時間估計作業\n請透過滑鼠將刺激呈現時間點在以下量尺中\n按下空白鍵進入下一題'
447.1130 	EXP 	scale: markerPos = None
447.1130 	EXP 	scale: markerPos = None
447.1130 	EXP 	textreproductionstart: autoDraw = True
447.1130 	EXP 	scale: autoDraw = True
454.4639 	DATA 	Mouse: Left button down, pos=(120,29)
454.6885 	DATA 	Mouse:  Left button up, pos=(120,29)
461.8515 	DATA 	Mouse: Left button down, pos=(614,326)
461.8970 	EXP 	scale: markerPos = 3.4953703703703702
461.9483 	EXP 	scale: markerPos = 3.4953703703703702
461.9924 	DATA 	Mouse:  Left button up, pos=(614,326)
461.9946 	EXP 	scale: markerPos = 3.4953703703703702
462.0216 	EXP 	scale: markerPos = 3.4953703703703702
475.5303 	DATA 	KeyPress:  
475.5319 	EXP 	textreproductionstart: autoDraw = False
475.5319 	EXP 	scale: autoDraw = False
475.5319 	EXP 	textrest: autoDraw = True
490.5171 	EXP 	Sound sound_2 started
490.5170 	EXP 	textready: autoDraw = True
490.5338 	EXP 	textrest: autoDraw = False
491.0577 	EXP 	Sound sound_2 reached end of file
495.5078 	EXP 	New trial (rep=0, index=1): {'emo_pic': 'emo_pic\\positive_low_2314.jpg', 'duration': 5, 'starduration': 0.1152479, 'posx': -0.7, 'posy': 0}
495.5229 	EXP 	Sound sound_1 started
495.5228 	EXP 	textready: autoDraw = False
495.5228 	EXP 	textrest: autoDraw = False
495.5228 	EXP 	textready: autoDraw = False
495.5228 	EXP 	textblank1000: autoDraw = True
496.0557 	EXP 	Sound sound_1 reached end of file
496.6108 	EXP 	textblank1000: autoDraw = False
496.6108 	EXP 	textblank1000: autoDraw = False
496.6108 	EXP 	emopic: image = 'emo_pic\\positive_low_2314.jpg'
496.6108 	EXP 	emopic: autoDraw = True
496.6151 	EXP 	redstar: autoDraw = True
497.6260 	EXP 	redstar: autoDraw = False
501.6440 	EXP 	emopic: autoDraw = False
501.6440 	EXP 	emopic: autoDraw = False
501.6440 	EXP 	redstar: autoDraw = False
501.6440 	EXP 	textreproductionstart: text = '時間估計作業\n請透過滑鼠將刺激呈現時間點在以下量尺中\n按下空白鍵進入下一題'
501.6440 	EXP 	scale: markerPos = None
501.6440 	EXP 	scale: markerPos = None
501.6440 	EXP 	textreproductionstart: autoDraw = True
501.6440 	EXP 	scale: autoDraw = True
505.1370 	DATA 	Mouse: Left button down, pos=(697,326)
505.1739 	EXP 	scale: markerPos = 4.456018518518518
505.2076 	EXP 	scale: markerPos = 4.456018518518518
505.2432 	EXP 	scale: markerPos = 4.456018518518518
505.2721 	DATA 	Mouse:  Left button up, pos=(697,326)
505.2742 	EXP 	scale: markerPos = 4.456018518518518
505.3033 	EXP 	scale: markerPos = 4.456018518518518
516.7143 	DATA 	KeyPress:  
516.7211 	EXP 	textreproductionstart: autoDraw = False
516.7211 	EXP 	scale: autoDraw = False
516.7211 	EXP 	textrest: autoDraw = True
531.7292 	EXP 	Sound sound_2 started
531.7290 	EXP 	textrest: autoDraw = False
531.7290 	EXP 	textready: autoDraw = True
532.2687 	EXP 	Sound sound_2 reached end of file
536.7191 	EXP 	New trial (rep=0, index=2): {'emo_pic': 'emo_pic\\pnegative_low_6010.jpg', 'duration': 3, 'starduration': 0.1552196, 'posx': 0, 'posy': 0.4}
536.7350 	EXP 	Sound sound_1 started
536.7346 	EXP 	textrest: autoDraw = False
536.7346 	EXP 	textready: autoDraw = False
536.7346 	EXP 	textblank1000: autoDraw = True
537.2757 	EXP 	Sound sound_1 reached end of file
537.7910 	EXP 	textblank1000: autoDraw = False
537.7910 	EXP 	emopic: image = 'emo_pic\\pnegative_low_6010.jpg'
537.7910 	EXP 	emopic: autoDraw = True
537.8864 	EXP 	redstar: autoDraw = True
538.8878 	EXP 	redstar: autoDraw = False
540.8238 	EXP 	emopic: autoDraw = False
540.8238 	EXP 	emopic: autoDraw = False
540.8238 	EXP 	redstar: autoDraw = False
540.8238 	EXP 	textreproductionstart: text = '時間估計作業\n請透過滑鼠將刺激呈現時間點在以下量尺中\n按下空白鍵進入下一題'
540.8238 	EXP 	scale: markerPos = None
540.8238 	EXP 	scale: markerPos = None
540.8238 	EXP 	textreproductionstart: autoDraw = True
540.8238 	EXP 	scale: autoDraw = True
544.9850 	DATA 	Mouse: Left button down, pos=(483,325)
545.0087 	EXP 	scale: markerPos = 1.9791666666666663
545.0352 	EXP 	scale: markerPos = 1.9791666666666663
545.0653 	EXP 	scale: markerPos = 1.9791666666666663
545.0939 	EXP 	scale: markerPos = 1.9791666666666663
545.1171 	DATA 	Mouse:  Left button up, pos=(483,325)
545.1189 	EXP 	scale: markerPos = 1.9791666666666663
545.1520 	EXP 	scale: markerPos = 1.9791666666666663
558.2092 	DATA 	KeyPress:  
558.2137 	EXP 	textreproductionstart: autoDraw = False
558.2137 	EXP 	scale: autoDraw = False
558.2137 	EXP 	textrest: autoDraw = True
573.1751 	EXP 	Sound sound_2 started
573.1748 	EXP 	textready: autoDraw = True
573.2247 	EXP 	textrest: autoDraw = False
573.7156 	EXP 	Sound sound_2 reached end of file
578.1654 	EXP 	New trial (rep=0, index=3): {'emo_pic': 'emo_pic\\positive_high_8492.jpg', 'duration': 1, 'starduration': 0.1384903, 'posx': 0, 'posy': -0.4}
578.1803 	EXP 	Sound sound_1 started
578.1802 	EXP 	textready: autoDraw = False
578.1802 	EXP 	textrest: autoDraw = False
578.1802 	EXP 	textready: autoDraw = False
578.1802 	EXP 	textblank1000: autoDraw = True
578.7159 	EXP 	Sound sound_1 reached end of file
579.2725 	EXP 	textblank1000: autoDraw = False
579.2725 	EXP 	textblank1000: autoDraw = False
579.2725 	EXP 	emopic: image = 'emo_pic\\positive_high_8492.jpg'
579.2725 	EXP 	emopic: autoDraw = True
579.3161 	EXP 	redstar: autoDraw = True
580.2825 	EXP 	emopic: autoDraw = False
580.3483 	EXP 	redstar: autoDraw = False
580.3483 	EXP 	emopic: autoDraw = False
580.3483 	EXP 	redstar: autoDraw = False
580.3483 	EXP 	textreproductionstart: text = '時間估計作業\n請透過滑鼠將刺激呈現時間點在以下量尺中\n按下空白鍵進入下一題'
580.3483 	EXP 	scale: markerPos = None
580.3483 	EXP 	scale: markerPos = None
580.3483 	EXP 	textreproductionstart: autoDraw = True
580.3483 	EXP 	scale: autoDraw = True
584.1948 	DATA 	Mouse: Left button down, pos=(359,327)
584.2291 	EXP 	scale: markerPos = 0.5439814814814814
584.2511 	EXP 	scale: markerPos = 0.5439814814814814
584.2770 	EXP 	scale: markerPos = 0.5439814814814814
584.3056 	EXP 	scale: markerPos = 0.5439814814814814
584.3396 	EXP 	scale: markerPos = 0.5439814814814814
584.3700 	DATA 	Mouse:  Left button up, pos=(359,327)
584.3723 	EXP 	scale: markerPos = 0.5439814814814814
584.4088 	EXP 	scale: markerPos = 0.5439814814814814
592.2048 	DATA 	Mouse: Left button down, pos=(384,364)
592.4337 	DATA 	Mouse:  Left button up, pos=(384,364)
594.9174 	DATA 	KeyPress:  
594.9190 	EXP 	textreproductionstart: autoDraw = False
594.9190 	EXP 	scale: autoDraw = False
594.9190 	EXP 	textrest: autoDraw = True
609.8985 	EXP 	Sound sound_2 started
609.8984 	EXP 	textready: autoDraw = True
609.9322 	EXP 	textrest: autoDraw = False
610.4384 	EXP 	Sound sound_2 reached end of file
614.8890 	EXP 	New trial (rep=0, index=4): {'emo_pic': 'emo_pic\\pnegative_low_9331.jpg', 'duration': 1, 'starduration': 0.1384903, 'posx': 0, 'posy': -0.4}
614.9039 	EXP 	Sound sound_1 started
614.9040 	EXP 	textready: autoDraw = False
614.9040 	EXP 	textrest: autoDraw = False
614.9040 	EXP 	textready: autoDraw = False
614.9040 	EXP 	textblank1000: autoDraw = True
615.4455 	EXP 	Sound sound_1 reached end of file
615.9574 	EXP 	textblank1000: autoDraw = False
615.9574 	EXP 	textblank1000: autoDraw = False
615.9574 	EXP 	emopic: image = 'emo_pic\\pnegative_low_9331.jpg'
615.9574 	EXP 	emopic: autoDraw = True
616.0396 	EXP 	redstar: autoDraw = True
616.9563 	EXP 	emopic: autoDraw = False
617.0723 	EXP 	redstar: autoDraw = False
617.0723 	EXP 	emopic: autoDraw = False
617.0723 	EXP 	redstar: autoDraw = False
617.0723 	EXP 	textreproductionstart: text = '時間估計作業\n請透過滑鼠將刺激呈現時間點在以下量尺中\n按下空白鍵進入下一題'
617.0723 	EXP 	scale: markerPos = None
617.0723 	EXP 	scale: markerPos = None
617.0723 	EXP 	textreproductionstart: autoDraw = True
617.0723 	EXP 	scale: autoDraw = True
621.7953 	DATA 	Mouse: Left button down, pos=(333,324)
621.8373 	EXP 	scale: markerPos = 0.2430555555555558
621.8678 	EXP 	scale: markerPos = 0.2430555555555558
621.9047 	DATA 	Mouse:  Left button up, pos=(333,324)
621.9063 	EXP 	scale: markerPos = 0.2430555555555558
621.9341 	EXP 	scale: markerPos = 0.2430555555555558
638.6596 	DATA 	KeyPress:  
638.6614 	EXP 	textreproductionstart: autoDraw = False
638.6614 	EXP 	scale: autoDraw = False
638.6614 	EXP 	textrest: autoDraw = True
653.6465 	EXP 	Sound sound_2 started
653.6465 	EXP 	textready: autoDraw = True
653.6631 	EXP 	textrest: autoDraw = False
654.1868 	EXP 	Sound sound_2 reached end of file
658.6370 	EXP 	New trial (rep=0, index=5): {'emo_pic': 'emo_pic\\positive_low_7325.jpg', 'duration': 3, 'starduration': 0.1552196, 'posx': 0, 'posy': 0.4}
658.6520 	EXP 	Sound sound_1 started
658.6520 	EXP 	textready: autoDraw = False
658.6520 	EXP 	textrest: autoDraw = False
658.6520 	EXP 	textready: autoDraw = False
658.6520 	EXP 	textblank1000: autoDraw = True
659.1852 	EXP 	Sound sound_1 reached end of file
659.7218 	EXP 	textblank1000: autoDraw = False
659.7218 	EXP 	textblank1000: autoDraw = False
659.7218 	EXP 	emopic: image = 'emo_pic\\positive_low_7325.jpg'
659.7218 	EXP 	emopic: autoDraw = True
659.8041 	EXP 	redstar: autoDraw = True
660.8052 	EXP 	redstar: autoDraw = False
662.7547 	EXP 	emopic: autoDraw = False
662.7547 	EXP 	emopic: autoDraw = False
662.7547 	EXP 	redstar: autoDraw = False
662.7547 	EXP 	textreproductionstart: text = '時間估計作業\n請透過滑鼠將刺激呈現時間點在以下量尺中\n按下空白鍵進入下一題'
662.7547 	EXP 	scale: markerPos = None
662.7547 	EXP 	scale: markerPos = None
662.7547 	EXP 	textreproductionstart: autoDraw = True
662.7547 	EXP 	scale: autoDraw = True
667.2648 	DATA 	Mouse: Left button down, pos=(399,334)
667.2904 	EXP 	scale: markerPos = 1.0069444444444446
667.3227 	EXP 	scale: markerPos = 1.0069444444444446
667.3471 	EXP 	scale: markerPos = 1.0069444444444446
667.3724 	EXP 	scale: markerPos = 1.0069444444444446
667.3941 	DATA 	Mouse:  Left button up, pos=(399,332)
667.3974 	EXP 	scale: markerPos = 1.0069444444444446
667.4299 	EXP 	scale: markerPos = 1.0069444444444446
676.6513 	DATA 	KeyPress:  
676.6532 	EXP 	textreproductionstart: autoDraw = False
676.6532 	EXP 	scale: autoDraw = False
676.6532 	EXP 	textrest: autoDraw = True
691.6383 	EXP 	Sound sound_2 started
691.6383 	EXP 	textready: autoDraw = True
691.6551 	EXP 	textrest: autoDraw = False
692.1770 	EXP 	Sound sound_2 reached end of file
696.6281 	EXP 	New trial (rep=0, index=6): {'emo_pic': 'emo_pic\\positive_low_2156.jpg', 'duration': 7, 'starduration': 0.0561269, 'posx': 0.7, 'posy': 0}
696.6437 	EXP 	Sound sound_1 started
696.6439 	EXP 	textready: autoDraw = False
696.6439 	EXP 	textrest: autoDraw = False
696.6439 	EXP 	textready: autoDraw = False
696.6439 	EXP 	textblank1000: autoDraw = True
697.1851 	EXP 	Sound sound_1 reached end of file
697.7091 	EXP 	textblank1000: autoDraw = False
697.7091 	EXP 	textblank1000: autoDraw = False
697.7091 	EXP 	emopic: image = 'emo_pic\\positive_low_2156.jpg'
697.7091 	EXP 	emopic: autoDraw = True
697.7091 	EXP 	redstar: autoDraw = True
698.7135 	EXP 	redstar: autoDraw = False
704.7481 	EXP 	emopic: autoDraw = False
704.7481 	EXP 	emopic: autoDraw = False
704.7481 	EXP 	redstar: autoDraw = False
704.7481 	EXP 	textreproductionstart: text = '時間估計作業\n請透過滑鼠將刺激呈現時間點在以下量尺中\n按下空白鍵進入下一題'
704.7481 	EXP 	scale: markerPos = None
704.7481 	EXP 	scale: markerPos = None
704.7481 	EXP 	textreproductionstart: autoDraw = True
704.7481 	EXP 	scale: autoDraw = True
707.7968 	DATA 	Mouse: Left button down, pos=(781,324)
707.8374 	EXP 	scale: markerPos = 5.4282407407407405
707.8632 	EXP 	scale: markerPos = 5.4282407407407405
707.8911 	EXP 	scale: markerPos = 5.4282407407407405
707.9295 	DATA 	Mouse:  Left button up, pos=(781,324)
707.9313 	EXP 	scale: markerPos = 5.4282407407407405
707.9569 	EXP 	scale: markerPos = 5.4282407407407405
719.9804 	DATA 	KeyPress:  
719.9826 	EXP 	textreproductionstart: autoDraw = False
719.9826 	EXP 	scale: autoDraw = False
719.9826 	EXP 	textrest: autoDraw = True
734.9360 	EXP 	Sound sound_2 started
734.9361 	EXP 	textready: autoDraw = True
734.9860 	EXP 	textrest: autoDraw = False
735.4760 	EXP 	Sound sound_2 reached end of file
739.9267 	EXP 	New trial (rep=0, index=7): {'emo_pic': 'emo_pic\\pneutral_7100.jpg', 'duration': 3, 'starduration': 0.1552196, 'posx': 0, 'posy': 0.4}
739.9416 	EXP 	Sound sound_1 started
739.9414 	EXP 	textready: autoDraw = False
739.9414 	EXP 	textrest: autoDraw = False
739.9414 	EXP 	textready: autoDraw = False
739.9414 	EXP 	textblank1000: autoDraw = True
740.4751 	EXP 	Sound sound_1 reached end of file
740.9604 	EXP 	textblank1000: autoDraw = False
740.9604 	EXP 	textblank1000: autoDraw = False
740.9604 	EXP 	emopic: image = 'emo_pic\\pneutral_7100.jpg'
740.9604 	EXP 	emopic: autoDraw = True
741.0937 	EXP 	redstar: autoDraw = True
742.0947 	EXP 	redstar: autoDraw = False
743.9924 	EXP 	emopic: autoDraw = False
743.9924 	EXP 	emopic: autoDraw = False
743.9924 	EXP 	redstar: autoDraw = False
743.9924 	EXP 	textreproductionstart: text = '時間估計作業\n請透過滑鼠將刺激呈現時間點在以下量尺中\n按下空白鍵進入下一題'
743.9924 	EXP 	scale: markerPos = None
743.9924 	EXP 	scale: markerPos = None
743.9924 	EXP 	textreproductionstart: autoDraw = True
743.9924 	EXP 	scale: autoDraw = True
747.4076 	DATA 	Mouse: Left button down, pos=(484,323)
747.4374 	EXP 	scale: markerPos = 1.9907407407407405
747.4639 	EXP 	scale: markerPos = 1.9907407407407405
747.5047 	EXP 	scale: markerPos = 1.9907407407407405
747.5394 	DATA 	Mouse:  Left button up, pos=(484,323)
747.5415 	EXP 	scale: markerPos = 1.9907407407407405
747.5764 	EXP 	scale: markerPos = 1.9907407407407405
756.4401 	DATA 	KeyPress:  
756.4418 	EXP 	textreproductionstart: autoDraw = False
756.4418 	EXP 	scale: autoDraw = False
756.4418 	EXP 	textrest: autoDraw = True
771.4261 	EXP 	Sound sound_2 started
771.4262 	EXP 	textready: autoDraw = True
771.4427 	EXP 	textrest: autoDraw = False
771.9666 	EXP 	Sound sound_2 reached end of file
776.4167 	EXP 	New trial (rep=0, index=8): {'emo_pic': 'emo_pic\\pnegative_high_6230.jpg', 'duration': 1, 'starduration': 0.1384903, 'posx': 0, 'posy': -0.4}
776.4316 	EXP 	Sound sound_1 started
776.4316 	EXP 	textready: autoDraw = False
776.4316 	EXP 	textrest: autoDraw = False
776.4316 	EXP 	textready: autoDraw = False
776.4316 	EXP 	textblank1000: autoDraw = True
776.9652 	EXP 	Sound sound_1 reached end of file
777.4977 	EXP 	textblank1000: autoDraw = False
777.4977 	EXP 	textblank1000: autoDraw = False
777.4977 	EXP 	emopic: image = 'emo_pic\\pnegative_high_6230.jpg'
777.4977 	EXP 	emopic: autoDraw = True
777.5667 	EXP 	redstar: autoDraw = True
778.5007 	EXP 	emopic: autoDraw = False
778.6004 	EXP 	redstar: autoDraw = False
778.6004 	EXP 	emopic: autoDraw = False
778.6004 	EXP 	redstar: autoDraw = False
778.6004 	EXP 	textreproductionstart: text = '時間估計作業\n請透過滑鼠將刺激呈現時間點在以下量尺中\n按下空白鍵進入下一題'
778.6004 	EXP 	scale: markerPos = None
778.6004 	EXP 	scale: markerPos = None
778.6004 	EXP 	textreproductionstart: autoDraw = True
778.6004 	EXP 	scale: autoDraw = True
782.7997 	DATA 	Mouse: Left button down, pos=(347,325)
782.8246 	EXP 	scale: markerPos = 0.40509259259259356
782.8493 	EXP 	scale: markerPos = 0.40509259259259356
782.8800 	EXP 	scale: markerPos = 0.40509259259259356
782.9191 	EXP 	scale: markerPos = 0.40509259259259356
782.9602 	DATA 	Mouse:  Left button up, pos=(347,325)
782.9622 	EXP 	scale: markerPos = 0.40509259259259356
783.0008 	EXP 	scale: markerPos = 0.40509259259259356
796.1942 	DATA 	KeyPress:  
796.1963 	EXP 	textreproductionstart: autoDraw = False
796.1963 	EXP 	scale: autoDraw = False
796.1963 	EXP 	textrest: autoDraw = True
811.1864 	EXP 	Sound sound_2 started
811.1867 	EXP 	textready: autoDraw = True
811.2032 	EXP 	textrest: autoDraw = False
811.7273 	EXP 	Sound sound_2 reached end of file
816.1772 	EXP 	New trial (rep=0, index=9): {'emo_pic': 'emo_pic\\pneutral_7950.jpg', 'duration': 7, 'starduration': 0.0561269, 'posx': 0.7, 'posy': 0}
816.1920 	EXP 	Sound sound_1 started
816.1923 	EXP 	textready: autoDraw = False
816.1923 	EXP 	textrest: autoDraw = False
816.1923 	EXP 	textready: autoDraw = False
816.1923 	EXP 	textblank1000: autoDraw = True
816.7347 	EXP 	Sound sound_1 reached end of file
817.2588 	EXP 	textblank1000: autoDraw = False
817.2588 	EXP 	textblank1000: autoDraw = False
817.2588 	EXP 	emopic: image = 'emo_pic\\pneutral_7950.jpg'
817.2588 	EXP 	emopic: autoDraw = True
817.2588 	EXP 	redstar: autoDraw = True
818.2617 	EXP 	redstar: autoDraw = False
824.3004 	EXP 	emopic: autoDraw = False
824.3004 	EXP 	emopic: autoDraw = False
824.3004 	EXP 	redstar: autoDraw = False
824.3004 	EXP 	textreproductionstart: text = '時間估計作業\n請透過滑鼠將刺激呈現時間點在以下量尺中\n按下空白鍵進入下一題'
824.3004 	EXP 	scale: markerPos = None
824.3004 	EXP 	scale: markerPos = None
824.3004 	EXP 	textreproductionstart: autoDraw = True
824.3004 	EXP 	scale: autoDraw = True
827.7793 	DATA 	Mouse: Left button down, pos=(830,323)
827.8070 	EXP 	scale: markerPos = 5.99537037037037
827.8315 	EXP 	scale: markerPos = 5.99537037037037
827.8643 	EXP 	scale: markerPos = 5.99537037037037
827.9012 	EXP 	scale: markerPos = 5.99537037037037
827.9257 	DATA 	Mouse:  Left button up, pos=(830,323)
827.9278 	EXP 	scale: markerPos = 5.99537037037037
827.9616 	EXP 	scale: markerPos = 5.99537037037037
838.2803 	EXP 	textreproductionstart: autoDraw = False
838.2803 	EXP 	scale: autoDraw = False
838.2803 	EXP 	textrest: autoDraw = True
838.2924 	DATA 	KeyPress:  
853.2828 	EXP 	Sound sound_2 started
853.2829 	EXP 	textrest: autoDraw = False
853.2829 	EXP 	textready: autoDraw = True
853.8173 	EXP 	Sound sound_2 reached end of file
858.2735 	EXP 	New trial (rep=0, index=10): {'emo_pic': 'emo_pic\\pnegative_high_1300.jpg', 'duration': 3, 'starduration': 0.1552196, 'posx': 0, 'posy': 0.4}
858.2882 	EXP 	Sound sound_1 started
858.2882 	EXP 	textready: autoDraw = False
858.2882 	EXP 	textrest: autoDraw = False
858.2882 	EXP 	textready: autoDraw = False
858.2882 	EXP 	textblank1000: autoDraw = True
858.8287 	EXP 	Sound sound_1 reached end of file
859.3261 	EXP 	textblank1000: autoDraw = False
859.3261 	EXP 	textblank1000: autoDraw = False
859.3261 	EXP 	emopic: image = 'emo_pic\\pnegative_high_1300.jpg'
859.3261 	EXP 	emopic: autoDraw = True
859.4406 	EXP 	redstar: autoDraw = True
860.4413 	EXP 	redstar: autoDraw = False
862.3566 	EXP 	emopic: autoDraw = False
862.3566 	EXP 	emopic: autoDraw = False
862.3566 	EXP 	redstar: autoDraw = False
862.3566 	EXP 	textreproductionstart: text = '時間估計作業\n請透過滑鼠將刺激呈現時間點在以下量尺中\n按下空白鍵進入下一題'
862.3566 	EXP 	scale: markerPos = None
862.3566 	EXP 	scale: markerPos = None
862.3566 	EXP 	textreproductionstart: autoDraw = True
862.3566 	EXP 	scale: autoDraw = True
865.8546 	DATA 	Mouse: Left button down, pos=(529,324)
865.8932 	EXP 	scale: markerPos = 2.5115740740740744
865.9287 	EXP 	scale: markerPos = 2.5115740740740744
865.9658 	EXP 	scale: markerPos = 2.5115740740740744
866.0044 	EXP 	scale: markerPos = 2.5115740740740744
866.0409 	DATA 	Mouse:  Left button up, pos=(529,324)
866.0430 	EXP 	scale: markerPos = 2.5115740740740744
866.0842 	EXP 	scale: markerPos = 2.5115740740740744
879.7200 	DATA 	KeyPress:  
879.7219 	EXP 	textreproductionstart: autoDraw = False
879.7219 	EXP 	scale: autoDraw = False
879.7219 	EXP 	textrest: autoDraw = True
894.7118 	EXP 	Sound sound_2 started
894.7119 	EXP 	textready: autoDraw = True
894.7282 	EXP 	textrest: autoDraw = False
895.2467 	EXP 	Sound sound_2 reached end of file
899.7023 	EXP 	New trial (rep=0, index=11): {'emo_pic': 'emo_pic\\positive_high_8300.jpg', 'duration': 3, 'starduration': 0.1552196, 'posx': 0, 'posy': 0.4}
899.7172 	EXP 	Sound sound_1 started
899.7175 	EXP 	textready: autoDraw = False
899.7175 	EXP 	textrest: autoDraw = False
899.7175 	EXP 	textready: autoDraw = False
899.7175 	EXP 	textblank1000: autoDraw = True
900.2560 	EXP 	Sound sound_1 reached end of file
900.7823 	EXP 	textblank1000: autoDraw = False
900.7823 	EXP 	textblank1000: autoDraw = False
900.7823 	EXP 	emopic: image = 'emo_pic\\positive_high_8300.jpg'
900.7823 	EXP 	emopic: autoDraw = True
900.8694 	EXP 	redstar: autoDraw = True
901.8704 	EXP 	redstar: autoDraw = False
903.8139 	EXP 	emopic: autoDraw = False
903.8139 	EXP 	emopic: autoDraw = False
903.8139 	EXP 	redstar: autoDraw = False
903.8139 	EXP 	textreproductionstart: text = '時間估計作業\n請透過滑鼠將刺激呈現時間點在以下量尺中\n按下空白鍵進入下一題'
903.8139 	EXP 	scale: markerPos = None
903.8139 	EXP 	scale: markerPos = None
903.8139 	EXP 	textreproductionstart: autoDraw = True
903.8139 	EXP 	scale: autoDraw = True
908.1009 	DATA 	Mouse: Left button down, pos=(574,321)
908.1255 	EXP 	scale: markerPos = 3.0324074074074074
908.1486 	EXP 	scale: markerPos = 3.0324074074074074
908.1711 	EXP 	scale: markerPos = 3.0324074074074074
908.1977 	EXP 	scale: markerPos = 3.0324074074074074
908.2311 	DATA 	Mouse:  Left button up, pos=(574,321)
908.2328 	EXP 	scale: markerPos = 3.0324074074074074
908.2696 	EXP 	scale: markerPos = 3.0324074074074074
917.3363 	DATA 	Mouse: Left button down, pos=(482,303)
917.3609 	EXP 	scale: markerPos = 1.967592592592593
917.3849 	EXP 	scale: markerPos = 1.967592592592593
917.4101 	EXP 	scale: markerPos = 1.967592592592593
917.4333 	EXP 	scale: markerPos = 1.967592592592593
917.4596 	EXP 	scale: markerPos = 1.967592592592593
917.4820 	EXP 	scale: markerPos = 1.967592592592593
917.5132 	EXP 	scale: markerPos = 1.967592592592593
917.5473 	EXP 	scale: markerPos = 1.967592592592593
917.5939 	EXP 	scale: markerPos = 1.967592592592593
917.6197 	EXP 	scale: markerPos = 1.967592592592593
917.6443 	EXP 	scale: markerPos = 1.967592592592593
917.6709 	EXP 	scale: markerPos = 1.967592592592593
917.7014 	EXP 	scale: markerPos = 1.967592592592593
917.7357 	EXP 	scale: markerPos = 1.967592592592593
917.7614 	EXP 	scale: markerPos = 1.967592592592593
917.7872 	EXP 	scale: markerPos = 1.967592592592593
917.8188 	EXP 	scale: markerPos = 1.967592592592593
917.8454 	EXP 	scale: markerPos = 1.967592592592593
917.8691 	EXP 	scale: markerPos = 1.967592592592593
917.8952 	EXP 	scale: markerPos = 1.967592592592593
917.9217 	EXP 	scale: markerPos = 1.967592592592593
917.9452 	EXP 	scale: markerPos = 1.967592592592593
917.9701 	EXP 	scale: markerPos = 1.967592592592593
917.9990 	EXP 	scale: markerPos = 1.967592592592593
918.0231 	EXP 	scale: markerPos = 1.967592592592593
918.0529 	EXP 	scale: markerPos = 1.967592592592593
918.0943 	EXP 	scale: markerPos = 1.967592592592593
918.1283 	EXP 	scale: markerPos = 1.967592592592593
918.1653 	EXP 	scale: markerPos = 1.967592592592593
918.2123 	EXP 	scale: markerPos = 1.967592592592593
918.2478 	EXP 	scale: markerPos = 1.967592592592593
918.2885 	EXP 	scale: markerPos = 1.967592592592593
918.2921 	DATA 	Mouse:  Left button up, pos=(482,303)
918.3303 	EXP 	scale: markerPos = 1.967592592592593
918.4589 	DATA 	Mouse: Left button down, pos=(482,303)
918.4990 	EXP 	scale: markerPos = 1.967592592592593
918.5260 	EXP 	scale: markerPos = 1.967592592592593
918.5514 	EXP 	scale: markerPos = 1.967592592592593
918.5823 	EXP 	scale: markerPos = 1.967592592592593
918.6268 	EXP 	scale: markerPos = 1.967592592592593
918.6559 	EXP 	scale: markerPos = 1.967592592592593
918.6788 	EXP 	scale: markerPos = 1.967592592592593
918.7029 	EXP 	scale: markerPos = 1.967592592592593
918.7305 	EXP 	scale: markerPos = 1.967592592592593
918.7573 	EXP 	scale: markerPos = 1.967592592592593
918.7866 	EXP 	scale: markerPos = 1.967592592592593
918.8231 	EXP 	scale: markerPos = 1.967592592592593
918.8588 	EXP 	scale: markerPos = 1.967592592592593
918.8860 	EXP 	scale: markerPos = 1.967592592592593
918.9198 	EXP 	scale: markerPos = 1.967592592592593
918.9447 	EXP 	scale: markerPos = 1.967592592592593
918.9693 	EXP 	scale: markerPos = 1.967592592592593
918.9969 	EXP 	scale: markerPos = 1.967592592592593
919.0400 	EXP 	scale: markerPos = 1.967592592592593
919.0762 	EXP 	scale: markerPos = 1.967592592592593
919.1070 	EXP 	scale: markerPos = 1.967592592592593
919.1462 	EXP 	scale: markerPos = 1.967592592592593
919.1952 	EXP 	scale: markerPos = 1.967592592592593
919.2248 	EXP 	scale: markerPos = 1.967592592592593
919.2505 	EXP 	scale: markerPos = 1.967592592592593
919.2771 	EXP 	scale: markerPos = 1.967592592592593
919.3026 	EXP 	scale: markerPos = 1.967592592592593
919.3288 	EXP 	scale: markerPos = 1.967592592592593
919.3572 	EXP 	scale: markerPos = 1.967592592592593
919.3876 	EXP 	scale: markerPos = 1.967592592592593
919.4263 	EXP 	scale: markerPos = 1.967592592592593
919.4715 	EXP 	scale: markerPos = 1.967592592592593
919.5122 	EXP 	scale: markerPos = 1.967592592592593
919.5593 	EXP 	scale: markerPos = 1.967592592592593
919.6042 	EXP 	scale: markerPos = 1.967592592592593
919.6425 	EXP 	scale: markerPos = 1.967592592592593
919.6771 	EXP 	scale: markerPos = 1.967592592592593
919.7195 	EXP 	scale: markerPos = 1.967592592592593
919.7651 	EXP 	scale: markerPos = 1.967592592592593
919.8151 	EXP 	scale: markerPos = 1.967592592592593
919.8653 	EXP 	scale: markerPos = 1.967592592592593
919.9101 	EXP 	scale: markerPos = 1.967592592592593
919.9553 	EXP 	scale: markerPos = 1.967592592592593
919.9852 	EXP 	scale: markerPos = 1.967592592592593
920.0165 	EXP 	scale: markerPos = 1.967592592592593
920.0559 	EXP 	scale: markerPos = 1.967592592592593
920.0873 	EXP 	scale: markerPos = 1.967592592592593
920.1156 	DATA 	Mouse:  Left button up, pos=(482,303)
920.1174 	EXP 	scale: markerPos = 1.967592592592593
920.1469 	EXP 	scale: markerPos = 1.967592592592593
921.8064 	DATA 	KeyPress:  
921.8084 	EXP 	textreproductionstart: autoDraw = False
921.8084 	EXP 	scale: autoDraw = False
921.8084 	EXP 	textrest: autoDraw = True
936.7915 	EXP 	Sound sound_2 started
936.7915 	EXP 	textready: autoDraw = True
936.8085 	EXP 	textrest: autoDraw = False
937.3269 	EXP 	Sound sound_2 reached end of file
941.7811 	EXP 	New trial (rep=0, index=12): {'emo_pic': 'emo_pic\\positive_high_5621.jpg', 'duration': 5, 'starduration': 0.1152479, 'posx': -0.7, 'posy': 0}
941.7969 	EXP 	Sound sound_1 started
941.7968 	EXP 	textrest: autoDraw = False
941.7968 	EXP 	textready: autoDraw = False
941.7968 	EXP 	textblank1000: autoDraw = True
942.3374 	EXP 	Sound sound_1 reached end of file
942.8112 	EXP 	textblank1000: autoDraw = False
942.8112 	EXP 	emopic: image = 'emo_pic\\positive_high_5621.jpg'
942.8112 	EXP 	emopic: autoDraw = True
942.8990 	EXP 	redstar: autoDraw = True
943.9000 	EXP 	redstar: autoDraw = False
947.8490 	EXP 	emopic: autoDraw = False
947.8490 	EXP 	emopic: autoDraw = False
947.8490 	EXP 	redstar: autoDraw = False
947.8490 	EXP 	textreproductionstart: text = '時間估計作業\n請透過滑鼠將刺激呈現時間點在以下量尺中\n按下空白鍵進入下一題'
947.8490 	EXP 	scale: markerPos = None
947.8490 	EXP 	scale: markerPos = None
947.8490 	EXP 	textreproductionstart: autoDraw = True
947.8490 	EXP 	scale: autoDraw = True
951.1524 	DATA 	Mouse: Left button down, pos=(750,324)
951.1862 	EXP 	scale: markerPos = 5.069444444444445
951.2146 	EXP 	scale: markerPos = 5.069444444444445
951.2377 	EXP 	scale: markerPos = 5.069444444444445
951.2682 	DATA 	Mouse:  Left button up, pos=(750,324)
951.2698 	EXP 	scale: markerPos = 5.069444444444445
951.3029 	EXP 	scale: markerPos = 5.069444444444445
965.3107 	DATA 	KeyPress:  
965.3124 	EXP 	textreproductionstart: autoDraw = False
965.3124 	EXP 	scale: autoDraw = False
965.3124 	EXP 	textrest: autoDraw = True
980.3060 	EXP 	Sound sound_2 started
980.3058 	EXP 	textready: autoDraw = True
980.3225 	EXP 	textrest: autoDraw = False
980.8469 	EXP 	Sound sound_2 reached end of file
985.2962 	EXP 	New trial (rep=0, index=13): {'emo_pic': 'emo_pic\\pnegative_low_2520.jpg', 'duration': 5, 'starduration': 0.1152479, 'posx': -0.7, 'posy': 0}
985.3114 	EXP 	Sound sound_1 started
985.3113 	EXP 	textready: autoDraw = False
985.3113 	EXP 	textrest: autoDraw = False
985.3113 	EXP 	textready: autoDraw = False
985.3113 	EXP 	textblank1000: autoDraw = True
985.8444 	EXP 	Sound sound_1 reached end of file
986.3246 	EXP 	textblank1000: autoDraw = False
986.3246 	EXP 	emopic: image = 'emo_pic\\pnegative_low_2520.jpg'
986.3246 	EXP 	emopic: autoDraw = True
986.4134 	EXP 	redstar: autoDraw = True
987.4143 	EXP 	redstar: autoDraw = False
991.3608 	EXP 	emopic: autoDraw = False
991.3608 	EXP 	emopic: autoDraw = False
991.3608 	EXP 	redstar: autoDraw = False
991.3608 	EXP 	textreproductionstart: text = '時間估計作業\n請透過滑鼠將刺激呈現時間點在以下量尺中\n按下空白鍵進入下一題'
991.3608 	EXP 	scale: markerPos = None
991.3608 	EXP 	scale: markerPos = None
991.3608 	EXP 	textreproductionstart: autoDraw = True
991.3608 	EXP 	scale: autoDraw = True
996.1970 	DATA 	Mouse: Left button down, pos=(568,329)
996.2326 	EXP 	scale: markerPos = 2.962962962962963
996.2721 	EXP 	scale: markerPos = 2.962962962962963
996.3160 	DATA 	Mouse:  Left button up, pos=(568,329)
996.3178 	EXP 	scale: markerPos = 2.962962962962963
996.3418 	EXP 	scale: markerPos = 2.962962962962963
1007.2325 	DATA 	KeyPress:  
1007.2342 	EXP 	textreproductionstart: autoDraw = False
1007.2342 	EXP 	scale: autoDraw = False
1007.2342 	EXP 	textrest: autoDraw = True
1022.2186 	EXP 	Sound sound_2 started
1022.2187 	EXP 	textready: autoDraw = True
1022.2354 	EXP 	textrest: autoDraw = False
1022.7564 	EXP 	Sound sound_2 reached end of file
1027.2092 	EXP 	New trial (rep=0, index=14): {'emo_pic': 'emo_pic\\positive_high_8370.jpg', 'duration': 7, 'starduration': 0.0561269, 'posx': 0.7, 'posy': 0}
1027.2241 	EXP 	Sound sound_1 started
1027.2248 	EXP 	textready: autoDraw = False
1027.2248 	EXP 	textrest: autoDraw = False
1027.2248 	EXP 	textready: autoDraw = False
1027.2248 	EXP 	textblank1000: autoDraw = True
1027.7640 	EXP 	Sound sound_1 reached end of file
1028.2529 	EXP 	textblank1000: autoDraw = False
1028.2529 	EXP 	textblank1000: autoDraw = False
1028.2529 	EXP 	emopic: image = 'emo_pic\\positive_high_8370.jpg'
1028.2529 	EXP 	emopic: autoDraw = True
1028.2622 	EXP 	redstar: autoDraw = True
1029.2772 	EXP 	redstar: autoDraw = False
1035.2980 	EXP 	emopic: autoDraw = False
1035.2980 	EXP 	emopic: autoDraw = False
1035.2980 	EXP 	redstar: autoDraw = False
1035.2980 	EXP 	textreproductionstart: text = '時間估計作業\n請透過滑鼠將刺激呈現時間點在以下量尺中\n按下空白鍵進入下一題'
1035.2980 	EXP 	scale: markerPos = None
1035.2980 	EXP 	scale: markerPos = None
1035.2980 	EXP 	textreproductionstart: autoDraw = True
1035.2980 	EXP 	scale: autoDraw = True
1039.6447 	DATA 	Mouse: Left button down, pos=(873,329)
1039.6755 	EXP 	scale: markerPos = 6.493055555555555
1039.7113 	EXP 	scale: markerPos = 6.493055555555555
1039.7404 	EXP 	scale: markerPos = 6.493055555555555
1039.7693 	DATA 	Mouse:  Left button up, pos=(873,329)
1039.7711 	EXP 	scale: markerPos = 6.493055555555555
1039.8020 	EXP 	scale: markerPos = 6.493055555555555
1051.1049 	EXP 	textreproductionstart: autoDraw = False
1051.1049 	EXP 	scale: autoDraw = False
1051.1049 	EXP 	textrest: autoDraw = True
1051.1542 	DATA 	KeyPress:  
1066.1003 	EXP 	Sound sound_2 started
1066.1001 	EXP 	textready: autoDraw = True
1066.1170 	EXP 	textrest: autoDraw = False
1066.6363 	EXP 	Sound sound_2 reached end of file
1071.0905 	EXP 	New trial (rep=0, index=15): {'emo_pic': 'emo_pic\\pnegative_low_2100.jpg', 'duration': 7, 'starduration': 0.0561269, 'posx': 0.7, 'posy': 0}
1071.1058 	EXP 	Sound sound_1 started
1071.1060 	EXP 	textready: autoDraw = False
1071.1060 	EXP 	textrest: autoDraw = False
1071.1060 	EXP 	textready: autoDraw = False
1071.1060 	EXP 	textblank1000: autoDraw = True
1071.6457 	EXP 	Sound sound_1 reached end of file
1072.1709 	EXP 	textblank1000: autoDraw = False
1072.1709 	EXP 	textblank1000: autoDraw = False
1072.1709 	EXP 	emopic: image = 'emo_pic\\pnegative_low_2100.jpg'
1072.1709 	EXP 	emopic: autoDraw = True
1072.1709 	EXP 	redstar: autoDraw = True
1073.1753 	EXP 	redstar: autoDraw = False
1079.2135 	EXP 	emopic: autoDraw = False
1079.2135 	EXP 	emopic: autoDraw = False
1079.2135 	EXP 	redstar: autoDraw = False
1079.2135 	EXP 	textreproductionstart: text = '時間估計作業\n請透過滑鼠將刺激呈現時間點在以下量尺中\n按下空白鍵進入下一題'
1079.2135 	EXP 	scale: markerPos = None
1079.2135 	EXP 	scale: markerPos = None
1079.2135 	EXP 	textreproductionstart: autoDraw = True
1079.2135 	EXP 	scale: autoDraw = True
1082.4464 	DATA 	Mouse: Left button down, pos=(741,323)
1082.4920 	EXP 	scale: markerPos = 4.965277777777778
1082.5201 	EXP 	scale: markerPos = 4.965277777777778
1082.5586 	EXP 	scale: markerPos = 4.965277777777778
1082.5951 	EXP 	scale: markerPos = 4.965277777777778
1082.6304 	DATA 	Mouse:  Left button up, pos=(741,323)
1082.6325 	EXP 	scale: markerPos = 4.965277777777778
1082.6571 	EXP 	scale: markerPos = 4.965277777777778
1098.0474 	DATA 	KeyPress:  
1098.0489 	EXP 	textreproductionstart: autoDraw = False
1098.0489 	EXP 	scale: autoDraw = False
1098.0489 	EXP 	textrest: autoDraw = True
1113.0351 	EXP 	Sound sound_2 started
1113.0354 	EXP 	textready: autoDraw = True
1113.0519 	EXP 	textrest: autoDraw = False
1113.5753 	EXP 	Sound sound_2 reached end of file
1118.0258 	EXP 	New trial (rep=0, index=16): {'emo_pic': 'emo_pic\\pnegative_high_1201.jpg', 'duration': 5, 'starduration': 0.1152479, 'posx': -0.7, 'posy': 0}
1118.0406 	EXP 	Sound sound_1 started
1118.0406 	EXP 	textready: autoDraw = False
1118.0406 	EXP 	textrest: autoDraw = False
1118.0406 	EXP 	textready: autoDraw = False
1118.0406 	EXP 	textblank1000: autoDraw = True
1118.5836 	EXP 	Sound sound_1 reached end of file
1119.1089 	EXP 	textblank1000: autoDraw = False
1119.1089 	EXP 	textblank1000: autoDraw = False
1119.1089 	EXP 	emopic: image = 'emo_pic\\pnegative_high_1201.jpg'
1119.1089 	EXP 	emopic: autoDraw = True
1119.1426 	EXP 	redstar: autoDraw = True
1120.1444 	EXP 	redstar: autoDraw = False
1124.1459 	EXP 	emopic: autoDraw = False
1124.1459 	EXP 	emopic: autoDraw = False
1124.1459 	EXP 	redstar: autoDraw = False
1124.1459 	EXP 	textreproductionstart: text = '時間估計作業\n請透過滑鼠將刺激呈現時間點在以下量尺中\n按下空白鍵進入下一題'
1124.1459 	EXP 	scale: markerPos = None
1124.1459 	EXP 	scale: markerPos = None
1124.1459 	EXP 	textreproductionstart: autoDraw = True
1124.1459 	EXP 	scale: autoDraw = True
1127.8544 	DATA 	Mouse: Left button down, pos=(747,323)
1127.8780 	EXP 	scale: markerPos = 5.034722222222222
1127.9050 	EXP 	scale: markerPos = 5.034722222222222
1127.9326 	EXP 	scale: markerPos = 5.034722222222222
1127.9748 	DATA 	Mouse:  Left button up, pos=(747,323)
1127.9767 	EXP 	scale: markerPos = 5.034722222222222
1128.0038 	EXP 	scale: markerPos = 5.034722222222222
1142.9118 	EXP 	textreproductionstart: autoDraw = False
1142.9118 	EXP 	scale: autoDraw = False
1142.9118 	EXP 	textrest: autoDraw = True
1142.9375 	DATA 	KeyPress:  
1157.9180 	EXP 	Sound sound_2 started
1157.9180 	EXP 	textrest: autoDraw = False
1157.9180 	EXP 	textready: autoDraw = True
1158.4562 	EXP 	Sound sound_2 reached end of file
1162.9075 	EXP 	New trial (rep=0, index=17): {'emo_pic': 'emo_pic\\positive_low_7340.jpg', 'duration': 1, 'starduration': 0.1384903, 'posx': 0, 'posy': -0.4}
1162.9235 	EXP 	Sound sound_1 started
1162.9235 	EXP 	textrest: autoDraw = False
1162.9235 	EXP 	textready: autoDraw = False
1162.9235 	EXP 	textblank1000: autoDraw = True
1163.4635 	EXP 	Sound sound_1 reached end of file
1163.9777 	EXP 	textblank1000: autoDraw = False
1163.9777 	EXP 	emopic: image = 'emo_pic\\positive_low_7340.jpg'
1163.9777 	EXP 	emopic: autoDraw = True
1164.0585 	EXP 	redstar: autoDraw = True
1164.9923 	EXP 	emopic: autoDraw = False
1165.0961 	EXP 	redstar: autoDraw = False
1165.0961 	EXP 	emopic: autoDraw = False
1165.0961 	EXP 	redstar: autoDraw = False
1165.0961 	EXP 	textreproductionstart: text = '時間估計作業\n請透過滑鼠將刺激呈現時間點在以下量尺中\n按下空白鍵進入下一題'
1165.0961 	EXP 	scale: markerPos = None
1165.0961 	EXP 	scale: markerPos = None
1165.0961 	EXP 	textreproductionstart: autoDraw = True
1165.0961 	EXP 	scale: autoDraw = True
1168.8058 	DATA 	Mouse: Left button down, pos=(352,335)
1168.8450 	EXP 	scale: markerPos = 0.46296296296296335
1168.8705 	EXP 	scale: markerPos = 0.46296296296296335
1168.8977 	EXP 	scale: markerPos = 0.46296296296296335
1168.9248 	EXP 	scale: markerPos = 0.46296296296296335
1168.9605 	DATA 	Mouse:  Left button up, pos=(352,335)
1168.9622 	EXP 	scale: markerPos = 0.46296296296296335
1169.0009 	EXP 	scale: markerPos = 0.46296296296296335
1179.4815 	DATA 	Mouse: Left button down, pos=(297,266)
1179.7215 	DATA 	Mouse:  Left button up, pos=(297,266)
1182.1490 	DATA 	KeyPress:  
1182.1509 	EXP 	textreproductionstart: autoDraw = False
1182.1509 	EXP 	scale: autoDraw = False
1182.1509 	EXP 	textrest: autoDraw = True
1197.1444 	EXP 	Sound sound_2 started
1197.1444 	EXP 	textready: autoDraw = True
1197.1610 	EXP 	textrest: autoDraw = False
1197.6848 	EXP 	Sound sound_2 reached end of file
1202.1348 	EXP 	New trial (rep=0, index=18): {'emo_pic': 'emo_pic\\pneutral_7233.jpg', 'duration': 5, 'starduration': 0.1152479, 'posx': -0.7, 'posy': 0}
1202.1497 	EXP 	Sound sound_1 started
1202.1497 	EXP 	textready: autoDraw = False
1202.1497 	EXP 	textrest: autoDraw = False
1202.1497 	EXP 	textready: autoDraw = False
1202.1497 	EXP 	textblank1000: autoDraw = True
1202.7072 	EXP 	Sound sound_1 reached end of file
1203.1768 	EXP 	textblank1000: autoDraw = False
1203.1768 	EXP 	textblank1000: autoDraw = False
1203.1768 	EXP 	emopic: image = 'emo_pic\\pneutral_7233.jpg'
1203.1768 	EXP 	emopic: autoDraw = True
1203.2518 	EXP 	redstar: autoDraw = True
1204.2530 	EXP 	redstar: autoDraw = False
1208.2229 	EXP 	emopic: autoDraw = False
1208.2229 	EXP 	emopic: autoDraw = False
1208.2229 	EXP 	redstar: autoDraw = False
1208.2229 	EXP 	textreproductionstart: text = '時間估計作業\n請透過滑鼠將刺激呈現時間點在以下量尺中\n按下空白鍵進入下一題'
1208.2229 	EXP 	scale: markerPos = None
1208.2229 	EXP 	scale: markerPos = None
1208.2229 	EXP 	textreproductionstart: autoDraw = True
1208.2229 	EXP 	scale: autoDraw = True
1211.0616 	DATA 	Mouse: Left button down, pos=(662,330)
1211.0992 	EXP 	scale: markerPos = 4.050925925925926
1211.1264 	EXP 	scale: markerPos = 4.050925925925926
1211.1639 	DATA 	Mouse:  Left button up, pos=(660,330)
1211.1659 	EXP 	scale: markerPos = 4.050925925925926
1211.2111 	EXP 	scale: markerPos = 4.050925925925926
1217.3156 	DATA 	KeyPress:  
1217.3176 	EXP 	textreproductionstart: autoDraw = False
1217.3176 	EXP 	scale: autoDraw = False
1217.3176 	EXP 	textrest: autoDraw = True
1232.3164 	EXP 	Sound sound_2 started
1232.3164 	EXP 	textready: autoDraw = True
1232.3335 	EXP 	textrest: autoDraw = False
1232.8559 	EXP 	Sound sound_2 reached end of file
1237.3064 	EXP 	New trial (rep=0, index=19): {'emo_pic': 'emo_pic\\pneutral_5500.jpg', 'duration': 1, 'starduration': 0.1384903, 'posx': 0, 'posy': -0.4}
1237.3220 	EXP 	Sound sound_1 started
1237.3220 	EXP 	textrest: autoDraw = False
1237.3220 	EXP 	textready: autoDraw = False
1237.3220 	EXP 	textblank1000: autoDraw = True
1237.8633 	EXP 	Sound sound_1 reached end of file
1238.3910 	EXP 	textblank1000: autoDraw = False
1238.3910 	EXP 	emopic: image = 'emo_pic\\pneutral_5500.jpg'
1238.3910 	EXP 	emopic: autoDraw = True
1238.4405 	EXP 	redstar: autoDraw = True
1239.3910 	EXP 	emopic: autoDraw = False
1239.4730 	EXP 	redstar: autoDraw = False
1239.4730 	EXP 	emopic: autoDraw = False
1239.4730 	EXP 	redstar: autoDraw = False
1239.4730 	EXP 	textreproductionstart: text = '時間估計作業\n請透過滑鼠將刺激呈現時間點在以下量尺中\n按下空白鍵進入下一題'
1239.4730 	EXP 	scale: markerPos = None
1239.4730 	EXP 	scale: markerPos = None
1239.4730 	EXP 	textreproductionstart: autoDraw = True
1239.4730 	EXP 	scale: autoDraw = True
1242.9981 	DATA 	Mouse: Left button down, pos=(344,325)
1243.0278 	EXP 	scale: markerPos = 0.37037037037037035
1243.0572 	EXP 	scale: markerPos = 0.37037037037037035
1243.0931 	EXP 	scale: markerPos = 0.37037037037037035
1243.1381 	DATA 	Mouse:  Left button up, pos=(344,325)
1243.1400 	EXP 	scale: markerPos = 0.37037037037037035
1243.1697 	EXP 	scale: markerPos = 0.37037037037037035
1250.3751 	DATA 	KeyPress:  
1250.3767 	EXP 	textreproductionstart: autoDraw = False
1250.3767 	EXP 	scale: autoDraw = False
1250.3767 	EXP 	textrest: autoDraw = True
1265.3525 	EXP 	Sound sound_2 started
1265.3528 	EXP 	textready: autoDraw = True
1265.3861 	EXP 	textrest: autoDraw = False
1265.8639 	EXP 	Sound sound_2 reached end of file
1270.3582 	EXP 	textready: autoDraw = False
1270.3582 	EXP 	textrest: autoDraw = False
1270.3582 	EXP 	textready: autoDraw = False
1270.3582 	EXP 	textEndMessage: autoDraw = True
1300.3580 	EXP 	textEndMessage: autoDraw = False
1300.3580 	EXP 	textEndMessage: autoDraw = False
1300.6064 	EXP 	window1: mouseVisible = True
