48.1691 	WARNING 	User requested fullscreen with size [1536  864], but screen is actually [1920, 1080]. Using actual size
48.7791 	EXP 	Created window1 = Window(allowGUI=True, allowStencil=False, autoLog=True, backendConf=UNKNOWN, bitsMode=UNKNOWN, blendMode='avg', bpc=(8, 8, 8), color=array([0, 0, 0]), colorSpace='rgb', depthBits=8, fullscr=<method-wrapper '__getattribute__' of attributeSetter object at 0x0000028D58700C10>, gamma=None, gammaErrorPolicy='raise', lms=UNKNOWN, monitor=<psychopy.monitors.calibTools.Monitor object at 0x0000028D58B62D90>, multiSample=False, name='window1', numSamples=2, pos=(0, 0), screen=0, size=array([1920, 1080]), stencilBits=0, stereo=False, units='height', useFBO=True, useRetina=False, viewOri=0.0, viewPos=None, viewScale=None, waitBlanking=True, winType='pyglet')
48.7791 	EXP 	window1: mouseVisible = True
48.7792 	EXP 	window1: mouseVisible = False
48.7792 	EXP 	window1: Attempting to measure frame rate of screen (0) ...
48.7792 	EXP 	window1: recordFrameIntervals = False
48.9455 	EXP 	window1: recordFrameIntervals = True
49.1290 	EXP 	Screen (0) actual frame rate measured at 60.02Hz
49.1290 	EXP 	window1: recordFrameIntervals = False
50.8164 	EXP 	Created textreproductionstart = TextStim(__class__=<class 'psychopy.visual.text.TextStim'>, alignHoriz=method-wrapper(...), alignText='center', alignVert=method-wrapper(...), anchorHoriz='center', anchorVert='center', antialias=True, autoDraw=False, autoLog=True, bold=False, color=array([1, 1, 1]), colorSpace='rgb', contrast=1.0, depth=0.0, flipHoriz=False, flipVert=False, font='Open Sans', fontFiles=[], height=0.05, italic=False, languageStyle='LTR', name='textreproductionstart', opacity=1.0, ori=0.0, pos=array([0., 0.]), rgb=UNKNOWN, text='', units='height', win=Window(...), wrapWidth=1)
50.8201 	EXP 	window1: mouseVisible = True
50.9403 	EXP 	Created scale = Slider(__class__=<class 'psychopy.visual.slider.Slider'>, autoDraw=False, autoLog=True, borderColor=None, color=None, colorSpace='rgb', depth=-1, fillColor=None, flip=False, font='Open Sans', granularity=0.0, labelColor=None, labelHeight=0.04, labelWrapWidth=None, labels=list(...), lineColor=None, markerColor=None, name='scale', opacity=None, ori=0.0, pos=array([ 0. , -0.2]), readOnly=False, self=UNKNOWN, size=array([1.2 , 0.04]), startValue=None, style='rating', styleTweaks=['triangleMarker'], ticks=ndarray(...), units='height', win=Window(...))
50.9841 	EXP 	Created textWelcomeMessage = TextStim(__class__=<class 'psychopy.visual.text.TextStim'>, alignHoriz=method-wrapper(...), alignText='center', alignVert=method-wrapper(...), anchorHoriz='center', anchorVert='center', antialias=True, autoDraw=False, autoLog=True, bold=False, color=array([1, 1, 1]), colorSpace='rgb', contrast=1.0, depth=0.0, flipHoriz=False, flipVert=False, font='Open Sans', fontFiles=[], height=0.05, italic=False, languageStyle='LTR', name='textWelcomeMessage', opacity=1.0, ori=0.0, pos=array([0., 0.]), rgb=UNKNOWN, text='歡迎來到本次的實驗\n\n請按"空白鍵"開始實驗', units='height', win=Window(...), wrapWidth=1)
50.9863 	EXP 	Created textblank1000 = TextStim(__class__=<class 'psychopy.visual.text.TextStim'>, alignHoriz=method-wrapper(...), alignText='center', alignVert=method-wrapper(...), anchorHoriz='center', anchorVert='center', antialias=True, autoDraw=False, autoLog=True, bold=False, color=array([1, 1, 1]), colorSpace='rgb', contrast=1.0, depth=0.0, flipHoriz=False, flipVert=False, font='Open Sans', fontFiles=[], height=0.05, italic=False, languageStyle='LTR', name='textblank1000', opacity=1.0, ori=0.0, pos=array([0., 0.]), rgb=UNKNOWN, text='+', units='height', win=Window(...), wrapWidth=1)
51.0334 	EXP 	Sound sound_1 set volume 1.000
51.0380 	EXP 	Created image = ImageStim(__class__=<class 'psychopy.visual.image.ImageStim'>, anchor=('center', 'center'), autoLog=True, color=array([1, 1, 1]), colorSpace='rgb', contrast=1.0, depth=0.0, flipHoriz=False, flipVert=False, image='sin', interpolate=True, mask=None, maskParams=None, name='image', opacity=1.0, ori=0.0, pos=array([0., 0.]), size=array([0.95, 0.7 ]), texRes=128.0, units='height', win=Window(...))
51.0385 	EXP 	Created textreproductionstart = TextStim(__class__=<class 'psychopy.visual.text.TextStim'>, alignHoriz=method-wrapper(...), alignText='center', alignVert=method-wrapper(...), anchorHoriz='center', anchorVert='center', antialias=True, autoDraw=False, autoLog=True, bold=False, color=array([1, 1, 1]), colorSpace='rgb', contrast=1.0, depth=0.0, flipHoriz=False, flipVert=False, font='Open Sans', fontFiles=[], height=0.05, italic=False, languageStyle='LTR', name='textreproductionstart', opacity=1.0, ori=0.0, pos=array([0., 0.]), rgb=UNKNOWN, text='', units='height', win=Window(...), wrapWidth=1)
51.0402 	EXP 	window1: mouseVisible = True
51.1242 	EXP 	Created scale = Slider(__class__=<class 'psychopy.visual.slider.Slider'>, autoDraw=False, autoLog=True, borderColor=None, color=None, colorSpace='rgb', depth=-1, fillColor=None, flip=False, font='Open Sans', granularity=0.0, labelColor=None, labelHeight=0.04, labelWrapWidth=None, labels=list(...), lineColor=None, markerColor=None, name='scale', opacity=None, ori=0.0, pos=array([ 0. , -0.2]), readOnly=False, self=UNKNOWN, size=array([1.2 , 0.04]), startValue=None, style='rating', styleTweaks=['triangleMarker'], ticks=ndarray(...), units='height', win=Window(...))
51.1354 	EXP 	Created textrest = TextStim(__class__=<class 'psychopy.visual.text.TextStim'>, alignHoriz=method-wrapper(...), alignText='center', alignVert=method-wrapper(...), anchorHoriz='center', anchorVert='center', antialias=True, autoDraw=False, autoLog=True, bold=False, color=array([1, 1, 1]), colorSpace='rgb', contrast=1.0, depth=0.0, flipHoriz=False, flipVert=False, font='Open Sans', fontFiles=[], height=0.05, italic=False, languageStyle='LTR', name='textrest', opacity=1.0, ori=0.0, pos=array([0., 0.]), rgb=UNKNOWN, text='休息時間\n\n時間結束會自動進入下一題', units='height', win=Window(...), wrapWidth=1)
51.1386 	EXP 	Created textready = TextStim(__class__=<class 'psychopy.visual.text.TextStim'>, alignHoriz=method-wrapper(...), alignText='center', alignVert=method-wrapper(...), anchorHoriz='center', anchorVert='center', antialias=True, autoDraw=False, autoLog=True, bold=False, color=array([1, 1, 1]), colorSpace='rgb', contrast=1.0, depth=-1.0, flipHoriz=False, flipVert=False, font='Open Sans', fontFiles=[], height=0.05, italic=False, languageStyle='LTR', name='textready', opacity=1.0, ori=0.0, pos=array([0., 0.]), rgb=UNKNOWN, text='即將進入下一題', units='height', win=Window(...), wrapWidth=1)
51.1396 	EXP 	Sound sound_2 set volume 1.000
51.1498 	EXP 	Created start_2 = TextStim(__class__=<class 'psychopy.visual.text.TextStim'>, alignHoriz=method-wrapper(...), alignText='center', alignVert=method-wrapper(...), anchorHoriz='center', anchorVert='center', antialias=True, autoDraw=False, autoLog=True, bold=False, color=array([1, 1, 1]), colorSpace='rgb', contrast=1.0, depth=0.0, flipHoriz=False, flipVert=False, font='Open Sans', fontFiles=[], height=0.05, italic=False, languageStyle='LTR', name='start_2', opacity=1.0, ori=0.0, pos=array([0., 0.]), rgb=UNKNOWN, text='練習階段結束\n\n準備好請按"空白鍵"開始正式階段', units='height', win=Window(...), wrapWidth=1)
51.1513 	EXP 	Created textblank1000 = TextStim(__class__=<class 'psychopy.visual.text.TextStim'>, alignHoriz=method-wrapper(...), alignText='center', alignVert=method-wrapper(...), anchorHoriz='center', anchorVert='center', antialias=True, autoDraw=False, autoLog=True, bold=False, color=array([1, 1, 1]), colorSpace='rgb', contrast=1.0, depth=0.0, flipHoriz=False, flipVert=False, font='Open Sans', fontFiles=[], height=0.05, italic=False, languageStyle='LTR', name='textblank1000', opacity=1.0, ori=0.0, pos=array([0., 0.]), rgb=UNKNOWN, text='+', units='height', win=Window(...), wrapWidth=1)
51.1524 	EXP 	Sound sound_1 set volume 1.000
51.1557 	EXP 	Created emopic = ImageStim(__class__=<class 'psychopy.visual.image.ImageStim'>, anchor=('center', 'center'), autoLog=True, color=array([1, 1, 1]), colorSpace='rgb', contrast=1.0, depth=0.0, flipHoriz=False, flipVert=False, image='sin', interpolate=True, mask=None, maskParams=None, name='emopic', opacity=1.0, ori=0.0, pos=array([0., 0.]), size=array([1., 1.]), texRes=128.0, units='height', win=Window(...))
51.1814 	EXP 	Created redstar = ImageStim(__class__=<class 'psychopy.visual.image.ImageStim'>, anchor=('center', 'center'), autoLog=True, color=array([1, 1, 1]), colorSpace='rgb', contrast=1.0, depth=-1.0, flipHoriz=False, flipVert=False, image='redstar.png', interpolate=True, mask=None, maskParams=None, name='redstar', opacity=1.0, ori=0.0, pos=array([0., 0.]), size=array([0.2, 0.2]), texRes=128.0, units='height', win=Window(...))
51.1820 	EXP 	Created textreproductionstart = TextStim(__class__=<class 'psychopy.visual.text.TextStim'>, alignHoriz=method-wrapper(...), alignText='center', alignVert=method-wrapper(...), anchorHoriz='center', anchorVert='center', antialias=True, autoDraw=False, autoLog=True, bold=False, color=array([1, 1, 1]), colorSpace='rgb', contrast=1.0, depth=0.0, flipHoriz=False, flipVert=False, font='Open Sans', fontFiles=[], height=0.05, italic=False, languageStyle='LTR', name='textreproductionstart', opacity=1.0, ori=0.0, pos=array([0., 0.]), rgb=UNKNOWN, text='', units='height', win=Window(...), wrapWidth=1)
51.1837 	EXP 	window1: mouseVisible = True
51.2694 	EXP 	Created scale = Slider(__class__=<class 'psychopy.visual.slider.Slider'>, autoDraw=False, autoLog=True, borderColor=None, color=None, colorSpace='rgb', depth=-1, fillColor=None, flip=False, font='Open Sans', granularity=0.0, labelColor=None, labelHeight=0.04, labelWrapWidth=None, labels=list(...), lineColor=None, markerColor=None, name='scale', opacity=None, ori=0.0, pos=array([ 0. , -0.2]), readOnly=False, self=UNKNOWN, size=array([1.2 , 0.04]), startValue=None, style='rating', styleTweaks=['triangleMarker'], ticks=ndarray(...), units='height', win=Window(...))
51.2725 	EXP 	Created textrest = TextStim(__class__=<class 'psychopy.visual.text.TextStim'>, alignHoriz=method-wrapper(...), alignText='center', alignVert=method-wrapper(...), anchorHoriz='center', anchorVert='center', antialias=True, autoDraw=False, autoLog=True, bold=False, color=array([1, 1, 1]), colorSpace='rgb', contrast=1.0, depth=0.0, flipHoriz=False, flipVert=False, font='Open Sans', fontFiles=[], height=0.05, italic=False, languageStyle='LTR', name='textrest', opacity=1.0, ori=0.0, pos=array([0., 0.]), rgb=UNKNOWN, text='休息時間\n\n時間結束會自動進入下一題', units='height', win=Window(...), wrapWidth=1)
51.2744 	EXP 	Created textready = TextStim(__class__=<class 'psychopy.visual.text.TextStim'>, alignHoriz=method-wrapper(...), alignText='center', alignVert=method-wrapper(...), anchorHoriz='center', anchorVert='center', antialias=True, autoDraw=False, autoLog=True, bold=False, color=array([1, 1, 1]), colorSpace='rgb', contrast=1.0, depth=-1.0, flipHoriz=False, flipVert=False, font='Open Sans', fontFiles=[], height=0.05, italic=False, languageStyle='LTR', name='textready', opacity=1.0, ori=0.0, pos=array([0., 0.]), rgb=UNKNOWN, text='即將進入下一題', units='height', win=Window(...), wrapWidth=1)
51.2755 	EXP 	Sound sound_2 set volume 1.000
51.2834 	EXP 	Created textEndMessage = TextStim(__class__=<class 'psychopy.visual.text.TextStim'>, alignHoriz=method-wrapper(...), alignText='center', alignVert=method-wrapper(...), anchorHoriz='center', anchorVert='center', antialias=True, autoDraw=False, autoLog=True, bold=False, color=array([1, 1, 1]), colorSpace='rgb', contrast=1.0, depth=0.0, flipHoriz=False, flipVert=False, font='Open Sans', fontFiles=[], height=0.05, italic=False, languageStyle='LTR', name='textEndMessage', opacity=1.0, ori=0.0, pos=array([0., 0.]), rgb=UNKNOWN, text='本次實驗到此結束\n\n感謝您的參與', units='height', win=Window(...), wrapWidth=1)
51.3544 	EXP 	scale: autoLog = True
51.3544 	EXP 	scale: markerPos = None
51.3544 	EXP 	scale: styleTweaks = []
51.3544 	EXP 	scale: styleTweaks = []
51.3544 	EXP 	scale: styleTweaks = ['triangleMarker']
51.3544 	EXP 	scale: styleTweaks = ['triangleMarker']
51.3544 	EXP 	scale: contrast = 1.0
51.3544 	EXP 	scale: autoLog = True
51.3544 	EXP 	scale: autoLog = True
51.3544 	EXP 	scale: markerPos = None
51.3544 	EXP 	scale: styleTweaks = []
51.3544 	EXP 	scale: styleTweaks = []
51.3544 	EXP 	scale: styleTweaks = ['triangleMarker']
51.3544 	EXP 	scale: styleTweaks = ['triangleMarker']
51.3544 	EXP 	scale: contrast = 1.0
51.3544 	EXP 	scale: autoLog = True
51.3544 	EXP 	scale: autoLog = True
51.3544 	EXP 	scale: markerPos = None
51.3544 	EXP 	scale: styleTweaks = []
51.3544 	EXP 	scale: styleTweaks = []
51.3544 	EXP 	scale: styleTweaks = ['triangleMarker']
51.3544 	EXP 	scale: styleTweaks = ['triangleMarker']
51.3544 	EXP 	scale: contrast = 1.0
51.3544 	EXP 	scale: autoLog = True
51.3544 	EXP 	textreproductionstart: height = 0.05
51.3544 	EXP 	textreproductionstart: height = 0.05
51.3544 	EXP 	textreproductionstart: height = 0.05
51.3544 	EXP 	textreproductionstart: text = '時間估計作業\n\n請透過滑鼠將刺激呈現時間點在以下量尺中\n按下空白鍵進入下一題'
51.3544 	EXP 	scale: markerPos = None
51.3544 	EXP 	scale: markerPos = None
51.3544 	EXP 	textreproductionstart: autoDraw = True
51.3544 	EXP 	scale: autoDraw = True
137.9148 	DATA 	Mouse: Left button down, pos=(461,326)
137.9473 	EXP 	scale: markerPos = 1.7245370370370372
137.9806 	EXP 	scale: markerPos = 1.7245370370370372
138.0139 	EXP 	scale: markerPos = 1.7245370370370372
138.0301 	DATA 	Mouse:  Left button up, pos=(461,326)
138.0473 	EXP 	scale: markerPos = 1.7245370370370372
138.0806 	EXP 	scale: markerPos = 1.7245370370370372
138.7148 	DATA 	Mouse: Left button down, pos=(573,326)
138.7473 	EXP 	scale: markerPos = 3.0208333333333335
138.7807 	EXP 	scale: markerPos = 3.0208333333333335
138.7969 	DATA 	Mouse:  Left button up, pos=(573,326)
138.8140 	EXP 	scale: markerPos = 3.0208333333333335
138.8473 	EXP 	scale: markerPos = 3.0208333333333335
139.3482 	DATA 	Mouse: Left button down, pos=(709,328)
139.3807 	EXP 	scale: markerPos = 4.5949074074074066
139.4140 	EXP 	scale: markerPos = 4.5949074074074066
139.4473 	EXP 	scale: markerPos = 4.5949074074074066
139.4481 	DATA 	Mouse:  Left button up, pos=(709,328)
139.4807 	EXP 	scale: markerPos = 4.5949074074074066
140.4148 	DATA 	Mouse: Left button down, pos=(677,321)
140.4473 	EXP 	scale: markerPos = 4.224537037037036
140.4807 	EXP 	scale: markerPos = 4.224537037037036
140.4970 	DATA 	Mouse:  Left button up, pos=(677,321)
140.5140 	EXP 	scale: markerPos = 4.224537037037036
140.5473 	EXP 	scale: markerPos = 4.224537037037036
140.9481 	DATA 	Mouse: Left button down, pos=(709,329)
140.9807 	EXP 	scale: markerPos = 4.5949074074074066
141.0140 	EXP 	scale: markerPos = 4.5949074074074066
141.0303 	DATA 	Mouse:  Left button up, pos=(709,328)
141.0474 	EXP 	scale: markerPos = 4.5949074074074066
141.0807 	EXP 	scale: markerPos = 4.5949074074074066
211.6558 	DATA 	KeyPress:  
211.6653 	EXP 	textreproductionstart: autoDraw = False
211.6653 	EXP 	scale: autoDraw = False
211.6653 	EXP 	textWelcomeMessage: autoDraw = True
213.1369 	EXP 	Imported pink_con.xlsx as conditions, 3 conditions, 2 params
213.1372 	EXP 	Created sequence: random, trialTypes=3, nReps=1, seed=None
213.1374 	EXP 	New trial (rep=0, index=0): {'pink': 'pink.png', 'pra_duration': 2}
213.1485 	EXP 	Sound sound_1 started
213.1485 	EXP 	textWelcomeMessage: autoDraw = False
213.1485 	EXP 	textblank1000: autoDraw = True
213.1539 	DATA 	KeyPress:  
213.6923 	EXP 	Sound sound_1 reached end of file
214.2485 	EXP 	textblank1000: autoDraw = False
214.2485 	EXP 	textblank1000: autoDraw = False
214.2485 	EXP 	image: image = 'pink.png'
214.2485 	EXP 	image: autoDraw = True
216.2652 	EXP 	image: autoDraw = False
216.2652 	EXP 	image: autoDraw = False
216.2652 	EXP 	textreproductionstart: text = '時間估計作業\n\n請透過滑鼠將刺激呈現時間點在以下量尺中\n按下空白鍵進入下一題'
216.2652 	EXP 	scale: markerPos = None
216.2652 	EXP 	scale: markerPos = None
216.2652 	EXP 	textreproductionstart: autoDraw = True
216.2652 	EXP 	scale: autoDraw = True
219.4477 	DATA 	Mouse: Left button down, pos=(485,323)
219.4986 	EXP 	scale: markerPos = 2.0023148148148144
219.5319 	EXP 	scale: markerPos = 2.0023148148148144
219.5328 	DATA 	Mouse:  Left button up, pos=(485,323)
219.5653 	EXP 	scale: markerPos = 2.0023148148148144
220.9328 	DATA 	Mouse: Left button down, pos=(507,327)
220.9653 	EXP 	scale: markerPos = 2.2569444444444446
220.9986 	EXP 	scale: markerPos = 2.2569444444444446
220.9994 	DATA 	Mouse:  Left button up, pos=(507,327)
221.0320 	EXP 	scale: markerPos = 2.2569444444444446
246.2824 	EXP 	textreproductionstart: autoDraw = False
246.2824 	EXP 	scale: autoDraw = False
246.2824 	EXP 	textrest: autoDraw = True
246.2877 	DATA 	KeyPress:  
271.2661 	EXP 	Sound sound_2 started
271.2661 	EXP 	textready: autoDraw = True
271.2827 	EXP 	textrest: autoDraw = False
271.8051 	EXP 	Sound sound_2 reached end of file
276.2499 	EXP 	New trial (rep=0, index=1): {'pink': 'pink.png', 'pra_duration': 6}
276.2662 	EXP 	Sound sound_1 started
276.2662 	EXP 	textready: autoDraw = False
276.2662 	EXP 	textrest: autoDraw = False
276.2662 	EXP 	textready: autoDraw = False
276.2662 	EXP 	textblank1000: autoDraw = True
276.8052 	EXP 	Sound sound_1 reached end of file
277.2995 	EXP 	textblank1000: autoDraw = False
277.2995 	EXP 	textblank1000: autoDraw = False
277.2995 	EXP 	image: image = 'pink.png'
277.2995 	EXP 	image: autoDraw = True
283.3163 	EXP 	image: autoDraw = False
283.3163 	EXP 	image: autoDraw = False
283.3163 	EXP 	textreproductionstart: text = '時間估計作業\n\n請透過滑鼠將刺激呈現時間點在以下量尺中\n按下空白鍵進入下一題'
283.3163 	EXP 	scale: markerPos = None
283.3163 	EXP 	scale: markerPos = None
283.3163 	EXP 	textreproductionstart: autoDraw = True
283.3163 	EXP 	scale: autoDraw = True
285.6982 	DATA 	Mouse: Left button down, pos=(801,325)
285.7497 	EXP 	scale: markerPos = 5.659722222222222
285.7830 	EXP 	scale: markerPos = 5.659722222222222
285.7838 	DATA 	Mouse:  Left button up, pos=(801,325)
285.8163 	EXP 	scale: markerPos = 5.659722222222222
286.4838 	DATA 	Mouse: Left button down, pos=(795,324)
286.5163 	EXP 	scale: markerPos = 5.590277777777778
286.5497 	EXP 	scale: markerPos = 5.590277777777778
286.5660 	DATA 	Mouse:  Left button up, pos=(795,324)
286.5830 	EXP 	scale: markerPos = 5.590277777777778
286.6163 	EXP 	scale: markerPos = 5.590277777777778
304.7999 	EXP 	textreproductionstart: autoDraw = False
304.7999 	EXP 	scale: autoDraw = False
304.7999 	EXP 	textrest: autoDraw = True
304.8054 	DATA 	KeyPress:  
329.7837 	EXP 	Sound sound_2 started
329.7837 	EXP 	textready: autoDraw = True
329.8003 	EXP 	textrest: autoDraw = False
330.3226 	EXP 	Sound sound_2 reached end of file
334.7675 	EXP 	New trial (rep=0, index=2): {'pink': 'pink.png', 'pra_duration': 4}
334.7838 	EXP 	Sound sound_1 started
334.7838 	EXP 	textready: autoDraw = False
334.7838 	EXP 	textrest: autoDraw = False
334.7838 	EXP 	textready: autoDraw = False
334.7838 	EXP 	textblank1000: autoDraw = True
335.3227 	EXP 	Sound sound_1 reached end of file
335.8171 	EXP 	textblank1000: autoDraw = False
335.8171 	EXP 	textblank1000: autoDraw = False
335.8171 	EXP 	image: image = 'pink.png'
335.8171 	EXP 	image: autoDraw = True
339.8338 	EXP 	image: autoDraw = False
339.8338 	EXP 	image: autoDraw = False
339.8338 	EXP 	textreproductionstart: text = '時間估計作業\n\n請透過滑鼠將刺激呈現時間點在以下量尺中\n按下空白鍵進入下一題'
339.8338 	EXP 	scale: markerPos = None
339.8338 	EXP 	scale: markerPos = None
339.8338 	EXP 	textreproductionstart: autoDraw = True
339.8338 	EXP 	scale: autoDraw = True
343.2347 	DATA 	Mouse: Left button down, pos=(583,328)
343.2672 	EXP 	scale: markerPos = 3.136574074074074
343.3006 	EXP 	scale: markerPos = 3.136574074074074
343.3167 	DATA 	Mouse:  Left button up, pos=(583,328)
343.3339 	EXP 	scale: markerPos = 3.136574074074074
343.3672 	EXP 	scale: markerPos = 3.136574074074074
353.5174 	EXP 	textreproductionstart: autoDraw = False
353.5174 	EXP 	scale: autoDraw = False
353.5174 	EXP 	textrest: autoDraw = True
353.5229 	DATA 	KeyPress:  
378.5011 	EXP 	Sound sound_2 started
378.5011 	EXP 	textready: autoDraw = True
378.5178 	EXP 	textrest: autoDraw = False
379.0426 	EXP 	Sound sound_2 reached end of file
383.5012 	EXP 	textready: autoDraw = False
383.5012 	EXP 	textrest: autoDraw = False
383.5012 	EXP 	textready: autoDraw = False
383.5012 	EXP 	start_2: autoDraw = True
385.5081 	EXP 	Imported pic_condition_2.xlsx as conditions, 20 conditions, 5 params
385.5086 	EXP 	Created sequence: random, trialTypes=20, nReps=1, seed=None
385.5088 	EXP 	New trial (rep=0, index=0): {'emo_pic': 'emo_pic\\pnegative_low_6010.jpg', 'duration': 3, 'starduration': 0.1552196, 'posx': 0, 'posy': 0.4}
385.5179 	EXP 	Sound sound_1 started
385.5179 	EXP 	start_2: autoDraw = False
385.5179 	EXP 	textblank1000: autoDraw = True
385.5239 	DATA 	KeyPress:  
386.0627 	EXP 	Sound sound_1 reached end of file
386.5682 	EXP 	textblank1000: autoDraw = False
386.5682 	EXP 	textblank1000: autoDraw = False
386.5682 	EXP 	emopic: image = 'emo_pic\\pnegative_low_6010.jpg'
386.5682 	EXP 	emopic: autoDraw = True
386.6679 	EXP 	redstar: autoDraw = True
387.6675 	EXP 	redstar: autoDraw = False
389.5843 	EXP 	emopic: autoDraw = False
389.5843 	EXP 	emopic: autoDraw = False
389.5843 	EXP 	redstar: autoDraw = False
389.5843 	EXP 	textreproductionstart: text = '時間估計作業\n\n請透過滑鼠將刺激呈現時間點在以下量尺中\n按下空白鍵進入下一題'
389.5843 	EXP 	scale: markerPos = None
389.5843 	EXP 	scale: markerPos = None
389.5843 	EXP 	textreproductionstart: autoDraw = True
389.5843 	EXP 	scale: autoDraw = True
393.1187 	DATA 	Mouse: Left button down, pos=(555,322)
393.1512 	EXP 	scale: markerPos = 2.8125
393.1845 	EXP 	scale: markerPos = 2.8125
393.2179 	EXP 	scale: markerPos = 2.8125
393.2342 	DATA 	Mouse:  Left button up, pos=(555,322)
393.2512 	EXP 	scale: markerPos = 2.8125
393.2845 	EXP 	scale: markerPos = 2.8125
394.1854 	DATA 	Mouse: Left button down, pos=(541,322)
394.2179 	EXP 	scale: markerPos = 2.6504629629629632
394.2512 	EXP 	scale: markerPos = 2.6504629629629632
394.2520 	DATA 	Mouse:  Left button up, pos=(541,322)
394.2845 	EXP 	scale: markerPos = 2.6504629629629632
409.7683 	EXP 	textreproductionstart: autoDraw = False
409.7683 	EXP 	scale: autoDraw = False
409.7683 	EXP 	textrest: autoDraw = True
409.7741 	DATA 	KeyPress:  
434.7520 	EXP 	Sound sound_2 started
434.7520 	EXP 	textready: autoDraw = True
434.7687 	EXP 	textrest: autoDraw = False
435.2924 	EXP 	Sound sound_2 reached end of file
439.7359 	EXP 	New trial (rep=0, index=1): {'emo_pic': 'emo_pic\\pnegative_high_1120.jpg', 'duration': 7, 'starduration': 0.0561269, 'posx': 0.7, 'posy': 0}
439.7521 	EXP 	Sound sound_1 started
439.7521 	EXP 	textready: autoDraw = False
439.7521 	EXP 	textrest: autoDraw = False
439.7521 	EXP 	textready: autoDraw = False
439.7521 	EXP 	textblank1000: autoDraw = True
440.2922 	EXP 	Sound sound_1 reached end of file
440.7688 	EXP 	textblank1000: autoDraw = False
440.7688 	EXP 	textblank1000: autoDraw = False
440.7688 	EXP 	emopic: image = 'emo_pic\\pnegative_high_1120.jpg'
440.7688 	EXP 	emopic: autoDraw = True
440.8188 	EXP 	redstar: autoDraw = True
441.8184 	EXP 	redstar: autoDraw = False
447.7852 	EXP 	emopic: autoDraw = False
447.7852 	EXP 	emopic: autoDraw = False
447.7852 	EXP 	redstar: autoDraw = False
447.7852 	EXP 	textreproductionstart: text = '時間估計作業\n\n請透過滑鼠將刺激呈現時間點在以下量尺中\n按下空白鍵進入下一題'
447.7852 	EXP 	scale: markerPos = None
447.7852 	EXP 	scale: markerPos = None
447.7852 	EXP 	textreproductionstart: autoDraw = True
447.7852 	EXP 	scale: autoDraw = True
449.3672 	DATA 	Mouse: Left button down, pos=(714,325)
449.4186 	EXP 	scale: markerPos = 4.652777777777778
449.4519 	EXP 	scale: markerPos = 4.652777777777778
449.4527 	DATA 	Mouse:  Left button up, pos=(714,325)
449.4853 	EXP 	scale: markerPos = 4.652777777777778
457.2687 	EXP 	textreproductionstart: autoDraw = False
457.2687 	EXP 	scale: autoDraw = False
457.2687 	EXP 	textrest: autoDraw = True
457.2739 	DATA 	KeyPress:  
482.2524 	EXP 	Sound sound_2 started
482.2524 	EXP 	textready: autoDraw = True
482.2691 	EXP 	textrest: autoDraw = False
482.7922 	EXP 	Sound sound_2 reached end of file
487.2363 	EXP 	New trial (rep=0, index=2): {'emo_pic': 'emo_pic\\pneutral_5500.jpg', 'duration': 1, 'starduration': 0.1384903, 'posx': 0, 'posy': -0.4}
487.2525 	EXP 	Sound sound_1 started
487.2525 	EXP 	textready: autoDraw = False
487.2525 	EXP 	textrest: autoDraw = False
487.2525 	EXP 	textready: autoDraw = False
487.2525 	EXP 	textblank1000: autoDraw = True
487.7924 	EXP 	Sound sound_1 reached end of file
488.2692 	EXP 	textblank1000: autoDraw = False
488.2692 	EXP 	textblank1000: autoDraw = False
488.2692 	EXP 	emopic: image = 'emo_pic\\pneutral_5500.jpg'
488.2692 	EXP 	emopic: autoDraw = True
488.4025 	EXP 	redstar: autoDraw = True
489.2692 	EXP 	emopic: autoDraw = False
489.4192 	EXP 	redstar: autoDraw = False
489.4192 	EXP 	emopic: autoDraw = False
489.4192 	EXP 	redstar: autoDraw = False
489.4192 	EXP 	textreproductionstart: text = '時間估計作業\n\n請透過滑鼠將刺激呈現時間點在以下量尺中\n按下空白鍵進入下一題'
489.4192 	EXP 	scale: markerPos = None
489.4192 	EXP 	scale: markerPos = None
489.4192 	EXP 	textreproductionstart: autoDraw = True
489.4192 	EXP 	scale: autoDraw = True
492.0534 	DATA 	Mouse: Left button down, pos=(398,322)
492.0859 	EXP 	scale: markerPos = 0.9953703703703707
492.1193 	EXP 	scale: markerPos = 0.9953703703703707
492.1526 	EXP 	scale: markerPos = 0.9953703703703707
492.1534 	DATA 	Mouse:  Left button up, pos=(398,322)
492.1859 	EXP 	scale: markerPos = 0.9953703703703707
492.5013 	DATA 	Mouse: Left button down, pos=(380,325)
492.5529 	EXP 	scale: markerPos = 0.7870370370370355
492.5863 	EXP 	scale: markerPos = 0.7870370370370355
492.6026 	DATA 	Mouse:  Left button up, pos=(380,325)
492.6196 	EXP 	scale: markerPos = 0.7870370370370355
492.6529 	EXP 	scale: markerPos = 0.7870370370370355
494.0350 	DATA 	Mouse: Left button down, pos=(366,324)
494.0863 	EXP 	scale: markerPos = 0.6250000000000002
494.1196 	EXP 	scale: markerPos = 0.6250000000000002
494.1530 	EXP 	scale: markerPos = 0.6250000000000002
494.1537 	DATA 	Mouse:  Left button up, pos=(366,324)
494.1863 	EXP 	scale: markerPos = 0.6250000000000002
503.4365 	EXP 	textreproductionstart: autoDraw = False
503.4365 	EXP 	scale: autoDraw = False
503.4365 	EXP 	textrest: autoDraw = True
503.4416 	DATA 	KeyPress:  
528.4202 	EXP 	Sound sound_2 started
528.4202 	EXP 	textready: autoDraw = True
528.4368 	EXP 	textrest: autoDraw = False
528.9593 	EXP 	Sound sound_2 reached end of file
533.4040 	EXP 	New trial (rep=0, index=3): {'emo_pic': 'emo_pic\\positive_high_8492.jpg', 'duration': 1, 'starduration': 0.1384903, 'posx': 0, 'posy': -0.4}
533.4202 	EXP 	Sound sound_1 started
533.4203 	EXP 	textready: autoDraw = False
533.4203 	EXP 	textrest: autoDraw = False
533.4203 	EXP 	textready: autoDraw = False
533.4203 	EXP 	textblank1000: autoDraw = True
533.9623 	EXP 	Sound sound_1 reached end of file
534.4369 	EXP 	textblank1000: autoDraw = False
534.4369 	EXP 	textblank1000: autoDraw = False
534.4369 	EXP 	emopic: image = 'emo_pic\\positive_high_8492.jpg'
534.4369 	EXP 	emopic: autoDraw = True
534.5702 	EXP 	redstar: autoDraw = True
535.4365 	EXP 	emopic: autoDraw = False
535.5865 	EXP 	redstar: autoDraw = False
535.5865 	EXP 	emopic: autoDraw = False
535.5865 	EXP 	redstar: autoDraw = False
535.5865 	EXP 	textreproductionstart: text = '時間估計作業\n\n請透過滑鼠將刺激呈現時間點在以下量尺中\n按下空白鍵進入下一題'
535.5865 	EXP 	scale: markerPos = None
535.5865 	EXP 	scale: markerPos = None
535.5865 	EXP 	textreproductionstart: autoDraw = True
535.5865 	EXP 	scale: autoDraw = True
538.3687 	DATA 	Mouse: Left button down, pos=(400,327)
538.4032 	EXP 	scale: markerPos = 1.0185185185185188
538.4366 	EXP 	scale: markerPos = 1.0185185185185188
538.4699 	EXP 	scale: markerPos = 1.0185185185185188
538.4863 	DATA 	Mouse:  Left button up, pos=(400,327)
538.5032 	EXP 	scale: markerPos = 1.0185185185185188
538.5366 	EXP 	scale: markerPos = 1.0185185185185188
539.7353 	DATA 	Mouse: Left button down, pos=(381,325)
539.7699 	EXP 	scale: markerPos = 0.7986111111111114
539.8032 	EXP 	scale: markerPos = 0.7986111111111114
539.8366 	EXP 	scale: markerPos = 0.7986111111111114
539.8374 	DATA 	Mouse:  Left button up, pos=(381,325)
539.8699 	EXP 	scale: markerPos = 0.7986111111111114
547.6872 	EXP 	textreproductionstart: autoDraw = False
547.6872 	EXP 	scale: autoDraw = False
547.6872 	EXP 	textrest: autoDraw = True
547.6930 	DATA 	KeyPress:  
572.6708 	EXP 	Sound sound_2 started
572.6709 	EXP 	textready: autoDraw = True
572.6876 	EXP 	textrest: autoDraw = False
573.2127 	EXP 	Sound sound_2 reached end of file
577.6546 	EXP 	New trial (rep=0, index=4): {'emo_pic': 'emo_pic\\pneutral_7950.jpg', 'duration': 7, 'starduration': 0.0561269, 'posx': 0.7, 'posy': 0}
577.6709 	EXP 	Sound sound_1 started
577.6710 	EXP 	textready: autoDraw = False
577.6710 	EXP 	textrest: autoDraw = False
577.6710 	EXP 	textready: autoDraw = False
577.6710 	EXP 	textblank1000: autoDraw = True
578.2123 	EXP 	Sound sound_1 reached end of file
578.7043 	EXP 	textblank1000: autoDraw = False
578.7043 	EXP 	textblank1000: autoDraw = False
578.7043 	EXP 	emopic: image = 'emo_pic\\pneutral_7950.jpg'
578.7043 	EXP 	emopic: autoDraw = True
578.7377 	EXP 	redstar: autoDraw = True
579.7372 	EXP 	redstar: autoDraw = False
585.7206 	EXP 	emopic: autoDraw = False
585.7206 	EXP 	emopic: autoDraw = False
585.7206 	EXP 	redstar: autoDraw = False
585.7206 	EXP 	textreproductionstart: text = '時間估計作業\n\n請透過滑鼠將刺激呈現時間點在以下量尺中\n按下空白鍵進入下一題'
585.7206 	EXP 	scale: markerPos = None
585.7206 	EXP 	scale: markerPos = None
585.7206 	EXP 	textreproductionstart: autoDraw = True
585.7206 	EXP 	scale: autoDraw = True
590.5360 	DATA 	Mouse: Left button down, pos=(745,326)
590.5707 	EXP 	scale: markerPos = 5.0115740740740735
590.6041 	EXP 	scale: markerPos = 5.0115740740740735
590.6374 	EXP 	scale: markerPos = 5.0115740740740735
590.6537 	DATA 	Mouse:  Left button up, pos=(745,326)
590.6707 	EXP 	scale: markerPos = 5.0115740740740735
590.7041 	EXP 	scale: markerPos = 5.0115740740740735
591.4361 	DATA 	Mouse: Left button down, pos=(760,324)
591.4707 	EXP 	scale: markerPos = 5.185185185185185
591.5041 	EXP 	scale: markerPos = 5.185185185185185
591.5203 	DATA 	Mouse:  Left button up, pos=(760,324)
591.5374 	EXP 	scale: markerPos = 5.185185185185185
591.5707 	EXP 	scale: markerPos = 5.185185185185185
600.8786 	DATA 	KeyPress:  
600.8880 	EXP 	textreproductionstart: autoDraw = False
600.8880 	EXP 	scale: autoDraw = False
600.8880 	EXP 	textrest: autoDraw = True
625.8717 	EXP 	Sound sound_2 started
625.8717 	EXP 	textready: autoDraw = True
625.8884 	EXP 	textrest: autoDraw = False
626.4126 	EXP 	Sound sound_2 reached end of file
630.8555 	EXP 	New trial (rep=0, index=5): {'emo_pic': 'emo_pic\\pneutral_7100.jpg', 'duration': 3, 'starduration': 0.1552196, 'posx': 0, 'posy': 0.4}
630.8718 	EXP 	Sound sound_1 started
630.8718 	EXP 	textready: autoDraw = False
630.8718 	EXP 	textrest: autoDraw = False
630.8718 	EXP 	textready: autoDraw = False
630.8718 	EXP 	textblank1000: autoDraw = True
631.4126 	EXP 	Sound sound_1 reached end of file
631.9051 	EXP 	textblank1000: autoDraw = False
631.9051 	EXP 	textblank1000: autoDraw = False
631.9051 	EXP 	emopic: image = 'emo_pic\\pneutral_7100.jpg'
631.9051 	EXP 	emopic: autoDraw = True
632.0385 	EXP 	redstar: autoDraw = True
633.0381 	EXP 	redstar: autoDraw = False
634.9214 	EXP 	emopic: autoDraw = False
634.9214 	EXP 	emopic: autoDraw = False
634.9214 	EXP 	redstar: autoDraw = False
634.9214 	EXP 	textreproductionstart: text = '時間估計作業\n\n請透過滑鼠將刺激呈現時間點在以下量尺中\n按下空白鍵進入下一題'
634.9214 	EXP 	scale: markerPos = None
634.9214 	EXP 	scale: markerPos = None
634.9214 	EXP 	textreproductionstart: autoDraw = True
634.9214 	EXP 	scale: autoDraw = True
637.9723 	DATA 	Mouse: Left button down, pos=(581,326)
638.0048 	EXP 	scale: markerPos = 3.1134259259259256
638.0381 	EXP 	scale: markerPos = 3.1134259259259256
638.0715 	EXP 	scale: markerPos = 3.1134259259259256
638.0878 	DATA 	Mouse:  Left button up, pos=(581,326)
638.1048 	EXP 	scale: markerPos = 3.1134259259259256
638.1382 	EXP 	scale: markerPos = 3.1134259259259256
638.4868 	DATA 	Mouse: Left button down, pos=(577,326)
638.5215 	EXP 	scale: markerPos = 3.0671296296296298
638.5548 	EXP 	scale: markerPos = 3.0671296296296298
638.5711 	DATA 	Mouse:  Left button up, pos=(577,326)
638.5881 	EXP 	scale: markerPos = 3.0671296296296298
638.6215 	EXP 	scale: markerPos = 3.0671296296296298
645.0785 	DATA 	KeyPress:  
645.0884 	EXP 	textreproductionstart: autoDraw = False
645.0884 	EXP 	scale: autoDraw = False
645.0884 	EXP 	textrest: autoDraw = True
670.0724 	EXP 	Sound sound_2 started
670.0724 	EXP 	textready: autoDraw = True
670.0891 	EXP 	textrest: autoDraw = False
670.6129 	EXP 	Sound sound_2 reached end of file
675.0562 	EXP 	New trial (rep=0, index=6): {'emo_pic': 'emo_pic\\positive_high_8300.jpg', 'duration': 3, 'starduration': 0.1552196, 'posx': 0, 'posy': 0.4}
675.0725 	EXP 	Sound sound_1 started
675.0725 	EXP 	textready: autoDraw = False
675.0725 	EXP 	textrest: autoDraw = False
675.0725 	EXP 	textready: autoDraw = False
675.0725 	EXP 	textblank1000: autoDraw = True
675.6129 	EXP 	Sound sound_1 reached end of file
676.0892 	EXP 	textblank1000: autoDraw = False
676.0892 	EXP 	textblank1000: autoDraw = False
676.0892 	EXP 	emopic: image = 'emo_pic\\positive_high_8300.jpg'
676.0892 	EXP 	emopic: autoDraw = True
676.2392 	EXP 	redstar: autoDraw = True
677.2388 	EXP 	redstar: autoDraw = False
679.1055 	EXP 	emopic: autoDraw = False
679.1055 	EXP 	emopic: autoDraw = False
679.1055 	EXP 	redstar: autoDraw = False
679.1055 	EXP 	textreproductionstart: text = '時間估計作業\n\n請透過滑鼠將刺激呈現時間點在以下量尺中\n按下空白鍵進入下一題'
679.1055 	EXP 	scale: markerPos = None
679.1055 	EXP 	scale: markerPos = None
679.1055 	EXP 	textreproductionstart: autoDraw = True
679.1055 	EXP 	scale: autoDraw = True
682.6541 	DATA 	Mouse: Left button down, pos=(572,327)
682.6888 	EXP 	scale: markerPos = 3.0092592592592595
682.7222 	EXP 	scale: markerPos = 3.0092592592592595
682.7555 	EXP 	scale: markerPos = 3.0092592592592595
682.7563 	DATA 	Mouse:  Left button up, pos=(572,327)
682.7888 	EXP 	scale: markerPos = 3.0092592592592595
683.3710 	DATA 	Mouse: Left button down, pos=(556,324)
683.4055 	EXP 	scale: markerPos = 2.824074074074074
683.4389 	EXP 	scale: markerPos = 2.824074074074074
683.4722 	EXP 	scale: markerPos = 2.824074074074074
683.4730 	DATA 	Mouse:  Left button up, pos=(556,324)
683.5055 	EXP 	scale: markerPos = 2.824074074074074
691.5968 	DATA 	KeyPress:  
691.6056 	EXP 	textreproductionstart: autoDraw = False
691.6056 	EXP 	scale: autoDraw = False
691.6056 	EXP 	textrest: autoDraw = True
716.5898 	EXP 	Sound sound_2 started
716.5898 	EXP 	textready: autoDraw = True
716.6065 	EXP 	textrest: autoDraw = False
717.1286 	EXP 	Sound sound_2 reached end of file
721.5737 	EXP 	New trial (rep=0, index=7): {'emo_pic': 'emo_pic\\pnegative_low_2100.jpg', 'duration': 7, 'starduration': 0.0561269, 'posx': 0.7, 'posy': 0}
721.5899 	EXP 	Sound sound_1 started
721.5899 	EXP 	textready: autoDraw = False
721.5899 	EXP 	textrest: autoDraw = False
721.5899 	EXP 	textready: autoDraw = False
721.5899 	EXP 	textblank1000: autoDraw = True
722.1326 	EXP 	Sound sound_1 reached end of file
722.6066 	EXP 	textblank1000: autoDraw = False
722.6066 	EXP 	textblank1000: autoDraw = False
722.6066 	EXP 	emopic: image = 'emo_pic\\pnegative_low_2100.jpg'
722.6066 	EXP 	emopic: autoDraw = True
722.6566 	EXP 	redstar: autoDraw = True
723.6566 	EXP 	redstar: autoDraw = False
729.6232 	EXP 	emopic: autoDraw = False
729.6232 	EXP 	emopic: autoDraw = False
729.6232 	EXP 	redstar: autoDraw = False
729.6232 	EXP 	textreproductionstart: text = '時間估計作業\n\n請透過滑鼠將刺激呈現時間點在以下量尺中\n按下空白鍵進入下一題'
729.6232 	EXP 	scale: markerPos = None
729.6232 	EXP 	scale: markerPos = None
729.6232 	EXP 	textreproductionstart: autoDraw = True
729.6232 	EXP 	scale: autoDraw = True
732.5720 	DATA 	Mouse: Left button down, pos=(742,325)
732.6233 	EXP 	scale: markerPos = 4.976851851851851
732.6566 	EXP 	scale: markerPos = 4.976851851851851
732.6731 	DATA 	Mouse:  Left button up, pos=(742,325)
732.6899 	EXP 	scale: markerPos = 4.976851851851851
732.7233 	EXP 	scale: markerPos = 4.976851851851851
733.1392 	DATA 	Mouse: Left button down, pos=(782,330)
733.1899 	EXP 	scale: markerPos = 5.439814814814815
733.2233 	EXP 	scale: markerPos = 5.439814814814815
733.2396 	DATA 	Mouse:  Left button up, pos=(782,330)
733.2566 	EXP 	scale: markerPos = 5.439814814814815
733.2899 	EXP 	scale: markerPos = 5.439814814814815
733.7908 	DATA 	Mouse: Left button down, pos=(778,328)
733.8233 	EXP 	scale: markerPos = 5.381944444444445
733.8566 	EXP 	scale: markerPos = 5.370370370370371
733.8900 	EXP 	scale: markerPos = 5.370370370370371
733.9065 	DATA 	Mouse:  Left button up, pos=(776,324)
733.9233 	EXP 	scale: markerPos = 5.370370370370371
733.9566 	EXP 	scale: markerPos = 5.370370370370371
739.6067 	EXP 	textreproductionstart: autoDraw = False
739.6067 	EXP 	scale: autoDraw = False
739.6067 	EXP 	textrest: autoDraw = True
739.6120 	DATA 	KeyPress:  
764.5906 	EXP 	Sound sound_2 started
764.5906 	EXP 	textready: autoDraw = True
764.6073 	EXP 	textrest: autoDraw = False
765.1330 	EXP 	Sound sound_2 reached end of file
769.5743 	EXP 	New trial (rep=0, index=8): {'emo_pic': 'emo_pic\\positive_low_2314.jpg', 'duration': 5, 'starduration': 0.1152479, 'posx': -0.7, 'posy': 0}
769.5906 	EXP 	Sound sound_1 started
769.5907 	EXP 	textready: autoDraw = False
769.5907 	EXP 	textrest: autoDraw = False
769.5907 	EXP 	textready: autoDraw = False
769.5907 	EXP 	textblank1000: autoDraw = True
770.1330 	EXP 	Sound sound_1 reached end of file
770.6240 	EXP 	textblank1000: autoDraw = False
770.6240 	EXP 	textblank1000: autoDraw = False
770.6240 	EXP 	emopic: image = 'emo_pic\\positive_low_2314.jpg'
770.6240 	EXP 	emopic: autoDraw = True
770.7074 	EXP 	redstar: autoDraw = True
771.7069 	EXP 	redstar: autoDraw = False
775.6403 	EXP 	emopic: autoDraw = False
775.6403 	EXP 	emopic: autoDraw = False
775.6403 	EXP 	redstar: autoDraw = False
775.6403 	EXP 	textreproductionstart: text = '時間估計作業\n\n請透過滑鼠將刺激呈現時間點在以下量尺中\n按下空白鍵進入下一題'
775.6403 	EXP 	scale: markerPos = None
775.6403 	EXP 	scale: markerPos = None
775.6403 	EXP 	textreproductionstart: autoDraw = True
775.6403 	EXP 	scale: autoDraw = True
777.9391 	DATA 	Mouse: Left button down, pos=(745,326)
777.9737 	EXP 	scale: markerPos = 5.0115740740740735
778.0070 	EXP 	scale: markerPos = 5.0115740740740735
778.0404 	EXP 	scale: markerPos = 5.0115740740740735
778.0412 	DATA 	Mouse:  Left button up, pos=(745,326)
778.0737 	EXP 	scale: markerPos = 5.0115740740740735
787.5636 	DATA 	KeyPress:  
787.5738 	EXP 	textreproductionstart: autoDraw = False
787.5738 	EXP 	scale: autoDraw = False
787.5738 	EXP 	textrest: autoDraw = True
812.5580 	EXP 	Sound sound_2 started
812.5580 	EXP 	textready: autoDraw = True
812.5747 	EXP 	textrest: autoDraw = False
813.0969 	EXP 	Sound sound_2 reached end of file
817.5418 	EXP 	New trial (rep=0, index=9): {'emo_pic': 'emo_pic\\positive_high_5621.jpg', 'duration': 5, 'starduration': 0.1152479, 'posx': -0.7, 'posy': 0}
817.5581 	EXP 	Sound sound_1 started
817.5581 	EXP 	textready: autoDraw = False
817.5581 	EXP 	textrest: autoDraw = False
817.5581 	EXP 	textready: autoDraw = False
817.5581 	EXP 	textblank1000: autoDraw = True
818.0971 	EXP 	Sound sound_1 reached end of file
818.5748 	EXP 	textblank1000: autoDraw = False
818.5748 	EXP 	textblank1000: autoDraw = False
818.5748 	EXP 	emopic: image = 'emo_pic\\positive_high_5621.jpg'
818.5748 	EXP 	emopic: autoDraw = True
818.6747 	EXP 	redstar: autoDraw = True
819.6743 	EXP 	redstar: autoDraw = False
823.5911 	EXP 	emopic: autoDraw = False
823.5911 	EXP 	emopic: autoDraw = False
823.5911 	EXP 	redstar: autoDraw = False
823.5911 	EXP 	textreproductionstart: text = '時間估計作業\n\n請透過滑鼠將刺激呈現時間點在以下量尺中\n按下空白鍵進入下一題'
823.5911 	EXP 	scale: markerPos = None
823.5911 	EXP 	scale: markerPos = None
823.5911 	EXP 	textreproductionstart: autoDraw = True
823.5911 	EXP 	scale: autoDraw = True
825.9898 	DATA 	Mouse: Left button down, pos=(655,322)
826.0244 	EXP 	scale: markerPos = 3.9699074074074074
826.0578 	EXP 	scale: markerPos = 3.9699074074074074
826.0911 	EXP 	scale: markerPos = 3.9699074074074074
826.1244 	EXP 	scale: markerPos = 3.9699074074074074
826.1253 	DATA 	Mouse:  Left button up, pos=(655,322)
826.1578 	EXP 	scale: markerPos = 3.9699074074074074
836.2816 	DATA 	KeyPress:  
836.2913 	EXP 	textreproductionstart: autoDraw = False
836.2913 	EXP 	scale: autoDraw = False
836.2913 	EXP 	textrest: autoDraw = True
861.2754 	EXP 	Sound sound_2 started
861.2755 	EXP 	textready: autoDraw = True
861.2921 	EXP 	textrest: autoDraw = False
861.8144 	EXP 	Sound sound_2 reached end of file
866.2592 	EXP 	New trial (rep=0, index=10): {'emo_pic': 'emo_pic\\positive_high_8370.jpg', 'duration': 7, 'starduration': 0.0561269, 'posx': 0.7, 'posy': 0}
866.2755 	EXP 	Sound sound_1 started
866.2755 	EXP 	textready: autoDraw = False
866.2755 	EXP 	textrest: autoDraw = False
866.2755 	EXP 	textready: autoDraw = False
866.2755 	EXP 	textblank1000: autoDraw = True
866.8152 	EXP 	Sound sound_1 reached end of file
867.2922 	EXP 	textblank1000: autoDraw = False
867.2922 	EXP 	textblank1000: autoDraw = False
867.2922 	EXP 	emopic: image = 'emo_pic\\positive_high_8370.jpg'
867.2922 	EXP 	emopic: autoDraw = True
867.3422 	EXP 	redstar: autoDraw = True
868.3418 	EXP 	redstar: autoDraw = False
874.3085 	EXP 	emopic: autoDraw = False
874.3085 	EXP 	emopic: autoDraw = False
874.3085 	EXP 	redstar: autoDraw = False
874.3085 	EXP 	textreproductionstart: text = '時間估計作業\n\n請透過滑鼠將刺激呈現時間點在以下量尺中\n按下空白鍵進入下一題'
874.3085 	EXP 	scale: markerPos = None
874.3085 	EXP 	scale: markerPos = None
874.3085 	EXP 	textreproductionstart: autoDraw = True
874.3085 	EXP 	scale: autoDraw = True
877.7073 	DATA 	Mouse: Left button down, pos=(790,322)
877.7419 	EXP 	scale: markerPos = 5.5324074074074066
877.7753 	EXP 	scale: markerPos = 5.5324074074074066
877.8086 	EXP 	scale: markerPos = 5.5324074074074066
877.8094 	DATA 	Mouse:  Left button up, pos=(790,322)
877.8419 	EXP 	scale: markerPos = 5.5324074074074066
885.5324 	DATA 	KeyPress:  
885.5420 	EXP 	textreproductionstart: autoDraw = False
885.5420 	EXP 	scale: autoDraw = False
885.5420 	EXP 	textrest: autoDraw = True
910.5262 	EXP 	Sound sound_2 started
910.5262 	EXP 	textready: autoDraw = True
910.5429 	EXP 	textrest: autoDraw = False
911.0654 	EXP 	Sound sound_2 reached end of file
915.5100 	EXP 	New trial (rep=0, index=11): {'emo_pic': 'emo_pic\\positive_low_2156.jpg', 'duration': 7, 'starduration': 0.0561269, 'posx': 0.7, 'posy': 0}
915.5263 	EXP 	Sound sound_1 started
915.5263 	EXP 	textready: autoDraw = False
915.5263 	EXP 	textrest: autoDraw = False
915.5263 	EXP 	textready: autoDraw = False
915.5263 	EXP 	textblank1000: autoDraw = True
916.0655 	EXP 	Sound sound_1 reached end of file
916.5430 	EXP 	textblank1000: autoDraw = False
916.5430 	EXP 	textblank1000: autoDraw = False
916.5430 	EXP 	emopic: image = 'emo_pic\\positive_low_2156.jpg'
916.5430 	EXP 	emopic: autoDraw = True
916.5930 	EXP 	redstar: autoDraw = True
917.5926 	EXP 	redstar: autoDraw = False
923.5593 	EXP 	emopic: autoDraw = False
923.5593 	EXP 	emopic: autoDraw = False
923.5593 	EXP 	redstar: autoDraw = False
923.5593 	EXP 	textreproductionstart: text = '時間估計作業\n\n請透過滑鼠將刺激呈現時間點在以下量尺中\n按下空白鍵進入下一題'
923.5593 	EXP 	scale: markerPos = None
923.5593 	EXP 	scale: markerPos = None
923.5593 	EXP 	textreproductionstart: autoDraw = True
923.5593 	EXP 	scale: autoDraw = True
926.7414 	DATA 	Mouse: Left button down, pos=(786,320)
926.7760 	EXP 	scale: markerPos = 5.486111111111111
926.8094 	EXP 	scale: markerPos = 5.486111111111111
926.8427 	EXP 	scale: markerPos = 5.486111111111111
926.8592 	DATA 	Mouse:  Left button up, pos=(786,320)
926.8760 	EXP 	scale: markerPos = 5.486111111111111
926.9094 	EXP 	scale: markerPos = 5.486111111111111
934.5163 	DATA 	KeyPress:  
934.5262 	EXP 	textreproductionstart: autoDraw = False
934.5262 	EXP 	scale: autoDraw = False
934.5262 	EXP 	textrest: autoDraw = True
959.5099 	EXP 	Sound sound_2 started
959.5099 	EXP 	textready: autoDraw = True
959.5266 	EXP 	textrest: autoDraw = False
960.0492 	EXP 	Sound sound_2 reached end of file
964.4938 	EXP 	New trial (rep=0, index=12): {'emo_pic': 'emo_pic\\positive_low_7325.jpg', 'duration': 3, 'starduration': 0.1552196, 'posx': 0, 'posy': 0.4}
964.5101 	EXP 	Sound sound_1 started
964.5101 	EXP 	textready: autoDraw = False
964.5101 	EXP 	textrest: autoDraw = False
964.5101 	EXP 	textready: autoDraw = False
964.5101 	EXP 	textblank1000: autoDraw = True
965.0528 	EXP 	Sound sound_1 reached end of file
965.5271 	EXP 	textblank1000: autoDraw = False
965.5271 	EXP 	textblank1000: autoDraw = False
965.5271 	EXP 	emopic: image = 'emo_pic\\positive_low_7325.jpg'
965.5271 	EXP 	emopic: autoDraw = True
965.6767 	EXP 	redstar: autoDraw = True
966.6767 	EXP 	redstar: autoDraw = False
968.5434 	EXP 	emopic: autoDraw = False
968.5434 	EXP 	emopic: autoDraw = False
968.5434 	EXP 	redstar: autoDraw = False
968.5434 	EXP 	textreproductionstart: text = '時間估計作業\n\n請透過滑鼠將刺激呈現時間點在以下量尺中\n按下空白鍵進入下一題'
968.5434 	EXP 	scale: markerPos = None
968.5434 	EXP 	scale: markerPos = None
968.5434 	EXP 	textreproductionstart: autoDraw = True
968.5434 	EXP 	scale: autoDraw = True
970.4921 	DATA 	Mouse: Left button down, pos=(521,318)
970.5267 	EXP 	scale: markerPos = 2.4189814814814814
970.5601 	EXP 	scale: markerPos = 2.4189814814814814
970.5934 	EXP 	scale: markerPos = 2.4189814814814814
970.5942 	DATA 	Mouse:  Left button up, pos=(521,318)
970.6268 	EXP 	scale: markerPos = 2.4189814814814814
974.5505 	DATA 	KeyPress:  
974.5601 	EXP 	textreproductionstart: autoDraw = False
974.5601 	EXP 	scale: autoDraw = False
974.5601 	EXP 	textrest: autoDraw = True
999.5439 	EXP 	Sound sound_2 started
999.5439 	EXP 	textready: autoDraw = True
999.5605 	EXP 	textrest: autoDraw = False
1000.0830 	EXP 	Sound sound_2 reached end of file
1004.5277 	EXP 	New trial (rep=0, index=13): {'emo_pic': 'emo_pic\\pnegative_high_1201.jpg', 'duration': 5, 'starduration': 0.1152479, 'posx': -0.7, 'posy': 0}
1004.5439 	EXP 	Sound sound_1 started
1004.5440 	EXP 	textready: autoDraw = False
1004.5440 	EXP 	textrest: autoDraw = False
1004.5440 	EXP 	textready: autoDraw = False
1004.5440 	EXP 	textblank1000: autoDraw = True
1005.0832 	EXP 	Sound sound_1 reached end of file
1005.5440 	EXP 	textblank1000: autoDraw = False
1005.5440 	EXP 	textblank1000: autoDraw = False
1005.5440 	EXP 	emopic: image = 'emo_pic\\pnegative_high_1201.jpg'
1005.5440 	EXP 	emopic: autoDraw = True
1005.6607 	EXP 	redstar: autoDraw = True
1006.6607 	EXP 	redstar: autoDraw = False
1010.5607 	EXP 	emopic: autoDraw = False
1010.5607 	EXP 	emopic: autoDraw = False
1010.5607 	EXP 	redstar: autoDraw = False
1010.5607 	EXP 	textreproductionstart: text = '時間估計作業\n\n請透過滑鼠將刺激呈現時間點在以下量尺中\n按下空白鍵進入下一題'
1010.5607 	EXP 	scale: markerPos = None
1010.5607 	EXP 	scale: markerPos = None
1010.5607 	EXP 	textreproductionstart: autoDraw = True
1010.5607 	EXP 	scale: autoDraw = True
1012.8117 	DATA 	Mouse: Left button down, pos=(657,325)
1012.8442 	EXP 	scale: markerPos = 3.993055555555556
1012.8776 	EXP 	scale: markerPos = 3.993055555555556
1012.9109 	EXP 	scale: markerPos = 3.993055555555556
1012.9273 	DATA 	Mouse:  Left button up, pos=(657,325)
1012.9442 	EXP 	scale: markerPos = 3.993055555555556
1012.9776 	EXP 	scale: markerPos = 3.993055555555556
1015.1945 	EXP 	textreproductionstart: autoDraw = False
1015.1945 	EXP 	scale: autoDraw = False
1015.1945 	EXP 	textrest: autoDraw = True
1015.1998 	DATA 	KeyPress:  
1040.1783 	EXP 	Sound sound_2 started
1040.1783 	EXP 	textready: autoDraw = True
1040.1949 	EXP 	textrest: autoDraw = False
1040.7177 	EXP 	Sound sound_2 reached end of file
1045.1622 	EXP 	New trial (rep=0, index=14): {'emo_pic': 'emo_pic\\pnegative_low_9331.jpg', 'duration': 1, 'starduration': 0.1384903, 'posx': 0, 'posy': -0.4}
1045.1784 	EXP 	Sound sound_1 started
1045.1784 	EXP 	textready: autoDraw = False
1045.1784 	EXP 	textrest: autoDraw = False
1045.1784 	EXP 	textready: autoDraw = False
1045.1784 	EXP 	textblank1000: autoDraw = True
1045.7174 	EXP 	Sound sound_1 reached end of file
1046.1951 	EXP 	textblank1000: autoDraw = False
1046.1951 	EXP 	textblank1000: autoDraw = False
1046.1951 	EXP 	emopic: image = 'emo_pic\\pnegative_low_9331.jpg'
1046.1951 	EXP 	emopic: autoDraw = True
1046.3284 	EXP 	redstar: autoDraw = True
1047.1949 	EXP 	emopic: autoDraw = False
1047.3449 	EXP 	redstar: autoDraw = False
1047.3449 	EXP 	emopic: autoDraw = False
1047.3449 	EXP 	redstar: autoDraw = False
1047.3449 	EXP 	textreproductionstart: text = '時間估計作業\n\n請透過滑鼠將刺激呈現時間點在以下量尺中\n按下空白鍵進入下一題'
1047.3449 	EXP 	scale: markerPos = None
1047.3449 	EXP 	scale: markerPos = None
1047.3449 	EXP 	textreproductionstart: autoDraw = True
1047.3449 	EXP 	scale: autoDraw = True
1050.7937 	DATA 	Mouse: Left button down, pos=(353,322)
1050.8450 	EXP 	scale: markerPos = 0.47453703703703665
1050.8783 	EXP 	scale: markerPos = 0.47453703703703665
1050.8947 	DATA 	Mouse:  Left button up, pos=(353,322)
1050.9117 	EXP 	scale: markerPos = 0.47453703703703665
1050.9450 	EXP 	scale: markerPos = 0.47453703703703665
1051.5792 	DATA 	Mouse: Left button down, pos=(342,324)
1051.6117 	EXP 	scale: markerPos = 0.3472222222222221
1051.6450 	EXP 	scale: markerPos = 0.3472222222222221
1051.6784 	EXP 	scale: markerPos = 0.3472222222222221
1051.6792 	DATA 	Mouse:  Left button up, pos=(342,324)
1051.7117 	EXP 	scale: markerPos = 0.3472222222222221
1065.3954 	EXP 	textreproductionstart: autoDraw = False
1065.3954 	EXP 	scale: autoDraw = False
1065.3954 	EXP 	textrest: autoDraw = True
1065.4006 	DATA 	KeyPress:  
1090.3791 	EXP 	Sound sound_2 started
1090.3791 	EXP 	textready: autoDraw = True
1090.3958 	EXP 	textrest: autoDraw = False
1090.9181 	EXP 	Sound sound_2 reached end of file
1095.3629 	EXP 	New trial (rep=0, index=15): {'emo_pic': 'emo_pic\\pnegative_high_6230.jpg', 'duration': 1, 'starduration': 0.1384903, 'posx': 0, 'posy': -0.4}
1095.3792 	EXP 	Sound sound_1 started
1095.3792 	EXP 	textready: autoDraw = False
1095.3792 	EXP 	textrest: autoDraw = False
1095.3792 	EXP 	textready: autoDraw = False
1095.3792 	EXP 	textblank1000: autoDraw = True
1095.9182 	EXP 	Sound sound_1 reached end of file
1096.3959 	EXP 	textblank1000: autoDraw = False
1096.3959 	EXP 	textblank1000: autoDraw = False
1096.3959 	EXP 	emopic: image = 'emo_pic\\pnegative_high_6230.jpg'
1096.3959 	EXP 	emopic: autoDraw = True
1096.5292 	EXP 	redstar: autoDraw = True
1097.3958 	EXP 	emopic: autoDraw = False
1097.5458 	EXP 	redstar: autoDraw = False
1097.5458 	EXP 	emopic: autoDraw = False
1097.5458 	EXP 	redstar: autoDraw = False
1097.5458 	EXP 	textreproductionstart: text = '時間估計作業\n\n請透過滑鼠將刺激呈現時間點在以下量尺中\n按下空白鍵進入下一題'
1097.5458 	EXP 	scale: markerPos = None
1097.5458 	EXP 	scale: markerPos = None
1097.5458 	EXP 	textreproductionstart: autoDraw = True
1097.5458 	EXP 	scale: autoDraw = True
1100.2133 	DATA 	Mouse: Left button down, pos=(386,322)
1100.2458 	EXP 	scale: markerPos = 0.8564814814814812
1100.2791 	EXP 	scale: markerPos = 0.8564814814814812
1100.3125 	EXP 	scale: markerPos = 0.8564814814814812
1100.3288 	DATA 	Mouse:  Left button up, pos=(386,322)
1100.3458 	EXP 	scale: markerPos = 0.8564814814814812
1100.3791 	EXP 	scale: markerPos = 0.8564814814814812
1114.8628 	EXP 	textreproductionstart: autoDraw = False
1114.8628 	EXP 	scale: autoDraw = False
1114.8628 	EXP 	textrest: autoDraw = True
1114.8683 	DATA 	KeyPress:  
1139.8466 	EXP 	Sound sound_2 started
1139.8466 	EXP 	textready: autoDraw = True
1139.8632 	EXP 	textrest: autoDraw = False
1140.3862 	EXP 	Sound sound_2 reached end of file
1144.8304 	EXP 	New trial (rep=0, index=16): {'emo_pic': 'emo_pic\\pnegative_low_2520.jpg', 'duration': 5, 'starduration': 0.1152479, 'posx': -0.7, 'posy': 0}
1144.8466 	EXP 	Sound sound_1 started
1144.8466 	EXP 	textready: autoDraw = False
1144.8466 	EXP 	textrest: autoDraw = False
1144.8466 	EXP 	textready: autoDraw = False
1144.8466 	EXP 	textblank1000: autoDraw = True
1145.3861 	EXP 	Sound sound_1 reached end of file
1145.8633 	EXP 	textblank1000: autoDraw = False
1145.8633 	EXP 	textblank1000: autoDraw = False
1145.8633 	EXP 	emopic: image = 'emo_pic\\pnegative_low_2520.jpg'
1145.8633 	EXP 	emopic: autoDraw = True
1145.9633 	EXP 	redstar: autoDraw = True
1146.9629 	EXP 	redstar: autoDraw = False
1150.8796 	EXP 	emopic: autoDraw = False
1150.8796 	EXP 	emopic: autoDraw = False
1150.8796 	EXP 	redstar: autoDraw = False
1150.8796 	EXP 	textreproductionstart: text = '時間估計作業\n\n請透過滑鼠將刺激呈現時間點在以下量尺中\n按下空白鍵進入下一題'
1150.8796 	EXP 	scale: markerPos = None
1150.8796 	EXP 	scale: markerPos = None
1150.8796 	EXP 	textreproductionstart: autoDraw = True
1150.8796 	EXP 	scale: autoDraw = True
1153.9284 	DATA 	Mouse: Left button down, pos=(647,324)
1153.9630 	EXP 	scale: markerPos = 3.8773148148148144
1153.9963 	EXP 	scale: markerPos = 3.8773148148148144
1154.0297 	EXP 	scale: markerPos = 3.8773148148148144
1154.0460 	DATA 	Mouse:  Left button up, pos=(647,324)
1154.0630 	EXP 	scale: markerPos = 3.8773148148148144
1154.0963 	EXP 	scale: markerPos = 3.8773148148148144
1154.6950 	DATA 	Mouse: Left button down, pos=(638,324)
1154.7297 	EXP 	scale: markerPos = 3.7731481481481484
1154.7630 	EXP 	scale: markerPos = 3.7731481481481484
1154.7793 	DATA 	Mouse:  Left button up, pos=(638,324)
1154.7964 	EXP 	scale: markerPos = 3.7731481481481484
1154.8297 	EXP 	scale: markerPos = 3.7731481481481484
1155.5118 	DATA 	Mouse: Left button down, pos=(622,320)
1155.5464 	EXP 	scale: markerPos = 3.5879629629629632
1155.5797 	EXP 	scale: markerPos = 3.5879629629629632
1155.5805 	DATA 	Mouse:  Left button up, pos=(622,320)
1155.6130 	EXP 	scale: markerPos = 3.5879629629629632
1161.4466 	EXP 	textreproductionstart: autoDraw = False
1161.4466 	EXP 	scale: autoDraw = False
1161.4466 	EXP 	textrest: autoDraw = True
1161.4516 	DATA 	KeyPress:  
1186.4306 	EXP 	Sound sound_2 started
1186.4306 	EXP 	textready: autoDraw = True
1186.4473 	EXP 	textrest: autoDraw = False
1186.9727 	EXP 	Sound sound_2 reached end of file
1191.4144 	EXP 	New trial (rep=0, index=17): {'emo_pic': 'emo_pic\\pneutral_7233.jpg', 'duration': 5, 'starduration': 0.1152479, 'posx': -0.7, 'posy': 0}
1191.4307 	EXP 	Sound sound_1 started
1191.4307 	EXP 	textready: autoDraw = False
1191.4307 	EXP 	textrest: autoDraw = False
1191.4307 	EXP 	textready: autoDraw = False
1191.4307 	EXP 	textblank1000: autoDraw = True
1191.9731 	EXP 	Sound sound_1 reached end of file
1192.4474 	EXP 	textblank1000: autoDraw = False
1192.4474 	EXP 	textblank1000: autoDraw = False
1192.4474 	EXP 	emopic: image = 'emo_pic\\pneutral_7233.jpg'
1192.4474 	EXP 	emopic: autoDraw = True
1192.5474 	EXP 	redstar: autoDraw = True
1193.5470 	EXP 	redstar: autoDraw = False
1197.4637 	EXP 	emopic: autoDraw = False
1197.4637 	EXP 	emopic: autoDraw = False
1197.4637 	EXP 	redstar: autoDraw = False
1197.4637 	EXP 	textreproductionstart: text = '時間估計作業\n\n請透過滑鼠將刺激呈現時間點在以下量尺中\n按下空白鍵進入下一題'
1197.4637 	EXP 	scale: markerPos = None
1197.4637 	EXP 	scale: markerPos = None
1197.4637 	EXP 	textreproductionstart: autoDraw = True
1197.4637 	EXP 	scale: autoDraw = True
1199.9289 	DATA 	Mouse: Left button down, pos=(658,322)
1199.9637 	EXP 	scale: markerPos = 4.004629629629629
1199.9971 	EXP 	scale: markerPos = 4.004629629629629
1200.0304 	EXP 	scale: markerPos = 4.004629629629629
1200.0638 	EXP 	scale: markerPos = 4.004629629629629
1200.0645 	DATA 	Mouse:  Left button up, pos=(658,322)
1200.0971 	EXP 	scale: markerPos = 4.004629629629629
1204.0044 	DATA 	KeyPress:  
1204.0138 	EXP 	textreproductionstart: autoDraw = False
1204.0138 	EXP 	scale: autoDraw = False
1204.0138 	EXP 	textrest: autoDraw = True
1228.9979 	EXP 	Sound sound_2 started
1228.9980 	EXP 	textready: autoDraw = True
1229.0146 	EXP 	textrest: autoDraw = False
1229.5375 	EXP 	Sound sound_2 reached end of file
1233.9817 	EXP 	New trial (rep=0, index=18): {'emo_pic': 'emo_pic\\pnegative_high_1300.jpg', 'duration': 3, 'starduration': 0.1552196, 'posx': 0, 'posy': 0.4}
1233.9980 	EXP 	Sound sound_1 started
1233.9980 	EXP 	textready: autoDraw = False
1233.9980 	EXP 	textrest: autoDraw = False
1233.9980 	EXP 	textready: autoDraw = False
1233.9980 	EXP 	textblank1000: autoDraw = True
1234.5372 	EXP 	Sound sound_1 reached end of file
1235.0147 	EXP 	textblank1000: autoDraw = False
1235.0147 	EXP 	textblank1000: autoDraw = False
1235.0147 	EXP 	emopic: image = 'emo_pic\\pnegative_high_1300.jpg'
1235.0147 	EXP 	emopic: autoDraw = True
1235.1647 	EXP 	redstar: autoDraw = True
1236.1643 	EXP 	redstar: autoDraw = False
1238.0310 	EXP 	emopic: autoDraw = False
1238.0310 	EXP 	emopic: autoDraw = False
1238.0310 	EXP 	redstar: autoDraw = False
1238.0310 	EXP 	textreproductionstart: text = '時間估計作業\n\n請透過滑鼠將刺激呈現時間點在以下量尺中\n按下空白鍵進入下一題'
1238.0310 	EXP 	scale: markerPos = None
1238.0310 	EXP 	scale: markerPos = None
1238.0310 	EXP 	textreproductionstart: autoDraw = True
1238.0310 	EXP 	scale: autoDraw = True
1240.3463 	DATA 	Mouse: Left button down, pos=(549,330)
1240.3810 	EXP 	scale: markerPos = 2.7430555555555554
1240.4144 	EXP 	scale: markerPos = 2.7430555555555554
1240.4477 	EXP 	scale: markerPos = 2.7430555555555554
1240.4810 	EXP 	scale: markerPos = 2.7430555555555554
1240.4973 	DATA 	Mouse:  Left button up, pos=(549,330)
1240.5144 	EXP 	scale: markerPos = 2.7430555555555554
1240.5477 	EXP 	scale: markerPos = 2.7430555555555554
1241.3297 	DATA 	Mouse: Left button down, pos=(573,321)
1241.3644 	EXP 	scale: markerPos = 3.0208333333333335
1241.3977 	EXP 	scale: markerPos = 3.0208333333333335
1241.4310 	EXP 	scale: markerPos = 3.0208333333333335
1241.4472 	DATA 	Mouse:  Left button up, pos=(573,321)
1241.4644 	EXP 	scale: markerPos = 3.0208333333333335
1241.4977 	EXP 	scale: markerPos = 3.0208333333333335
1247.0217 	DATA 	KeyPress:  
1247.0312 	EXP 	textreproductionstart: autoDraw = False
1247.0312 	EXP 	scale: autoDraw = False
1247.0312 	EXP 	textrest: autoDraw = True
1272.0153 	EXP 	Sound sound_2 started
1272.0153 	EXP 	textready: autoDraw = True
1272.0320 	EXP 	textrest: autoDraw = False
1272.5550 	EXP 	Sound sound_2 reached end of file
1276.9991 	EXP 	New trial (rep=0, index=19): {'emo_pic': 'emo_pic\\positive_low_7340.jpg', 'duration': 1, 'starduration': 0.1384903, 'posx': 0, 'posy': -0.4}
1277.0154 	EXP 	Sound sound_1 started
1277.0154 	EXP 	textready: autoDraw = False
1277.0154 	EXP 	textrest: autoDraw = False
1277.0154 	EXP 	textready: autoDraw = False
1277.0154 	EXP 	textblank1000: autoDraw = True
1277.5544 	EXP 	Sound sound_1 reached end of file
1278.0321 	EXP 	textblank1000: autoDraw = False
1278.0321 	EXP 	textblank1000: autoDraw = False
1278.0321 	EXP 	emopic: image = 'emo_pic\\positive_low_7340.jpg'
1278.0321 	EXP 	emopic: autoDraw = True
1278.1654 	EXP 	redstar: autoDraw = True
1279.0316 	EXP 	emopic: autoDraw = False
1279.1816 	EXP 	redstar: autoDraw = False
1279.1816 	EXP 	emopic: autoDraw = False
1279.1816 	EXP 	redstar: autoDraw = False
1279.1816 	EXP 	textreproductionstart: text = '時間估計作業\n\n請透過滑鼠將刺激呈現時間點在以下量尺中\n按下空白鍵進入下一題'
1279.1816 	EXP 	scale: markerPos = None
1279.1816 	EXP 	scale: markerPos = None
1279.1816 	EXP 	textreproductionstart: autoDraw = True
1279.1816 	EXP 	scale: autoDraw = True
1281.6803 	DATA 	Mouse: Left button down, pos=(378,327)
1281.7150 	EXP 	scale: markerPos = 0.763888888888889
1281.7483 	EXP 	scale: markerPos = 0.763888888888889
1281.7817 	EXP 	scale: markerPos = 0.763888888888889
1281.7825 	DATA 	Mouse:  Left button up, pos=(378,327)
1281.8150 	EXP 	scale: markerPos = 0.763888888888889
1289.3890 	DATA 	KeyPress:  
1289.3984 	EXP 	textreproductionstart: autoDraw = False
1289.3984 	EXP 	scale: autoDraw = False
1289.3984 	EXP 	textrest: autoDraw = True
1314.3822 	EXP 	Sound sound_2 started
1314.3822 	EXP 	textready: autoDraw = True
1314.3988 	EXP 	textrest: autoDraw = False
1314.9234 	EXP 	Sound sound_2 reached end of file
1319.3823 	EXP 	textready: autoDraw = False
1319.3823 	EXP 	textrest: autoDraw = False
1319.3823 	EXP 	textready: autoDraw = False
1319.3823 	EXP 	textEndMessage: autoDraw = True
1349.3832 	EXP 	textEndMessage: autoDraw = False
1349.3832 	EXP 	textEndMessage: autoDraw = False
1349.4382 	EXP 	window1: mouseVisible = True
