7.8133 	WARNING 	User requested fullscreen with size [1536  864], but screen is actually [1920, 1080]. Using actual size
8.3954 	EXP 	Created window1 = Window(allowGUI=True, allowStencil=False, autoLog=True, backendConf=UNKNOWN, bitsMode=UNKNOWN, blendMode='avg', bpc=(8, 8, 8), color=array([0, 0, 0]), colorSpace='rgb', depthBits=8, fullscr=<method-wrapper '__getattribute__' of attributeSetter object at 0x0000018F278E2C40>, gamma=None, gammaErrorPolicy='raise', lms=UNKNOWN, monitor=<psychopy.monitors.calibTools.Monitor object at 0x0000018F27D83D30>, multiSample=False, name='window1', numSamples=2, pos=(0, 0), screen=0, size=array([1920, 1080]), stencilBits=0, stereo=False, units='height', useFBO=True, useRetina=False, viewOri=0.0, viewPos=None, viewScale=None, waitBlanking=True, winType='pyglet')
8.3954 	EXP 	window1: mouseVisible = True
8.3955 	EXP 	window1: mouseVisible = False
8.3955 	EXP 	window1: Attempting to measure frame rate of screen (0) ...
8.3955 	EXP 	window1: recordFrameIntervals = False
8.5618 	EXP 	window1: recordFrameIntervals = True
8.7452 	EXP 	Screen (0) actual frame rate measured at 60.01Hz
8.7453 	EXP 	window1: recordFrameIntervals = False
10.4496 	EXP 	Created textreproductionstart = TextStim(__class__=<class 'psychopy.visual.text.TextStim'>, alignHoriz=method-wrapper(...), alignText='center', alignVert=method-wrapper(...), anchorHoriz='center', anchorVert='center', antialias=True, autoDraw=False, autoLog=True, bold=False, color=array([1, 1, 1]), colorSpace='rgb', contrast=1.0, depth=0.0, flipHoriz=False, flipVert=False, font='Open Sans', fontFiles=[], height=0.05, italic=False, languageStyle='LTR', name='textreproductionstart', opacity=1.0, ori=0.0, pos=array([0., 0.]), rgb=UNKNOWN, text='', units='height', win=Window(...), wrapWidth=1)
10.4534 	EXP 	window1: mouseVisible = True
10.5741 	EXP 	Created scale = Slider(__class__=<class 'psychopy.visual.slider.Slider'>, autoDraw=False, autoLog=True, borderColor=None, color=None, colorSpace='rgb', depth=-1, fillColor=None, flip=False, font='Open Sans', granularity=0.0, labelColor=None, labelHeight=0.04, labelWrapWidth=None, labels=list(...), lineColor=None, markerColor=None, name='scale', opacity=None, ori=0.0, pos=array([ 0. , -0.2]), readOnly=False, self=UNKNOWN, size=array([1.2 , 0.04]), startValue=None, style='rating', styleTweaks=['triangleMarker'], ticks=ndarray(...), units='height', win=Window(...))
10.6250 	EXP 	Created textWelcomeMessage = TextStim(__class__=<class 'psychopy.visual.text.TextStim'>, alignHoriz=method-wrapper(...), alignText='center', alignVert=method-wrapper(...), anchorHoriz='center', anchorVert='center', antialias=True, autoDraw=False, autoLog=True, bold=False, color=array([1, 1, 1]), colorSpace='rgb', contrast=1.0, depth=0.0, flipHoriz=False, flipVert=False, font='Open Sans', fontFiles=[], height=0.05, italic=False, languageStyle='LTR', name='textWelcomeMessage', opacity=1.0, ori=0.0, pos=array([0., 0.]), rgb=UNKNOWN, text='歡迎來到本次的實驗\n\n請按"空白鍵"開始實驗', units='height', win=Window(...), wrapWidth=1)
10.6272 	EXP 	Created textblank1000 = TextStim(__class__=<class 'psychopy.visual.text.TextStim'>, alignHoriz=method-wrapper(...), alignText='center', alignVert=method-wrapper(...), anchorHoriz='center', anchorVert='center', antialias=True, autoDraw=False, autoLog=True, bold=False, color=array([1, 1, 1]), colorSpace='rgb', contrast=1.0, depth=0.0, flipHoriz=False, flipVert=False, font='Open Sans', fontFiles=[], height=0.05, italic=False, languageStyle='LTR', name='textblank1000', opacity=1.0, ori=0.0, pos=array([0., 0.]), rgb=UNKNOWN, text='+', units='height', win=Window(...), wrapWidth=1)
10.6955 	EXP 	Sound sound_1 set volume 1.000
10.7002 	EXP 	Created image = ImageStim(__class__=<class 'psychopy.visual.image.ImageStim'>, anchor=('center', 'center'), autoLog=True, color=array([1, 1, 1]), colorSpace='rgb', contrast=1.0, depth=0.0, flipHoriz=False, flipVert=False, image='sin', interpolate=True, mask=None, maskParams=None, name='image', opacity=1.0, ori=0.0, pos=array([0., 0.]), size=array([0.95, 0.7 ]), texRes=128.0, units='height', win=Window(...))
10.7007 	EXP 	Created textreproductionstart = TextStim(__class__=<class 'psychopy.visual.text.TextStim'>, alignHoriz=method-wrapper(...), alignText='center', alignVert=method-wrapper(...), anchorHoriz='center', anchorVert='center', antialias=True, autoDraw=False, autoLog=True, bold=False, color=array([1, 1, 1]), colorSpace='rgb', contrast=1.0, depth=0.0, flipHoriz=False, flipVert=False, font='Open Sans', fontFiles=[], height=0.05, italic=False, languageStyle='LTR', name='textreproductionstart', opacity=1.0, ori=0.0, pos=array([0., 0.]), rgb=UNKNOWN, text='', units='height', win=Window(...), wrapWidth=1)
10.7025 	EXP 	window1: mouseVisible = True
10.7879 	EXP 	Created scale = Slider(__class__=<class 'psychopy.visual.slider.Slider'>, autoDraw=False, autoLog=True, borderColor=None, color=None, colorSpace='rgb', depth=-1, fillColor=None, flip=False, font='Open Sans', granularity=0.0, labelColor=None, labelHeight=0.04, labelWrapWidth=None, labels=list(...), lineColor=None, markerColor=None, name='scale', opacity=None, ori=0.0, pos=array([ 0. , -0.2]), readOnly=False, self=UNKNOWN, size=array([1.2 , 0.04]), startValue=None, style='rating', styleTweaks=['triangleMarker'], ticks=ndarray(...), units='height', win=Window(...))
10.7991 	EXP 	Created textrest = TextStim(__class__=<class 'psychopy.visual.text.TextStim'>, alignHoriz=method-wrapper(...), alignText='center', alignVert=method-wrapper(...), anchorHoriz='center', anchorVert='center', antialias=True, autoDraw=False, autoLog=True, bold=False, color=array([1, 1, 1]), colorSpace='rgb', contrast=1.0, depth=0.0, flipHoriz=False, flipVert=False, font='Open Sans', fontFiles=[], height=0.05, italic=False, languageStyle='LTR', name='textrest', opacity=1.0, ori=0.0, pos=array([0., 0.]), rgb=UNKNOWN, text='休息時間\n\n時間結束會自動進入下一題', units='height', win=Window(...), wrapWidth=1)
10.8023 	EXP 	Created textready = TextStim(__class__=<class 'psychopy.visual.text.TextStim'>, alignHoriz=method-wrapper(...), alignText='center', alignVert=method-wrapper(...), anchorHoriz='center', anchorVert='center', antialias=True, autoDraw=False, autoLog=True, bold=False, color=array([1, 1, 1]), colorSpace='rgb', contrast=1.0, depth=-1.0, flipHoriz=False, flipVert=False, font='Open Sans', fontFiles=[], height=0.05, italic=False, languageStyle='LTR', name='textready', opacity=1.0, ori=0.0, pos=array([0., 0.]), rgb=UNKNOWN, text='即將進入下一題', units='height', win=Window(...), wrapWidth=1)
10.8034 	EXP 	Sound sound_2 set volume 1.000
10.8120 	EXP 	Created start_2 = TextStim(__class__=<class 'psychopy.visual.text.TextStim'>, alignHoriz=method-wrapper(...), alignText='center', alignVert=method-wrapper(...), anchorHoriz='center', anchorVert='center', antialias=True, autoDraw=False, autoLog=True, bold=False, color=array([1, 1, 1]), colorSpace='rgb', contrast=1.0, depth=0.0, flipHoriz=False, flipVert=False, font='Open Sans', fontFiles=[], height=0.05, italic=False, languageStyle='LTR', name='start_2', opacity=1.0, ori=0.0, pos=array([0., 0.]), rgb=UNKNOWN, text='練習階段結束\n\n準備好請按"空白鍵"開始正式階段', units='height', win=Window(...), wrapWidth=1)
10.8135 	EXP 	Created textblank1000 = TextStim(__class__=<class 'psychopy.visual.text.TextStim'>, alignHoriz=method-wrapper(...), alignText='center', alignVert=method-wrapper(...), anchorHoriz='center', anchorVert='center', antialias=True, autoDraw=False, autoLog=True, bold=False, color=array([1, 1, 1]), colorSpace='rgb', contrast=1.0, depth=0.0, flipHoriz=False, flipVert=False, font='Open Sans', fontFiles=[], height=0.05, italic=False, languageStyle='LTR', name='textblank1000', opacity=1.0, ori=0.0, pos=array([0., 0.]), rgb=UNKNOWN, text='+', units='height', win=Window(...), wrapWidth=1)
10.8145 	EXP 	Sound sound_1 set volume 1.000
10.8178 	EXP 	Created emopic = ImageStim(__class__=<class 'psychopy.visual.image.ImageStim'>, anchor=('center', 'center'), autoLog=True, color=array([1, 1, 1]), colorSpace='rgb', contrast=1.0, depth=0.0, flipHoriz=False, flipVert=False, image='sin', interpolate=True, mask=None, maskParams=None, name='emopic', opacity=1.0, ori=0.0, pos=array([0., 0.]), size=array([1., 1.]), texRes=128.0, units='height', win=Window(...))
10.8442 	EXP 	Created redstar = ImageStim(__class__=<class 'psychopy.visual.image.ImageStim'>, anchor=('center', 'center'), autoLog=True, color=array([1, 1, 1]), colorSpace='rgb', contrast=1.0, depth=-1.0, flipHoriz=False, flipVert=False, image='redstar.png', interpolate=True, mask=None, maskParams=None, name='redstar', opacity=1.0, ori=0.0, pos=array([0., 0.]), size=array([0.2, 0.2]), texRes=128.0, units='height', win=Window(...))
10.8448 	EXP 	Created textreproductionstart = TextStim(__class__=<class 'psychopy.visual.text.TextStim'>, alignHoriz=method-wrapper(...), alignText='center', alignVert=method-wrapper(...), anchorHoriz='center', anchorVert='center', antialias=True, autoDraw=False, autoLog=True, bold=False, color=array([1, 1, 1]), colorSpace='rgb', contrast=1.0, depth=0.0, flipHoriz=False, flipVert=False, font='Open Sans', fontFiles=[], height=0.05, italic=False, languageStyle='LTR', name='textreproductionstart', opacity=1.0, ori=0.0, pos=array([0., 0.]), rgb=UNKNOWN, text='', units='height', win=Window(...), wrapWidth=1)
10.8465 	EXP 	window1: mouseVisible = True
10.9327 	EXP 	Created scale = Slider(__class__=<class 'psychopy.visual.slider.Slider'>, autoDraw=False, autoLog=True, borderColor=None, color=None, colorSpace='rgb', depth=-1, fillColor=None, flip=False, font='Open Sans', granularity=0.0, labelColor=None, labelHeight=0.04, labelWrapWidth=None, labels=list(...), lineColor=None, markerColor=None, name='scale', opacity=None, ori=0.0, pos=array([ 0. , -0.2]), readOnly=False, self=UNKNOWN, size=array([1.2 , 0.04]), startValue=None, style='rating', styleTweaks=['triangleMarker'], ticks=ndarray(...), units='height', win=Window(...))
10.9359 	EXP 	Created textrest = TextStim(__class__=<class 'psychopy.visual.text.TextStim'>, alignHoriz=method-wrapper(...), alignText='center', alignVert=method-wrapper(...), anchorHoriz='center', anchorVert='center', antialias=True, autoDraw=False, autoLog=True, bold=False, color=array([1, 1, 1]), colorSpace='rgb', contrast=1.0, depth=0.0, flipHoriz=False, flipVert=False, font='Open Sans', fontFiles=[], height=0.05, italic=False, languageStyle='LTR', name='textrest', opacity=1.0, ori=0.0, pos=array([0., 0.]), rgb=UNKNOWN, text='休息時間\n\n時間結束會自動進入下一題', units='height', win=Window(...), wrapWidth=1)
10.9377 	EXP 	Created textready = TextStim(__class__=<class 'psychopy.visual.text.TextStim'>, alignHoriz=method-wrapper(...), alignText='center', alignVert=method-wrapper(...), anchorHoriz='center', anchorVert='center', antialias=True, autoDraw=False, autoLog=True, bold=False, color=array([1, 1, 1]), colorSpace='rgb', contrast=1.0, depth=-1.0, flipHoriz=False, flipVert=False, font='Open Sans', fontFiles=[], height=0.05, italic=False, languageStyle='LTR', name='textready', opacity=1.0, ori=0.0, pos=array([0., 0.]), rgb=UNKNOWN, text='即將進入下一題', units='height', win=Window(...), wrapWidth=1)
10.9386 	EXP 	Sound sound_2 set volume 1.000
10.9458 	EXP 	Created textEndMessage = TextStim(__class__=<class 'psychopy.visual.text.TextStim'>, alignHoriz=method-wrapper(...), alignText='center', alignVert=method-wrapper(...), anchorHoriz='center', anchorVert='center', antialias=True, autoDraw=False, autoLog=True, bold=False, color=array([1, 1, 1]), colorSpace='rgb', contrast=1.0, depth=0.0, flipHoriz=False, flipVert=False, font='Open Sans', fontFiles=[], height=0.05, italic=False, languageStyle='LTR', name='textEndMessage', opacity=1.0, ori=0.0, pos=array([0., 0.]), rgb=UNKNOWN, text='本次實驗到此結束\n\n感謝您的參與', units='height', win=Window(...), wrapWidth=1)
11.0160 	EXP 	scale: autoLog = True
11.0160 	EXP 	scale: markerPos = None
11.0160 	EXP 	scale: styleTweaks = []
11.0160 	EXP 	scale: styleTweaks = []
11.0160 	EXP 	scale: styleTweaks = ['triangleMarker']
11.0160 	EXP 	scale: styleTweaks = ['triangleMarker']
11.0160 	EXP 	scale: contrast = 1.0
11.0160 	EXP 	scale: autoLog = True
11.0160 	EXP 	scale: autoLog = True
11.0160 	EXP 	scale: markerPos = None
11.0160 	EXP 	scale: styleTweaks = []
11.0160 	EXP 	scale: styleTweaks = []
11.0160 	EXP 	scale: styleTweaks = ['triangleMarker']
11.0160 	EXP 	scale: styleTweaks = ['triangleMarker']
11.0160 	EXP 	scale: contrast = 1.0
11.0160 	EXP 	scale: autoLog = True
11.0160 	EXP 	scale: autoLog = True
11.0160 	EXP 	scale: markerPos = None
11.0160 	EXP 	scale: styleTweaks = []
11.0160 	EXP 	scale: styleTweaks = []
11.0160 	EXP 	scale: styleTweaks = ['triangleMarker']
11.0160 	EXP 	scale: styleTweaks = ['triangleMarker']
11.0160 	EXP 	scale: contrast = 1.0
11.0160 	EXP 	scale: autoLog = True
11.0160 	EXP 	textreproductionstart: height = 0.05
11.0160 	EXP 	textreproductionstart: height = 0.05
11.0160 	EXP 	textreproductionstart: height = 0.05
11.0160 	EXP 	textreproductionstart: text = '時間估計作業\n\n請透過滑鼠將刺激呈現時間點在以下量尺中\n按下空白鍵進入下一題'
11.0160 	EXP 	scale: markerPos = None
11.0160 	EXP 	scale: markerPos = None
11.0160 	EXP 	textreproductionstart: autoDraw = True
11.0160 	EXP 	scale: autoDraw = True
68.4952 	DATA 	Mouse: Left button down, pos=(416,336)
68.5465 	EXP 	scale: markerPos = 1.2037037037037042
68.5799 	EXP 	scale: markerPos = 1.2037037037037042
68.6132 	EXP 	scale: markerPos = 1.2037037037037042
68.6465 	EXP 	scale: markerPos = 1.2037037037037042
68.6799 	EXP 	scale: markerPos = 1.19212962962963
68.7133 	EXP 	scale: markerPos = 1.19212962962963
68.7466 	EXP 	scale: markerPos = 1.19212962962963
68.7799 	EXP 	scale: markerPos = 1.19212962962963
68.8135 	EXP 	scale: markerPos = 1.19212962962963
68.8465 	EXP 	scale: markerPos = 1.19212962962963
68.8799 	EXP 	scale: markerPos = 1.19212962962963
68.9132 	EXP 	scale: markerPos = 1.19212962962963
68.9465 	EXP 	scale: markerPos = 1.1689814814814816
68.9799 	EXP 	scale: markerPos = 1.1574074074074074
69.0132 	EXP 	scale: markerPos = 1.1574074074074074
69.0465 	EXP 	scale: markerPos = 1.1574074074074074
69.0799 	EXP 	scale: markerPos = 1.1574074074074074
69.1132 	EXP 	scale: markerPos = 1.1574074074074074
69.1466 	EXP 	scale: markerPos = 1.1342592592592593
69.1799 	EXP 	scale: markerPos = 1.099537037037037
69.2132 	EXP 	scale: markerPos = 1.099537037037037
69.2465 	EXP 	scale: markerPos = 1.099537037037037
69.2799 	EXP 	scale: markerPos = 1.099537037037037
69.3132 	EXP 	scale: markerPos = 1.099537037037037
69.3465 	EXP 	scale: markerPos = 1.099537037037037
69.3799 	EXP 	scale: markerPos = 1.099537037037037
69.4132 	EXP 	scale: markerPos = 1.099537037037037
69.4465 	EXP 	scale: markerPos = 1.099537037037037
69.4799 	EXP 	scale: markerPos = 1.099537037037037
69.5133 	EXP 	scale: markerPos = 1.099537037037037
69.5465 	EXP 	scale: markerPos = 1.099537037037037
69.5799 	EXP 	scale: markerPos = 1.099537037037037
69.6132 	EXP 	scale: markerPos = 1.099537037037037
69.6465 	EXP 	scale: markerPos = 1.0879629629629628
69.6799 	EXP 	scale: markerPos = 1.0879629629629628
69.7132 	EXP 	scale: markerPos = 1.0879629629629628
69.7465 	EXP 	scale: markerPos = 1.0879629629629628
69.7799 	EXP 	scale: markerPos = 1.0879629629629628
69.8133 	EXP 	scale: markerPos = 1.0879629629629628
69.8466 	EXP 	scale: markerPos = 1.0879629629629628
69.8799 	EXP 	scale: markerPos = 1.0879629629629628
69.9132 	EXP 	scale: markerPos = 1.0879629629629628
69.9466 	EXP 	scale: markerPos = 1.0879629629629628
69.9799 	EXP 	scale: markerPos = 1.0879629629629628
70.0133 	EXP 	scale: markerPos = 1.0879629629629628
70.0466 	EXP 	scale: markerPos = 1.0879629629629628
70.0799 	EXP 	scale: markerPos = 1.0879629629629628
70.1133 	EXP 	scale: markerPos = 1.0879629629629628
70.1466 	EXP 	scale: markerPos = 1.0879629629629628
70.1799 	EXP 	scale: markerPos = 1.0879629629629628
70.2133 	EXP 	scale: markerPos = 1.0879629629629628
70.2466 	EXP 	scale: markerPos = 1.0879629629629628
70.2799 	EXP 	scale: markerPos = 1.0879629629629628
70.3133 	EXP 	scale: markerPos = 1.0879629629629628
70.3466 	EXP 	scale: markerPos = 1.0879629629629628
70.3799 	EXP 	scale: markerPos = 1.0879629629629628
70.4133 	EXP 	scale: markerPos = 1.0879629629629628
70.4466 	EXP 	scale: markerPos = 1.0879629629629628
70.4799 	EXP 	scale: markerPos = 1.0879629629629628
70.5133 	EXP 	scale: markerPos = 1.0879629629629628
70.5466 	EXP 	scale: markerPos = 1.0879629629629628
70.5799 	EXP 	scale: markerPos = 1.0879629629629628
70.6133 	EXP 	scale: markerPos = 1.0879629629629628
70.6466 	EXP 	scale: markerPos = 1.0879629629629628
70.6799 	EXP 	scale: markerPos = 1.1458333333333335
70.7133 	EXP 	scale: markerPos = 1.2499999999999998
70.7466 	EXP 	scale: markerPos = 1.446759259259259
70.7799 	EXP 	scale: markerPos = 1.7361111111111105
70.8133 	EXP 	scale: markerPos = 1.8865740740740742
70.8466 	EXP 	scale: markerPos = 1.9212962962962965
70.8799 	EXP 	scale: markerPos = 1.9212962962962965
70.8965 	DATA 	Mouse:  Left button up, pos=(445,326)
70.9133 	EXP 	scale: markerPos = 1.539351851851852
70.9466 	EXP 	scale: markerPos = 1.539351851851852
71.0622 	DATA 	Mouse: Left button down, pos=(462,323)
71.1133 	EXP 	scale: markerPos = 1.7361111111111105
71.1466 	EXP 	scale: markerPos = 1.7361111111111105
71.1799 	EXP 	scale: markerPos = 1.7361111111111105
71.2133 	EXP 	scale: markerPos = 1.7592592592592595
71.2466 	EXP 	scale: markerPos = 1.7939814814814812
71.2799 	EXP 	scale: markerPos = 1.9444444444444446
71.3133 	EXP 	scale: markerPos = 1.9791666666666663
71.3466 	EXP 	scale: markerPos = 2.060185185185185
71.3799 	EXP 	scale: markerPos = 2.627314814814815
71.4133 	EXP 	scale: markerPos = 3.0208333333333335
71.4466 	EXP 	scale: markerPos = 3.0208333333333335
71.4799 	EXP 	scale: markerPos = 2.7430555555555554
71.5133 	EXP 	scale: markerPos = 2.1759259259259256
71.5466 	EXP 	scale: markerPos = 2.106481481481482
71.5800 	EXP 	scale: markerPos = 2.106481481481482
71.6132 	EXP 	scale: markerPos = 2.118055555555556
71.6466 	EXP 	scale: markerPos = 2.4074074074074074
71.6799 	EXP 	scale: markerPos = 2.5115740740740744
71.7133 	EXP 	scale: markerPos = 2.5115740740740744
71.7466 	EXP 	scale: markerPos = 2.1296296296296298
71.7799 	EXP 	scale: markerPos = 1.967592592592593
71.8133 	EXP 	scale: markerPos = 1.967592592592593
71.8466 	EXP 	scale: markerPos = 1.967592592592593
71.8799 	EXP 	scale: markerPos = 1.8981481481481484
71.9133 	EXP 	scale: markerPos = 1.8518518518518516
71.9466 	EXP 	scale: markerPos = 1.7013888888888888
71.9800 	EXP 	scale: markerPos = 1.62037037037037
72.0133 	EXP 	scale: markerPos = 1.6087962962962967
72.0466 	EXP 	scale: markerPos = 1.6087962962962967
72.0800 	EXP 	scale: markerPos = 1.6087962962962967
72.1133 	EXP 	scale: markerPos = 1.6087962962962967
72.1466 	EXP 	scale: markerPos = 1.6087962962962967
72.1800 	EXP 	scale: markerPos = 1.6087962962962967
72.2133 	EXP 	scale: markerPos = 1.5972222222222219
72.2466 	EXP 	scale: markerPos = 1.5972222222222219
72.2800 	EXP 	scale: markerPos = 1.5625000000000002
72.3133 	EXP 	scale: markerPos = 1.527777777777778
72.3466 	EXP 	scale: markerPos = 1.365740740740741
72.3800 	EXP 	scale: markerPos = 1.2962962962962963
72.4133 	EXP 	scale: markerPos = 1.284722222222222
72.4466 	EXP 	scale: markerPos = 1.284722222222222
72.4799 	EXP 	scale: markerPos = 1.261574074074074
72.5133 	EXP 	scale: markerPos = 1.261574074074074
72.5466 	EXP 	scale: markerPos = 1.2499999999999998
72.5800 	EXP 	scale: markerPos = 1.2499999999999998
72.6133 	EXP 	scale: markerPos = 1.2499999999999998
72.6467 	EXP 	scale: markerPos = 1.2037037037037042
72.6800 	EXP 	scale: markerPos = 1.1342592592592593
72.7133 	EXP 	scale: markerPos = 1.0879629629629628
72.7466 	EXP 	scale: markerPos = 1.0763888888888886
72.7800 	EXP 	scale: markerPos = 1.0763888888888886
72.8133 	EXP 	scale: markerPos = 1.0763888888888886
72.8466 	EXP 	scale: markerPos = 1.0763888888888886
72.8800 	EXP 	scale: markerPos = 1.0763888888888886
72.9133 	EXP 	scale: markerPos = 1.0763888888888886
72.9466 	EXP 	scale: markerPos = 1.0763888888888886
72.9800 	EXP 	scale: markerPos = 1.0763888888888886
73.0133 	EXP 	scale: markerPos = 1.0763888888888886
73.0466 	EXP 	scale: markerPos = 1.0763888888888886
73.0800 	EXP 	scale: markerPos = 1.0879629629629628
73.1133 	EXP 	scale: markerPos = 1.1458333333333335
73.1466 	EXP 	scale: markerPos = 1.2037037037037042
73.1800 	EXP 	scale: markerPos = 1.2962962962962963
73.2133 	EXP 	scale: markerPos = 1.4930555555555556
73.2466 	EXP 	scale: markerPos = 1.6782407407407407
73.2799 	EXP 	scale: markerPos = 1.8634259259259258
73.3133 	EXP 	scale: markerPos = 1.9444444444444446
73.3466 	EXP 	scale: markerPos = 1.967592592592593
73.3800 	EXP 	scale: markerPos = 1.967592592592593
73.4133 	EXP 	scale: markerPos = 1.967592592592593
73.4466 	EXP 	scale: markerPos = 1.967592592592593
73.4800 	EXP 	scale: markerPos = 1.967592592592593
73.5133 	EXP 	scale: markerPos = 1.967592592592593
73.5466 	EXP 	scale: markerPos = 1.9212962962962965
73.5800 	EXP 	scale: markerPos = 1.7476851851851856
73.6133 	EXP 	scale: markerPos = 1.5856481481481486
73.6466 	EXP 	scale: markerPos = 1.527777777777778
73.6800 	EXP 	scale: markerPos = 1.4930555555555556
73.7133 	EXP 	scale: markerPos = 1.4120370370370368
73.7467 	EXP 	scale: markerPos = 1.365740740740741
73.7800 	EXP 	scale: markerPos = 1.354166666666667
73.8133 	EXP 	scale: markerPos = 1.354166666666667
73.8466 	EXP 	scale: markerPos = 1.354166666666667
73.8799 	EXP 	scale: markerPos = 1.3425925925925928
73.9133 	EXP 	scale: markerPos = 1.3194444444444444
73.9466 	EXP 	scale: markerPos = 1.261574074074074
73.9800 	EXP 	scale: markerPos = 1.2499999999999998
74.0133 	EXP 	scale: markerPos = 1.2384259259259256
74.0467 	EXP 	scale: markerPos = 1.1805555555555558
74.0800 	EXP 	scale: markerPos = 1.1458333333333335
74.1133 	EXP 	scale: markerPos = 1.1226851851851851
74.1466 	EXP 	scale: markerPos = 1.0879629629629628
74.1800 	EXP 	scale: markerPos = 1.0763888888888886
74.2133 	EXP 	scale: markerPos = 1.0763888888888886
74.2467 	EXP 	scale: markerPos = 1.0763888888888886
74.2800 	EXP 	scale: markerPos = 1.0763888888888886
74.3133 	EXP 	scale: markerPos = 1.0763888888888886
74.3466 	EXP 	scale: markerPos = 1.0763888888888886
74.3800 	EXP 	scale: markerPos = 1.1689814814814816
74.4133 	EXP 	scale: markerPos = 1.446759259259259
74.4467 	EXP 	scale: markerPos = 1.6666666666666665
74.4800 	EXP 	scale: markerPos = 1.8518518518518516
74.5133 	EXP 	scale: markerPos = 2.0949074074074074
74.5466 	EXP 	scale: markerPos = 2.534722222222222
74.5800 	EXP 	scale: markerPos = 2.800925925925926
74.6133 	EXP 	scale: markerPos = 2.824074074074074
74.6467 	EXP 	scale: markerPos = 2.824074074074074
74.6800 	EXP 	scale: markerPos = 2.824074074074074
74.7133 	EXP 	scale: markerPos = 2.824074074074074
74.7466 	EXP 	scale: markerPos = 2.7546296296296293
74.7800 	EXP 	scale: markerPos = 2.4189814814814814
74.8133 	EXP 	scale: markerPos = 2.0833333333333335
74.8467 	EXP 	scale: markerPos = 1.8981481481481484
74.8800 	EXP 	scale: markerPos = 1.7939814814814812
74.9133 	EXP 	scale: markerPos = 1.782407407407407
74.9466 	EXP 	scale: markerPos = 1.782407407407407
74.9800 	EXP 	scale: markerPos = 1.782407407407407
75.0133 	EXP 	scale: markerPos = 1.782407407407407
75.0466 	EXP 	scale: markerPos = 1.782407407407407
75.0800 	EXP 	scale: markerPos = 1.782407407407407
75.1133 	EXP 	scale: markerPos = 1.7592592592592595
75.1466 	EXP 	scale: markerPos = 1.4120370370370368
75.1800 	EXP 	scale: markerPos = 1.19212962962963
75.2133 	EXP 	scale: markerPos = 1.1805555555555558
75.2466 	EXP 	scale: markerPos = 1.1805555555555558
75.2800 	EXP 	scale: markerPos = 1.1805555555555558
75.3133 	EXP 	scale: markerPos = 1.1805555555555558
75.3467 	EXP 	scale: markerPos = 1.2037037037037042
75.3800 	EXP 	scale: markerPos = 1.4004629629629632
75.4133 	EXP 	scale: markerPos = 1.458333333333333
75.4467 	EXP 	scale: markerPos = 1.4699074074074072
75.4800 	EXP 	scale: markerPos = 1.4699074074074072
75.4808 	DATA 	Mouse:  Left button up, pos=(439,308)
75.5133 	EXP 	scale: markerPos = 1.4699074074074072
157.7554 	DATA 	KeyPress:  
157.7649 	EXP 	textreproductionstart: autoDraw = False
157.7649 	EXP 	scale: autoDraw = False
157.7649 	EXP 	textWelcomeMessage: autoDraw = True
189.2203 	EXP 	Imported pink_con.xlsx as conditions, 3 conditions, 2 params
189.2206 	EXP 	Created sequence: random, trialTypes=3, nReps=1, seed=None
189.2208 	EXP 	New trial (rep=0, index=0): {'pink': 'pink.png', 'pra_duration': 2}
189.2318 	EXP 	Sound sound_1 started
189.2319 	EXP 	textWelcomeMessage: autoDraw = False
189.2319 	EXP 	textblank1000: autoDraw = True
189.2394 	DATA 	KeyPress:  
189.7742 	EXP 	Sound sound_1 reached end of file
190.3485 	EXP 	textblank1000: autoDraw = False
190.3485 	EXP 	textblank1000: autoDraw = False
190.3485 	EXP 	image: image = 'pink.png'
190.3485 	EXP 	image: autoDraw = True
192.3652 	EXP 	image: autoDraw = False
192.3652 	EXP 	image: autoDraw = False
192.3652 	EXP 	textreproductionstart: text = '時間估計作業\n\n請透過滑鼠將刺激呈現時間點在以下量尺中\n按下空白鍵進入下一題'
192.3652 	EXP 	scale: markerPos = None
192.3652 	EXP 	scale: markerPos = None
192.3652 	EXP 	textreproductionstart: autoDraw = True
192.3652 	EXP 	scale: autoDraw = True
194.6140 	DATA 	Mouse: Left button down, pos=(484,323)
194.6653 	EXP 	scale: markerPos = 1.9907407407407405
194.6986 	EXP 	scale: markerPos = 1.9907407407407405
194.7320 	EXP 	scale: markerPos = 1.9907407407407405
194.7327 	DATA 	Mouse:  Left button up, pos=(484,323)
194.7653 	EXP 	scale: markerPos = 1.9907407407407405
194.9329 	DATA 	Mouse: Left button down, pos=(492,319)
194.9653 	EXP 	scale: markerPos = 2.0833333333333335
194.9986 	EXP 	scale: markerPos = 2.0949074074074074
195.0320 	EXP 	scale: markerPos = 2.118055555555556
195.0653 	EXP 	scale: markerPos = 2.1296296296296298
195.0986 	EXP 	scale: markerPos = 2.1296296296296298
195.1320 	EXP 	scale: markerPos = 2.141203703703704
195.1653 	EXP 	scale: markerPos = 2.141203703703704
195.1986 	EXP 	scale: markerPos = 2.141203703703704
195.2320 	EXP 	scale: markerPos = 2.141203703703704
195.2653 	EXP 	scale: markerPos = 2.118055555555556
195.2986 	EXP 	scale: markerPos = 2.0370370370370368
195.3320 	EXP 	scale: markerPos = 1.9907407407407405
195.3653 	EXP 	scale: markerPos = 1.967592592592593
195.3986 	EXP 	scale: markerPos = 1.967592592592593
195.4320 	EXP 	scale: markerPos = 1.967592592592593
195.4653 	EXP 	scale: markerPos = 1.967592592592593
195.4986 	EXP 	scale: markerPos = 1.967592592592593
195.5319 	EXP 	scale: markerPos = 1.967592592592593
195.5653 	EXP 	scale: markerPos = 1.967592592592593
195.5986 	EXP 	scale: markerPos = 1.967592592592593
195.6320 	EXP 	scale: markerPos = 1.967592592592593
195.6653 	EXP 	scale: markerPos = 1.9907407407407405
195.6986 	EXP 	scale: markerPos = 2.013888888888889
195.7320 	EXP 	scale: markerPos = 2.025462962962963
195.7653 	EXP 	scale: markerPos = 2.025462962962963
195.7986 	EXP 	scale: markerPos = 2.025462962962963
195.8320 	EXP 	scale: markerPos = 2.025462962962963
195.8653 	EXP 	scale: markerPos = 2.025462962962963
195.8986 	EXP 	scale: markerPos = 2.025462962962963
195.9320 	EXP 	scale: markerPos = 2.025462962962963
195.9653 	EXP 	scale: markerPos = 2.025462962962963
195.9986 	EXP 	scale: markerPos = 2.025462962962963
196.0320 	EXP 	scale: markerPos = 2.025462962962963
196.0653 	EXP 	scale: markerPos = 2.025462962962963
196.0986 	EXP 	scale: markerPos = 2.025462962962963
196.1320 	EXP 	scale: markerPos = 2.025462962962963
196.1653 	EXP 	scale: markerPos = 2.0023148148148144
196.1986 	EXP 	scale: markerPos = 1.9444444444444446
196.2320 	EXP 	scale: markerPos = 1.875
196.2653 	EXP 	scale: markerPos = 1.8634259259259258
196.2986 	EXP 	scale: markerPos = 1.8634259259259258
196.3320 	EXP 	scale: markerPos = 1.8634259259259258
196.3653 	EXP 	scale: markerPos = 1.8634259259259258
196.3986 	EXP 	scale: markerPos = 1.8634259259259258
196.4320 	EXP 	scale: markerPos = 1.8634259259259258
196.4653 	EXP 	scale: markerPos = 1.875
196.4987 	EXP 	scale: markerPos = 1.9097222222222223
196.5320 	EXP 	scale: markerPos = 1.9328703703703707
196.5653 	EXP 	scale: markerPos = 1.9328703703703707
196.5986 	EXP 	scale: markerPos = 1.9328703703703707
196.6319 	EXP 	scale: markerPos = 1.9328703703703707
196.6652 	EXP 	scale: markerPos = 1.9328703703703707
196.6986 	EXP 	scale: markerPos = 1.9328703703703707
196.7319 	EXP 	scale: markerPos = 1.9444444444444446
196.7653 	EXP 	scale: markerPos = 1.967592592592593
196.7986 	EXP 	scale: markerPos = 1.967592592592593
196.8319 	EXP 	scale: markerPos = 1.967592592592593
196.8653 	EXP 	scale: markerPos = 1.967592592592593
196.8986 	EXP 	scale: markerPos = 1.967592592592593
196.9319 	EXP 	scale: markerPos = 1.967592592592593
196.9653 	EXP 	scale: markerPos = 1.967592592592593
196.9987 	EXP 	scale: markerPos = 1.967592592592593
197.0320 	EXP 	scale: markerPos = 1.967592592592593
197.0653 	EXP 	scale: markerPos = 1.967592592592593
197.0987 	EXP 	scale: markerPos = 1.967592592592593
197.1320 	EXP 	scale: markerPos = 1.967592592592593
197.1653 	EXP 	scale: markerPos = 1.967592592592593
197.1987 	EXP 	scale: markerPos = 1.967592592592593
197.2320 	EXP 	scale: markerPos = 1.967592592592593
197.2653 	EXP 	scale: markerPos = 1.967592592592593
197.2987 	EXP 	scale: markerPos = 1.967592592592593
197.3320 	EXP 	scale: markerPos = 1.967592592592593
197.3653 	EXP 	scale: markerPos = 1.967592592592593
197.3987 	EXP 	scale: markerPos = 1.967592592592593
197.4320 	EXP 	scale: markerPos = 1.967592592592593
197.4653 	EXP 	scale: markerPos = 1.9791666666666663
197.4987 	EXP 	scale: markerPos = 2.0023148148148144
197.5320 	EXP 	scale: markerPos = 2.025462962962963
197.5653 	EXP 	scale: markerPos = 2.025462962962963
197.5987 	EXP 	scale: markerPos = 2.025462962962963
197.6320 	EXP 	scale: markerPos = 2.025462962962963
197.6653 	EXP 	scale: markerPos = 2.0370370370370368
197.6987 	EXP 	scale: markerPos = 2.0370370370370368
197.7320 	EXP 	scale: markerPos = 2.048611111111111
197.7653 	EXP 	scale: markerPos = 2.060185185185185
197.7987 	EXP 	scale: markerPos = 2.060185185185185
197.8320 	EXP 	scale: markerPos = 2.060185185185185
197.8653 	EXP 	scale: markerPos = 2.060185185185185
197.8987 	EXP 	scale: markerPos = 2.060185185185185
197.9320 	EXP 	scale: markerPos = 2.060185185185185
197.9653 	EXP 	scale: markerPos = 2.060185185185185
197.9987 	EXP 	scale: markerPos = 2.060185185185185
198.0320 	EXP 	scale: markerPos = 2.060185185185185
198.0653 	EXP 	scale: markerPos = 2.060185185185185
198.0987 	EXP 	scale: markerPos = 2.060185185185185
198.1320 	EXP 	scale: markerPos = 2.060185185185185
198.1653 	EXP 	scale: markerPos = 2.060185185185185
198.1987 	EXP 	scale: markerPos = 2.060185185185185
198.2320 	EXP 	scale: markerPos = 2.048611111111111
198.2653 	EXP 	scale: markerPos = 2.048611111111111
198.2987 	EXP 	scale: markerPos = 2.048611111111111
198.3320 	EXP 	scale: markerPos = 2.048611111111111
198.3653 	EXP 	scale: markerPos = 2.048611111111111
198.3987 	EXP 	scale: markerPos = 2.048611111111111
198.4320 	EXP 	scale: markerPos = 2.048611111111111
198.4653 	EXP 	scale: markerPos = 2.048611111111111
198.4987 	EXP 	scale: markerPos = 2.048611111111111
198.5320 	EXP 	scale: markerPos = 2.048611111111111
198.5653 	EXP 	scale: markerPos = 2.048611111111111
198.5987 	EXP 	scale: markerPos = 2.048611111111111
198.6320 	EXP 	scale: markerPos = 2.048611111111111
198.6483 	DATA 	Mouse:  Left button up, pos=(489,317)
198.6653 	EXP 	scale: markerPos = 2.048611111111111
198.6987 	EXP 	scale: markerPos = 2.048611111111111
209.2822 	EXP 	textreproductionstart: autoDraw = False
209.2822 	EXP 	scale: autoDraw = False
209.2822 	EXP 	textrest: autoDraw = True
209.2876 	DATA 	KeyPress:  
234.2659 	EXP 	Sound sound_2 started
234.2659 	EXP 	textready: autoDraw = True
234.2826 	EXP 	textrest: autoDraw = False
234.8049 	EXP 	Sound sound_2 reached end of file
239.2497 	EXP 	New trial (rep=0, index=1): {'pink': 'pink.png', 'pra_duration': 6}
239.2660 	EXP 	Sound sound_1 started
239.2660 	EXP 	textready: autoDraw = False
239.2660 	EXP 	textrest: autoDraw = False
239.2660 	EXP 	textready: autoDraw = False
239.2660 	EXP 	textblank1000: autoDraw = True
239.8047 	EXP 	Sound sound_1 reached end of file
240.3159 	EXP 	textblank1000: autoDraw = False
240.3159 	EXP 	textblank1000: autoDraw = False
240.3159 	EXP 	image: image = 'pink.png'
240.3159 	EXP 	image: autoDraw = True
246.3328 	EXP 	image: autoDraw = False
246.3328 	EXP 	image: autoDraw = False
246.3328 	EXP 	textreproductionstart: text = '時間估計作業\n\n請透過滑鼠將刺激呈現時間點在以下量尺中\n按下空白鍵進入下一題'
246.3328 	EXP 	scale: markerPos = None
246.3328 	EXP 	scale: markerPos = None
246.3328 	EXP 	textreproductionstart: autoDraw = True
246.3328 	EXP 	scale: autoDraw = True
248.3816 	DATA 	Mouse: Left button down, pos=(724,323)
248.4328 	EXP 	scale: markerPos = 4.7800925925925934
248.4661 	EXP 	scale: markerPos = 4.791666666666666
248.4824 	DATA 	Mouse:  Left button up, pos=(726,322)
248.4995 	EXP 	scale: markerPos = 4.791666666666666
248.5328 	EXP 	scale: markerPos = 4.791666666666666
259.8734 	DATA 	KeyPress:  
259.8830 	EXP 	textreproductionstart: autoDraw = False
259.8830 	EXP 	scale: autoDraw = False
259.8830 	EXP 	textrest: autoDraw = True
284.8667 	EXP 	Sound sound_2 started
284.8667 	EXP 	textready: autoDraw = True
284.8834 	EXP 	textrest: autoDraw = False
285.4062 	EXP 	Sound sound_2 reached end of file
289.8505 	EXP 	New trial (rep=0, index=2): {'pink': 'pink.png', 'pra_duration': 4}
289.8668 	EXP 	Sound sound_1 started
289.8668 	EXP 	textready: autoDraw = False
289.8668 	EXP 	textrest: autoDraw = False
289.8668 	EXP 	textready: autoDraw = False
289.8668 	EXP 	textblank1000: autoDraw = True
290.4059 	EXP 	Sound sound_1 reached end of file
290.9168 	EXP 	textblank1000: autoDraw = False
290.9168 	EXP 	textblank1000: autoDraw = False
290.9168 	EXP 	image: image = 'pink.png'
290.9168 	EXP 	image: autoDraw = True
294.9336 	EXP 	image: autoDraw = False
294.9336 	EXP 	image: autoDraw = False
294.9336 	EXP 	textreproductionstart: text = '時間估計作業\n\n請透過滑鼠將刺激呈現時間點在以下量尺中\n按下空白鍵進入下一題'
294.9336 	EXP 	scale: markerPos = None
294.9336 	EXP 	scale: markerPos = None
294.9336 	EXP 	textreproductionstart: autoDraw = True
294.9336 	EXP 	scale: autoDraw = True
297.2490 	DATA 	Mouse: Left button down, pos=(569,322)
297.3003 	EXP 	scale: markerPos = 2.9745370370370368
297.3336 	EXP 	scale: markerPos = 2.986111111111111
297.3669 	EXP 	scale: markerPos = 2.986111111111111
297.3677 	DATA 	Mouse:  Left button up, pos=(570,322)
297.4003 	EXP 	scale: markerPos = 2.986111111111111
297.8678 	DATA 	Mouse: Left button down, pos=(566,322)
297.9002 	EXP 	scale: markerPos = 2.9398148148148144
297.9336 	EXP 	scale: markerPos = 2.9398148148148144
297.9669 	EXP 	scale: markerPos = 2.9398148148148144
298.0003 	EXP 	scale: markerPos = 2.9398148148148144
298.0165 	DATA 	Mouse:  Left button up, pos=(566,322)
298.0336 	EXP 	scale: markerPos = 2.9398148148148144
298.0669 	EXP 	scale: markerPos = 2.9398148148148144
305.5170 	EXP 	textreproductionstart: autoDraw = False
305.5170 	EXP 	scale: autoDraw = False
305.5170 	EXP 	textrest: autoDraw = True
305.5226 	DATA 	KeyPress:  
330.5008 	EXP 	Sound sound_2 started
330.5008 	EXP 	textready: autoDraw = True
330.5175 	EXP 	textrest: autoDraw = False
331.0404 	EXP 	Sound sound_2 reached end of file
335.5009 	EXP 	textready: autoDraw = False
335.5009 	EXP 	textrest: autoDraw = False
335.5009 	EXP 	textready: autoDraw = False
335.5009 	EXP 	start_2: autoDraw = True
350.0077 	EXP 	Imported pic_condition_2.xlsx as conditions, 20 conditions, 5 params
350.0082 	EXP 	Created sequence: random, trialTypes=20, nReps=1, seed=None
350.0084 	EXP 	New trial (rep=0, index=0): {'emo_pic': 'emo_pic\\pnegative_high_1300.jpg', 'duration': 3, 'starduration': 0.1552196, 'posx': 0, 'posy': 0.4}
350.0178 	EXP 	Sound sound_1 started
350.0178 	EXP 	start_2: autoDraw = False
350.0178 	EXP 	textblank1000: autoDraw = True
350.0228 	DATA 	KeyPress:  
350.5643 	EXP 	Sound sound_1 reached end of file
351.0681 	EXP 	textblank1000: autoDraw = False
351.0681 	EXP 	textblank1000: autoDraw = False
351.0681 	EXP 	emopic: image = 'emo_pic\\pnegative_high_1300.jpg'
351.0681 	EXP 	emopic: autoDraw = True
351.1678 	EXP 	redstar: autoDraw = True
352.1673 	EXP 	redstar: autoDraw = False
354.0842 	EXP 	emopic: autoDraw = False
354.0842 	EXP 	emopic: autoDraw = False
354.0842 	EXP 	redstar: autoDraw = False
354.0842 	EXP 	textreproductionstart: text = '時間估計作業\n\n請透過滑鼠將刺激呈現時間點在以下量尺中\n按下空白鍵進入下一題'
354.0842 	EXP 	scale: markerPos = None
354.0842 	EXP 	scale: markerPos = None
354.0842 	EXP 	textreproductionstart: autoDraw = True
354.0842 	EXP 	scale: autoDraw = True
356.0183 	DATA 	Mouse: Left button down, pos=(528,326)
356.0509 	EXP 	scale: markerPos = 2.5000000000000004
356.0842 	EXP 	scale: markerPos = 2.5000000000000004
356.0850 	DATA 	Mouse:  Left button up, pos=(528,326)
356.1175 	EXP 	scale: markerPos = 2.5000000000000004
356.4850 	DATA 	Mouse: Left button down, pos=(545,324)
356.5175 	EXP 	scale: markerPos = 2.6967592592592595
356.5509 	EXP 	scale: markerPos = 2.6967592592592595
356.5842 	EXP 	scale: markerPos = 2.6967592592592595
356.6177 	EXP 	scale: markerPos = 2.6967592592592595
356.6186 	DATA 	Mouse:  Left button up, pos=(545,324)
356.6511 	EXP 	scale: markerPos = 2.6967592592592595
363.5586 	DATA 	KeyPress:  
363.5679 	EXP 	textreproductionstart: autoDraw = False
363.5679 	EXP 	scale: autoDraw = False
363.5679 	EXP 	textrest: autoDraw = True
364.5401 	DATA 	KeyPress:  
388.5517 	EXP 	Sound sound_2 started
388.5517 	EXP 	textready: autoDraw = True
388.5684 	EXP 	textrest: autoDraw = False
389.0910 	EXP 	Sound sound_2 reached end of file
393.5355 	EXP 	New trial (rep=0, index=1): {'emo_pic': 'emo_pic\\pneutral_7950.jpg', 'duration': 7, 'starduration': 0.0561269, 'posx': 0.7, 'posy': 0}
393.5518 	EXP 	Sound sound_1 started
393.5518 	EXP 	textready: autoDraw = False
393.5518 	EXP 	textrest: autoDraw = False
393.5518 	EXP 	textready: autoDraw = False
393.5518 	EXP 	textblank1000: autoDraw = True
394.0946 	EXP 	Sound sound_1 reached end of file
394.5851 	EXP 	textblank1000: autoDraw = False
394.5851 	EXP 	textblank1000: autoDraw = False
394.5851 	EXP 	emopic: image = 'emo_pic\\pneutral_7950.jpg'
394.5851 	EXP 	emopic: autoDraw = True
394.6185 	EXP 	redstar: autoDraw = True
395.6180 	EXP 	redstar: autoDraw = False
401.6015 	EXP 	emopic: autoDraw = False
401.6015 	EXP 	emopic: autoDraw = False
401.6015 	EXP 	redstar: autoDraw = False
401.6015 	EXP 	textreproductionstart: text = '時間估計作業\n\n請透過滑鼠將刺激呈現時間點在以下量尺中\n按下空白鍵進入下一題'
401.6015 	EXP 	scale: markerPos = None
401.6015 	EXP 	scale: markerPos = None
401.6015 	EXP 	textreproductionstart: autoDraw = True
401.6015 	EXP 	scale: autoDraw = True
403.4837 	DATA 	Mouse: Left button down, pos=(818,323)
403.5182 	EXP 	scale: markerPos = 5.856481481481482
403.5515 	EXP 	scale: markerPos = 5.856481481481482
403.5848 	EXP 	scale: markerPos = 5.856481481481482
403.6182 	EXP 	scale: markerPos = 5.856481481481482
403.6515 	EXP 	scale: markerPos = 5.856481481481482
403.6685 	DATA 	Mouse:  Left button up, pos=(818,323)
403.6848 	EXP 	scale: markerPos = 5.856481481481482
403.7182 	EXP 	scale: markerPos = 5.856481481481482
404.0191 	DATA 	Mouse: Left button down, pos=(814,324)
404.0515 	EXP 	scale: markerPos = 5.810185185185185
404.0848 	EXP 	scale: markerPos = 5.810185185185185
404.1182 	EXP 	scale: markerPos = 5.810185185185185
404.1191 	DATA 	Mouse:  Left button up, pos=(814,325)
404.1515 	EXP 	scale: markerPos = 5.810185185185185
404.7170 	DATA 	Mouse: Left button down, pos=(810,325)
404.7515 	EXP 	scale: markerPos = 5.763888888888888
404.7849 	EXP 	scale: markerPos = 5.763888888888888
404.8182 	EXP 	scale: markerPos = 5.763888888888888
404.8515 	EXP 	scale: markerPos = 5.763888888888888
404.8680 	DATA 	Mouse:  Left button up, pos=(810,325)
404.8849 	EXP 	scale: markerPos = 5.763888888888888
404.9182 	EXP 	scale: markerPos = 5.763888888888888
414.7095 	DATA 	KeyPress:  
414.7188 	EXP 	textreproductionstart: autoDraw = False
414.7188 	EXP 	scale: autoDraw = False
414.7188 	EXP 	textrest: autoDraw = True
417.2915 	DATA 	KeyPress:  
439.7025 	EXP 	Sound sound_2 started
439.7025 	EXP 	textready: autoDraw = True
439.7192 	EXP 	textrest: autoDraw = False
440.2449 	EXP 	Sound sound_2 reached end of file
444.6863 	EXP 	New trial (rep=0, index=2): {'emo_pic': 'emo_pic\\positive_high_8492.jpg', 'duration': 1, 'starduration': 0.1384903, 'posx': 0, 'posy': -0.4}
444.7026 	EXP 	Sound sound_1 started
444.7026 	EXP 	textready: autoDraw = False
444.7026 	EXP 	textrest: autoDraw = False
444.7026 	EXP 	textready: autoDraw = False
444.7026 	EXP 	textblank1000: autoDraw = True
445.2444 	EXP 	Sound sound_1 reached end of file
445.7359 	EXP 	textblank1000: autoDraw = False
445.7359 	EXP 	textblank1000: autoDraw = False
445.7359 	EXP 	emopic: image = 'emo_pic\\positive_high_8492.jpg'
445.7359 	EXP 	emopic: autoDraw = True
445.8526 	EXP 	redstar: autoDraw = True
446.7355 	EXP 	emopic: autoDraw = False
446.8689 	EXP 	redstar: autoDraw = False
446.8689 	EXP 	emopic: autoDraw = False
446.8689 	EXP 	redstar: autoDraw = False
446.8689 	EXP 	textreproductionstart: text = '時間估計作業\n\n請透過滑鼠將刺激呈現時間點在以下量尺中\n按下空白鍵進入下一題'
446.8689 	EXP 	scale: markerPos = None
446.8689 	EXP 	scale: markerPos = None
446.8689 	EXP 	textreproductionstart: autoDraw = True
446.8689 	EXP 	scale: autoDraw = True
449.4511 	DATA 	Mouse: Left button down, pos=(375,325)
449.4856 	EXP 	scale: markerPos = 0.7291666666666665
449.5189 	EXP 	scale: markerPos = 0.7291666666666665
449.5522 	EXP 	scale: markerPos = 0.7291666666666665
449.5686 	DATA 	Mouse:  Left button up, pos=(375,325)
449.5856 	EXP 	scale: markerPos = 0.7291666666666665
449.6189 	EXP 	scale: markerPos = 0.7291666666666665
450.2179 	DATA 	Mouse: Left button down, pos=(403,322)
450.2522 	EXP 	scale: markerPos = 1.0532407407407405
450.2856 	EXP 	scale: markerPos = 1.0532407407407405
450.3189 	EXP 	scale: markerPos = 1.0532407407407405
450.3353 	DATA 	Mouse:  Left button up, pos=(403,322)
450.3522 	EXP 	scale: markerPos = 1.0532407407407405
450.3856 	EXP 	scale: markerPos = 1.0532407407407405
451.0180 	DATA 	Mouse: Left button down, pos=(396,320)
451.0522 	EXP 	scale: markerPos = 0.9722222222222223
451.0856 	EXP 	scale: markerPos = 0.9722222222222223
451.1019 	DATA 	Mouse:  Left button up, pos=(396,320)
451.1189 	EXP 	scale: markerPos = 0.9722222222222223
451.1523 	EXP 	scale: markerPos = 0.9722222222222223
458.0191 	EXP 	textreproductionstart: autoDraw = False
458.0191 	EXP 	scale: autoDraw = False
458.0191 	EXP 	textrest: autoDraw = True
458.0245 	DATA 	KeyPress:  
483.0032 	EXP 	Sound sound_2 started
483.0032 	EXP 	textready: autoDraw = True
483.0199 	EXP 	textrest: autoDraw = False
483.5444 	EXP 	Sound sound_2 reached end of file
487.9870 	EXP 	New trial (rep=0, index=3): {'emo_pic': 'emo_pic\\pnegative_high_1120.jpg', 'duration': 7, 'starduration': 0.0561269, 'posx': 0.7, 'posy': 0}
488.0032 	EXP 	Sound sound_1 started
488.0033 	EXP 	textready: autoDraw = False
488.0033 	EXP 	textrest: autoDraw = False
488.0033 	EXP 	textready: autoDraw = False
488.0033 	EXP 	textblank1000: autoDraw = True
488.5444 	EXP 	Sound sound_1 reached end of file
489.0200 	EXP 	textblank1000: autoDraw = False
489.0200 	EXP 	textblank1000: autoDraw = False
489.0200 	EXP 	emopic: image = 'emo_pic\\pnegative_high_1120.jpg'
489.0200 	EXP 	emopic: autoDraw = True
489.0700 	EXP 	redstar: autoDraw = True
490.0695 	EXP 	redstar: autoDraw = False
496.0363 	EXP 	emopic: autoDraw = False
496.0363 	EXP 	emopic: autoDraw = False
496.0363 	EXP 	redstar: autoDraw = False
496.0363 	EXP 	textreproductionstart: text = '時間估計作業\n\n請透過滑鼠將刺激呈現時間點在以下量尺中\n按下空白鍵進入下一題'
496.0363 	EXP 	scale: markerPos = None
496.0363 	EXP 	scale: markerPos = None
496.0363 	EXP 	textreproductionstart: autoDraw = True
496.0363 	EXP 	scale: autoDraw = True
498.0017 	DATA 	Mouse: Left button down, pos=(809,298)
498.1019 	DATA 	Mouse:  Left button up, pos=(811,298)
498.3184 	DATA 	Mouse: Left button down, pos=(823,321)
498.3530 	EXP 	scale: markerPos = 5.914351851851852
498.3863 	EXP 	scale: markerPos = 5.914351851851852
498.4027 	DATA 	Mouse:  Left button up, pos=(823,321)
498.4197 	EXP 	scale: markerPos = 5.914351851851852
498.4530 	EXP 	scale: markerPos = 5.914351851851852
508.3772 	DATA 	KeyPress:  
508.3865 	EXP 	textreproductionstart: autoDraw = False
508.3865 	EXP 	scale: autoDraw = False
508.3865 	EXP 	textrest: autoDraw = True
533.3707 	EXP 	Sound sound_2 started
533.3710 	EXP 	textready: autoDraw = True
533.3873 	EXP 	textrest: autoDraw = False
533.9100 	EXP 	Sound sound_2 reached end of file
538.3545 	EXP 	New trial (rep=0, index=4): {'emo_pic': 'emo_pic\\positive_low_7340.jpg', 'duration': 1, 'starduration': 0.1384903, 'posx': 0, 'posy': -0.4}
538.3708 	EXP 	Sound sound_1 started
538.3708 	EXP 	textready: autoDraw = False
538.3708 	EXP 	textrest: autoDraw = False
538.3708 	EXP 	textready: autoDraw = False
538.3708 	EXP 	textblank1000: autoDraw = True
538.9102 	EXP 	Sound sound_1 reached end of file
539.3874 	EXP 	textblank1000: autoDraw = False
539.3874 	EXP 	textblank1000: autoDraw = False
539.3874 	EXP 	emopic: image = 'emo_pic\\positive_low_7340.jpg'
539.3874 	EXP 	emopic: autoDraw = True
539.5208 	EXP 	redstar: autoDraw = True
540.3870 	EXP 	emopic: autoDraw = False
540.5370 	EXP 	redstar: autoDraw = False
540.5370 	EXP 	emopic: autoDraw = False
540.5370 	EXP 	redstar: autoDraw = False
540.5370 	EXP 	textreproductionstart: text = '時間估計作業\n\n請透過滑鼠將刺激呈現時間點在以下量尺中\n按下空白鍵進入下一題'
540.5370 	EXP 	scale: markerPos = None
540.5370 	EXP 	scale: markerPos = None
540.5370 	EXP 	textreproductionstart: autoDraw = True
540.5370 	EXP 	scale: autoDraw = True
542.4024 	DATA 	Mouse: Left button down, pos=(357,325)
542.4370 	EXP 	scale: markerPos = 0.5208333333333331
542.4704 	EXP 	scale: markerPos = 0.5324074074074064
542.5037 	EXP 	scale: markerPos = 0.5324074074074064
542.5046 	DATA 	Mouse:  Left button up, pos=(358,323)
542.5371 	EXP 	scale: markerPos = 0.5324074074074064
549.8113 	DATA 	KeyPress:  
549.8205 	EXP 	textreproductionstart: autoDraw = False
549.8205 	EXP 	scale: autoDraw = False
549.8205 	EXP 	textrest: autoDraw = True
574.8047 	EXP 	Sound sound_2 started
574.8047 	EXP 	textready: autoDraw = True
574.8213 	EXP 	textrest: autoDraw = False
575.3446 	EXP 	Sound sound_2 reached end of file
579.7885 	EXP 	New trial (rep=0, index=5): {'emo_pic': 'emo_pic\\positive_high_8370.jpg', 'duration': 7, 'starduration': 0.0561269, 'posx': 0.7, 'posy': 0}
579.8047 	EXP 	Sound sound_1 started
579.8047 	EXP 	textready: autoDraw = False
579.8047 	EXP 	textrest: autoDraw = False
579.8047 	EXP 	textready: autoDraw = False
579.8047 	EXP 	textblank1000: autoDraw = True
580.3446 	EXP 	Sound sound_1 reached end of file
580.8214 	EXP 	textblank1000: autoDraw = False
580.8214 	EXP 	textblank1000: autoDraw = False
580.8214 	EXP 	emopic: image = 'emo_pic\\positive_high_8370.jpg'
580.8214 	EXP 	emopic: autoDraw = True
580.8714 	EXP 	redstar: autoDraw = True
581.8710 	EXP 	redstar: autoDraw = False
587.8377 	EXP 	emopic: autoDraw = False
587.8377 	EXP 	emopic: autoDraw = False
587.8377 	EXP 	redstar: autoDraw = False
587.8377 	EXP 	textreproductionstart: text = '時間估計作業\n\n請透過滑鼠將刺激呈現時間點在以下量尺中\n按下空白鍵進入下一題'
587.8377 	EXP 	scale: markerPos = None
587.8377 	EXP 	scale: markerPos = None
587.8377 	EXP 	textreproductionstart: autoDraw = True
587.8377 	EXP 	scale: autoDraw = True
589.6531 	DATA 	Mouse: Left button down, pos=(779,322)
589.6878 	EXP 	scale: markerPos = 5.405092592592593
589.7211 	EXP 	scale: markerPos = 5.405092592592593
589.7544 	EXP 	scale: markerPos = 5.405092592592593
589.7553 	DATA 	Mouse:  Left button up, pos=(779,322)
589.7878 	EXP 	scale: markerPos = 5.405092592592593
596.7545 	EXP 	textreproductionstart: autoDraw = False
596.7545 	EXP 	scale: autoDraw = False
596.7545 	EXP 	textrest: autoDraw = True
596.7604 	DATA 	KeyPress:  
621.7384 	EXP 	Sound sound_2 started
621.7384 	EXP 	textready: autoDraw = True
621.7551 	EXP 	textrest: autoDraw = False
622.2777 	EXP 	Sound sound_2 reached end of file
626.7226 	EXP 	New trial (rep=0, index=6): {'emo_pic': 'emo_pic\\pneutral_7100.jpg', 'duration': 3, 'starduration': 0.1552196, 'posx': 0, 'posy': 0.4}
626.7388 	EXP 	Sound sound_1 started
626.7388 	EXP 	textready: autoDraw = False
626.7388 	EXP 	textrest: autoDraw = False
626.7388 	EXP 	textready: autoDraw = False
626.7388 	EXP 	textblank1000: autoDraw = True
627.2776 	EXP 	Sound sound_1 reached end of file
627.7555 	EXP 	textblank1000: autoDraw = False
627.7555 	EXP 	textblank1000: autoDraw = False
627.7555 	EXP 	emopic: image = 'emo_pic\\pneutral_7100.jpg'
627.7555 	EXP 	emopic: autoDraw = True
627.9055 	EXP 	redstar: autoDraw = True
628.9051 	EXP 	redstar: autoDraw = False
630.7718 	EXP 	emopic: autoDraw = False
630.7718 	EXP 	emopic: autoDraw = False
630.7718 	EXP 	redstar: autoDraw = False
630.7718 	EXP 	textreproductionstart: text = '時間估計作業\n\n請透過滑鼠將刺激呈現時間點在以下量尺中\n按下空白鍵進入下一題'
630.7718 	EXP 	scale: markerPos = None
630.7718 	EXP 	scale: markerPos = None
630.7718 	EXP 	textreproductionstart: autoDraw = True
630.7718 	EXP 	scale: autoDraw = True
633.2207 	DATA 	Mouse: Left button down, pos=(565,332)
633.2551 	EXP 	scale: markerPos = 2.9282407407407405
633.2885 	EXP 	scale: markerPos = 2.9282407407407405
633.3218 	EXP 	scale: markerPos = 2.9282407407407405
633.3227 	DATA 	Mouse:  Left button up, pos=(565,332)
633.3551 	EXP 	scale: markerPos = 2.9282407407407405
633.7727 	DATA 	Mouse: Left button down, pos=(552,332)
633.8218 	EXP 	scale: markerPos = 2.7777777777777777
633.8552 	EXP 	scale: markerPos = 2.7777777777777777
633.8885 	EXP 	scale: markerPos = 2.7777777777777777
633.9049 	DATA 	Mouse:  Left button up, pos=(552,332)
633.9218 	EXP 	scale: markerPos = 2.7777777777777777
633.9552 	EXP 	scale: markerPos = 2.7777777777777777
634.2872 	DATA 	Mouse: Left button down, pos=(531,338)
634.3218 	EXP 	scale: markerPos = 2.534722222222222
634.3552 	EXP 	scale: markerPos = 2.534722222222222
634.3885 	EXP 	scale: markerPos = 2.534722222222222
634.4048 	DATA 	Mouse:  Left button up, pos=(531,338)
634.4218 	EXP 	scale: markerPos = 2.534722222222222
634.4552 	EXP 	scale: markerPos = 2.534722222222222
634.8040 	DATA 	Mouse: Left button down, pos=(518,331)
634.8385 	EXP 	scale: markerPos = 2.384259259259259
634.8718 	EXP 	scale: markerPos = 2.384259259259259
634.9052 	EXP 	scale: markerPos = 2.384259259259259
634.9216 	DATA 	Mouse:  Left button up, pos=(518,331)
634.9385 	EXP 	scale: markerPos = 2.384259259259259
634.9718 	EXP 	scale: markerPos = 2.384259259259259
637.9790 	DATA 	KeyPress:  
637.9885 	EXP 	textreproductionstart: autoDraw = False
637.9885 	EXP 	scale: autoDraw = False
637.9885 	EXP 	textrest: autoDraw = True
662.9723 	EXP 	Sound sound_2 started
662.9723 	EXP 	textready: autoDraw = True
662.9889 	EXP 	textrest: autoDraw = False
663.5147 	EXP 	Sound sound_2 reached end of file
667.9561 	EXP 	New trial (rep=0, index=7): {'emo_pic': 'emo_pic\\positive_low_2314.jpg', 'duration': 5, 'starduration': 0.1152479, 'posx': -0.7, 'posy': 0}
667.9723 	EXP 	Sound sound_1 started
667.9723 	EXP 	textready: autoDraw = False
667.9723 	EXP 	textrest: autoDraw = False
667.9723 	EXP 	textready: autoDraw = False
667.9723 	EXP 	textblank1000: autoDraw = True
668.5145 	EXP 	Sound sound_1 reached end of file
668.9890 	EXP 	textblank1000: autoDraw = False
668.9890 	EXP 	textblank1000: autoDraw = False
668.9890 	EXP 	emopic: image = 'emo_pic\\positive_low_2314.jpg'
668.9890 	EXP 	emopic: autoDraw = True
669.0890 	EXP 	redstar: autoDraw = True
670.0890 	EXP 	redstar: autoDraw = False
674.0059 	EXP 	emopic: autoDraw = False
674.0059 	EXP 	emopic: autoDraw = False
674.0059 	EXP 	redstar: autoDraw = False
674.0059 	EXP 	textreproductionstart: text = '時間估計作業\n\n請透過滑鼠將刺激呈現時間點在以下量尺中\n按下空白鍵進入下一題'
674.0059 	EXP 	scale: markerPos = None
674.0059 	EXP 	scale: markerPos = None
674.0059 	EXP 	textreproductionstart: autoDraw = True
674.0059 	EXP 	scale: autoDraw = True
676.2883 	DATA 	Mouse: Left button down, pos=(665,332)
676.3394 	EXP 	scale: markerPos = 4.085648148148148
676.3728 	EXP 	scale: markerPos = 4.085648148148148
676.4061 	EXP 	scale: markerPos = 4.085648148148148
676.4225 	DATA 	Mouse:  Left button up, pos=(665,331)
676.4394 	EXP 	scale: markerPos = 4.085648148148148
676.4728 	EXP 	scale: markerPos = 4.085648148148148
676.7069 	DATA 	Mouse: Left button down, pos=(634,325)
676.7395 	EXP 	scale: markerPos = 3.7268518518518516
676.7728 	EXP 	scale: markerPos = 3.7268518518518516
676.7736 	DATA 	Mouse:  Left button up, pos=(634,324)
676.8061 	EXP 	scale: markerPos = 3.7268518518518516
678.6070 	DATA 	Mouse: Left button down, pos=(649,328)
678.6395 	EXP 	scale: markerPos = 3.900462962962963
678.6728 	EXP 	scale: markerPos = 3.900462962962963
678.7061 	EXP 	scale: markerPos = 3.900462962962963
678.7225 	DATA 	Mouse:  Left button up, pos=(649,328)
678.7395 	EXP 	scale: markerPos = 3.900462962962963
678.7728 	EXP 	scale: markerPos = 3.900462962962963
695.1805 	DATA 	KeyPress:  
695.1899 	EXP 	textreproductionstart: autoDraw = False
695.1899 	EXP 	scale: autoDraw = False
695.1899 	EXP 	textrest: autoDraw = True
720.1736 	EXP 	Sound sound_2 started
720.1736 	EXP 	textready: autoDraw = True
720.1903 	EXP 	textrest: autoDraw = False
720.7146 	EXP 	Sound sound_2 reached end of file
725.1574 	EXP 	New trial (rep=0, index=8): {'emo_pic': 'emo_pic\\positive_high_8300.jpg', 'duration': 3, 'starduration': 0.1552196, 'posx': 0, 'posy': 0.4}
725.1737 	EXP 	Sound sound_1 started
725.1737 	EXP 	textready: autoDraw = False
725.1737 	EXP 	textrest: autoDraw = False
725.1737 	EXP 	textready: autoDraw = False
725.1737 	EXP 	textblank1000: autoDraw = True
725.7151 	EXP 	Sound sound_1 reached end of file
726.1903 	EXP 	textblank1000: autoDraw = False
726.1903 	EXP 	textblank1000: autoDraw = False
726.1903 	EXP 	emopic: image = 'emo_pic\\positive_high_8300.jpg'
726.1903 	EXP 	emopic: autoDraw = True
726.3401 	EXP 	redstar: autoDraw = True
727.3400 	EXP 	redstar: autoDraw = False
729.2068 	EXP 	emopic: autoDraw = False
729.2068 	EXP 	emopic: autoDraw = False
729.2068 	EXP 	redstar: autoDraw = False
729.2068 	EXP 	textreproductionstart: text = '時間估計作業\n\n請透過滑鼠將刺激呈現時間點在以下量尺中\n按下空白鍵進入下一題'
729.2068 	EXP 	scale: markerPos = None
729.2068 	EXP 	scale: markerPos = None
729.2068 	EXP 	textreproductionstart: autoDraw = True
729.2068 	EXP 	scale: autoDraw = True
731.4223 	DATA 	Mouse: Left button down, pos=(522,322)
731.4735 	EXP 	scale: markerPos = 2.4305555555555554
731.5068 	EXP 	scale: markerPos = 2.4305555555555554
731.5402 	EXP 	scale: markerPos = 2.4305555555555554
731.5410 	DATA 	Mouse:  Left button up, pos=(523,322)
731.5735 	EXP 	scale: markerPos = 2.4305555555555554
748.2241 	EXP 	textreproductionstart: autoDraw = False
748.2241 	EXP 	scale: autoDraw = False
748.2241 	EXP 	textrest: autoDraw = True
748.2295 	DATA 	KeyPress:  
773.2078 	EXP 	Sound sound_2 started
773.2078 	EXP 	textready: autoDraw = True
773.2245 	EXP 	textrest: autoDraw = False
773.7471 	EXP 	Sound sound_2 reached end of file
778.1916 	EXP 	New trial (rep=0, index=9): {'emo_pic': 'emo_pic\\positive_low_7325.jpg', 'duration': 3, 'starduration': 0.1552196, 'posx': 0, 'posy': 0.4}
778.2079 	EXP 	Sound sound_1 started
778.2079 	EXP 	textready: autoDraw = False
778.2079 	EXP 	textrest: autoDraw = False
778.2079 	EXP 	textready: autoDraw = False
778.2079 	EXP 	textblank1000: autoDraw = True
778.7466 	EXP 	Sound sound_1 reached end of file
779.2246 	EXP 	textblank1000: autoDraw = False
779.2246 	EXP 	textblank1000: autoDraw = False
779.2246 	EXP 	emopic: image = 'emo_pic\\positive_low_7325.jpg'
779.2246 	EXP 	emopic: autoDraw = True
779.3746 	EXP 	redstar: autoDraw = True
780.3741 	EXP 	redstar: autoDraw = False
782.2409 	EXP 	emopic: autoDraw = False
782.2409 	EXP 	emopic: autoDraw = False
782.2409 	EXP 	redstar: autoDraw = False
782.2409 	EXP 	textreproductionstart: text = '時間估計作業\n\n請透過滑鼠將刺激呈現時間點在以下量尺中\n按下空白鍵進入下一題'
782.2409 	EXP 	scale: markerPos = None
782.2409 	EXP 	scale: markerPos = None
782.2409 	EXP 	textreproductionstart: autoDraw = True
782.2409 	EXP 	scale: autoDraw = True
784.1900 	DATA 	Mouse: Left button down, pos=(536,317)
784.2410 	EXP 	scale: markerPos = 2.5925925925925926
784.2743 	EXP 	scale: markerPos = 2.5925925925925926
784.3076 	EXP 	scale: markerPos = 2.5925925925925926
784.3084 	DATA 	Mouse:  Left button up, pos=(536,317)
784.3410 	EXP 	scale: markerPos = 2.5925925925925926
787.0913 	EXP 	textreproductionstart: autoDraw = False
787.0913 	EXP 	scale: autoDraw = False
787.0913 	EXP 	textrest: autoDraw = True
787.0970 	DATA 	KeyPress:  
812.0751 	EXP 	Sound sound_2 started
812.0751 	EXP 	textready: autoDraw = True
812.0918 	EXP 	textrest: autoDraw = False
812.6146 	EXP 	Sound sound_2 reached end of file
817.0589 	EXP 	New trial (rep=0, index=10): {'emo_pic': 'emo_pic\\positive_low_2156.jpg', 'duration': 7, 'starduration': 0.0561269, 'posx': 0.7, 'posy': 0}
817.0751 	EXP 	Sound sound_1 started
817.0752 	EXP 	textready: autoDraw = False
817.0752 	EXP 	textrest: autoDraw = False
817.0752 	EXP 	textready: autoDraw = False
817.0752 	EXP 	textblank1000: autoDraw = True
817.6146 	EXP 	Sound sound_1 reached end of file
818.0918 	EXP 	textblank1000: autoDraw = False
818.0918 	EXP 	textblank1000: autoDraw = False
818.0918 	EXP 	emopic: image = 'emo_pic\\positive_low_2156.jpg'
818.0918 	EXP 	emopic: autoDraw = True
818.1418 	EXP 	redstar: autoDraw = True
819.1414 	EXP 	redstar: autoDraw = False
825.1082 	EXP 	emopic: autoDraw = False
825.1082 	EXP 	emopic: autoDraw = False
825.1082 	EXP 	redstar: autoDraw = False
825.1082 	EXP 	textreproductionstart: text = '時間估計作業\n\n請透過滑鼠將刺激呈現時間點在以下量尺中\n按下空白鍵進入下一題'
825.1082 	EXP 	scale: markerPos = None
825.1082 	EXP 	scale: markerPos = None
825.1082 	EXP 	textreproductionstart: autoDraw = True
825.1082 	EXP 	scale: autoDraw = True
827.2903 	DATA 	Mouse: Left button down, pos=(730,335)
827.3249 	EXP 	scale: markerPos = 4.849537037037037
827.3582 	EXP 	scale: markerPos = 4.849537037037037
827.3915 	EXP 	scale: markerPos = 4.849537037037037
827.4249 	EXP 	scale: markerPos = 4.849537037037037
827.4413 	DATA 	Mouse:  Left button up, pos=(731,335)
827.4582 	EXP 	scale: markerPos = 4.849537037037037
827.4915 	EXP 	scale: markerPos = 4.849537037037037
833.3656 	DATA 	KeyPress:  
833.3750 	EXP 	textreproductionstart: autoDraw = False
833.3750 	EXP 	scale: autoDraw = False
833.3750 	EXP 	textrest: autoDraw = True
858.3591 	EXP 	Sound sound_2 started
858.3591 	EXP 	textready: autoDraw = True
858.3758 	EXP 	textrest: autoDraw = False
858.8978 	EXP 	Sound sound_2 reached end of file
863.3429 	EXP 	New trial (rep=0, index=11): {'emo_pic': 'emo_pic\\pnegative_high_6230.jpg', 'duration': 1, 'starduration': 0.1384903, 'posx': 0, 'posy': -0.4}
863.3592 	EXP 	Sound sound_1 started
863.3592 	EXP 	textready: autoDraw = False
863.3592 	EXP 	textrest: autoDraw = False
863.3592 	EXP 	textready: autoDraw = False
863.3592 	EXP 	textblank1000: autoDraw = True
863.8985 	EXP 	Sound sound_1 reached end of file
864.3759 	EXP 	textblank1000: autoDraw = False
864.3759 	EXP 	textblank1000: autoDraw = False
864.3759 	EXP 	emopic: image = 'emo_pic\\pnegative_high_6230.jpg'
864.3759 	EXP 	emopic: autoDraw = True
864.5092 	EXP 	redstar: autoDraw = True
865.3758 	EXP 	emopic: autoDraw = False
865.5258 	EXP 	redstar: autoDraw = False
865.5258 	EXP 	emopic: autoDraw = False
865.5258 	EXP 	redstar: autoDraw = False
865.5258 	EXP 	textreproductionstart: text = '時間估計作業\n\n請透過滑鼠將刺激呈現時間點在以下量尺中\n按下空白鍵進入下一題'
865.5258 	EXP 	scale: markerPos = None
865.5258 	EXP 	scale: markerPos = None
865.5258 	EXP 	textreproductionstart: autoDraw = True
865.5258 	EXP 	scale: autoDraw = True
867.9747 	DATA 	Mouse: Left button down, pos=(352,320)
868.0258 	EXP 	scale: markerPos = 0.46296296296296335
868.0591 	EXP 	scale: markerPos = 0.46296296296296335
868.0925 	EXP 	scale: markerPos = 0.46296296296296335
868.0933 	DATA 	Mouse:  Left button up, pos=(352,320)
868.1258 	EXP 	scale: markerPos = 0.46296296296296335
876.4331 	DATA 	KeyPress:  
876.4426 	EXP 	textreproductionstart: autoDraw = False
876.4426 	EXP 	scale: autoDraw = False
876.4426 	EXP 	textrest: autoDraw = True
901.4265 	EXP 	Sound sound_2 started
901.4264 	EXP 	textready: autoDraw = True
901.4431 	EXP 	textrest: autoDraw = False
901.9661 	EXP 	Sound sound_2 reached end of file
906.4102 	EXP 	New trial (rep=0, index=12): {'emo_pic': 'emo_pic\\pnegative_high_1201.jpg', 'duration': 5, 'starduration': 0.1152479, 'posx': -0.7, 'posy': 0}
906.4265 	EXP 	Sound sound_1 started
906.4265 	EXP 	textready: autoDraw = False
906.4265 	EXP 	textrest: autoDraw = False
906.4265 	EXP 	textready: autoDraw = False
906.4265 	EXP 	textblank1000: autoDraw = True
906.9653 	EXP 	Sound sound_1 reached end of file
907.4432 	EXP 	textblank1000: autoDraw = False
907.4432 	EXP 	textblank1000: autoDraw = False
907.4432 	EXP 	emopic: image = 'emo_pic\\pnegative_high_1201.jpg'
907.4432 	EXP 	emopic: autoDraw = True
907.5432 	EXP 	redstar: autoDraw = True
908.5428 	EXP 	redstar: autoDraw = False
912.4595 	EXP 	emopic: autoDraw = False
912.4595 	EXP 	emopic: autoDraw = False
912.4595 	EXP 	redstar: autoDraw = False
912.4595 	EXP 	textreproductionstart: text = '時間估計作業\n\n請透過滑鼠將刺激呈現時間點在以下量尺中\n按下空白鍵進入下一題'
912.4595 	EXP 	scale: markerPos = None
912.4595 	EXP 	scale: markerPos = None
912.4595 	EXP 	textreproductionstart: autoDraw = True
912.4595 	EXP 	scale: autoDraw = True
914.4916 	DATA 	Mouse: Left button down, pos=(540,326)
914.5262 	EXP 	scale: markerPos = 2.638888888888889
914.5596 	EXP 	scale: markerPos = 2.638888888888889
914.5929 	EXP 	scale: markerPos = 2.638888888888889
914.6262 	EXP 	scale: markerPos = 2.638888888888889
914.6271 	DATA 	Mouse:  Left button up, pos=(540,326)
914.6596 	EXP 	scale: markerPos = 2.638888888888889
931.7837 	DATA 	KeyPress:  
931.7932 	EXP 	textreproductionstart: autoDraw = False
931.7932 	EXP 	scale: autoDraw = False
931.7932 	EXP 	textrest: autoDraw = True
956.7773 	EXP 	Sound sound_2 started
956.7773 	EXP 	textready: autoDraw = True
956.7940 	EXP 	textrest: autoDraw = False
957.3165 	EXP 	Sound sound_2 reached end of file
961.7611 	EXP 	New trial (rep=0, index=13): {'emo_pic': 'emo_pic\\pneutral_7233.jpg', 'duration': 5, 'starduration': 0.1152479, 'posx': -0.7, 'posy': 0}
961.7774 	EXP 	Sound sound_1 started
961.7774 	EXP 	textready: autoDraw = False
961.7774 	EXP 	textrest: autoDraw = False
961.7774 	EXP 	textready: autoDraw = False
961.7774 	EXP 	textblank1000: autoDraw = True
962.3163 	EXP 	Sound sound_1 reached end of file
962.7941 	EXP 	textblank1000: autoDraw = False
962.7941 	EXP 	textblank1000: autoDraw = False
962.7941 	EXP 	emopic: image = 'emo_pic\\pneutral_7233.jpg'
962.7941 	EXP 	emopic: autoDraw = True
962.8941 	EXP 	redstar: autoDraw = True
963.8937 	EXP 	redstar: autoDraw = False
967.8104 	EXP 	emopic: autoDraw = False
967.8104 	EXP 	emopic: autoDraw = False
967.8104 	EXP 	redstar: autoDraw = False
967.8104 	EXP 	textreproductionstart: text = '時間估計作業\n\n請透過滑鼠將刺激呈現時間點在以下量尺中\n按下空白鍵進入下一題'
967.8104 	EXP 	scale: markerPos = None
967.8104 	EXP 	scale: markerPos = None
967.8104 	EXP 	textreproductionstart: autoDraw = True
967.8104 	EXP 	scale: autoDraw = True
970.2114 	DATA 	Mouse: Left button down, pos=(653,320)
970.2438 	EXP 	scale: markerPos = 3.9467592592592595
970.2771 	EXP 	scale: markerPos = 3.9467592592592595
970.3104 	EXP 	scale: markerPos = 3.9467592592592595
970.3438 	EXP 	scale: markerPos = 3.9467592592592595
970.3605 	DATA 	Mouse:  Left button up, pos=(651,321)
970.3771 	EXP 	scale: markerPos = 3.935185185185185
970.4104 	EXP 	scale: markerPos = 3.935185185185185
970.7426 	DATA 	Mouse: Left button down, pos=(629,329)
970.7771 	EXP 	scale: markerPos = 3.668981481481481
970.8104 	EXP 	scale: markerPos = 3.668981481481481
970.8438 	EXP 	scale: markerPos = 3.668981481481481
970.8771 	EXP 	scale: markerPos = 3.668981481481481
970.8779 	DATA 	Mouse:  Left button up, pos=(629,329)
970.9104 	EXP 	scale: markerPos = 3.668981481481481
971.1760 	DATA 	Mouse: Left button down, pos=(609,322)
971.2105 	EXP 	scale: markerPos = 3.4375000000000004
971.2438 	EXP 	scale: markerPos = 3.4375000000000004
971.2771 	EXP 	scale: markerPos = 3.4375000000000004
971.2935 	DATA 	Mouse:  Left button up, pos=(609,322)
971.3104 	EXP 	scale: markerPos = 3.4375000000000004
971.3438 	EXP 	scale: markerPos = 3.4375000000000004
975.3009 	DATA 	KeyPress:  
975.3105 	EXP 	textreproductionstart: autoDraw = False
975.3105 	EXP 	scale: autoDraw = False
975.3105 	EXP 	textrest: autoDraw = True
1000.2947 	EXP 	Sound sound_2 started
1000.2947 	EXP 	textready: autoDraw = True
1000.3114 	EXP 	textrest: autoDraw = False
1000.8353 	EXP 	Sound sound_2 reached end of file
1005.2785 	EXP 	New trial (rep=0, index=14): {'emo_pic': 'emo_pic\\positive_high_5621.jpg', 'duration': 5, 'starduration': 0.1152479, 'posx': -0.7, 'posy': 0}
1005.2948 	EXP 	Sound sound_1 started
1005.2948 	EXP 	textready: autoDraw = False
1005.2948 	EXP 	textrest: autoDraw = False
1005.2948 	EXP 	textready: autoDraw = False
1005.2948 	EXP 	textblank1000: autoDraw = True
1005.8349 	EXP 	Sound sound_1 reached end of file
1006.3115 	EXP 	textblank1000: autoDraw = False
1006.3115 	EXP 	textblank1000: autoDraw = False
1006.3115 	EXP 	emopic: image = 'emo_pic\\positive_high_5621.jpg'
1006.3115 	EXP 	emopic: autoDraw = True
1006.4115 	EXP 	redstar: autoDraw = True
1007.4110 	EXP 	redstar: autoDraw = False
1011.3278 	EXP 	emopic: autoDraw = False
1011.3278 	EXP 	emopic: autoDraw = False
1011.3278 	EXP 	redstar: autoDraw = False
1011.3278 	EXP 	textreproductionstart: text = '時間估計作業\n\n請透過滑鼠將刺激呈現時間點在以下量尺中\n按下空白鍵進入下一題'
1011.3278 	EXP 	scale: markerPos = None
1011.3278 	EXP 	scale: markerPos = None
1011.3278 	EXP 	textreproductionstart: autoDraw = True
1011.3278 	EXP 	scale: autoDraw = True
1013.4598 	DATA 	Mouse: Left button down, pos=(649,313)
1013.4944 	EXP 	scale: markerPos = 3.900462962962963
1013.5278 	EXP 	scale: markerPos = 3.900462962962963
1013.5611 	EXP 	scale: markerPos = 3.900462962962963
1013.5945 	EXP 	scale: markerPos = 3.900462962962963
1013.6278 	EXP 	scale: markerPos = 3.900462962962963
1013.6286 	DATA 	Mouse:  Left button up, pos=(649,313)
1013.6611 	EXP 	scale: markerPos = 3.900462962962963
1026.2685 	DATA 	KeyPress:  
1026.2780 	EXP 	textreproductionstart: autoDraw = False
1026.2780 	EXP 	scale: autoDraw = False
1026.2780 	EXP 	textrest: autoDraw = True
1051.2622 	EXP 	Sound sound_2 started
1051.2622 	EXP 	textready: autoDraw = True
1051.2788 	EXP 	textrest: autoDraw = False
1051.8009 	EXP 	Sound sound_2 reached end of file
1056.2460 	EXP 	New trial (rep=0, index=15): {'emo_pic': 'emo_pic\\pnegative_low_2100.jpg', 'duration': 7, 'starduration': 0.0561269, 'posx': 0.7, 'posy': 0}
1056.2622 	EXP 	Sound sound_1 started
1056.2622 	EXP 	textready: autoDraw = False
1056.2622 	EXP 	textrest: autoDraw = False
1056.2622 	EXP 	textready: autoDraw = False
1056.2622 	EXP 	textblank1000: autoDraw = True
1056.8050 	EXP 	Sound sound_1 reached end of file
1057.2789 	EXP 	textblank1000: autoDraw = False
1057.2789 	EXP 	textblank1000: autoDraw = False
1057.2789 	EXP 	emopic: image = 'emo_pic\\pnegative_low_2100.jpg'
1057.2789 	EXP 	emopic: autoDraw = True
1057.3289 	EXP 	redstar: autoDraw = True
1058.3289 	EXP 	redstar: autoDraw = False
1064.2956 	EXP 	emopic: autoDraw = False
1064.2956 	EXP 	emopic: autoDraw = False
1064.2956 	EXP 	redstar: autoDraw = False
1064.2956 	EXP 	textreproductionstart: text = '時間估計作業\n\n請透過滑鼠將刺激呈現時間點在以下量尺中\n按下空白鍵進入下一題'
1064.2956 	EXP 	scale: markerPos = None
1064.2956 	EXP 	scale: markerPos = None
1064.2956 	EXP 	textreproductionstart: autoDraw = True
1064.2956 	EXP 	scale: autoDraw = True
1066.6964 	DATA 	Mouse: Left button down, pos=(753,323)
1066.7289 	EXP 	scale: markerPos = 5.104166666666667
1066.7623 	EXP 	scale: markerPos = 5.104166666666667
1066.7956 	EXP 	scale: markerPos = 5.104166666666667
1066.8289 	EXP 	scale: markerPos = 5.104166666666667
1066.8297 	DATA 	Mouse:  Left button up, pos=(753,323)
1066.8622 	EXP 	scale: markerPos = 5.104166666666667
1077.1030 	DATA 	KeyPress:  
1077.1125 	EXP 	textreproductionstart: autoDraw = False
1077.1125 	EXP 	scale: autoDraw = False
1077.1125 	EXP 	textrest: autoDraw = True
1102.0963 	EXP 	Sound sound_2 started
1102.0963 	EXP 	textready: autoDraw = True
1102.1130 	EXP 	textrest: autoDraw = False
1102.6359 	EXP 	Sound sound_2 reached end of file
1107.0801 	EXP 	New trial (rep=0, index=16): {'emo_pic': 'emo_pic\\pneutral_5500.jpg', 'duration': 1, 'starduration': 0.1384903, 'posx': 0, 'posy': -0.4}
1107.0964 	EXP 	Sound sound_1 started
1107.0964 	EXP 	textready: autoDraw = False
1107.0964 	EXP 	textrest: autoDraw = False
1107.0964 	EXP 	textready: autoDraw = False
1107.0964 	EXP 	textblank1000: autoDraw = True
1107.6355 	EXP 	Sound sound_1 reached end of file
1108.1130 	EXP 	textblank1000: autoDraw = False
1108.1130 	EXP 	textblank1000: autoDraw = False
1108.1130 	EXP 	emopic: image = 'emo_pic\\pneutral_5500.jpg'
1108.1130 	EXP 	emopic: autoDraw = True
1108.2464 	EXP 	redstar: autoDraw = True
1109.1126 	EXP 	emopic: autoDraw = False
1109.2626 	EXP 	redstar: autoDraw = False
1109.2626 	EXP 	emopic: autoDraw = False
1109.2626 	EXP 	redstar: autoDraw = False
1109.2626 	EXP 	textreproductionstart: text = '時間估計作業\n\n請透過滑鼠將刺激呈現時間點在以下量尺中\n按下空白鍵進入下一題'
1109.2626 	EXP 	scale: markerPos = None
1109.2626 	EXP 	scale: markerPos = None
1109.2626 	EXP 	textreproductionstart: autoDraw = True
1109.2626 	EXP 	scale: autoDraw = True
1111.7448 	DATA 	Mouse: Left button down, pos=(364,324)
1111.7794 	EXP 	scale: markerPos = 0.6018518518518521
1111.8127 	EXP 	scale: markerPos = 0.6018518518518521
1111.8135 	DATA 	Mouse:  Left button up, pos=(364,324)
1111.8460 	EXP 	scale: markerPos = 0.6018518518518521
1112.3802 	DATA 	Mouse: Left button down, pos=(376,321)
1112.4127 	EXP 	scale: markerPos = 0.7407407407407407
1112.4460 	EXP 	scale: markerPos = 0.7407407407407407
1112.4794 	EXP 	scale: markerPos = 0.7407407407407407
1112.4801 	DATA 	Mouse:  Left button up, pos=(376,321)
1112.5127 	EXP 	scale: markerPos = 0.7407407407407407
1117.1865 	DATA 	KeyPress:  
1117.1961 	EXP 	textreproductionstart: autoDraw = False
1117.1961 	EXP 	scale: autoDraw = False
1117.1961 	EXP 	textrest: autoDraw = True
1142.1798 	EXP 	Sound sound_2 started
1142.1798 	EXP 	textready: autoDraw = True
1142.1965 	EXP 	textrest: autoDraw = False
1142.7188 	EXP 	Sound sound_2 reached end of file
1147.1636 	EXP 	New trial (rep=0, index=17): {'emo_pic': 'emo_pic\\pnegative_low_9331.jpg', 'duration': 1, 'starduration': 0.1384903, 'posx': 0, 'posy': -0.4}
1147.1799 	EXP 	Sound sound_1 started
1147.1799 	EXP 	textready: autoDraw = False
1147.1799 	EXP 	textrest: autoDraw = False
1147.1799 	EXP 	textready: autoDraw = False
1147.1799 	EXP 	textblank1000: autoDraw = True
1147.7185 	EXP 	Sound sound_1 reached end of file
1148.1799 	EXP 	textblank1000: autoDraw = False
1148.1799 	EXP 	textblank1000: autoDraw = False
1148.1799 	EXP 	emopic: image = 'emo_pic\\pnegative_low_9331.jpg'
1148.1799 	EXP 	emopic: autoDraw = True
1148.3299 	EXP 	redstar: autoDraw = True
1149.1800 	EXP 	emopic: autoDraw = False
1149.3466 	EXP 	redstar: autoDraw = False
1149.3466 	EXP 	emopic: autoDraw = False
1149.3466 	EXP 	redstar: autoDraw = False
1149.3466 	EXP 	textreproductionstart: text = '時間估計作業\n\n請透過滑鼠將刺激呈現時間點在以下量尺中\n按下空白鍵進入下一題'
1149.3466 	EXP 	scale: markerPos = None
1149.3466 	EXP 	scale: markerPos = None
1149.3466 	EXP 	textreproductionstart: autoDraw = True
1149.3466 	EXP 	scale: autoDraw = True
1151.7956 	DATA 	Mouse: Left button down, pos=(335,333)
1151.8468 	EXP 	scale: markerPos = 0.26620370370370405
1151.8801 	EXP 	scale: markerPos = 0.26620370370370405
1151.9135 	EXP 	scale: markerPos = 0.277777777777779
1151.9146 	DATA 	Mouse:  Left button up, pos=(339,332)
1151.9468 	EXP 	scale: markerPos = 0.277777777777779
1152.4476 	DATA 	Mouse: Left button down, pos=(355,319)
1152.4801 	EXP 	scale: markerPos = 0.4976851851851849
1152.5135 	EXP 	scale: markerPos = 0.4976851851851849
1152.5299 	DATA 	Mouse:  Left button up, pos=(355,319)
1152.5468 	EXP 	scale: markerPos = 0.4976851851851849
1152.5801 	EXP 	scale: markerPos = 0.4976851851851849
1152.9476 	DATA 	Mouse: Left button down, pos=(348,321)
1152.9801 	EXP 	scale: markerPos = 0.41666666666666685
1153.0135 	EXP 	scale: markerPos = 0.41666666666666685
1153.0468 	EXP 	scale: markerPos = 0.41666666666666685
1153.0476 	DATA 	Mouse:  Left button up, pos=(348,321)
1153.0801 	EXP 	scale: markerPos = 0.41666666666666685
1153.6143 	DATA 	Mouse: Left button down, pos=(356,319)
1153.6468 	EXP 	scale: markerPos = 0.5092592592592591
1153.6802 	EXP 	scale: markerPos = 0.5092592592592591
1153.7135 	EXP 	scale: markerPos = 0.5092592592592591
1153.7298 	DATA 	Mouse:  Left button up, pos=(356,319)
1153.7468 	EXP 	scale: markerPos = 0.5092592592592591
1153.7803 	EXP 	scale: markerPos = 0.5092592592592591
1159.6210 	DATA 	KeyPress:  
1159.6306 	EXP 	textreproductionstart: autoDraw = False
1159.6306 	EXP 	scale: autoDraw = False
1159.6306 	EXP 	textrest: autoDraw = True
1184.6143 	EXP 	Sound sound_2 started
1184.6143 	EXP 	textready: autoDraw = True
1184.6309 	EXP 	textrest: autoDraw = False
1185.1554 	EXP 	Sound sound_2 reached end of file
1189.5981 	EXP 	New trial (rep=0, index=18): {'emo_pic': 'emo_pic\\pnegative_low_6010.jpg', 'duration': 3, 'starduration': 0.1552196, 'posx': 0, 'posy': 0.4}
1189.6144 	EXP 	Sound sound_1 started
1189.6144 	EXP 	textready: autoDraw = False
1189.6144 	EXP 	textrest: autoDraw = False
1189.6144 	EXP 	textready: autoDraw = False
1189.6144 	EXP 	textblank1000: autoDraw = True
1190.1551 	EXP 	Sound sound_1 reached end of file
1190.6310 	EXP 	textblank1000: autoDraw = False
1190.6310 	EXP 	textblank1000: autoDraw = False
1190.6310 	EXP 	emopic: image = 'emo_pic\\pnegative_low_6010.jpg'
1190.6310 	EXP 	emopic: autoDraw = True
1190.7811 	EXP 	redstar: autoDraw = True
1191.7806 	EXP 	redstar: autoDraw = False
1193.6473 	EXP 	emopic: autoDraw = False
1193.6473 	EXP 	emopic: autoDraw = False
1193.6473 	EXP 	redstar: autoDraw = False
1193.6473 	EXP 	textreproductionstart: text = '時間估計作業\n\n請透過滑鼠將刺激呈現時間點在以下量尺中\n按下空白鍵進入下一題'
1193.6473 	EXP 	scale: markerPos = None
1193.6473 	EXP 	scale: markerPos = None
1193.6473 	EXP 	textreproductionstart: autoDraw = True
1193.6473 	EXP 	scale: autoDraw = True
1196.1128 	DATA 	Mouse: Left button down, pos=(447,308)
1196.1474 	EXP 	scale: markerPos = 1.5625000000000002
1196.1807 	EXP 	scale: markerPos = 1.5625000000000002
1196.2140 	EXP 	scale: markerPos = 1.5625000000000002
1196.2149 	DATA 	Mouse:  Left button up, pos=(447,308)
1196.2474 	EXP 	scale: markerPos = 1.5625000000000002
1196.5962 	DATA 	Mouse: Left button down, pos=(462,316)
1196.6307 	EXP 	scale: markerPos = 1.7361111111111105
1196.6641 	EXP 	scale: markerPos = 1.7361111111111105
1196.6974 	EXP 	scale: markerPos = 1.7361111111111105
1196.7307 	EXP 	scale: markerPos = 1.7361111111111105
1196.7316 	DATA 	Mouse:  Left button up, pos=(462,316)
1196.7641 	EXP 	scale: markerPos = 1.7361111111111105
1203.9717 	DATA 	KeyPress:  
1203.9810 	EXP 	textreproductionstart: autoDraw = False
1203.9810 	EXP 	scale: autoDraw = False
1203.9810 	EXP 	textrest: autoDraw = True
1228.9650 	EXP 	Sound sound_2 started
1228.9650 	EXP 	textready: autoDraw = True
1228.9817 	EXP 	textrest: autoDraw = False
1229.5054 	EXP 	Sound sound_2 reached end of file
1233.9488 	EXP 	New trial (rep=0, index=19): {'emo_pic': 'emo_pic\\pnegative_low_2520.jpg', 'duration': 5, 'starduration': 0.1152479, 'posx': -0.7, 'posy': 0}
1233.9651 	EXP 	Sound sound_1 started
1233.9651 	EXP 	textready: autoDraw = False
1233.9651 	EXP 	textrest: autoDraw = False
1233.9651 	EXP 	textready: autoDraw = False
1233.9651 	EXP 	textblank1000: autoDraw = True
1234.5049 	EXP 	Sound sound_1 reached end of file
1234.9818 	EXP 	textblank1000: autoDraw = False
1234.9818 	EXP 	textblank1000: autoDraw = False
1234.9818 	EXP 	emopic: image = 'emo_pic\\pnegative_low_2520.jpg'
1234.9818 	EXP 	emopic: autoDraw = True
1235.0818 	EXP 	redstar: autoDraw = True
1236.0813 	EXP 	redstar: autoDraw = False
1239.9981 	EXP 	emopic: autoDraw = False
1239.9981 	EXP 	emopic: autoDraw = False
1239.9981 	EXP 	redstar: autoDraw = False
1239.9981 	EXP 	textreproductionstart: text = '時間估計作業\n\n請透過滑鼠將刺激呈現時間點在以下量尺中\n按下空白鍵進入下一題'
1239.9981 	EXP 	scale: markerPos = None
1239.9981 	EXP 	scale: markerPos = None
1239.9981 	EXP 	textreproductionstart: autoDraw = True
1239.9981 	EXP 	scale: autoDraw = True
1242.5803 	DATA 	Mouse: Left button down, pos=(552,309)
1242.6148 	EXP 	scale: markerPos = 2.7777777777777777
1242.6481 	EXP 	scale: markerPos = 2.7777777777777777
1242.6814 	EXP 	scale: markerPos = 2.8125
1242.6980 	DATA 	Mouse:  Left button up, pos=(559,315)
1242.7148 	EXP 	scale: markerPos = 2.8587962962962967
1242.7481 	EXP 	scale: markerPos = 2.8587962962962967
1242.9470 	DATA 	Mouse: Left button down, pos=(564,318)
1242.9815 	EXP 	scale: markerPos = 2.916666666666666
1243.0148 	EXP 	scale: markerPos = 2.916666666666666
1243.0481 	EXP 	scale: markerPos = 2.916666666666666
1243.0489 	DATA 	Mouse:  Left button up, pos=(564,318)
1243.0815 	EXP 	scale: markerPos = 2.916666666666666
1248.4222 	DATA 	KeyPress:  
1248.4315 	EXP 	textreproductionstart: autoDraw = False
1248.4315 	EXP 	scale: autoDraw = False
1248.4315 	EXP 	textrest: autoDraw = True
1273.4157 	EXP 	Sound sound_2 started
1273.4157 	EXP 	textready: autoDraw = True
1273.4324 	EXP 	textrest: autoDraw = False
1273.9553 	EXP 	Sound sound_2 reached end of file
1278.2163 	DATA 	Mouse: Left button down, pos=(836,690)
1278.3497 	DATA 	Mouse:  Left button up, pos=(836,690)
1278.4158 	EXP 	textready: autoDraw = False
1278.4158 	EXP 	textrest: autoDraw = False
1278.4158 	EXP 	textready: autoDraw = False
1278.4158 	EXP 	textEndMessage: autoDraw = True
1280.3158 	EXP 	textEndMessage: autoDraw = False
1280.3777 	EXP 	window1: mouseVisible = True
