13.4106 	WARNING 	User requested fullscreen with size [1280  720], but screen is actually [1920, 1080]. Using actual size
14.2052 	EXP 	Created window1 = Window(allowGUI=True, allowStencil=False, autoLog=True, backendConf=UNKNOWN, bitsMode=UNKNOWN, blendMode='avg', bpc=(8, 8, 8), color=array([0, 0, 0]), colorSpace='rgb', depthBits=8, fullscr=<method-wrapper '__getattribute__' of attributeSetter object at 0x00000250F373ABB0>, gamma=None, gammaErrorPolicy='raise', lms=UNKNOWN, monitor=<psychopy.monitors.calibTools.Monitor object at 0x00000250F3CA9AF0>, multiSample=False, name='window1', numSamples=2, pos=(0, 0), screen=0, size=array([1920, 1080]), stencilBits=0, stereo=False, units='height', useFBO=True, useRetina=False, viewOri=0.0, viewPos=None, viewScale=None, waitBlanking=True, winType='pyglet')
14.2053 	EXP 	window1: mouseVisible = True
14.2054 	EXP 	window1: mouseVisible = False
14.2054 	EXP 	window1: Attempting to measure frame rate of screen (0) ...
14.2054 	EXP 	window1: recordFrameIntervals = False
14.3713 	EXP 	window1: recordFrameIntervals = True
14.5549 	EXP 	Screen (0) actual frame rate measured at 59.81Hz
14.5550 	EXP 	window1: recordFrameIntervals = False
17.1736 	EXP 	Created textWelcomeMessage = TextStim(__class__=<class 'psychopy.visual.text.TextStim'>, alignHoriz=method-wrapper(...), alignText='center', alignVert=method-wrapper(...), anchorHoriz='center', anchorVert='center', antialias=True, autoDraw=False, autoLog=True, bold=False, color=array([1, 1, 1]), colorSpace='rgb', contrast=1.0, depth=0.0, flipHoriz=False, flipVert=False, font='Open Sans', fontFiles=[], height=0.05, italic=False, languageStyle='LTR', name='textWelcomeMessage', opacity=1.0, ori=0.0, pos=array([0., 0.]), rgb=UNKNOWN, text='歡迎來到本次的實驗\n\n請按"空白鍵"開始實驗', units='height', win=Window(...), wrapWidth=1)
17.1778 	EXP 	Created textblank1000 = TextStim(__class__=<class 'psychopy.visual.text.TextStim'>, alignHoriz=method-wrapper(...), alignText='center', alignVert=method-wrapper(...), anchorHoriz='center', anchorVert='center', antialias=True, autoDraw=False, autoLog=True, bold=False, color=array([1, 1, 1]), colorSpace='rgb', contrast=1.0, depth=0.0, flipHoriz=False, flipVert=False, font='Open Sans', fontFiles=[], height=0.05, italic=False, languageStyle='LTR', name='textblank1000', opacity=1.0, ori=0.0, pos=array([0., 0.]), rgb=UNKNOWN, text='+', units='height', win=Window(...), wrapWidth=1)
17.6225 	EXP 	Sound sound_1 set volume 1.000
17.6259 	EXP 	Created emopic = ImageStim(__class__=<class 'psychopy.visual.image.ImageStim'>, anchor=('center', 'center'), autoLog=True, color=array([1, 1, 1]), colorSpace='rgb', contrast=1.0, depth=0.0, flipHoriz=False, flipVert=False, image='sin', interpolate=True, mask=None, maskParams=None, name='emopic', opacity=1.0, ori=0.0, pos=array([0., 0.]), size=array([1., 1.]), texRes=128.0, units='height', win=Window(...))
17.6494 	EXP 	Created redstar = ImageStim(__class__=<class 'psychopy.visual.image.ImageStim'>, anchor=('center', 'center'), autoLog=True, color=array([1, 1, 1]), colorSpace='rgb', contrast=1.0, depth=-1.0, flipHoriz=False, flipVert=False, image='redstar.png', interpolate=True, mask=None, maskParams=None, name='redstar', opacity=1.0, ori=0.0, pos=array([0., 0.]), size=array([0.2, 0.2]), texRes=128.0, units='height', win=Window(...))
17.6500 	EXP 	Created textreproductionstart = TextStim(__class__=<class 'psychopy.visual.text.TextStim'>, alignHoriz=method-wrapper(...), alignText='center', alignVert=method-wrapper(...), anchorHoriz='center', anchorVert='center', antialias=True, autoDraw=False, autoLog=True, bold=False, color=array([1, 1, 1]), colorSpace='rgb', contrast=1.0, depth=0.0, flipHoriz=False, flipVert=False, font='Open Sans', fontFiles=[], height=0.05, italic=False, languageStyle='LTR', name='textreproductionstart', opacity=1.0, ori=0.0, pos=array([0., 0.]), rgb=UNKNOWN, text='', units='height', win=Window(...), wrapWidth=1)
17.6557 	EXP 	window1: mouseVisible = True
17.7934 	EXP 	Created scale = Slider(__class__=<class 'psychopy.visual.slider.Slider'>, autoDraw=False, autoLog=True, borderColor=None, color=None, colorSpace='rgb', depth=-1, fillColor=None, flip=False, font='Open Sans', granularity=0.0, labelColor=None, labelHeight=0.04, labelWrapWidth=None, labels=list(...), lineColor=None, markerColor=None, name='scale', opacity=None, ori=0.0, pos=array([ 0. , -0.2]), readOnly=False, self=UNKNOWN, size=array([1.2 , 0.04]), startValue=None, style='rating', styleTweaks=['triangleMarker'], ticks=ndarray(...), units='height', win=Window(...))
17.8084 	EXP 	Created textrest = TextStim(__class__=<class 'psychopy.visual.text.TextStim'>, alignHoriz=method-wrapper(...), alignText='center', alignVert=method-wrapper(...), anchorHoriz='center', anchorVert='center', antialias=True, autoDraw=False, autoLog=True, bold=False, color=array([1, 1, 1]), colorSpace='rgb', contrast=1.0, depth=0.0, flipHoriz=False, flipVert=False, font='Open Sans', fontFiles=[], height=0.05, italic=False, languageStyle='LTR', name='textrest', opacity=1.0, ori=0.0, pos=array([0., 0.]), rgb=UNKNOWN, text='休息一分鐘\n\n時間結束會自動進入下一題', units='height', win=Window(...), wrapWidth=1)
17.8125 	EXP 	Created textready = TextStim(__class__=<class 'psychopy.visual.text.TextStim'>, alignHoriz=method-wrapper(...), alignText='center', alignVert=method-wrapper(...), anchorHoriz='center', anchorVert='center', antialias=True, autoDraw=False, autoLog=True, bold=False, color=array([1, 1, 1]), colorSpace='rgb', contrast=1.0, depth=-1.0, flipHoriz=False, flipVert=False, font='Open Sans', fontFiles=[], height=0.05, italic=False, languageStyle='LTR', name='textready', opacity=1.0, ori=0.0, pos=array([0., 0.]), rgb=UNKNOWN, text='即將進入下一題', units='height', win=Window(...), wrapWidth=1)
17.8208 	EXP 	Created textEndMessage = TextStim(__class__=<class 'psychopy.visual.text.TextStim'>, alignHoriz=method-wrapper(...), alignText='center', alignVert=method-wrapper(...), anchorHoriz='center', anchorVert='center', antialias=True, autoDraw=False, autoLog=True, bold=False, color=array([1, 1, 1]), colorSpace='rgb', contrast=1.0, depth=0.0, flipHoriz=False, flipVert=False, font='Open Sans', fontFiles=[], height=0.05, italic=False, languageStyle='LTR', name='textEndMessage', opacity=1.0, ori=0.0, pos=array([0., 0.]), rgb=UNKNOWN, text='本次實驗到此結束\n\n感謝您的參與', units='height', win=Window(...), wrapWidth=1)
17.8367 	EXP 	scale: autoLog = True
17.8367 	EXP 	scale: markerPos = None
17.8367 	EXP 	scale: styleTweaks = []
17.8367 	EXP 	scale: styleTweaks = []
17.8367 	EXP 	scale: styleTweaks = ['triangleMarker']
17.8367 	EXP 	scale: styleTweaks = ['triangleMarker']
17.8367 	EXP 	scale: contrast = 1.0
17.8367 	EXP 	scale: autoLog = True
17.8367 	EXP 	textWelcomeMessage: autoDraw = True
18.5431 	EXP 	Imported pic_condition_2.xlsx as conditions, 4 conditions, 5 params
18.5435 	EXP 	Created sequence: random, trialTypes=4, nReps=1, seed=None
18.5437 	EXP 	New trial (rep=0, index=0): {'emo_pic': 'C:\\Users\\user\\Desktop\\time_exp\\emo_pic\\EBPgLdJe_400x400.png', 'duration': 1, 'posx': 0, 'starduration': 0.1384903, 'posy': -0.4}
18.5701 	EXP 	Sound sound_1 started
18.5697 	EXP 	textWelcomeMessage: autoDraw = False
18.5697 	EXP 	textblank1000: autoDraw = True
18.6025 	DATA 	KeyPress:  
19.1216 	EXP 	Sound sound_1 reached end of file
19.5865 	EXP 	textblank1000: autoDraw = False
19.5865 	EXP 	emopic: image = 'C:\\Users\\user\\Desktop\\time_exp\\emo_pic\\EBPgLdJe_400x400.png'
19.5865 	EXP 	emopic: autoDraw = True
19.6864 	EXP 	redstar: autoDraw = True
20.5862 	EXP 	emopic: autoDraw = False
20.7195 	EXP 	redstar: autoDraw = False
20.7195 	EXP 	emopic: autoDraw = False
20.7195 	EXP 	redstar: autoDraw = False
20.7195 	EXP 	textreproductionstart: height = 0.05
20.7195 	EXP 	textreproductionstart: height = 0.05
20.7195 	EXP 	textreproductionstart: height = 0.05
20.7195 	EXP 	textreproductionstart: text = '時間估計作業\n請透過滑鼠將刺激呈現時間點在以下量尺中\n按下空白鍵進入下一題'
20.7195 	EXP 	scale: markerPos = None
20.7195 	EXP 	scale: markerPos = None
20.7195 	EXP 	textreproductionstart: autoDraw = True
20.7195 	EXP 	scale: autoDraw = True
21.4375 	DATA 	Keypress: escape
22.2288 	EXP 	window1: mouseVisible = True
