6.3835 	WARNING 	User requested fullscreen with size [1280  720], but screen is actually [1920, 1080]. Using actual size
7.0540 	EXP 	Created window1 = Window(allowGUI=True, allowStencil=False, autoLog=True, backendConf=UNKNOWN, bitsMode=UNKNOWN, blendMode='avg', bpc=(8, 8, 8), color=array([0, 0, 0]), colorSpace='rgb', depthBits=8, fullscr=<method-wrapper '__getattribute__' of attributeSetter object at 0x000001DE6F56BB80>, gamma=None, gammaErrorPolicy='raise', lms=UNKNOWN, monitor=<psychopy.monitors.calibTools.Monitor object at 0x000001DE70900AF0>, multiSample=False, name='window1', numSamples=2, pos=(0, 0), screen=0, size=array([1920, 1080]), stencilBits=0, stereo=False, units='height', useFBO=True, useRetina=False, viewOri=0.0, viewPos=None, viewScale=None, waitBlanking=True, winType='pyglet')
7.0541 	EXP 	window1: mouseVisible = True
7.0542 	EXP 	window1: mouseVisible = False
7.0542 	EXP 	window1: Attempting to measure frame rate of screen (0) ...
7.0542 	EXP 	window1: recordFrameIntervals = False
7.2205 	EXP 	window1: recordFrameIntervals = True
7.4035 	EXP 	Screen (0) actual frame rate measured at 60.11Hz
7.4035 	EXP 	window1: recordFrameIntervals = False
9.6359 	EXP 	Created textWelcomeMessage = TextStim(__class__=<class 'psychopy.visual.text.TextStim'>, alignHoriz=method-wrapper(...), alignText='center', alignVert=method-wrapper(...), anchorHoriz='center', anchorVert='center', antialias=True, autoDraw=False, autoLog=True, bold=False, color=array([1, 1, 1]), colorSpace='rgb', contrast=1.0, depth=0.0, flipHoriz=False, flipVert=False, font='Open Sans', fontFiles=[], height=0.05, italic=False, languageStyle='LTR', name='textWelcomeMessage', opacity=1.0, ori=0.0, pos=array([0., 0.]), rgb=UNKNOWN, text='歡迎來到本次的實驗\n\n請按"空白鍵"開始實驗', units='height', win=Window(...), wrapWidth=1)
9.6407 	EXP 	Created textblank1000 = TextStim(__class__=<class 'psychopy.visual.text.TextStim'>, alignHoriz=method-wrapper(...), alignText='center', alignVert=method-wrapper(...), anchorHoriz='center', anchorVert='center', antialias=True, autoDraw=False, autoLog=True, bold=False, color=array([1, 1, 1]), colorSpace='rgb', contrast=1.0, depth=0.0, flipHoriz=False, flipVert=False, font='Open Sans', fontFiles=[], height=0.05, italic=False, languageStyle='LTR', name='textblank1000', opacity=1.0, ori=0.0, pos=array([0., 0.]), rgb=UNKNOWN, text='+', units='height', win=Window(...), wrapWidth=1)
10.0915 	EXP 	Sound sound_1 set volume 1.000
10.0952 	EXP 	Created emopic = ImageStim(__class__=<class 'psychopy.visual.image.ImageStim'>, anchor=('center', 'center'), autoLog=True, color=array([1, 1, 1]), colorSpace='rgb', contrast=1.0, depth=0.0, flipHoriz=False, flipVert=False, image='sin', interpolate=True, mask=None, maskParams=None, name='emopic', opacity=1.0, ori=0.0, pos=array([0., 0.]), size=array([1., 1.]), texRes=128.0, units='height', win=Window(...))
10.1154 	EXP 	Created redstar = ImageStim(__class__=<class 'psychopy.visual.image.ImageStim'>, anchor=('center', 'center'), autoLog=True, color=array([1, 1, 1]), colorSpace='rgb', contrast=1.0, depth=-1.0, flipHoriz=False, flipVert=False, image='redstar.png', interpolate=True, mask=None, maskParams=None, name='redstar', opacity=1.0, ori=0.0, pos=array([0., 0.]), size=array([0.2, 0.2]), texRes=128.0, units='height', win=Window(...))
10.1159 	EXP 	Created textreproductionstart = TextStim(__class__=<class 'psychopy.visual.text.TextStim'>, alignHoriz=method-wrapper(...), alignText='center', alignVert=method-wrapper(...), anchorHoriz='center', anchorVert='center', antialias=True, autoDraw=False, autoLog=True, bold=False, color=array([1, 1, 1]), colorSpace='rgb', contrast=1.0, depth=0.0, flipHoriz=False, flipVert=False, font='Open Sans', fontFiles=[], height=0.05, italic=False, languageStyle='LTR', name='textreproductionstart', opacity=1.0, ori=0.0, pos=array([0., 0.]), rgb=UNKNOWN, text='', units='height', win=Window(...), wrapWidth=1)
10.1213 	EXP 	window1: mouseVisible = True
10.2526 	EXP 	Created scale = Slider(__class__=<class 'psychopy.visual.slider.Slider'>, autoDraw=False, autoLog=True, borderColor=None, color=None, colorSpace='rgb', depth=-1, fillColor=None, flip=False, font='Open Sans', granularity=0.0, labelColor=None, labelHeight=0.04, labelWrapWidth=None, labels=list(...), lineColor=None, markerColor=None, name='scale', opacity=None, ori=0.0, pos=array([ 0. , -0.2]), readOnly=False, self=UNKNOWN, size=array([1.2 , 0.04]), startValue=None, style='rating', styleTweaks=['triangleMarker'], ticks=ndarray(...), units='height', win=Window(...))
10.2653 	EXP 	Created textrest = TextStim(__class__=<class 'psychopy.visual.text.TextStim'>, alignHoriz=method-wrapper(...), alignText='center', alignVert=method-wrapper(...), anchorHoriz='center', anchorVert='center', antialias=True, autoDraw=False, autoLog=True, bold=False, color=array([1, 1, 1]), colorSpace='rgb', contrast=1.0, depth=0.0, flipHoriz=False, flipVert=False, font='Open Sans', fontFiles=[], height=0.05, italic=False, languageStyle='LTR', name='textrest', opacity=1.0, ori=0.0, pos=array([0., 0.]), rgb=UNKNOWN, text='休息一分鐘\n\n時間結束會自動進入下一題', units='height', win=Window(...), wrapWidth=1)
10.2692 	EXP 	Created textready = TextStim(__class__=<class 'psychopy.visual.text.TextStim'>, alignHoriz=method-wrapper(...), alignText='center', alignVert=method-wrapper(...), anchorHoriz='center', anchorVert='center', antialias=True, autoDraw=False, autoLog=True, bold=False, color=array([1, 1, 1]), colorSpace='rgb', contrast=1.0, depth=-1.0, flipHoriz=False, flipVert=False, font='Open Sans', fontFiles=[], height=0.05, italic=False, languageStyle='LTR', name='textready', opacity=1.0, ori=0.0, pos=array([0., 0.]), rgb=UNKNOWN, text='即將進入下一題', units='height', win=Window(...), wrapWidth=1)
10.2764 	EXP 	Created textEndMessage = TextStim(__class__=<class 'psychopy.visual.text.TextStim'>, alignHoriz=method-wrapper(...), alignText='center', alignVert=method-wrapper(...), anchorHoriz='center', anchorVert='center', antialias=True, autoDraw=False, autoLog=True, bold=False, color=array([1, 1, 1]), colorSpace='rgb', contrast=1.0, depth=0.0, flipHoriz=False, flipVert=False, font='Open Sans', fontFiles=[], height=0.05, italic=False, languageStyle='LTR', name='textEndMessage', opacity=1.0, ori=0.0, pos=array([0., 0.]), rgb=UNKNOWN, text='本次實驗到此結束\n\n感謝您的參與', units='height', win=Window(...), wrapWidth=1)
10.2861 	EXP 	scale: autoLog = True
10.2861 	EXP 	scale: markerPos = None
10.2861 	EXP 	scale: styleTweaks = []
10.2861 	EXP 	scale: styleTweaks = []
10.2861 	EXP 	scale: styleTweaks = ['triangleMarker']
10.2861 	EXP 	scale: styleTweaks = ['triangleMarker']
10.2861 	EXP 	scale: contrast = 1.0
10.2861 	EXP 	scale: autoLog = True
10.2861 	EXP 	textWelcomeMessage: autoDraw = True
11.3109 	EXP 	Imported pic_condition_2.xlsx as conditions, 4 conditions, 5 params
11.3113 	EXP 	Created sequence: random, trialTypes=4, nReps=1, seed=None
11.3115 	EXP 	New trial (rep=0, index=0): {'emo_pic': 'C:\\Users\\user\\Desktop\\time_exp\\emo_pic\\rdt-20210516-0143118280534424875981353.jpg', 'duration': 5, 'posx': -0.6, 'starduration': 0.1152479, 'posy': 0}
11.3211 	EXP 	Sound sound_1 started
11.3202 	EXP 	textWelcomeMessage: autoDraw = False
11.3202 	EXP 	textblank1000: autoDraw = True
11.3569 	DATA 	KeyPress:  
11.8708 	EXP 	Sound sound_1 reached end of file
12.3551 	EXP 	textblank1000: autoDraw = False
12.3551 	EXP 	emopic: image = 'C:\\Users\\user\\Desktop\\time_exp\\emo_pic\\rdt-20210516-0143118280534424875981353.jpg'
12.3551 	EXP 	emopic: autoDraw = True
12.4213 	EXP 	redstar: autoDraw = True
13.4209 	EXP 	redstar: autoDraw = False
14.6053 	DATA 	Keypress: escape
15.2461 	EXP 	window1: mouseVisible = True
