4.9409 	WARNING 	User requested fullscreen with size [1280  720], but screen is actually [1920, 1080]. Using actual size
5.6149 	EXP 	Created window1 = Window(allowGUI=True, allowStencil=False, autoLog=True, backendConf=UNKNOWN, bitsMode=UNKNOWN, blendMode='avg', bpc=(8, 8, 8), color=array([0, 0, 0]), colorSpace='rgb', depthBits=8, fullscr=<method-wrapper '__getattribute__' of attributeSetter object at 0x000002390663AB80>, gamma=None, gammaErrorPolicy='raise', lms=UNKNOWN, monitor=<psychopy.monitors.calibTools.Monitor object at 0x0000023907714370>, multiSample=False, name='window1', numSamples=2, pos=(0, 0), screen=0, size=array([1920, 1080]), stencilBits=0, stereo=False, units='height', useFBO=True, useRetina=False, viewOri=0.0, viewPos=None, viewScale=None, waitBlanking=True, winType='pyglet')
5.6150 	EXP 	window1: mouseVisible = True
5.6152 	EXP 	window1: mouseVisible = False
5.6152 	EXP 	window1: Attempting to measure frame rate of screen (0) ...
5.6152 	EXP 	window1: recordFrameIntervals = False
5.7809 	EXP 	window1: recordFrameIntervals = True
5.9634 	EXP 	Screen (0) actual frame rate measured at 60.44Hz
5.9635 	EXP 	window1: recordFrameIntervals = False
8.0842 	EXP 	Created textWelcomeMessage = TextStim(__class__=<class 'psychopy.visual.text.TextStim'>, alignHoriz=method-wrapper(...), alignText='center', alignVert=method-wrapper(...), anchorHoriz='center', anchorVert='center', antialias=True, autoDraw=False, autoLog=True, bold=False, color=array([1, 1, 1]), colorSpace='rgb', contrast=1.0, depth=0.0, flipHoriz=False, flipVert=False, font='Open Sans', fontFiles=[], height=0.05, italic=False, languageStyle='LTR', name='textWelcomeMessage', opacity=1.0, ori=0.0, pos=array([0., 0.]), rgb=UNKNOWN, text='歡迎來到本次的實驗\n\n請按"空白鍵"開始實驗', units='height', win=Window(...), wrapWidth=1)
8.0887 	EXP 	Created textblank1000 = TextStim(__class__=<class 'psychopy.visual.text.TextStim'>, alignHoriz=method-wrapper(...), alignText='center', alignVert=method-wrapper(...), anchorHoriz='center', anchorVert='center', antialias=True, autoDraw=False, autoLog=True, bold=False, color=array([1, 1, 1]), colorSpace='rgb', contrast=1.0, depth=0.0, flipHoriz=False, flipVert=False, font='Open Sans', fontFiles=[], height=0.05, italic=False, languageStyle='LTR', name='textblank1000', opacity=1.0, ori=0.0, pos=array([0., 0.]), rgb=UNKNOWN, text='+', units='height', win=Window(...), wrapWidth=1)
8.5392 	EXP 	Sound sound_1 set volume 1.000
8.5425 	EXP 	Created emopic = ImageStim(__class__=<class 'psychopy.visual.image.ImageStim'>, anchor=('center', 'center'), autoLog=True, color=array([1, 1, 1]), colorSpace='rgb', contrast=1.0, depth=0.0, flipHoriz=False, flipVert=False, image='sin', interpolate=True, mask=None, maskParams=None, name='emopic', opacity=1.0, ori=0.0, pos=array([0., 0.]), size=array([1., 1.]), texRes=128.0, units='height', win=Window(...))
8.5602 	EXP 	Created redstar = ImageStim(__class__=<class 'psychopy.visual.image.ImageStim'>, anchor=('center', 'center'), autoLog=True, color=array([1, 1, 1]), colorSpace='rgb', contrast=1.0, depth=-1.0, flipHoriz=False, flipVert=False, image='redstar.png', interpolate=True, mask=None, maskParams=None, name='redstar', opacity=1.0, ori=0.0, pos=array([0., 0.]), size=array([0.2, 0.2]), texRes=128.0, units='height', win=Window(...))
8.5607 	EXP 	Created textreproductionstart = TextStim(__class__=<class 'psychopy.visual.text.TextStim'>, alignHoriz=method-wrapper(...), alignText='center', alignVert=method-wrapper(...), anchorHoriz='center', anchorVert='center', antialias=True, autoDraw=False, autoLog=True, bold=False, color=array([1, 1, 1]), colorSpace='rgb', contrast=1.0, depth=0.0, flipHoriz=False, flipVert=False, font='Open Sans', fontFiles=[], height=0.05, italic=False, languageStyle='LTR', name='textreproductionstart', opacity=1.0, ori=0.0, pos=array([0., 0.]), rgb=UNKNOWN, text='', units='height', win=Window(...), wrapWidth=1)
8.5668 	EXP 	window1: mouseVisible = True
8.6958 	EXP 	Created scale = Slider(__class__=<class 'psychopy.visual.slider.Slider'>, autoDraw=False, autoLog=True, borderColor=None, color=None, colorSpace='rgb', depth=-1, fillColor=None, flip=False, font='Open Sans', granularity=0.0, labelColor=None, labelHeight=0.04, labelWrapWidth=None, labels=list(...), lineColor=None, markerColor=None, name='scale', opacity=None, ori=0.0, pos=array([ 0. , -0.2]), readOnly=False, self=UNKNOWN, size=array([1.2 , 0.04]), startValue=None, style='rating', styleTweaks=['triangleMarker'], ticks=ndarray(...), units='height', win=Window(...))
8.7096 	EXP 	Created textrest = TextStim(__class__=<class 'psychopy.visual.text.TextStim'>, alignHoriz=method-wrapper(...), alignText='center', alignVert=method-wrapper(...), anchorHoriz='center', anchorVert='center', antialias=True, autoDraw=False, autoLog=True, bold=False, color=array([1, 1, 1]), colorSpace='rgb', contrast=1.0, depth=0.0, flipHoriz=False, flipVert=False, font='Open Sans', fontFiles=[], height=0.05, italic=False, languageStyle='LTR', name='textrest', opacity=1.0, ori=0.0, pos=array([0., 0.]), rgb=UNKNOWN, text='休息一分鐘\n\n時間結束會自動進入下一題', units='height', win=Window(...), wrapWidth=1)
8.7141 	EXP 	Created textready = TextStim(__class__=<class 'psychopy.visual.text.TextStim'>, alignHoriz=method-wrapper(...), alignText='center', alignVert=method-wrapper(...), anchorHoriz='center', anchorVert='center', antialias=True, autoDraw=False, autoLog=True, bold=False, color=array([1, 1, 1]), colorSpace='rgb', contrast=1.0, depth=-1.0, flipHoriz=False, flipVert=False, font='Open Sans', fontFiles=[], height=0.05, italic=False, languageStyle='LTR', name='textready', opacity=1.0, ori=0.0, pos=array([0., 0.]), rgb=UNKNOWN, text='即將進入下一題', units='height', win=Window(...), wrapWidth=1)
8.7225 	EXP 	Created textEndMessage = TextStim(__class__=<class 'psychopy.visual.text.TextStim'>, alignHoriz=method-wrapper(...), alignText='center', alignVert=method-wrapper(...), anchorHoriz='center', anchorVert='center', antialias=True, autoDraw=False, autoLog=True, bold=False, color=array([1, 1, 1]), colorSpace='rgb', contrast=1.0, depth=0.0, flipHoriz=False, flipVert=False, font='Open Sans', fontFiles=[], height=0.05, italic=False, languageStyle='LTR', name='textEndMessage', opacity=1.0, ori=0.0, pos=array([0., 0.]), rgb=UNKNOWN, text='本次實驗到此結束\n\n感謝您的參與', units='height', win=Window(...), wrapWidth=1)
8.7461 	EXP 	scale: autoLog = True
8.7461 	EXP 	scale: markerPos = None
8.7461 	EXP 	scale: styleTweaks = []
8.7461 	EXP 	scale: styleTweaks = []
8.7461 	EXP 	scale: styleTweaks = ['triangleMarker']
8.7461 	EXP 	scale: styleTweaks = ['triangleMarker']
8.7461 	EXP 	scale: contrast = 1.0
8.7461 	EXP 	scale: autoLog = True
8.7461 	EXP 	textWelcomeMessage: autoDraw = True
9.6687 	EXP 	Imported pic_condition_2.xlsx as conditions, 4 conditions, 5 params
9.6691 	EXP 	Created sequence: random, trialTypes=4, nReps=1, seed=None
9.6694 	EXP 	New trial (rep=0, index=0): {'emo_pic': 'C:\\Users\\user\\Desktop\\time_exp\\emo_pic\\FBgs1RAVEAAo9TV.jpg', 'duration': 3, 'posx': 0, 'starduration': 0.1552196, 'posy': 0.4}
9.6791 	EXP 	Sound sound_1 started
9.6792 	EXP 	textWelcomeMessage: autoDraw = False
9.6792 	EXP 	textblank1000: autoDraw = True
9.7002 	DATA 	KeyPress:  
10.2283 	EXP 	Sound sound_1 reached end of file
10.7501 	EXP 	textblank1000: autoDraw = False
10.7501 	EXP 	textblank1000: autoDraw = False
10.7501 	EXP 	emopic: image = 'C:\\Users\\user\\Desktop\\time_exp\\emo_pic\\FBgs1RAVEAAo9TV.jpg'
10.7501 	EXP 	emopic: autoDraw = True
10.8319 	EXP 	redstar: autoDraw = True
11.8315 	EXP 	redstar: autoDraw = False
13.7958 	EXP 	emopic: autoDraw = False
13.7958 	EXP 	emopic: autoDraw = False
13.7958 	EXP 	redstar: autoDraw = False
13.7958 	EXP 	textreproductionstart: height = 0.05
13.7958 	EXP 	textreproductionstart: height = 0.05
13.7958 	EXP 	textreproductionstart: height = 0.05
13.7958 	EXP 	textreproductionstart: text = '時間估計作業\n請透過滑鼠將刺激呈現時間點在以下量尺中\n按下空白鍵進入下一題'
13.7958 	EXP 	scale: markerPos = None
13.7958 	EXP 	scale: markerPos = None
13.7958 	EXP 	textreproductionstart: autoDraw = True
13.7958 	EXP 	scale: autoDraw = True
14.9493 	DATA 	KeyPress:  
14.9625 	EXP 	textreproductionstart: autoDraw = False
14.9625 	EXP 	scale: autoDraw = False
14.9625 	EXP 	textrest: autoDraw = True
15.7971 	DATA 	KeyPress:  
15.9449 	EXP 	textready: autoDraw = True
15.9616 	EXP 	textrest: autoDraw = False
16.9290 	EXP 	New trial (rep=0, index=1): {'emo_pic': 'C:\\Users\\user\\Desktop\\time_exp\\emo_pic\\EBPgLdJe_400x400.png', 'duration': 1, 'posx': 0, 'starduration': 0.1384903, 'posy': -0.4}
16.9449 	EXP 	Sound sound_1 started
16.9447 	EXP 	textready: autoDraw = False
16.9447 	EXP 	textrest: autoDraw = False
16.9447 	EXP 	textready: autoDraw = False
16.9447 	EXP 	textblank1000: autoDraw = True
17.4884 	EXP 	Sound sound_1 reached end of file
17.9949 	EXP 	textblank1000: autoDraw = False
17.9949 	EXP 	textblank1000: autoDraw = False
17.9949 	EXP 	emopic: image = 'C:\\Users\\user\\Desktop\\time_exp\\emo_pic\\EBPgLdJe_400x400.png'
17.9949 	EXP 	emopic: autoDraw = True
18.0781 	EXP 	redstar: autoDraw = True
18.9152 	DATA 	KeyPress:  
18.9948 	EXP 	emopic: autoDraw = False
19.0946 	EXP 	redstar: autoDraw = False
19.0946 	EXP 	emopic: autoDraw = False
19.0946 	EXP 	redstar: autoDraw = False
19.0946 	EXP 	textreproductionstart: text = '時間估計作業\n請透過滑鼠將刺激呈現時間點在以下量尺中\n按下空白鍵進入下一題'
19.0946 	EXP 	scale: markerPos = None
19.0946 	EXP 	scale: markerPos = None
19.0946 	EXP 	textreproductionstart: autoDraw = True
19.0946 	EXP 	scale: autoDraw = True
19.7152 	DATA 	KeyPress:  
19.7282 	EXP 	textreproductionstart: autoDraw = False
19.7282 	EXP 	scale: autoDraw = False
19.7282 	EXP 	textrest: autoDraw = True
20.7110 	EXP 	textready: autoDraw = True
20.7277 	EXP 	textrest: autoDraw = False
21.6949 	EXP 	New trial (rep=0, index=2): {'emo_pic': 'C:\\Users\\user\\Desktop\\time_exp\\emo_pic\\S__42811412.jpg', 'duration': 7, 'posx': 0.7, 'starduration': 0.0561269, 'posy': 0}
21.7110 	EXP 	Sound sound_1 started
21.7108 	EXP 	textready: autoDraw = False
21.7108 	EXP 	textrest: autoDraw = False
21.7108 	EXP 	textready: autoDraw = False
21.7108 	EXP 	textblank1000: autoDraw = True
22.2503 	EXP 	Sound sound_1 reached end of file
22.7275 	EXP 	textblank1000: autoDraw = False
22.7275 	EXP 	textblank1000: autoDraw = False
22.7275 	EXP 	emopic: image = 'C:\\Users\\user\\Desktop\\time_exp\\emo_pic\\S__42811412.jpg'
22.7275 	EXP 	emopic: autoDraw = True
22.7607 	EXP 	redstar: autoDraw = True
23.7605 	EXP 	redstar: autoDraw = False
26.6813 	DATA 	KeyPress:  
27.0783 	DATA 	KeyPress:  
27.2987 	DATA 	KeyPress:  
27.8281 	DATA 	Keypress: escape
28.7384 	EXP 	window1: mouseVisible = True
