5.7951 	WARNING 	User requested fullscreen with size [1280  720], but screen is actually [1920, 1080]. Using actual size
6.4735 	EXP 	Created window1 = Window(allowGUI=True, allowStencil=False, autoLog=True, backendConf=UNKNOWN, bitsMode=UNKNOWN, blendMode='avg', bpc=(8, 8, 8), color=array([0, 0, 0]), colorSpace='rgb', depthBits=8, fullscr=<method-wrapper '__getattribute__' of attributeSetter object at 0x000001BC1DEABB50>, gamma=None, gammaErrorPolicy='raise', lms=UNKNOWN, monitor=<psychopy.monitors.calibTools.Monitor object at 0x000001BC1F254B50>, multiSample=False, name='window1', numSamples=2, pos=(0, 0), screen=0, size=array([1920, 1080]), stencilBits=0, stereo=False, units='height', useFBO=True, useRetina=False, viewOri=0.0, viewPos=None, viewScale=None, waitBlanking=True, winType='pyglet')
6.4736 	EXP 	window1: mouseVisible = True
6.4740 	EXP 	window1: mouseVisible = False
6.4740 	EXP 	window1: Attempting to measure frame rate of screen (0) ...
6.4740 	EXP 	window1: recordFrameIntervals = False
6.6392 	EXP 	window1: recordFrameIntervals = True
6.8233 	EXP 	Screen (0) actual frame rate measured at 59.87Hz
6.8234 	EXP 	window1: recordFrameIntervals = False
8.9437 	EXP 	Created textWelcomeMessage = TextStim(__class__=<class 'psychopy.visual.text.TextStim'>, alignHoriz=method-wrapper(...), alignText='center', alignVert=method-wrapper(...), anchorHoriz='center', anchorVert='center', antialias=True, autoDraw=False, autoLog=True, bold=False, color=array([1, 1, 1]), colorSpace='rgb', contrast=1.0, depth=0.0, flipHoriz=False, flipVert=False, font='Open Sans', fontFiles=[], height=0.05, italic=False, languageStyle='LTR', name='textWelcomeMessage', opacity=1.0, ori=0.0, pos=array([0., 0.]), rgb=UNKNOWN, text='歡迎來到本次的實驗\n\n請按"空白鍵"開始實驗', units='height', win=Window(...), wrapWidth=1)
8.9478 	EXP 	Created textblank1000 = TextStim(__class__=<class 'psychopy.visual.text.TextStim'>, alignHoriz=method-wrapper(...), alignText='center', alignVert=method-wrapper(...), anchorHoriz='center', anchorVert='center', antialias=True, autoDraw=False, autoLog=True, bold=False, color=array([1, 1, 1]), colorSpace='rgb', contrast=1.0, depth=0.0, flipHoriz=False, flipVert=False, font='Open Sans', fontFiles=[], height=0.05, italic=False, languageStyle='LTR', name='textblank1000', opacity=1.0, ori=0.0, pos=array([0., 0.]), rgb=UNKNOWN, text='+', units='height', win=Window(...), wrapWidth=1)
9.3900 	EXP 	Sound sound_1 set volume 1.000
9.3939 	EXP 	Created emopic = ImageStim(__class__=<class 'psychopy.visual.image.ImageStim'>, anchor=('center', 'center'), autoLog=True, color=array([1, 1, 1]), colorSpace='rgb', contrast=1.0, depth=0.0, flipHoriz=False, flipVert=False, image='sin', interpolate=True, mask=None, maskParams=None, name='emopic', opacity=1.0, ori=0.0, pos=array([0., 0.]), size=array([1., 1.]), texRes=128.0, units='height', win=Window(...))
9.4095 	EXP 	Created redstar = ImageStim(__class__=<class 'psychopy.visual.image.ImageStim'>, anchor=('center', 'center'), autoLog=True, color=array([1, 1, 1]), colorSpace='rgb', contrast=1.0, depth=-1.0, flipHoriz=False, flipVert=False, image='redstar.png', interpolate=True, mask=None, maskParams=None, name='redstar', opacity=1.0, ori=0.0, pos=array([0., 0.]), size=array([0.2, 0.2]), texRes=128.0, units='height', win=Window(...))
9.4101 	EXP 	Created textreproductionstart = TextStim(__class__=<class 'psychopy.visual.text.TextStim'>, alignHoriz=method-wrapper(...), alignText='center', alignVert=method-wrapper(...), anchorHoriz='center', anchorVert='center', antialias=True, autoDraw=False, autoLog=True, bold=False, color=array([1, 1, 1]), colorSpace='rgb', contrast=1.0, depth=0.0, flipHoriz=False, flipVert=False, font='Open Sans', fontFiles=[], height=0.05, italic=False, languageStyle='LTR', name='textreproductionstart', opacity=1.0, ori=0.0, pos=array([0., 0.]), rgb=UNKNOWN, text='', units='height', win=Window(...), wrapWidth=1)
9.4160 	EXP 	window1: mouseVisible = True
9.5441 	EXP 	Created scale = Slider(__class__=<class 'psychopy.visual.slider.Slider'>, autoDraw=False, autoLog=True, borderColor=None, color=None, colorSpace='rgb', depth=-1, fillColor=None, flip=False, font='Open Sans', granularity=0.0, labelColor=None, labelHeight=0.04, labelWrapWidth=None, labels=list(...), lineColor=None, markerColor=None, name='scale', opacity=None, ori=0.0, pos=array([ 0. , -0.2]), readOnly=False, self=UNKNOWN, size=array([1.2 , 0.04]), startValue=None, style='rating', styleTweaks=['triangleMarker'], ticks=ndarray(...), units='height', win=Window(...))
9.5584 	EXP 	Created textrest = TextStim(__class__=<class 'psychopy.visual.text.TextStim'>, alignHoriz=method-wrapper(...), alignText='center', alignVert=method-wrapper(...), anchorHoriz='center', anchorVert='center', antialias=True, autoDraw=False, autoLog=True, bold=False, color=array([1, 1, 1]), colorSpace='rgb', contrast=1.0, depth=0.0, flipHoriz=False, flipVert=False, font='Open Sans', fontFiles=[], height=0.05, italic=False, languageStyle='LTR', name='textrest', opacity=1.0, ori=0.0, pos=array([0., 0.]), rgb=UNKNOWN, text='休息一分鐘\n\n時間結束會自動進入下一題', units='height', win=Window(...), wrapWidth=1)
9.5625 	EXP 	Created textready = TextStim(__class__=<class 'psychopy.visual.text.TextStim'>, alignHoriz=method-wrapper(...), alignText='center', alignVert=method-wrapper(...), anchorHoriz='center', anchorVert='center', antialias=True, autoDraw=False, autoLog=True, bold=False, color=array([1, 1, 1]), colorSpace='rgb', contrast=1.0, depth=-1.0, flipHoriz=False, flipVert=False, font='Open Sans', fontFiles=[], height=0.05, italic=False, languageStyle='LTR', name='textready', opacity=1.0, ori=0.0, pos=array([0., 0.]), rgb=UNKNOWN, text='即將進入下一題', units='height', win=Window(...), wrapWidth=1)
9.5703 	EXP 	Created textEndMessage = TextStim(__class__=<class 'psychopy.visual.text.TextStim'>, alignHoriz=method-wrapper(...), alignText='center', alignVert=method-wrapper(...), anchorHoriz='center', anchorVert='center', antialias=True, autoDraw=False, autoLog=True, bold=False, color=array([1, 1, 1]), colorSpace='rgb', contrast=1.0, depth=0.0, flipHoriz=False, flipVert=False, font='Open Sans', fontFiles=[], height=0.05, italic=False, languageStyle='LTR', name='textEndMessage', opacity=1.0, ori=0.0, pos=array([0., 0.]), rgb=UNKNOWN, text='本次實驗到此結束\n\n感謝您的參與', units='height', win=Window(...), wrapWidth=1)
9.5880 	EXP 	scale: autoLog = True
9.5880 	EXP 	scale: markerPos = None
9.5880 	EXP 	scale: styleTweaks = []
9.5880 	EXP 	scale: styleTweaks = []
9.5880 	EXP 	scale: styleTweaks = ['triangleMarker']
9.5880 	EXP 	scale: styleTweaks = ['triangleMarker']
9.5880 	EXP 	scale: contrast = 1.0
9.5880 	EXP 	scale: autoLog = True
9.5880 	EXP 	textWelcomeMessage: autoDraw = True
10.1467 	EXP 	Imported pic_condition_2.xlsx as conditions, 4 conditions, 4 params
10.1471 	EXP 	Created sequence: random, trialTypes=4, nReps=1, seed=None
10.1473 	EXP 	New trial (rep=0, index=0): {'emo_pic': 'C:\\Users\\user\\Desktop\\time_exp\\emo_pic\\EBPgLdJe_400x400.png', 'duration': 1, 'pos': [0, -0.3], 'starduration': 0.1384903}
10.1549 	EXP 	Sound sound_1 started
10.1679 	DATA 	KeyPress:  
10.1722 	EXP 	textWelcomeMessage: autoDraw = False
10.1722 	EXP 	textblank1000: autoDraw = True
10.6993 	EXP 	Sound sound_1 reached end of file
11.1568 	EXP 	textblank1000: autoDraw = False
11.1568 	EXP 	emopic: image = 'C:\\Users\\user\\Desktop\\time_exp\\emo_pic\\EBPgLdJe_400x400.png'
11.1568 	EXP 	emopic: autoDraw = True
11.2901 	EXP 	redstar: autoDraw = True
12.1562 	EXP 	emopic: autoDraw = False
12.3209 	EXP 	redstar: autoDraw = False
12.3209 	EXP 	emopic: autoDraw = False
12.3209 	EXP 	redstar: autoDraw = False
12.3209 	EXP 	textreproductionstart: height = 0.05
12.3209 	EXP 	textreproductionstart: height = 0.05
12.3209 	EXP 	textreproductionstart: height = 0.05
12.3209 	EXP 	textreproductionstart: text = '時間估計作業\n請透過滑鼠將刺激呈現時間點在以下量尺中\n按下空白鍵進入下一題'
12.3209 	EXP 	scale: markerPos = None
12.3209 	EXP 	scale: markerPos = None
12.3209 	EXP 	textreproductionstart: autoDraw = True
12.3209 	EXP 	scale: autoDraw = True
12.8044 	EXP 	textreproductionstart: autoDraw = False
12.8044 	EXP 	scale: autoDraw = False
12.8044 	EXP 	textrest: autoDraw = True
12.8228 	DATA 	KeyPress:  
13.8042 	EXP 	textrest: autoDraw = False
13.8042 	EXP 	textready: autoDraw = True
14.7889 	EXP 	New trial (rep=0, index=1): {'emo_pic': 'C:\\Users\\user\\Desktop\\time_exp\\emo_pic\\S__42811412.jpg', 'duration': 7, 'pos': [0, 0.3], 'starduration': 0.0561269}
14.8044 	EXP 	Sound sound_1 started
14.8043 	EXP 	textready: autoDraw = False
14.8043 	EXP 	textrest: autoDraw = False
14.8043 	EXP 	textready: autoDraw = False
14.8043 	EXP 	textblank1000: autoDraw = True
15.3437 	EXP 	Sound sound_1 reached end of file
15.8207 	EXP 	textblank1000: autoDraw = False
15.8207 	EXP 	textblank1000: autoDraw = False
15.8207 	EXP 	emopic: image = 'C:\\Users\\user\\Desktop\\time_exp\\emo_pic\\S__42811412.jpg'
15.8207 	EXP 	emopic: autoDraw = True
15.8541 	EXP 	redstar: autoDraw = True
16.4553 	DATA 	Keypress: escape
17.1489 	EXP 	window1: mouseVisible = True
