5.3155 	WARNING 	User requested fullscreen with size [1280  720], but screen is actually [1920, 1080]. Using actual size
5.9896 	EXP 	Created window1 = Window(allowGUI=True, allowStencil=False, autoLog=True, backendConf=UNKNOWN, bitsMode=UNKNOWN, blendMode='avg', bpc=(8, 8, 8), color=array([0, 0, 0]), colorSpace='rgb', depthBits=8, fullscr=<method-wrapper '__getattribute__' of attributeSetter object at 0x000001950661ABB0>, gamma=None, gammaErrorPolicy='raise', lms=UNKNOWN, monitor=<psychopy.monitors.calibTools.Monitor object at 0x0000019507A20B50>, multiSample=False, name='window1', numSamples=2, pos=(0, 0), screen=0, size=array([1920, 1080]), stencilBits=0, stereo=False, units='height', useFBO=True, useRetina=False, viewOri=0.0, viewPos=None, viewScale=None, waitBlanking=True, winType='pyglet')
5.9898 	EXP 	window1: mouseVisible = True
5.9901 	EXP 	window1: mouseVisible = False
5.9901 	EXP 	window1: Attempting to measure frame rate of screen (0) ...
5.9902 	EXP 	window1: recordFrameIntervals = False
6.1565 	EXP 	window1: recordFrameIntervals = True
6.3389 	EXP 	Screen (0) actual frame rate measured at 60.19Hz
6.3390 	EXP 	window1: recordFrameIntervals = False
8.4593 	EXP 	Created textWelcomeMessage = TextStim(__class__=<class 'psychopy.visual.text.TextStim'>, alignHoriz=method-wrapper(...), alignText='center', alignVert=method-wrapper(...), anchorHoriz='center', anchorVert='center', antialias=True, autoDraw=False, autoLog=True, bold=False, color=array([1, 1, 1]), colorSpace='rgb', contrast=1.0, depth=0.0, flipHoriz=False, flipVert=False, font='Open Sans', fontFiles=[], height=0.05, italic=False, languageStyle='LTR', name='textWelcomeMessage', opacity=1.0, ori=0.0, pos=array([0., 0.]), rgb=UNKNOWN, text='歡迎來到本次的實驗\n\n請按"空白鍵"開始實驗', units='height', win=Window(...), wrapWidth=1)
8.4635 	EXP 	Created textblank1000 = TextStim(__class__=<class 'psychopy.visual.text.TextStim'>, alignHoriz=method-wrapper(...), alignText='center', alignVert=method-wrapper(...), anchorHoriz='center', anchorVert='center', antialias=True, autoDraw=False, autoLog=True, bold=False, color=array([1, 1, 1]), colorSpace='rgb', contrast=1.0, depth=0.0, flipHoriz=False, flipVert=False, font='Open Sans', fontFiles=[], height=0.05, italic=False, languageStyle='LTR', name='textblank1000', opacity=1.0, ori=0.0, pos=array([0., 0.]), rgb=UNKNOWN, text='+', units='height', win=Window(...), wrapWidth=1)
8.9153 	EXP 	Sound sound_1 set volume 1.000
8.9189 	EXP 	Created emopic = ImageStim(__class__=<class 'psychopy.visual.image.ImageStim'>, anchor=('center', 'center'), autoLog=True, color=array([1, 1, 1]), colorSpace='rgb', contrast=1.0, depth=0.0, flipHoriz=False, flipVert=False, image='sin', interpolate=True, mask=None, maskParams=None, name='emopic', opacity=1.0, ori=0.0, pos=array([0., 0.]), size=array([1., 1.]), texRes=128.0, units='height', win=Window(...))
8.9399 	EXP 	Created redstar = ImageStim(__class__=<class 'psychopy.visual.image.ImageStim'>, anchor=('center', 'center'), autoLog=True, color=array([1, 1, 1]), colorSpace='rgb', contrast=1.0, depth=-1.0, flipHoriz=False, flipVert=False, image='redstar.png', interpolate=True, mask=None, maskParams=None, name='redstar', opacity=1.0, ori=0.0, pos=array([0., 0.]), size=array([0.2, 0.2]), texRes=128.0, units='height', win=Window(...))
8.9404 	EXP 	Created textreproductionstart = TextStim(__class__=<class 'psychopy.visual.text.TextStim'>, alignHoriz=method-wrapper(...), alignText='center', alignVert=method-wrapper(...), anchorHoriz='center', anchorVert='center', antialias=True, autoDraw=False, autoLog=True, bold=False, color=array([1, 1, 1]), colorSpace='rgb', contrast=1.0, depth=0.0, flipHoriz=False, flipVert=False, font='Open Sans', fontFiles=[], height=0.05, italic=False, languageStyle='LTR', name='textreproductionstart', opacity=1.0, ori=0.0, pos=array([0., 0.]), rgb=UNKNOWN, text='', units='height', win=Window(...), wrapWidth=1)
8.9457 	EXP 	window1: mouseVisible = True
9.0715 	EXP 	Created scale = Slider(__class__=<class 'psychopy.visual.slider.Slider'>, autoDraw=False, autoLog=True, borderColor=None, color=None, colorSpace='rgb', depth=-1, fillColor=None, flip=False, font='Open Sans', granularity=0.0, labelColor=None, labelHeight=0.04, labelWrapWidth=None, labels=list(...), lineColor=None, markerColor=None, name='scale', opacity=None, ori=0.0, pos=array([ 0. , -0.2]), readOnly=False, self=UNKNOWN, size=array([1.2 , 0.04]), startValue=None, style='rating', styleTweaks=['triangleMarker'], ticks=ndarray(...), units='height', win=Window(...))
9.0852 	EXP 	Created textrest = TextStim(__class__=<class 'psychopy.visual.text.TextStim'>, alignHoriz=method-wrapper(...), alignText='center', alignVert=method-wrapper(...), anchorHoriz='center', anchorVert='center', antialias=True, autoDraw=False, autoLog=True, bold=False, color=array([1, 1, 1]), colorSpace='rgb', contrast=1.0, depth=0.0, flipHoriz=False, flipVert=False, font='Open Sans', fontFiles=[], height=0.05, italic=False, languageStyle='LTR', name='textrest', opacity=1.0, ori=0.0, pos=array([0., 0.]), rgb=UNKNOWN, text='休息一分鐘\n\n時間結束會自動進入下一題', units='height', win=Window(...), wrapWidth=1)
9.0891 	EXP 	Created textready = TextStim(__class__=<class 'psychopy.visual.text.TextStim'>, alignHoriz=method-wrapper(...), alignText='center', alignVert=method-wrapper(...), anchorHoriz='center', anchorVert='center', antialias=True, autoDraw=False, autoLog=True, bold=False, color=array([1, 1, 1]), colorSpace='rgb', contrast=1.0, depth=-1.0, flipHoriz=False, flipVert=False, font='Open Sans', fontFiles=[], height=0.05, italic=False, languageStyle='LTR', name='textready', opacity=1.0, ori=0.0, pos=array([0., 0.]), rgb=UNKNOWN, text='即將進入下一題', units='height', win=Window(...), wrapWidth=1)
9.0962 	EXP 	Created textEndMessage = TextStim(__class__=<class 'psychopy.visual.text.TextStim'>, alignHoriz=method-wrapper(...), alignText='center', alignVert=method-wrapper(...), anchorHoriz='center', anchorVert='center', antialias=True, autoDraw=False, autoLog=True, bold=False, color=array([1, 1, 1]), colorSpace='rgb', contrast=1.0, depth=0.0, flipHoriz=False, flipVert=False, font='Open Sans', fontFiles=[], height=0.05, italic=False, languageStyle='LTR', name='textEndMessage', opacity=1.0, ori=0.0, pos=array([0., 0.]), rgb=UNKNOWN, text='本次實驗到此結束\n\n感謝您的參與', units='height', win=Window(...), wrapWidth=1)
9.1044 	EXP 	scale: autoLog = True
9.1044 	EXP 	scale: markerPos = None
9.1044 	EXP 	scale: styleTweaks = []
9.1044 	EXP 	scale: styleTweaks = []
9.1044 	EXP 	scale: styleTweaks = ['triangleMarker']
9.1044 	EXP 	scale: styleTweaks = ['triangleMarker']
9.1044 	EXP 	scale: contrast = 1.0
9.1044 	EXP 	scale: autoLog = True
9.1044 	EXP 	textWelcomeMessage: autoDraw = True
10.0940 	EXP 	Imported pic_condition_2.xlsx as conditions, 4 conditions, 5 params
10.0944 	EXP 	Created sequence: random, trialTypes=4, nReps=1, seed=None
10.0946 	EXP 	New trial (rep=0, index=0): {'emo_pic': 'C:\\Users\\user\\Desktop\\time_exp\\emo_pic\\S__42811412.jpg', 'duration': 7, 'starduration': 0.0561269, 'posx': 0.7, 'posy': 0}
10.1045 	EXP 	Sound sound_1 started
10.1045 	EXP 	textWelcomeMessage: autoDraw = False
10.1045 	EXP 	textblank1000: autoDraw = True
10.1221 	DATA 	KeyPress:  
10.6447 	EXP 	Sound sound_1 reached end of file
11.1057 	EXP 	textblank1000: autoDraw = False
11.1057 	EXP 	textblank1000: autoDraw = False
11.1057 	EXP 	emopic: image = 'C:\\Users\\user\\Desktop\\time_exp\\emo_pic\\S__42811412.jpg'
11.1057 	EXP 	emopic: autoDraw = True
11.1568 	EXP 	redstar: autoDraw = True
12.1562 	EXP 	redstar: autoDraw = False
18.1368 	EXP 	emopic: autoDraw = False
18.1368 	EXP 	emopic: autoDraw = False
18.1368 	EXP 	redstar: autoDraw = False
18.1368 	EXP 	textreproductionstart: height = 0.05
18.1368 	EXP 	textreproductionstart: height = 0.05
18.1368 	EXP 	textreproductionstart: height = 0.05
18.1368 	EXP 	textreproductionstart: text = '時間估計作業\n請透過滑鼠將刺激呈現時間點在以下量尺中\n按下空白鍵進入下一題'
18.1368 	EXP 	scale: markerPos = None
18.1368 	EXP 	scale: markerPos = None
18.1368 	EXP 	textreproductionstart: autoDraw = True
18.1368 	EXP 	scale: autoDraw = True
19.4035 	EXP 	textreproductionstart: autoDraw = False
19.4035 	EXP 	scale: autoDraw = False
19.4035 	EXP 	textrest: autoDraw = True
19.4178 	DATA 	KeyPress:  
74.3978 	EXP 	textready: autoDraw = True
74.4147 	EXP 	textrest: autoDraw = False
79.3815 	EXP 	New trial (rep=0, index=1): {'emo_pic': 'C:\\Users\\user\\Desktop\\time_exp\\emo_pic\\FBgs1RAVEAAo9TV.jpg', 'duration': 3, 'starduration': 0.1552196, 'posx': 0, 'posy': 0.4}
79.3970 	EXP 	Sound sound_1 started
79.3972 	EXP 	textready: autoDraw = False
79.3972 	EXP 	textrest: autoDraw = False
79.3972 	EXP 	textready: autoDraw = False
79.3972 	EXP 	textblank1000: autoDraw = True
79.9361 	EXP 	Sound sound_1 reached end of file
80.4621 	EXP 	textblank1000: autoDraw = False
80.4621 	EXP 	textblank1000: autoDraw = False
80.4621 	EXP 	emopic: image = 'C:\\Users\\user\\Desktop\\time_exp\\emo_pic\\FBgs1RAVEAAo9TV.jpg'
80.4621 	EXP 	emopic: autoDraw = True
80.5454 	EXP 	redstar: autoDraw = True
81.5451 	EXP 	redstar: autoDraw = False
83.4784 	EXP 	emopic: autoDraw = False
83.4784 	EXP 	emopic: autoDraw = False
83.4784 	EXP 	redstar: autoDraw = False
83.4784 	EXP 	textreproductionstart: text = '時間估計作業\n請透過滑鼠將刺激呈現時間點在以下量尺中\n按下空白鍵進入下一題'
83.4784 	EXP 	scale: markerPos = None
83.4784 	EXP 	scale: markerPos = None
83.4784 	EXP 	textreproductionstart: autoDraw = True
83.4784 	EXP 	scale: autoDraw = True
85.1141 	DATA 	Keypress: escape
85.7393 	EXP 	window1: mouseVisible = True
